

================================================================
== Vitis HLS Report for 'CnnKernel_YourCode_Pipeline_VITIS_LOOP_220_3'
================================================================
* Date:           Fri May 27 19:41:01 2022

* Version:        2021.1 (Build 3247384 on Thu Jun 10 19:36:07 MDT 2021)
* Project:        CnnKernel
* Solution:       solution (Vitis Kernel Flow Target)
* Product family: virtexuplus
* Target device:  xcvu9p-flgb2104-2-i


================================================================
== Performance Estimates
================================================================
+ Timing: 
    * Summary: 
    +--------+---------+----------+------------+
    |  Clock |  Target | Estimated| Uncertainty|
    +--------+---------+----------+------------+
    |ap_clk  |  4.00 ns|  2.763 ns|     1.08 ns|
    +--------+---------+----------+------------+

+ Latency: 
    * Summary: 
    +---------+---------+----------+----------+-----+-----+---------+
    |  Latency (cycles) |  Latency (absolute) |  Interval | Pipeline|
    |   min   |   max   |    min   |    max   | min | max |   Type  |
    +---------+---------+----------+----------+-----+-----+---------+
    |      103|      103|  0.412 us|  0.412 us|  103|  103|       no|
    +---------+---------+----------+----------+-----+-----+---------+

    + Detail: 
        * Instance: 
        N/A

        * Loop: 
        +--------------------+---------+---------+----------+-----------+-----------+------+----------+
        |                    |  Latency (cycles) | Iteration|  Initiation Interval  | Trip |          |
        |      Loop Name     |   min   |   max   |  Latency |  achieved |   target  | Count| Pipelined|
        +--------------------+---------+---------+----------+-----------+-----------+------+----------+
        |- VITIS_LOOP_220_3  |      101|      101|        39|          1|          1|    64|       yes|
        +--------------------+---------+---------+----------+-----------+-----------+------+----------+



================================================================
== Utilization Estimates
================================================================
* Summary: 
+---------------------+---------+------+---------+---------+-----+
|         Name        | BRAM_18K|  DSP |    FF   |   LUT   | URAM|
+---------------------+---------+------+---------+---------+-----+
|DSP                  |        -|     -|        -|        -|    -|
|Expression           |        -|     -|        0|     9719|    -|
|FIFO                 |        -|     -|        -|        -|    -|
|Instance             |        -|     -|     2283|     1738|    -|
|Memory               |        -|     -|        -|        -|    -|
|Multiplexer          |        -|     -|        -|       45|    -|
|Register             |        -|     -|      817|       96|    -|
+---------------------+---------+------+---------+---------+-----+
|Total                |        0|     0|     3100|    11598|    0|
+---------------------+---------+------+---------+---------+-----+
|Available SLR        |     1440|  2280|   788160|   394080|  320|
+---------------------+---------+------+---------+---------+-----+
|Utilization SLR (%)  |        0|     0|       ~0|        2|    0|
+---------------------+---------+------+---------+---------+-----+
|Available            |     4320|  6840|  2364480|  1182240|  960|
+---------------------+---------+------+---------+---------+-----+
|Utilization (%)      |        0|     0|       ~0|       ~0|    0|
+---------------------+---------+------+---------+---------+-----+

+ Detail: 
    * Instance: 
    +---------------------------+----------------------+---------+----+------+------+-----+
    |          Instance         |        Module        | BRAM_18K| DSP|  FF  |  LUT | URAM|
    +---------------------------+----------------------+---------+----+------+------+-----+
    |urem_32ns_8ns_7_36_1_U194  |urem_32ns_8ns_7_36_1  |        0|   0|  2283|  1738|    0|
    +---------------------------+----------------------+---------+----+------+------+-----+
    |Total                      |                      |        0|   0|  2283|  1738|    0|
    +---------------------------+----------------------+---------+----+------+------+-----+

    * DSP: 
    N/A

    * Memory: 
    N/A

    * FIFO: 
    N/A

    * Expression: 
    +--------------------------+----------+----+---+------+------------+------------+
    |       Variable Name      | Operation| DSP| FF|  LUT | Bitwidth P0| Bitwidth P1|
    +--------------------------+----------+----+---+------+------------+------------+
    |add_ln222_fu_197_p2       |         +|   0|  0|    40|          33|          33|
    |add_ln225_fu_262_p2       |         +|   0|  0|    27|          20|          20|
    |item_2_fu_183_p2          |         +|   0|  0|    14|           7|           1|
    |sub_ln225_fu_253_p2       |         -|   0|  0|    15|           8|           8|
    |and_ln223_fu_221_p2       |       and|   0|  0|     2|           1|           1|
    |and_ln414_1_fu_401_p2     |       and|   0|  0|   511|         512|         512|
    |and_ln414_2_fu_407_p2     |       and|   0|  0|   511|         512|         512|
    |and_ln414_fu_389_p2       |       and|   0|  0|   511|         512|         512|
    |icmp_ln220_fu_177_p2      |      icmp|   0|  0|    11|           7|           8|
    |icmp_ln223_1_fu_209_p2    |      icmp|   0|  0|    20|          33|          33|
    |icmp_ln223_fu_203_p2      |      icmp|   0|  0|    20|          33|          33|
    |icmp_ln414_fu_291_p2      |      icmp|   0|  0|    11|           9|           9|
    |lshr_ln414_fu_383_p2      |      lshr|   0|  0|  2171|           2|         512|
    |or_ln226_fu_282_p2        |        or|   0|  0|     9|           9|           3|
    |p_Result_s_fu_413_p2      |        or|   0|  0|   511|         512|         512|
    |select_ln414_1_fu_319_p3  |    select|   0|  0|    10|           1|          10|
    |select_ln414_2_fu_327_p3  |    select|   0|  0|    10|           1|          10|
    |select_ln414_3_fu_369_p3  |    select|   0|  0|   428|           1|         512|
    |select_ln414_fu_311_p3    |    select|   0|  0|    10|           1|          10|
    |shl_ln414_1_fu_377_p2     |       shl|   0|  0|  2171|           2|         512|
    |shl_ln414_fu_353_p2       |       shl|   0|  0|  2171|         512|         512|
    |ap_enable_pp0             |       xor|   0|  0|     2|           1|           2|
    |xor_ln223_fu_215_p2       |       xor|   0|  0|     2|           1|           2|
    |xor_ln414_1_fu_335_p2     |       xor|   0|  0|    10|          10|           9|
    |xor_ln414_2_fu_395_p2     |       xor|   0|  0|   511|           2|         512|
    |xor_ln414_fu_305_p2       |       xor|   0|  0|    10|          10|           9|
    +--------------------------+----------+----+---+------+------------+------------+
    |Total                     |          |   0|  0|  9719|        2752|        4809|
    +--------------------------+----------+----+---+------+------------+------------+

    * Multiplexer: 
    +-------------------------+----+-----------+-----+-----------+
    |           Name          | LUT| Input Size| Bits| Total Bits|
    +-------------------------+----+-----------+-----+-----------+
    |ap_done_int              |   9|          2|    1|          2|
    |ap_enable_reg_pp0_iter1  |   9|          2|    1|          2|
    |ap_sig_allocacmp_item_1  |   9|          2|    7|         14|
    |item_fu_78               |   9|          2|    7|         14|
    |p_Val2_s_fu_82           |   9|          2|  512|       1024|
    +-------------------------+----+-----------+-----+-----------+
    |Total                    |  45|         10|  528|       1056|
    +-------------------------+----+-----------+-----+-----------+

    * Register: 
    +-----------------------------------+-----+----+-----+-----------+
    |                Name               |  FF | LUT| Bits| Const Bits|
    +-----------------------------------+-----+----+-----+-----------+
    |and_ln223_reg_462                  |    1|   0|    1|          0|
    |ap_CS_fsm                          |    1|   0|    1|          0|
    |ap_done_reg                        |    1|   0|    1|          0|
    |ap_enable_reg_pp0_iter1            |    1|   0|    1|          0|
    |ap_enable_reg_pp0_iter10           |    1|   0|    1|          0|
    |ap_enable_reg_pp0_iter11           |    1|   0|    1|          0|
    |ap_enable_reg_pp0_iter12           |    1|   0|    1|          0|
    |ap_enable_reg_pp0_iter13           |    1|   0|    1|          0|
    |ap_enable_reg_pp0_iter14           |    1|   0|    1|          0|
    |ap_enable_reg_pp0_iter15           |    1|   0|    1|          0|
    |ap_enable_reg_pp0_iter16           |    1|   0|    1|          0|
    |ap_enable_reg_pp0_iter17           |    1|   0|    1|          0|
    |ap_enable_reg_pp0_iter18           |    1|   0|    1|          0|
    |ap_enable_reg_pp0_iter19           |    1|   0|    1|          0|
    |ap_enable_reg_pp0_iter2            |    1|   0|    1|          0|
    |ap_enable_reg_pp0_iter20           |    1|   0|    1|          0|
    |ap_enable_reg_pp0_iter21           |    1|   0|    1|          0|
    |ap_enable_reg_pp0_iter22           |    1|   0|    1|          0|
    |ap_enable_reg_pp0_iter23           |    1|   0|    1|          0|
    |ap_enable_reg_pp0_iter24           |    1|   0|    1|          0|
    |ap_enable_reg_pp0_iter25           |    1|   0|    1|          0|
    |ap_enable_reg_pp0_iter26           |    1|   0|    1|          0|
    |ap_enable_reg_pp0_iter27           |    1|   0|    1|          0|
    |ap_enable_reg_pp0_iter28           |    1|   0|    1|          0|
    |ap_enable_reg_pp0_iter29           |    1|   0|    1|          0|
    |ap_enable_reg_pp0_iter3            |    1|   0|    1|          0|
    |ap_enable_reg_pp0_iter30           |    1|   0|    1|          0|
    |ap_enable_reg_pp0_iter31           |    1|   0|    1|          0|
    |ap_enable_reg_pp0_iter32           |    1|   0|    1|          0|
    |ap_enable_reg_pp0_iter33           |    1|   0|    1|          0|
    |ap_enable_reg_pp0_iter34           |    1|   0|    1|          0|
    |ap_enable_reg_pp0_iter35           |    1|   0|    1|          0|
    |ap_enable_reg_pp0_iter36           |    1|   0|    1|          0|
    |ap_enable_reg_pp0_iter37           |    1|   0|    1|          0|
    |ap_enable_reg_pp0_iter38           |    1|   0|    1|          0|
    |ap_enable_reg_pp0_iter4            |    1|   0|    1|          0|
    |ap_enable_reg_pp0_iter5            |    1|   0|    1|          0|
    |ap_enable_reg_pp0_iter6            |    1|   0|    1|          0|
    |ap_enable_reg_pp0_iter7            |    1|   0|    1|          0|
    |ap_enable_reg_pp0_iter8            |    1|   0|    1|          0|
    |ap_enable_reg_pp0_iter9            |    1|   0|    1|          0|
    |ap_loop_exit_ready_pp0_iter10_reg  |    1|   0|    1|          0|
    |ap_loop_exit_ready_pp0_iter11_reg  |    1|   0|    1|          0|
    |ap_loop_exit_ready_pp0_iter12_reg  |    1|   0|    1|          0|
    |ap_loop_exit_ready_pp0_iter13_reg  |    1|   0|    1|          0|
    |ap_loop_exit_ready_pp0_iter14_reg  |    1|   0|    1|          0|
    |ap_loop_exit_ready_pp0_iter15_reg  |    1|   0|    1|          0|
    |ap_loop_exit_ready_pp0_iter16_reg  |    1|   0|    1|          0|
    |ap_loop_exit_ready_pp0_iter17_reg  |    1|   0|    1|          0|
    |ap_loop_exit_ready_pp0_iter18_reg  |    1|   0|    1|          0|
    |ap_loop_exit_ready_pp0_iter19_reg  |    1|   0|    1|          0|
    |ap_loop_exit_ready_pp0_iter1_reg   |    1|   0|    1|          0|
    |ap_loop_exit_ready_pp0_iter20_reg  |    1|   0|    1|          0|
    |ap_loop_exit_ready_pp0_iter21_reg  |    1|   0|    1|          0|
    |ap_loop_exit_ready_pp0_iter22_reg  |    1|   0|    1|          0|
    |ap_loop_exit_ready_pp0_iter23_reg  |    1|   0|    1|          0|
    |ap_loop_exit_ready_pp0_iter24_reg  |    1|   0|    1|          0|
    |ap_loop_exit_ready_pp0_iter25_reg  |    1|   0|    1|          0|
    |ap_loop_exit_ready_pp0_iter26_reg  |    1|   0|    1|          0|
    |ap_loop_exit_ready_pp0_iter27_reg  |    1|   0|    1|          0|
    |ap_loop_exit_ready_pp0_iter28_reg  |    1|   0|    1|          0|
    |ap_loop_exit_ready_pp0_iter29_reg  |    1|   0|    1|          0|
    |ap_loop_exit_ready_pp0_iter2_reg   |    1|   0|    1|          0|
    |ap_loop_exit_ready_pp0_iter30_reg  |    1|   0|    1|          0|
    |ap_loop_exit_ready_pp0_iter31_reg  |    1|   0|    1|          0|
    |ap_loop_exit_ready_pp0_iter32_reg  |    1|   0|    1|          0|
    |ap_loop_exit_ready_pp0_iter33_reg  |    1|   0|    1|          0|
    |ap_loop_exit_ready_pp0_iter34_reg  |    1|   0|    1|          0|
    |ap_loop_exit_ready_pp0_iter35_reg  |    1|   0|    1|          0|
    |ap_loop_exit_ready_pp0_iter36_reg  |    1|   0|    1|          0|
    |ap_loop_exit_ready_pp0_iter37_reg  |    1|   0|    1|          0|
    |ap_loop_exit_ready_pp0_iter3_reg   |    1|   0|    1|          0|
    |ap_loop_exit_ready_pp0_iter4_reg   |    1|   0|    1|          0|
    |ap_loop_exit_ready_pp0_iter5_reg   |    1|   0|    1|          0|
    |ap_loop_exit_ready_pp0_iter6_reg   |    1|   0|    1|          0|
    |ap_loop_exit_ready_pp0_iter7_reg   |    1|   0|    1|          0|
    |ap_loop_exit_ready_pp0_iter8_reg   |    1|   0|    1|          0|
    |ap_loop_exit_ready_pp0_iter9_reg   |    1|   0|    1|          0|
    |icmp_ln220_reg_453                 |    1|   0|    1|          0|
    |item_fu_78                         |    7|   0|    7|          0|
    |p_Val2_s_fu_82                     |  512|   0|  512|          0|
    |temp_V_reg_481                     |    8|   0|    8|          0|
    |trunc_ln222_reg_457                |    6|   0|    6|          0|
    |w_reg_471                          |    7|   0|    7|          0|
    |zext_ln203_cast_reg_448            |    6|   0|    8|          2|
    |and_ln223_reg_462                  |   64|  32|    1|          0|
    |icmp_ln220_reg_453                 |   64|  32|    1|          0|
    |trunc_ln222_reg_457                |   64|  32|    6|          0|
    +-----------------------------------+-----+----+-----+-----------+
    |Total                              |  817|  96|  635|          2|
    +-----------------------------------+-----+----+-----+-----------+



================================================================
== Interface
================================================================
* Summary: 
+---------------------+-----+-----+------------+----------------------------------------------+--------------+
|      RTL Ports      | Dir | Bits|  Protocol  |                 Source Object                |    C Type    |
+---------------------+-----+-----+------------+----------------------------------------------+--------------+
|ap_clk               |   in|    1|  ap_ctrl_hs|  CnnKernel_YourCode_Pipeline_VITIS_LOOP_220_3|  return value|
|ap_rst               |   in|    1|  ap_ctrl_hs|  CnnKernel_YourCode_Pipeline_VITIS_LOOP_220_3|  return value|
|ap_start             |   in|    1|  ap_ctrl_hs|  CnnKernel_YourCode_Pipeline_VITIS_LOOP_220_3|  return value|
|ap_done              |  out|    1|  ap_ctrl_hs|  CnnKernel_YourCode_Pipeline_VITIS_LOOP_220_3|  return value|
|ap_idle              |  out|    1|  ap_ctrl_hs|  CnnKernel_YourCode_Pipeline_VITIS_LOOP_220_3|  return value|
|ap_ready             |  out|    1|  ap_ctrl_hs|  CnnKernel_YourCode_Pipeline_VITIS_LOOP_220_3|  return value|
|data_V_2             |   in|  512|     ap_none|                                      data_V_2|        scalar|
|sext_ln220           |   in|   32|     ap_none|                                    sext_ln220|        scalar|
|sext_ln208           |   in|   23|     ap_none|                                    sext_ln208|        scalar|
|sext_ln207           |   in|   23|     ap_none|                                    sext_ln207|        scalar|
|idx_4_cast           |   in|   26|     ap_none|                                    idx_4_cast|        scalar|
|zext_ln203           |   in|    6|     ap_none|                                    zext_ln203|        scalar|
|sub_ln225_2          |   in|   20|     ap_none|                                   sub_ln225_2|        scalar|
|data_V_6_out         |  out|  512|      ap_vld|                                  data_V_6_out|       pointer|
|data_V_6_out_ap_vld  |  out|    1|      ap_vld|                                  data_V_6_out|       pointer|
|output_V_address0    |  out|   20|   ap_memory|                                      output_V|         array|
|output_V_ce0         |  out|    1|   ap_memory|                                      output_V|         array|
|output_V_q0          |   in|    8|   ap_memory|                                      output_V|         array|
+---------------------+-----+-----+------------+----------------------------------------------+--------------+

