

================================================================
== Vitis HLS Report for 'CnnKernel_YourCode_Pipeline_relu_VITIS_LOOP_76_6'
================================================================
* Date:           Fri May 27 19:40:44 2022

* Version:        2021.1 (Build 3247384 on Thu Jun 10 19:36:07 MDT 2021)
* Project:        CnnKernel
* Solution:       solution (Vitis Kernel Flow Target)
* Product family: virtexuplus
* Target device:  xcvu9p-flgb2104-2-i


================================================================
== Performance Estimates
================================================================
+ Timing: 
    * Summary: 
    +--------+---------+----------+------------+
    |  Clock |  Target | Estimated| Uncertainty|
    +--------+---------+----------+------------+
    |ap_clk  |  4.00 ns|  2.496 ns|     1.08 ns|
    +--------+---------+----------+------------+

+ Latency: 
    * Summary: 
    +---------+---------+-----------+-----------+-------+-------+---------+
    |  Latency (cycles) |   Latency (absolute)  |    Interval   | Pipeline|
    |   min   |   max   |    min    |    max    |  min  |  max  |   Type  |
    +---------+---------+-----------+-----------+-------+-------+---------+
    |    12547|    12547|  50.188 us|  50.188 us|  12547|  12547|       no|
    +---------+---------+-----------+-----------+-------+-------+---------+

    + Detail: 
        * Instance: 
        N/A

        * Loop: 
        +------------------------+---------+---------+----------+-----------+-----------+-------+----------+
        |                        |  Latency (cycles) | Iteration|  Initiation Interval  |  Trip |          |
        |        Loop Name       |   min   |   max   |  Latency |  achieved |   target  | Count | Pipelined|
        +------------------------+---------+---------+----------+-----------+-----------+-------+----------+
        |- relu_VITIS_LOOP_76_6  |    12545|    12545|         3|          1|          1|  12544|       yes|
        +------------------------+---------+---------+----------+-----------+-----------+-------+----------+

============================================================
+ Verbose Summary: Synthesis Manager
============================================================
InlineROM: 1
ExposeGlobal: 0
============================================================
+ Verbose Summary: CDFG Model
============================================================
IsTopModel: 0
ResetActiveHigh: 1
IsCombinational: 0
IsDatapathOnly: 0
HasWiredReturn: 1
HasMFsm: 2
HasVarLatency: 1
IsPipeline: 0
IsRtlPipelined: 0
IsInstanceOverlapped: 0
IsDontTouch: 0
HasImplIP: 0
IsGatedGlobalClock: 0

+ Individual pipeline summary: 
  * Pipeline-0: initiation interval (II) = 1, depth = 3


============================================================
+ Verbose Summary: Schedule
============================================================
* Number of FSM states : 3
* Pipeline : 1
  Pipeline-0 : II = 1, D = 3, States = { 1 2 3 }
* Dataflow Pipeline: 0

* FSM state transitions: 
1 --> 2 
2 --> 3 
3 --> 

* FSM state operations: 

State 1 <SV = 0> <Delay = 2.00>
ST_1 : Operation 6 [1/1] (0.00ns)   --->   "%w = alloca i32 1"   --->   Operation 6 'alloca' 'w' <Predicate = true> <Delay = 0.00>
ST_1 : Operation 7 [1/1] (0.00ns)   --->   "%h = alloca i32 1"   --->   Operation 7 'alloca' 'h' <Predicate = true> <Delay = 0.00>
ST_1 : Operation 8 [1/1] (0.00ns)   --->   "%indvar_flatten153 = alloca i32 1"   --->   Operation 8 'alloca' 'indvar_flatten153' <Predicate = true> <Delay = 0.00>
ST_1 : Operation 9 [1/1] (0.38ns)   --->   "%store_ln0 = store i14 0, i14 %indvar_flatten153"   --->   Operation 9 'store' 'store_ln0' <Predicate = true> <Delay = 0.38>
ST_1 : Operation 10 [1/1] (0.38ns)   --->   "%store_ln0 = store i7 0, i7 %h"   --->   Operation 10 'store' 'store_ln0' <Predicate = true> <Delay = 0.38>
ST_1 : Operation 11 [1/1] (0.38ns)   --->   "%store_ln0 = store i7 0, i7 %w"   --->   Operation 11 'store' 'store_ln0' <Predicate = true> <Delay = 0.38>
ST_1 : Operation 12 [1/1] (0.00ns)   --->   "%br_ln0 = br void %_ZltILi17ELi16ELb1EL9ap_q_mode5EL9ap_o_mode3ELi0EEbRK13ap_fixed_baseIXT_EXT0_EXT1_EXT2_EXT3_EXT4_EEi.exit"   --->   Operation 12 'br' 'br_ln0' <Predicate = true> <Delay = 0.00>
ST_1 : Operation 13 [1/1] (0.00ns)   --->   "%indvar_flatten153_load = load i14 %indvar_flatten153" [/home/centos/CS133-lab4/lab4/cnn-krnl.cpp:75]   --->   Operation 13 'load' 'indvar_flatten153_load' <Predicate = true> <Delay = 0.00>
ST_1 : Operation 14 [1/1] (0.00ns)   --->   "%specpipeline_ln0 = specpipeline void @_ssdm_op_SpecPipeline, i32 4294967295, i32 0, i32 1, i32 0, void @p_str"   --->   Operation 14 'specpipeline' 'specpipeline_ln0' <Predicate = true> <Delay = 0.00>
ST_1 : Operation 15 [1/1] (0.65ns)   --->   "%icmp_ln75 = icmp_eq  i14 %indvar_flatten153_load, i14 12544" [/home/centos/CS133-lab4/lab4/cnn-krnl.cpp:75]   --->   Operation 15 'icmp' 'icmp_ln75' <Predicate = true> <Delay = 0.65> <CoreInst = "Cmp">   --->   Core 9 'Cmp' <Latency = 0> <II = 1> <Delay = 0.59> <FuncUnit> <Opcode : 'icmp'> <InPorts = 2> <OutPorts = 1>
ST_1 : Operation 16 [1/1] (0.76ns)   --->   "%add_ln75_1 = add i14 %indvar_flatten153_load, i14 1" [/home/centos/CS133-lab4/lab4/cnn-krnl.cpp:75]   --->   Operation 16 'add' 'add_ln75_1' <Predicate = true> <Delay = 0.76> <CoreInst = "Adder">   --->   Core 1 'Adder' <Latency = 0> <II = 1> <Delay = 0.70> <FuncUnit> <Opcode : 'add' 'sub'> <InPorts = 2> <OutPorts = 1>
ST_1 : Operation 17 [1/1] (0.00ns)   --->   "%br_ln75 = br i1 %icmp_ln75, void %.preheader82, void %.preheader.preheader.preheader.exitStub" [/home/centos/CS133-lab4/lab4/cnn-krnl.cpp:75]   --->   Operation 17 'br' 'br_ln75' <Predicate = true> <Delay = 0.00>
ST_1 : Operation 18 [1/1] (0.00ns)   --->   "%w_load = load i7 %w" [/home/centos/CS133-lab4/lab4/cnn-krnl.cpp:76]   --->   Operation 18 'load' 'w_load' <Predicate = (!icmp_ln75)> <Delay = 0.00>
ST_1 : Operation 19 [1/1] (0.00ns)   --->   "%h_load = load i7 %h" [/home/centos/CS133-lab4/lab4/cnn-krnl.cpp:75]   --->   Operation 19 'load' 'h_load' <Predicate = (!icmp_ln75)> <Delay = 0.00>
ST_1 : Operation 20 [1/1] (0.70ns)   --->   "%add_ln75 = add i7 %h_load, i7 1" [/home/centos/CS133-lab4/lab4/cnn-krnl.cpp:75]   --->   Operation 20 'add' 'add_ln75' <Predicate = (!icmp_ln75)> <Delay = 0.70> <CoreInst = "Adder">   --->   Core 1 'Adder' <Latency = 0> <II = 1> <Delay = 0.70> <FuncUnit> <Opcode : 'add' 'sub'> <InPorts = 2> <OutPorts = 1>
ST_1 : Operation 21 [1/1] (0.59ns)   --->   "%icmp_ln76 = icmp_eq  i7 %w_load, i7 112" [/home/centos/CS133-lab4/lab4/cnn-krnl.cpp:76]   --->   Operation 21 'icmp' 'icmp_ln76' <Predicate = (!icmp_ln75)> <Delay = 0.59> <CoreInst = "Cmp">   --->   Core 9 'Cmp' <Latency = 0> <II = 1> <Delay = 0.59> <FuncUnit> <Opcode : 'icmp'> <InPorts = 2> <OutPorts = 1>
ST_1 : Operation 22 [1/1] (0.30ns)   --->   "%select_ln75 = select i1 %icmp_ln76, i7 0, i7 %w_load" [/home/centos/CS133-lab4/lab4/cnn-krnl.cpp:75]   --->   Operation 22 'select' 'select_ln75' <Predicate = (!icmp_ln75)> <Delay = 0.30> <CoreInst = "Sel">   --->   Core 73 'Sel' <Latency = 0> <II = 1> <Delay = 0.30> <FuncUnit> <Opcode : 'select'> <InPorts = 3> <OutPorts = 1>
ST_1 : Operation 23 [1/1] (0.30ns)   --->   "%select_ln75_1 = select i1 %icmp_ln76, i7 %add_ln75, i7 %h_load" [/home/centos/CS133-lab4/lab4/cnn-krnl.cpp:75]   --->   Operation 23 'select' 'select_ln75_1' <Predicate = (!icmp_ln75)> <Delay = 0.30> <CoreInst = "Sel">   --->   Core 73 'Sel' <Latency = 0> <II = 1> <Delay = 0.30> <FuncUnit> <Opcode : 'select'> <InPorts = 3> <OutPorts = 1>
ST_1 : Operation 24 [1/1] (0.70ns)   --->   "%add_ln76 = add i7 %select_ln75, i7 1" [/home/centos/CS133-lab4/lab4/cnn-krnl.cpp:76]   --->   Operation 24 'add' 'add_ln76' <Predicate = (!icmp_ln75)> <Delay = 0.70> <CoreInst = "Adder">   --->   Core 1 'Adder' <Latency = 0> <II = 1> <Delay = 0.70> <FuncUnit> <Opcode : 'add' 'sub'> <InPorts = 2> <OutPorts = 1>
ST_1 : Operation 25 [1/1] (0.38ns)   --->   "%store_ln75 = store i14 %add_ln75_1, i14 %indvar_flatten153" [/home/centos/CS133-lab4/lab4/cnn-krnl.cpp:75]   --->   Operation 25 'store' 'store_ln75' <Predicate = (!icmp_ln75)> <Delay = 0.38>
ST_1 : Operation 26 [1/1] (0.38ns)   --->   "%store_ln75 = store i7 %select_ln75_1, i7 %h" [/home/centos/CS133-lab4/lab4/cnn-krnl.cpp:75]   --->   Operation 26 'store' 'store_ln75' <Predicate = (!icmp_ln75)> <Delay = 0.38>
ST_1 : Operation 27 [1/1] (0.38ns)   --->   "%store_ln76 = store i7 %add_ln76, i7 %w" [/home/centos/CS133-lab4/lab4/cnn-krnl.cpp:76]   --->   Operation 27 'store' 'store_ln76' <Predicate = (!icmp_ln75)> <Delay = 0.38>
ST_1 : Operation 28 [1/1] (0.00ns)   --->   "%br_ln0 = br void %_ZltILi17ELi16ELb1EL9ap_q_mode5EL9ap_o_mode3ELi0EEbRK13ap_fixed_baseIXT_EXT0_EXT1_EXT2_EXT3_EXT4_EEi.exit"   --->   Operation 28 'br' 'br_ln0' <Predicate = (!icmp_ln75)> <Delay = 0.00>

State 2 <SV = 1> <Delay = 1.96>
ST_2 : Operation 29 [1/1] (0.00ns)   --->   "%tmp_s = bitconcatenate i14 @_ssdm_op_BitConcatenate.i14.i7.i7, i7 %select_ln75_1, i7 0"   --->   Operation 29 'bitconcatenate' 'tmp_s' <Predicate = true> <Delay = 0.00>
ST_2 : Operation 30 [1/1] (0.00ns)   --->   "%tmp_2 = bitconcatenate i11 @_ssdm_op_BitConcatenate.i11.i7.i4, i7 %select_ln75_1, i4 0"   --->   Operation 30 'bitconcatenate' 'tmp_2' <Predicate = true> <Delay = 0.00>
ST_2 : Operation 31 [1/1] (0.00ns)   --->   "%zext_ln1548 = zext i11 %tmp_2"   --->   Operation 31 'zext' 'zext_ln1548' <Predicate = true> <Delay = 0.00>
ST_2 : Operation 32 [1/1] (0.00ns) (grouped into TernaryAdder)   --->   "%sub_ln1548 = sub i14 %tmp_s, i14 %zext_ln1548"   --->   Operation 32 'sub' 'sub_ln1548' <Predicate = true> <Delay = 0.00> <CoreInst = "TAddSub">   --->   Core 10 'TAddSub' <Latency = 0> <II = 1> <Delay = 0.35> <IPBlock> <Opcode : 'add' 'sub'> <InPorts = 3> <OutPorts = 1> <Sync> <CReg>
ST_2 : Operation 33 [1/1] (0.00ns)   --->   "%zext_ln1548_1 = zext i7 %select_ln75"   --->   Operation 33 'zext' 'zext_ln1548_1' <Predicate = true> <Delay = 0.00>
ST_2 : Operation 34 [1/1] (0.71ns) (root node of TernaryAdder)   --->   "%add_ln1548 = add i14 %sub_ln1548, i14 %zext_ln1548_1"   --->   Operation 34 'add' 'add_ln1548' <Predicate = true> <Delay = 0.71> <CoreInst = "TAddSub">   --->   Core 10 'TAddSub' <Latency = 0> <II = 1> <Delay = 0.35> <IPBlock> <Opcode : 'add' 'sub'> <InPorts = 3> <OutPorts = 1> <Sync> <CReg>
ST_2 : Operation 35 [1/1] (0.00ns)   --->   "%zext_ln1548_2 = zext i14 %add_ln1548"   --->   Operation 35 'zext' 'zext_ln1548_2' <Predicate = true> <Delay = 0.00>
ST_2 : Operation 36 [1/1] (0.00ns)   --->   "%C_V_addr = getelementptr i17 %C_V, i64 0, i64 %zext_ln1548_2"   --->   Operation 36 'getelementptr' 'C_V_addr' <Predicate = true> <Delay = 0.00>
ST_2 : Operation 37 [2/2] (1.24ns)   --->   "%C_V_load = load i14 %C_V_addr"   --->   Operation 37 'load' 'C_V_load' <Predicate = true> <Delay = 1.24> <CoreInst = "RAM">   --->   Core 83 'RAM' <Latency = 1> <II = 1> <Delay = 1.24> <Storage> <Opcode : 'load' 'store'> <Ports = 2> <Width = 17> <Depth = 12544> <RAM>
ST_2 : Operation 47 [1/1] (0.00ns)   --->   "%ret_ln0 = ret"   --->   Operation 47 'ret' 'ret_ln0' <Predicate = (icmp_ln75)> <Delay = 0.00>

State 3 <SV = 2> <Delay = 2.49>
ST_3 : Operation 38 [1/1] (0.00ns)   --->   "%specloopname_ln0 = specloopname void @_ssdm_op_SpecLoopName, void @relu_VITIS_LOOP_76_6_str"   --->   Operation 38 'specloopname' 'specloopname_ln0' <Predicate = true> <Delay = 0.00>
ST_3 : Operation 39 [1/1] (0.00ns)   --->   "%speclooptripcount_ln0 = speclooptripcount void @_ssdm_op_SpecLoopTripCount, i64 12544, i64 12544, i64 12544"   --->   Operation 39 'speclooptripcount' 'speclooptripcount_ln0' <Predicate = true> <Delay = 0.00>
ST_3 : Operation 40 [1/1] (0.00ns)   --->   "%specpipeline_ln0 = specpipeline void @_ssdm_op_SpecPipeline, i32 4294967295, i32 0, i32 1, i32 0, void @p_str"   --->   Operation 40 'specpipeline' 'specpipeline_ln0' <Predicate = true> <Delay = 0.00>
ST_3 : Operation 41 [1/1] (0.00ns)   --->   "%specloopname_ln76 = specloopname void @_ssdm_op_SpecLoopName, void @empty_9" [/home/centos/CS133-lab4/lab4/cnn-krnl.cpp:76]   --->   Operation 41 'specloopname' 'specloopname_ln76' <Predicate = true> <Delay = 0.00>
ST_3 : Operation 42 [1/2] (1.24ns)   --->   "%C_V_load = load i14 %C_V_addr"   --->   Operation 42 'load' 'C_V_load' <Predicate = true> <Delay = 1.24> <CoreInst = "RAM">   --->   Core 83 'RAM' <Latency = 1> <II = 1> <Delay = 1.24> <Storage> <Opcode : 'load' 'store'> <Ports = 2> <Width = 17> <Depth = 12544> <RAM>
ST_3 : Operation 43 [1/1] (0.00ns)   --->   "%tmp = bitselect i1 @_ssdm_op_BitSelect.i1.i17.i32, i17 %C_V_load, i32 16"   --->   Operation 43 'bitselect' 'tmp' <Predicate = true> <Delay = 0.00>
ST_3 : Operation 44 [1/1] (0.00ns)   --->   "%br_ln77 = br i1 %tmp, void %_ZltILi17ELi16ELb1EL9ap_q_mode5EL9ap_o_mode3ELi0EEbRK13ap_fixed_baseIXT_EXT0_EXT1_EXT2_EXT3_EXT4_EEi.exit.split._crit_edge, void %_ZN8ap_fixedILi17ELi16EL9ap_q_mode5EL9ap_o_mode3ELi0EEC2Ei.exit" [/home/centos/CS133-lab4/lab4/cnn-krnl.cpp:77]   --->   Operation 44 'br' 'br_ln77' <Predicate = true> <Delay = 0.00>
ST_3 : Operation 45 [1/1] (1.24ns)   --->   "%store_ln77 = store i17 0, i14 %C_V_addr" [/home/centos/CS133-lab4/lab4/cnn-krnl.cpp:77]   --->   Operation 45 'store' 'store_ln77' <Predicate = (tmp)> <Delay = 1.24> <CoreInst = "RAM">   --->   Core 83 'RAM' <Latency = 1> <II = 1> <Delay = 1.24> <Storage> <Opcode : 'load' 'store'> <Ports = 2> <Width = 17> <Depth = 12544> <RAM>
ST_3 : Operation 46 [1/1] (0.00ns)   --->   "%br_ln77 = br void %_ZltILi17ELi16ELb1EL9ap_q_mode5EL9ap_o_mode3ELi0EEbRK13ap_fixed_baseIXT_EXT0_EXT1_EXT2_EXT3_EXT4_EEi.exit.split._crit_edge" [/home/centos/CS133-lab4/lab4/cnn-krnl.cpp:77]   --->   Operation 46 'br' 'br_ln77' <Predicate = (tmp)> <Delay = 0.00>


============================================================
+ Verbose Summary: Timing violations
============================================================
Target clock period: 4ns, clock uncertainty: 1.08ns.

 <State 1>: 2ns
The critical path consists of the following:
	'alloca' operation ('w') [2]  (0 ns)
	'load' operation ('w_load', /home/centos/CS133-lab4/lab4/cnn-krnl.cpp:76) on local variable 'w' [16]  (0 ns)
	'icmp' operation ('icmp_ln76', /home/centos/CS133-lab4/lab4/cnn-krnl.cpp:76) [21]  (0.6 ns)
	'select' operation ('select_ln75', /home/centos/CS133-lab4/lab4/cnn-krnl.cpp:75) [22]  (0.308 ns)
	'add' operation ('add_ln76', /home/centos/CS133-lab4/lab4/cnn-krnl.cpp:76) [41]  (0.706 ns)
	'store' operation ('store_ln76', /home/centos/CS133-lab4/lab4/cnn-krnl.cpp:76) of variable 'add_ln76', /home/centos/CS133-lab4/lab4/cnn-krnl.cpp:76 on local variable 'w' [44]  (0.387 ns)

 <State 2>: 1.96ns
The critical path consists of the following:
	'sub' operation ('sub_ln1548') [27]  (0 ns)
	'add' operation ('add_ln1548') [30]  (0.716 ns)
	'getelementptr' operation ('C_V_addr') [32]  (0 ns)
	'load' operation ('C_V_load') on array 'C_V' [34]  (1.25 ns)

 <State 3>: 2.5ns
The critical path consists of the following:
	'store' operation ('store_ln77', /home/centos/CS133-lab4/lab4/cnn-krnl.cpp:77) of constant 0 on array 'C_V' [38]  (1.25 ns)
	blocking operation 1.25 ns on control path)


============================================================
+ Verbose Summary: Binding
============================================================
N/A
* FSMD analyzer results:
  - Output states:
 - Input state : 
  - Chain level:
	State 1
	State 2
	State 3


============================================================
+ Verbose Summary: Datapath Resource usage 
============================================================
N/A
