

================================================================
== Vitis HLS Report for 'CnnKernel_YourCode_Pipeline_VITIS_LOOP_220_3'
================================================================
* Date:           Fri May 27 19:40:45 2022

* Version:        2021.1 (Build 3247384 on Thu Jun 10 19:36:07 MDT 2021)
* Project:        CnnKernel
* Solution:       solution (Vitis Kernel Flow Target)
* Product family: virtexuplus
* Target device:  xcvu9p-flgb2104-2-i


================================================================
== Performance Estimates
================================================================
+ Timing: 
    * Summary: 
    +--------+---------+----------+------------+
    |  Clock |  Target | Estimated| Uncertainty|
    +--------+---------+----------+------------+
    |ap_clk  |  4.00 ns|  2.763 ns|     1.08 ns|
    +--------+---------+----------+------------+

+ Latency: 
    * Summary: 
    +---------+---------+----------+----------+-----+-----+---------+
    |  Latency (cycles) |  Latency (absolute) |  Interval | Pipeline|
    |   min   |   max   |    min   |    max   | min | max |   Type  |
    +---------+---------+----------+----------+-----+-----+---------+
    |      103|      103|  0.412 us|  0.412 us|  103|  103|       no|
    +---------+---------+----------+----------+-----+-----+---------+

    + Detail: 
        * Instance: 
        N/A

        * Loop: 
        +--------------------+---------+---------+----------+-----------+-----------+------+----------+
        |                    |  Latency (cycles) | Iteration|  Initiation Interval  | Trip |          |
        |      Loop Name     |   min   |   max   |  Latency |  achieved |   target  | Count| Pipelined|
        +--------------------+---------+---------+----------+-----------+-----------+------+----------+
        |- VITIS_LOOP_220_3  |      101|      101|        39|          1|          1|    64|       yes|
        +--------------------+---------+---------+----------+-----------+-----------+------+----------+

============================================================
+ Verbose Summary: Synthesis Manager
============================================================
InlineROM: 1
ExposeGlobal: 0
============================================================
+ Verbose Summary: CDFG Model
============================================================
IsTopModel: 0
ResetActiveHigh: 1
IsCombinational: 0
IsDatapathOnly: 0
HasWiredReturn: 1
HasMFsm: 2
HasVarLatency: 1
IsPipeline: 0
IsRtlPipelined: 0
IsInstanceOverlapped: 0
IsDontTouch: 0
HasImplIP: 0
IsGatedGlobalClock: 0

+ Individual pipeline summary: 
  * Pipeline-0: initiation interval (II) = 1, depth = 39


============================================================
+ Verbose Summary: Schedule
============================================================
* Number of FSM states : 39
* Pipeline : 1
  Pipeline-0 : II = 1, D = 39, States = { 1 2 3 4 5 6 7 8 9 10 11 12 13 14 15 16 17 18 19 20 21 22 23 24 25 26 27 28 29 30 31 32 33 34 35 36 37 38 39 }
* Dataflow Pipeline: 0

* FSM state transitions: 
1 --> 2 
2 --> 3 
3 --> 4 
4 --> 5 
5 --> 6 
6 --> 7 
7 --> 8 
8 --> 9 
9 --> 10 
10 --> 11 
11 --> 12 
12 --> 13 
13 --> 14 
14 --> 15 
15 --> 16 
16 --> 17 
17 --> 18 
18 --> 19 
19 --> 20 
20 --> 21 
21 --> 22 
22 --> 23 
23 --> 24 
24 --> 25 
25 --> 26 
26 --> 27 
27 --> 28 
28 --> 29 
29 --> 30 
30 --> 31 
31 --> 32 
32 --> 33 
33 --> 34 
34 --> 35 
35 --> 36 
36 --> 37 
37 --> 38 
38 --> 39 
39 --> 

* FSM state operations: 

State 1 <SV = 0> <Delay = 2.17>
ST_1 : Operation 42 [1/1] (0.00ns)   --->   "%item = alloca i32 1"   --->   Operation 42 'alloca' 'item' <Predicate = true> <Delay = 0.00>
ST_1 : Operation 43 [1/1] (0.00ns)   --->   "%p_Val2_s = alloca i32 1"   --->   Operation 43 'alloca' 'p_Val2_s' <Predicate = true> <Delay = 0.00>
ST_1 : Operation 44 [1/1] (0.00ns)   --->   "%sub_ln225_2_read = read i20 @_ssdm_op_Read.ap_auto.i20, i20 %sub_ln225_2"   --->   Operation 44 'read' 'sub_ln225_2_read' <Predicate = true> <Delay = 0.00>
ST_1 : Operation 45 [1/1] (0.00ns)   --->   "%zext_ln203_read = read i6 @_ssdm_op_Read.ap_auto.i6, i6 %zext_ln203"   --->   Operation 45 'read' 'zext_ln203_read' <Predicate = true> <Delay = 0.00>
ST_1 : Operation 46 [1/1] (0.00ns)   --->   "%idx_4_cast_read = read i26 @_ssdm_op_Read.ap_auto.i26, i26 %idx_4_cast"   --->   Operation 46 'read' 'idx_4_cast_read' <Predicate = true> <Delay = 0.00>
ST_1 : Operation 47 [1/1] (0.00ns)   --->   "%sext_ln207_read = read i23 @_ssdm_op_Read.ap_auto.i23, i23 %sext_ln207"   --->   Operation 47 'read' 'sext_ln207_read' <Predicate = true> <Delay = 0.00>
ST_1 : Operation 48 [1/1] (0.00ns)   --->   "%sext_ln208_read = read i23 @_ssdm_op_Read.ap_auto.i23, i23 %sext_ln208"   --->   Operation 48 'read' 'sext_ln208_read' <Predicate = true> <Delay = 0.00>
ST_1 : Operation 49 [1/1] (0.00ns)   --->   "%sext_ln220_read = read i32 @_ssdm_op_Read.ap_auto.i32, i32 %sext_ln220"   --->   Operation 49 'read' 'sext_ln220_read' <Predicate = true> <Delay = 0.00>
ST_1 : Operation 50 [1/1] (0.00ns)   --->   "%data_V_2_read = read i512 @_ssdm_op_Read.ap_auto.i512, i512 %data_V_2"   --->   Operation 50 'read' 'data_V_2_read' <Predicate = true> <Delay = 0.00>
ST_1 : Operation 51 [1/1] (0.00ns)   --->   "%zext_ln203_cast = zext i6 %zext_ln203_read"   --->   Operation 51 'zext' 'zext_ln203_cast' <Predicate = true> <Delay = 0.00>
ST_1 : Operation 52 [1/1] (0.00ns)   --->   "%sext_ln207_cast = sext i23 %sext_ln207_read"   --->   Operation 52 'sext' 'sext_ln207_cast' <Predicate = true> <Delay = 0.00>
ST_1 : Operation 53 [1/1] (0.00ns)   --->   "%sext_ln208_cast = sext i23 %sext_ln208_read"   --->   Operation 53 'sext' 'sext_ln208_cast' <Predicate = true> <Delay = 0.00>
ST_1 : Operation 54 [1/1] (0.00ns)   --->   "%sext_ln220_cast = sext i32 %sext_ln220_read"   --->   Operation 54 'sext' 'sext_ln220_cast' <Predicate = true> <Delay = 0.00>
ST_1 : Operation 55 [1/1] (0.38ns)   --->   "%store_ln0 = store i512 %data_V_2_read, i512 %p_Val2_s"   --->   Operation 55 'store' 'store_ln0' <Predicate = true> <Delay = 0.38>
ST_1 : Operation 56 [1/1] (0.38ns)   --->   "%store_ln0 = store i7 0, i7 %item"   --->   Operation 56 'store' 'store_ln0' <Predicate = true> <Delay = 0.38>
ST_1 : Operation 57 [1/1] (0.00ns)   --->   "%br_ln0 = br void"   --->   Operation 57 'br' 'br_ln0' <Predicate = true> <Delay = 0.00>
ST_1 : Operation 58 [1/1] (0.00ns)   --->   "%item_1 = load i7 %item" [/home/centos/CS133-lab4/lab4/lib/cnn-krnl.h:222]   --->   Operation 58 'load' 'item_1' <Predicate = true> <Delay = 0.00>
ST_1 : Operation 59 [1/1] (0.59ns)   --->   "%icmp_ln220 = icmp_eq  i7 %item_1, i7 64" [/home/centos/CS133-lab4/lab4/lib/cnn-krnl.h:220]   --->   Operation 59 'icmp' 'icmp_ln220' <Predicate = true> <Delay = 0.59> <CoreInst = "Cmp">   --->   Core 9 'Cmp' <Latency = 0> <II = 1> <Delay = 0.59> <FuncUnit> <Opcode : 'icmp'> <InPorts = 2> <OutPorts = 1>
ST_1 : Operation 60 [1/1] (0.00ns)   --->   "%speclooptripcount_ln0 = speclooptripcount void @_ssdm_op_SpecLoopTripCount, i64 64, i64 64, i64 64"   --->   Operation 60 'speclooptripcount' 'speclooptripcount_ln0' <Predicate = true> <Delay = 0.00>
ST_1 : Operation 61 [1/1] (0.70ns)   --->   "%item_2 = add i7 %item_1, i7 1" [/home/centos/CS133-lab4/lab4/lib/cnn-krnl.h:220]   --->   Operation 61 'add' 'item_2' <Predicate = true> <Delay = 0.70> <CoreInst = "Adder">   --->   Core 1 'Adder' <Latency = 0> <II = 1> <Delay = 0.80> <FuncUnit> <Opcode : 'add' 'sub'> <InPorts = 2> <OutPorts = 1>
ST_1 : Operation 62 [1/1] (0.00ns)   --->   "%br_ln220 = br i1 %icmp_ln220, void %.split28, void %.exitStub" [/home/centos/CS133-lab4/lab4/lib/cnn-krnl.h:220]   --->   Operation 62 'br' 'br_ln220' <Predicate = true> <Delay = 0.00>
ST_1 : Operation 63 [1/1] (0.00ns)   --->   "%zext_ln220 = zext i7 %item_1" [/home/centos/CS133-lab4/lab4/lib/cnn-krnl.h:220]   --->   Operation 63 'zext' 'zext_ln220' <Predicate = (!icmp_ln220)> <Delay = 0.00>
ST_1 : Operation 64 [1/1] (0.00ns)   --->   "%specpipeline_ln218 = specpipeline void @_ssdm_op_SpecPipeline, i32 4294967295, i32 0, i32 0, i32 0, void @empty_13" [/home/centos/CS133-lab4/lab4/lib/cnn-krnl.h:218]   --->   Operation 64 'specpipeline' 'specpipeline_ln218' <Predicate = (!icmp_ln220)> <Delay = 0.00>
ST_1 : Operation 65 [1/1] (0.00ns)   --->   "%specloopname_ln218 = specloopname void @_ssdm_op_SpecLoopName, void @empty_25" [/home/centos/CS133-lab4/lab4/lib/cnn-krnl.h:218]   --->   Operation 65 'specloopname' 'specloopname_ln218' <Predicate = (!icmp_ln220)> <Delay = 0.00>
ST_1 : Operation 66 [1/1] (0.00ns)   --->   "%trunc_ln222 = trunc i7 %item_1" [/home/centos/CS133-lab4/lab4/lib/cnn-krnl.h:222]   --->   Operation 66 'trunc' 'trunc_ln222' <Predicate = (!icmp_ln220)> <Delay = 0.00>
ST_1 : Operation 67 [1/1] (0.88ns)   --->   "%add_ln222 = add i33 %zext_ln220, i33 %sext_ln220_cast" [/home/centos/CS133-lab4/lab4/lib/cnn-krnl.h:222]   --->   Operation 67 'add' 'add_ln222' <Predicate = (!icmp_ln220)> <Delay = 0.88> <CoreInst = "Adder">   --->   Core 1 'Adder' <Latency = 0> <II = 1> <Delay = 0.80> <FuncUnit> <Opcode : 'add' 'sub'> <InPorts = 2> <OutPorts = 1>
ST_1 : Operation 68 [1/1] (0.88ns)   --->   "%icmp_ln223 = icmp_slt  i33 %add_ln222, i33 %sext_ln208_cast" [/home/centos/CS133-lab4/lab4/lib/cnn-krnl.h:223]   --->   Operation 68 'icmp' 'icmp_ln223' <Predicate = (!icmp_ln220)> <Delay = 0.88> <CoreInst = "Cmp">   --->   Core 9 'Cmp' <Latency = 0> <II = 1> <Delay = 0.59> <FuncUnit> <Opcode : 'icmp'> <InPorts = 2> <OutPorts = 1>
ST_1 : Operation 69 [1/1] (0.88ns)   --->   "%icmp_ln223_1 = icmp_slt  i33 %add_ln222, i33 %sext_ln207_cast" [/home/centos/CS133-lab4/lab4/lib/cnn-krnl.h:223]   --->   Operation 69 'icmp' 'icmp_ln223_1' <Predicate = (!icmp_ln220)> <Delay = 0.88> <CoreInst = "Cmp">   --->   Core 9 'Cmp' <Latency = 0> <II = 1> <Delay = 0.59> <FuncUnit> <Opcode : 'icmp'> <InPorts = 2> <OutPorts = 1>
ST_1 : Operation 70 [1/1] (0.00ns) (grouped into LUT with out node and_ln223)   --->   "%xor_ln223 = xor i1 %icmp_ln223_1, i1 1" [/home/centos/CS133-lab4/lab4/lib/cnn-krnl.h:223]   --->   Operation 70 'xor' 'xor_ln223' <Predicate = (!icmp_ln220)> <Delay = 0.00> <CoreInst = "LogicGate">   --->   Core 74 'LogicGate' <Latency = 0> <II = 1> <Delay = 0.29> <FuncUnit> <Opcode : 'and' 'or' 'xor'> <InPorts = 2> <OutPorts = 1>
ST_1 : Operation 71 [1/1] (0.12ns) (out node of the LUT)   --->   "%and_ln223 = and i1 %icmp_ln223, i1 %xor_ln223" [/home/centos/CS133-lab4/lab4/lib/cnn-krnl.h:223]   --->   Operation 71 'and' 'and_ln223' <Predicate = (!icmp_ln220)> <Delay = 0.12> <CoreInst = "LogicGate">   --->   Core 74 'LogicGate' <Latency = 0> <II = 1> <Delay = 0.29> <FuncUnit> <Opcode : 'and' 'or' 'xor'> <InPorts = 2> <OutPorts = 1>
ST_1 : Operation 72 [1/1] (0.00ns)   --->   "%br_ln223 = br i1 %and_ln223, void %.split28._crit_edge, void" [/home/centos/CS133-lab4/lab4/lib/cnn-krnl.h:223]   --->   Operation 72 'br' 'br_ln223' <Predicate = (!icmp_ln220)> <Delay = 0.00>
ST_1 : Operation 73 [1/1] (0.00ns)   --->   "%add_ln1 = bitconcatenate i32 @_ssdm_op_BitConcatenate.i32.i26.i6, i26 %idx_4_cast_read, i6 %trunc_ln222" [/home/centos/CS133-lab4/lab4/lib/cnn-krnl.h:224]   --->   Operation 73 'bitconcatenate' 'add_ln1' <Predicate = (!icmp_ln220 & and_ln223)> <Delay = 0.00>
ST_1 : Operation 74 [36/36] (1.16ns)   --->   "%w = urem i32 %add_ln1, i32 112" [/home/centos/CS133-lab4/lab4/lib/cnn-krnl.h:224]   --->   Operation 74 'urem' 'w' <Predicate = (!icmp_ln220 & and_ln223)> <Delay = 1.16> <CoreInst = "Divider">   --->   Core 6 'Divider' <Latency = 35> <II = 1> <Delay = 1.16> <FuncUnit> <Opcode : 'sdiv' 'srem' 'udiv' 'urem'> <InPorts = 2> <OutPorts = 1>
ST_1 : Operation 75 [1/1] (0.38ns)   --->   "%store_ln220 = store i7 %item_2, i7 %item" [/home/centos/CS133-lab4/lab4/lib/cnn-krnl.h:220]   --->   Operation 75 'store' 'store_ln220' <Predicate = (!icmp_ln220)> <Delay = 0.38>
ST_1 : Operation 76 [1/1] (0.00ns)   --->   "%br_ln0 = br void"   --->   Operation 76 'br' 'br_ln0' <Predicate = (!icmp_ln220)> <Delay = 0.00>

State 2 <SV = 1> <Delay = 1.16>
ST_2 : Operation 77 [35/36] (1.16ns)   --->   "%w = urem i32 %add_ln1, i32 112" [/home/centos/CS133-lab4/lab4/lib/cnn-krnl.h:224]   --->   Operation 77 'urem' 'w' <Predicate = (and_ln223)> <Delay = 1.16> <CoreInst = "Divider">   --->   Core 6 'Divider' <Latency = 35> <II = 1> <Delay = 1.16> <FuncUnit> <Opcode : 'sdiv' 'srem' 'udiv' 'urem'> <InPorts = 2> <OutPorts = 1>

State 3 <SV = 2> <Delay = 1.16>
ST_3 : Operation 78 [34/36] (1.16ns)   --->   "%w = urem i32 %add_ln1, i32 112" [/home/centos/CS133-lab4/lab4/lib/cnn-krnl.h:224]   --->   Operation 78 'urem' 'w' <Predicate = (and_ln223)> <Delay = 1.16> <CoreInst = "Divider">   --->   Core 6 'Divider' <Latency = 35> <II = 1> <Delay = 1.16> <FuncUnit> <Opcode : 'sdiv' 'srem' 'udiv' 'urem'> <InPorts = 2> <OutPorts = 1>

State 4 <SV = 3> <Delay = 1.16>
ST_4 : Operation 79 [33/36] (1.16ns)   --->   "%w = urem i32 %add_ln1, i32 112" [/home/centos/CS133-lab4/lab4/lib/cnn-krnl.h:224]   --->   Operation 79 'urem' 'w' <Predicate = (and_ln223)> <Delay = 1.16> <CoreInst = "Divider">   --->   Core 6 'Divider' <Latency = 35> <II = 1> <Delay = 1.16> <FuncUnit> <Opcode : 'sdiv' 'srem' 'udiv' 'urem'> <InPorts = 2> <OutPorts = 1>

State 5 <SV = 4> <Delay = 1.16>
ST_5 : Operation 80 [32/36] (1.16ns)   --->   "%w = urem i32 %add_ln1, i32 112" [/home/centos/CS133-lab4/lab4/lib/cnn-krnl.h:224]   --->   Operation 80 'urem' 'w' <Predicate = (and_ln223)> <Delay = 1.16> <CoreInst = "Divider">   --->   Core 6 'Divider' <Latency = 35> <II = 1> <Delay = 1.16> <FuncUnit> <Opcode : 'sdiv' 'srem' 'udiv' 'urem'> <InPorts = 2> <OutPorts = 1>

State 6 <SV = 5> <Delay = 1.16>
ST_6 : Operation 81 [31/36] (1.16ns)   --->   "%w = urem i32 %add_ln1, i32 112" [/home/centos/CS133-lab4/lab4/lib/cnn-krnl.h:224]   --->   Operation 81 'urem' 'w' <Predicate = (and_ln223)> <Delay = 1.16> <CoreInst = "Divider">   --->   Core 6 'Divider' <Latency = 35> <II = 1> <Delay = 1.16> <FuncUnit> <Opcode : 'sdiv' 'srem' 'udiv' 'urem'> <InPorts = 2> <OutPorts = 1>

State 7 <SV = 6> <Delay = 1.16>
ST_7 : Operation 82 [30/36] (1.16ns)   --->   "%w = urem i32 %add_ln1, i32 112" [/home/centos/CS133-lab4/lab4/lib/cnn-krnl.h:224]   --->   Operation 82 'urem' 'w' <Predicate = (and_ln223)> <Delay = 1.16> <CoreInst = "Divider">   --->   Core 6 'Divider' <Latency = 35> <II = 1> <Delay = 1.16> <FuncUnit> <Opcode : 'sdiv' 'srem' 'udiv' 'urem'> <InPorts = 2> <OutPorts = 1>

State 8 <SV = 7> <Delay = 1.16>
ST_8 : Operation 83 [29/36] (1.16ns)   --->   "%w = urem i32 %add_ln1, i32 112" [/home/centos/CS133-lab4/lab4/lib/cnn-krnl.h:224]   --->   Operation 83 'urem' 'w' <Predicate = (and_ln223)> <Delay = 1.16> <CoreInst = "Divider">   --->   Core 6 'Divider' <Latency = 35> <II = 1> <Delay = 1.16> <FuncUnit> <Opcode : 'sdiv' 'srem' 'udiv' 'urem'> <InPorts = 2> <OutPorts = 1>

State 9 <SV = 8> <Delay = 1.16>
ST_9 : Operation 84 [28/36] (1.16ns)   --->   "%w = urem i32 %add_ln1, i32 112" [/home/centos/CS133-lab4/lab4/lib/cnn-krnl.h:224]   --->   Operation 84 'urem' 'w' <Predicate = (and_ln223)> <Delay = 1.16> <CoreInst = "Divider">   --->   Core 6 'Divider' <Latency = 35> <II = 1> <Delay = 1.16> <FuncUnit> <Opcode : 'sdiv' 'srem' 'udiv' 'urem'> <InPorts = 2> <OutPorts = 1>

State 10 <SV = 9> <Delay = 1.16>
ST_10 : Operation 85 [27/36] (1.16ns)   --->   "%w = urem i32 %add_ln1, i32 112" [/home/centos/CS133-lab4/lab4/lib/cnn-krnl.h:224]   --->   Operation 85 'urem' 'w' <Predicate = (and_ln223)> <Delay = 1.16> <CoreInst = "Divider">   --->   Core 6 'Divider' <Latency = 35> <II = 1> <Delay = 1.16> <FuncUnit> <Opcode : 'sdiv' 'srem' 'udiv' 'urem'> <InPorts = 2> <OutPorts = 1>

State 11 <SV = 10> <Delay = 1.16>
ST_11 : Operation 86 [26/36] (1.16ns)   --->   "%w = urem i32 %add_ln1, i32 112" [/home/centos/CS133-lab4/lab4/lib/cnn-krnl.h:224]   --->   Operation 86 'urem' 'w' <Predicate = (and_ln223)> <Delay = 1.16> <CoreInst = "Divider">   --->   Core 6 'Divider' <Latency = 35> <II = 1> <Delay = 1.16> <FuncUnit> <Opcode : 'sdiv' 'srem' 'udiv' 'urem'> <InPorts = 2> <OutPorts = 1>

State 12 <SV = 11> <Delay = 1.16>
ST_12 : Operation 87 [25/36] (1.16ns)   --->   "%w = urem i32 %add_ln1, i32 112" [/home/centos/CS133-lab4/lab4/lib/cnn-krnl.h:224]   --->   Operation 87 'urem' 'w' <Predicate = (and_ln223)> <Delay = 1.16> <CoreInst = "Divider">   --->   Core 6 'Divider' <Latency = 35> <II = 1> <Delay = 1.16> <FuncUnit> <Opcode : 'sdiv' 'srem' 'udiv' 'urem'> <InPorts = 2> <OutPorts = 1>

State 13 <SV = 12> <Delay = 1.16>
ST_13 : Operation 88 [24/36] (1.16ns)   --->   "%w = urem i32 %add_ln1, i32 112" [/home/centos/CS133-lab4/lab4/lib/cnn-krnl.h:224]   --->   Operation 88 'urem' 'w' <Predicate = (and_ln223)> <Delay = 1.16> <CoreInst = "Divider">   --->   Core 6 'Divider' <Latency = 35> <II = 1> <Delay = 1.16> <FuncUnit> <Opcode : 'sdiv' 'srem' 'udiv' 'urem'> <InPorts = 2> <OutPorts = 1>

State 14 <SV = 13> <Delay = 1.16>
ST_14 : Operation 89 [23/36] (1.16ns)   --->   "%w = urem i32 %add_ln1, i32 112" [/home/centos/CS133-lab4/lab4/lib/cnn-krnl.h:224]   --->   Operation 89 'urem' 'w' <Predicate = (and_ln223)> <Delay = 1.16> <CoreInst = "Divider">   --->   Core 6 'Divider' <Latency = 35> <II = 1> <Delay = 1.16> <FuncUnit> <Opcode : 'sdiv' 'srem' 'udiv' 'urem'> <InPorts = 2> <OutPorts = 1>

State 15 <SV = 14> <Delay = 1.16>
ST_15 : Operation 90 [22/36] (1.16ns)   --->   "%w = urem i32 %add_ln1, i32 112" [/home/centos/CS133-lab4/lab4/lib/cnn-krnl.h:224]   --->   Operation 90 'urem' 'w' <Predicate = (and_ln223)> <Delay = 1.16> <CoreInst = "Divider">   --->   Core 6 'Divider' <Latency = 35> <II = 1> <Delay = 1.16> <FuncUnit> <Opcode : 'sdiv' 'srem' 'udiv' 'urem'> <InPorts = 2> <OutPorts = 1>

State 16 <SV = 15> <Delay = 1.16>
ST_16 : Operation 91 [21/36] (1.16ns)   --->   "%w = urem i32 %add_ln1, i32 112" [/home/centos/CS133-lab4/lab4/lib/cnn-krnl.h:224]   --->   Operation 91 'urem' 'w' <Predicate = (and_ln223)> <Delay = 1.16> <CoreInst = "Divider">   --->   Core 6 'Divider' <Latency = 35> <II = 1> <Delay = 1.16> <FuncUnit> <Opcode : 'sdiv' 'srem' 'udiv' 'urem'> <InPorts = 2> <OutPorts = 1>

State 17 <SV = 16> <Delay = 1.16>
ST_17 : Operation 92 [20/36] (1.16ns)   --->   "%w = urem i32 %add_ln1, i32 112" [/home/centos/CS133-lab4/lab4/lib/cnn-krnl.h:224]   --->   Operation 92 'urem' 'w' <Predicate = (and_ln223)> <Delay = 1.16> <CoreInst = "Divider">   --->   Core 6 'Divider' <Latency = 35> <II = 1> <Delay = 1.16> <FuncUnit> <Opcode : 'sdiv' 'srem' 'udiv' 'urem'> <InPorts = 2> <OutPorts = 1>

State 18 <SV = 17> <Delay = 1.16>
ST_18 : Operation 93 [19/36] (1.16ns)   --->   "%w = urem i32 %add_ln1, i32 112" [/home/centos/CS133-lab4/lab4/lib/cnn-krnl.h:224]   --->   Operation 93 'urem' 'w' <Predicate = (and_ln223)> <Delay = 1.16> <CoreInst = "Divider">   --->   Core 6 'Divider' <Latency = 35> <II = 1> <Delay = 1.16> <FuncUnit> <Opcode : 'sdiv' 'srem' 'udiv' 'urem'> <InPorts = 2> <OutPorts = 1>

State 19 <SV = 18> <Delay = 1.16>
ST_19 : Operation 94 [18/36] (1.16ns)   --->   "%w = urem i32 %add_ln1, i32 112" [/home/centos/CS133-lab4/lab4/lib/cnn-krnl.h:224]   --->   Operation 94 'urem' 'w' <Predicate = (and_ln223)> <Delay = 1.16> <CoreInst = "Divider">   --->   Core 6 'Divider' <Latency = 35> <II = 1> <Delay = 1.16> <FuncUnit> <Opcode : 'sdiv' 'srem' 'udiv' 'urem'> <InPorts = 2> <OutPorts = 1>

State 20 <SV = 19> <Delay = 1.16>
ST_20 : Operation 95 [17/36] (1.16ns)   --->   "%w = urem i32 %add_ln1, i32 112" [/home/centos/CS133-lab4/lab4/lib/cnn-krnl.h:224]   --->   Operation 95 'urem' 'w' <Predicate = (and_ln223)> <Delay = 1.16> <CoreInst = "Divider">   --->   Core 6 'Divider' <Latency = 35> <II = 1> <Delay = 1.16> <FuncUnit> <Opcode : 'sdiv' 'srem' 'udiv' 'urem'> <InPorts = 2> <OutPorts = 1>

State 21 <SV = 20> <Delay = 1.16>
ST_21 : Operation 96 [16/36] (1.16ns)   --->   "%w = urem i32 %add_ln1, i32 112" [/home/centos/CS133-lab4/lab4/lib/cnn-krnl.h:224]   --->   Operation 96 'urem' 'w' <Predicate = (and_ln223)> <Delay = 1.16> <CoreInst = "Divider">   --->   Core 6 'Divider' <Latency = 35> <II = 1> <Delay = 1.16> <FuncUnit> <Opcode : 'sdiv' 'srem' 'udiv' 'urem'> <InPorts = 2> <OutPorts = 1>

State 22 <SV = 21> <Delay = 1.16>
ST_22 : Operation 97 [15/36] (1.16ns)   --->   "%w = urem i32 %add_ln1, i32 112" [/home/centos/CS133-lab4/lab4/lib/cnn-krnl.h:224]   --->   Operation 97 'urem' 'w' <Predicate = (and_ln223)> <Delay = 1.16> <CoreInst = "Divider">   --->   Core 6 'Divider' <Latency = 35> <II = 1> <Delay = 1.16> <FuncUnit> <Opcode : 'sdiv' 'srem' 'udiv' 'urem'> <InPorts = 2> <OutPorts = 1>

State 23 <SV = 22> <Delay = 1.16>
ST_23 : Operation 98 [14/36] (1.16ns)   --->   "%w = urem i32 %add_ln1, i32 112" [/home/centos/CS133-lab4/lab4/lib/cnn-krnl.h:224]   --->   Operation 98 'urem' 'w' <Predicate = (and_ln223)> <Delay = 1.16> <CoreInst = "Divider">   --->   Core 6 'Divider' <Latency = 35> <II = 1> <Delay = 1.16> <FuncUnit> <Opcode : 'sdiv' 'srem' 'udiv' 'urem'> <InPorts = 2> <OutPorts = 1>

State 24 <SV = 23> <Delay = 1.16>
ST_24 : Operation 99 [13/36] (1.16ns)   --->   "%w = urem i32 %add_ln1, i32 112" [/home/centos/CS133-lab4/lab4/lib/cnn-krnl.h:224]   --->   Operation 99 'urem' 'w' <Predicate = (and_ln223)> <Delay = 1.16> <CoreInst = "Divider">   --->   Core 6 'Divider' <Latency = 35> <II = 1> <Delay = 1.16> <FuncUnit> <Opcode : 'sdiv' 'srem' 'udiv' 'urem'> <InPorts = 2> <OutPorts = 1>

State 25 <SV = 24> <Delay = 1.16>
ST_25 : Operation 100 [12/36] (1.16ns)   --->   "%w = urem i32 %add_ln1, i32 112" [/home/centos/CS133-lab4/lab4/lib/cnn-krnl.h:224]   --->   Operation 100 'urem' 'w' <Predicate = (and_ln223)> <Delay = 1.16> <CoreInst = "Divider">   --->   Core 6 'Divider' <Latency = 35> <II = 1> <Delay = 1.16> <FuncUnit> <Opcode : 'sdiv' 'srem' 'udiv' 'urem'> <InPorts = 2> <OutPorts = 1>

State 26 <SV = 25> <Delay = 1.16>
ST_26 : Operation 101 [11/36] (1.16ns)   --->   "%w = urem i32 %add_ln1, i32 112" [/home/centos/CS133-lab4/lab4/lib/cnn-krnl.h:224]   --->   Operation 101 'urem' 'w' <Predicate = (and_ln223)> <Delay = 1.16> <CoreInst = "Divider">   --->   Core 6 'Divider' <Latency = 35> <II = 1> <Delay = 1.16> <FuncUnit> <Opcode : 'sdiv' 'srem' 'udiv' 'urem'> <InPorts = 2> <OutPorts = 1>

State 27 <SV = 26> <Delay = 1.16>
ST_27 : Operation 102 [10/36] (1.16ns)   --->   "%w = urem i32 %add_ln1, i32 112" [/home/centos/CS133-lab4/lab4/lib/cnn-krnl.h:224]   --->   Operation 102 'urem' 'w' <Predicate = (and_ln223)> <Delay = 1.16> <CoreInst = "Divider">   --->   Core 6 'Divider' <Latency = 35> <II = 1> <Delay = 1.16> <FuncUnit> <Opcode : 'sdiv' 'srem' 'udiv' 'urem'> <InPorts = 2> <OutPorts = 1>

State 28 <SV = 27> <Delay = 1.16>
ST_28 : Operation 103 [9/36] (1.16ns)   --->   "%w = urem i32 %add_ln1, i32 112" [/home/centos/CS133-lab4/lab4/lib/cnn-krnl.h:224]   --->   Operation 103 'urem' 'w' <Predicate = (and_ln223)> <Delay = 1.16> <CoreInst = "Divider">   --->   Core 6 'Divider' <Latency = 35> <II = 1> <Delay = 1.16> <FuncUnit> <Opcode : 'sdiv' 'srem' 'udiv' 'urem'> <InPorts = 2> <OutPorts = 1>

State 29 <SV = 28> <Delay = 1.16>
ST_29 : Operation 104 [8/36] (1.16ns)   --->   "%w = urem i32 %add_ln1, i32 112" [/home/centos/CS133-lab4/lab4/lib/cnn-krnl.h:224]   --->   Operation 104 'urem' 'w' <Predicate = (and_ln223)> <Delay = 1.16> <CoreInst = "Divider">   --->   Core 6 'Divider' <Latency = 35> <II = 1> <Delay = 1.16> <FuncUnit> <Opcode : 'sdiv' 'srem' 'udiv' 'urem'> <InPorts = 2> <OutPorts = 1>

State 30 <SV = 29> <Delay = 1.16>
ST_30 : Operation 105 [7/36] (1.16ns)   --->   "%w = urem i32 %add_ln1, i32 112" [/home/centos/CS133-lab4/lab4/lib/cnn-krnl.h:224]   --->   Operation 105 'urem' 'w' <Predicate = (and_ln223)> <Delay = 1.16> <CoreInst = "Divider">   --->   Core 6 'Divider' <Latency = 35> <II = 1> <Delay = 1.16> <FuncUnit> <Opcode : 'sdiv' 'srem' 'udiv' 'urem'> <InPorts = 2> <OutPorts = 1>

State 31 <SV = 30> <Delay = 1.16>
ST_31 : Operation 106 [6/36] (1.16ns)   --->   "%w = urem i32 %add_ln1, i32 112" [/home/centos/CS133-lab4/lab4/lib/cnn-krnl.h:224]   --->   Operation 106 'urem' 'w' <Predicate = (and_ln223)> <Delay = 1.16> <CoreInst = "Divider">   --->   Core 6 'Divider' <Latency = 35> <II = 1> <Delay = 1.16> <FuncUnit> <Opcode : 'sdiv' 'srem' 'udiv' 'urem'> <InPorts = 2> <OutPorts = 1>

State 32 <SV = 31> <Delay = 1.16>
ST_32 : Operation 107 [5/36] (1.16ns)   --->   "%w = urem i32 %add_ln1, i32 112" [/home/centos/CS133-lab4/lab4/lib/cnn-krnl.h:224]   --->   Operation 107 'urem' 'w' <Predicate = (and_ln223)> <Delay = 1.16> <CoreInst = "Divider">   --->   Core 6 'Divider' <Latency = 35> <II = 1> <Delay = 1.16> <FuncUnit> <Opcode : 'sdiv' 'srem' 'udiv' 'urem'> <InPorts = 2> <OutPorts = 1>

State 33 <SV = 32> <Delay = 1.16>
ST_33 : Operation 108 [4/36] (1.16ns)   --->   "%w = urem i32 %add_ln1, i32 112" [/home/centos/CS133-lab4/lab4/lib/cnn-krnl.h:224]   --->   Operation 108 'urem' 'w' <Predicate = (and_ln223)> <Delay = 1.16> <CoreInst = "Divider">   --->   Core 6 'Divider' <Latency = 35> <II = 1> <Delay = 1.16> <FuncUnit> <Opcode : 'sdiv' 'srem' 'udiv' 'urem'> <InPorts = 2> <OutPorts = 1>

State 34 <SV = 33> <Delay = 1.16>
ST_34 : Operation 109 [3/36] (1.16ns)   --->   "%w = urem i32 %add_ln1, i32 112" [/home/centos/CS133-lab4/lab4/lib/cnn-krnl.h:224]   --->   Operation 109 'urem' 'w' <Predicate = (and_ln223)> <Delay = 1.16> <CoreInst = "Divider">   --->   Core 6 'Divider' <Latency = 35> <II = 1> <Delay = 1.16> <FuncUnit> <Opcode : 'sdiv' 'srem' 'udiv' 'urem'> <InPorts = 2> <OutPorts = 1>

State 35 <SV = 34> <Delay = 1.16>
ST_35 : Operation 110 [2/36] (1.16ns)   --->   "%w = urem i32 %add_ln1, i32 112" [/home/centos/CS133-lab4/lab4/lib/cnn-krnl.h:224]   --->   Operation 110 'urem' 'w' <Predicate = (and_ln223)> <Delay = 1.16> <CoreInst = "Divider">   --->   Core 6 'Divider' <Latency = 35> <II = 1> <Delay = 1.16> <FuncUnit> <Opcode : 'sdiv' 'srem' 'udiv' 'urem'> <InPorts = 2> <OutPorts = 1>

State 36 <SV = 35> <Delay = 1.16>
ST_36 : Operation 111 [1/36] (1.16ns)   --->   "%w = urem i32 %add_ln1, i32 112" [/home/centos/CS133-lab4/lab4/lib/cnn-krnl.h:224]   --->   Operation 111 'urem' 'w' <Predicate = (and_ln223)> <Delay = 1.16> <CoreInst = "Divider">   --->   Core 6 'Divider' <Latency = 35> <II = 1> <Delay = 1.16> <FuncUnit> <Opcode : 'sdiv' 'srem' 'udiv' 'urem'> <InPorts = 2> <OutPorts = 1>

State 37 <SV = 36> <Delay = 2.76>
ST_37 : Operation 112 [1/1] (0.00ns)   --->   "%trunc_ln224 = trunc i7 %w" [/home/centos/CS133-lab4/lab4/lib/cnn-krnl.h:224]   --->   Operation 112 'trunc' 'trunc_ln224' <Predicate = (and_ln223)> <Delay = 0.00>
ST_37 : Operation 113 [1/1] (0.00ns)   --->   "%zext_ln224 = zext i7 %trunc_ln224" [/home/centos/CS133-lab4/lab4/lib/cnn-krnl.h:224]   --->   Operation 113 'zext' 'zext_ln224' <Predicate = (and_ln223)> <Delay = 0.00>
ST_37 : Operation 114 [1/1] (0.70ns)   --->   "%sub_ln225 = sub i8 %zext_ln224, i8 %zext_ln203_cast" [/home/centos/CS133-lab4/lab4/lib/cnn-krnl.h:225]   --->   Operation 114 'sub' 'sub_ln225' <Predicate = (and_ln223)> <Delay = 0.70> <CoreInst = "Adder">   --->   Core 1 'Adder' <Latency = 0> <II = 1> <Delay = 0.80> <FuncUnit> <Opcode : 'add' 'sub'> <InPorts = 2> <OutPorts = 1>
ST_37 : Operation 115 [1/1] (0.00ns)   --->   "%sext_ln225 = sext i8 %sub_ln225" [/home/centos/CS133-lab4/lab4/lib/cnn-krnl.h:225]   --->   Operation 115 'sext' 'sext_ln225' <Predicate = (and_ln223)> <Delay = 0.00>
ST_37 : Operation 116 [1/1] (0.80ns)   --->   "%add_ln225 = add i20 %sub_ln225_2_read, i20 %sext_ln225" [/home/centos/CS133-lab4/lab4/lib/cnn-krnl.h:225]   --->   Operation 116 'add' 'add_ln225' <Predicate = (and_ln223)> <Delay = 0.80> <CoreInst = "Adder">   --->   Core 1 'Adder' <Latency = 0> <II = 1> <Delay = 0.80> <FuncUnit> <Opcode : 'add' 'sub'> <InPorts = 2> <OutPorts = 1>
ST_37 : Operation 117 [1/1] (0.00ns)   --->   "%zext_ln225 = zext i20 %add_ln225" [/home/centos/CS133-lab4/lab4/lib/cnn-krnl.h:225]   --->   Operation 117 'zext' 'zext_ln225' <Predicate = (and_ln223)> <Delay = 0.00>
ST_37 : Operation 118 [1/1] (0.00ns)   --->   "%output_V_addr = getelementptr i8 %output_V, i64 0, i64 %zext_ln225" [/home/centos/CS133-lab4/lab4/lib/cnn-krnl.h:225]   --->   Operation 118 'getelementptr' 'output_V_addr' <Predicate = (and_ln223)> <Delay = 0.00>
ST_37 : Operation 119 [2/2] (1.24ns)   --->   "%temp_V = load i20 %output_V_addr" [/home/centos/CS133-lab4/lab4/lib/cnn-krnl.h:225]   --->   Operation 119 'load' 'temp_V' <Predicate = (and_ln223)> <Delay = 1.24> <CoreInst = "RAM">   --->   Core 83 'RAM' <Latency = 1> <II = 1> <Delay = 1.24> <Storage> <Opcode : 'load' 'store'> <Ports = 2> <Width = 8> <Depth = 802816> <RAM>

State 38 <SV = 37> <Delay = 1.24>
ST_38 : Operation 120 [1/2] (1.24ns)   --->   "%temp_V = load i20 %output_V_addr" [/home/centos/CS133-lab4/lab4/lib/cnn-krnl.h:225]   --->   Operation 120 'load' 'temp_V' <Predicate = (and_ln223)> <Delay = 1.24> <CoreInst = "RAM">   --->   Core 83 'RAM' <Latency = 1> <II = 1> <Delay = 1.24> <Storage> <Opcode : 'load' 'store'> <Ports = 2> <Width = 8> <Depth = 802816> <RAM>
ST_38 : Operation 148 [1/1] (0.00ns)   --->   "%p_Val2_load = load i512 %p_Val2_s"   --->   Operation 148 'load' 'p_Val2_load' <Predicate = (icmp_ln220)> <Delay = 0.00>
ST_38 : Operation 149 [1/1] (0.00ns)   --->   "%write_ln0 = write void @_ssdm_op_Write.ap_auto.i512P0A, i512 %data_V_6_out, i512 %p_Val2_load"   --->   Operation 149 'write' 'write_ln0' <Predicate = (icmp_ln220)> <Delay = 0.00>
ST_38 : Operation 150 [1/1] (0.00ns)   --->   "%ret_ln0 = ret"   --->   Operation 150 'ret' 'ret_ln0' <Predicate = (icmp_ln220)> <Delay = 0.00>

State 39 <SV = 38> <Delay = 2.29>
ST_39 : Operation 121 [1/1] (0.00ns)   --->   "%p_Val2_load_1 = load i512 %p_Val2_s"   --->   Operation 121 'load' 'p_Val2_load_1' <Predicate = (and_ln223)> <Delay = 0.00>
ST_39 : Operation 122 [1/1] (0.00ns)   --->   "%shl_ln4 = bitconcatenate i9 @_ssdm_op_BitConcatenate.i9.i6.i3, i6 %trunc_ln222, i3 0" [/home/centos/CS133-lab4/lab4/lib/cnn-krnl.h:226]   --->   Operation 122 'bitconcatenate' 'shl_ln4' <Predicate = (and_ln223)> <Delay = 0.00>
ST_39 : Operation 123 [1/1] (0.00ns)   --->   "%or_ln226 = or i9 %shl_ln4, i9 7" [/home/centos/CS133-lab4/lab4/lib/cnn-krnl.h:226]   --->   Operation 123 'or' 'or_ln226' <Predicate = (and_ln223)> <Delay = 0.00>
ST_39 : Operation 124 [1/1] (0.00ns) (grouped into LUT with out node shl_ln414)   --->   "%zext_ln225_1 = zext i8 %temp_V"   --->   Operation 124 'zext' 'zext_ln225_1' <Predicate = (and_ln223)> <Delay = 0.00>
ST_39 : Operation 125 [1/1] (0.59ns)   --->   "%icmp_ln414 = icmp_ugt  i9 %shl_ln4, i9 %or_ln226"   --->   Operation 125 'icmp' 'icmp_ln414' <Predicate = (and_ln223)> <Delay = 0.59> <CoreInst = "Cmp">   --->   Core 9 'Cmp' <Latency = 0> <II = 1> <Delay = 0.59> <FuncUnit> <Opcode : 'icmp'> <InPorts = 2> <OutPorts = 1>
ST_39 : Operation 126 [1/1] (0.00ns)   --->   "%zext_ln414 = zext i9 %shl_ln4"   --->   Operation 126 'zext' 'zext_ln414' <Predicate = (and_ln223)> <Delay = 0.00>
ST_39 : Operation 127 [1/1] (0.00ns)   --->   "%zext_ln414_1 = zext i9 %or_ln226"   --->   Operation 127 'zext' 'zext_ln414_1' <Predicate = (and_ln223)> <Delay = 0.00>
ST_39 : Operation 128 [1/1] (0.00ns) (grouped into LUT with out node shl_ln414)   --->   "%xor_ln414 = xor i10 %zext_ln414, i10 511"   --->   Operation 128 'xor' 'xor_ln414' <Predicate = (and_ln223)> <Delay = 0.00> <CoreInst = "LogicGate">   --->   Core 74 'LogicGate' <Latency = 0> <II = 1> <Delay = 0.29> <FuncUnit> <Opcode : 'and' 'or' 'xor'> <InPorts = 2> <OutPorts = 1>
ST_39 : Operation 129 [1/1] (0.00ns) (grouped into LUT with out node and_ln414)   --->   "%select_ln414 = select i1 %icmp_ln414, i10 %zext_ln414, i10 %zext_ln414_1"   --->   Operation 129 'select' 'select_ln414' <Predicate = (and_ln223)> <Delay = 0.00> <CoreInst = "Sel">   --->   Core 73 'Sel' <Latency = 0> <II = 1> <Delay = 0.57> <FuncUnit> <Opcode : 'select'> <InPorts = 3> <OutPorts = 1>
ST_39 : Operation 130 [1/1] (0.00ns) (grouped into LUT with out node and_ln414)   --->   "%select_ln414_1 = select i1 %icmp_ln414, i10 %zext_ln414_1, i10 %zext_ln414"   --->   Operation 130 'select' 'select_ln414_1' <Predicate = (and_ln223)> <Delay = 0.00> <CoreInst = "Sel">   --->   Core 73 'Sel' <Latency = 0> <II = 1> <Delay = 0.57> <FuncUnit> <Opcode : 'select'> <InPorts = 3> <OutPorts = 1>
ST_39 : Operation 131 [1/1] (0.00ns) (grouped into LUT with out node shl_ln414)   --->   "%select_ln414_2 = select i1 %icmp_ln414, i10 %xor_ln414, i10 %zext_ln414"   --->   Operation 131 'select' 'select_ln414_2' <Predicate = (and_ln223)> <Delay = 0.00> <CoreInst = "Sel">   --->   Core 73 'Sel' <Latency = 0> <II = 1> <Delay = 0.57> <FuncUnit> <Opcode : 'select'> <InPorts = 3> <OutPorts = 1>
ST_39 : Operation 132 [1/1] (0.00ns) (grouped into LUT with out node and_ln414)   --->   "%xor_ln414_1 = xor i10 %select_ln414, i10 511"   --->   Operation 132 'xor' 'xor_ln414_1' <Predicate = (and_ln223)> <Delay = 0.00> <CoreInst = "LogicGate">   --->   Core 74 'LogicGate' <Latency = 0> <II = 1> <Delay = 0.29> <FuncUnit> <Opcode : 'and' 'or' 'xor'> <InPorts = 2> <OutPorts = 1>
ST_39 : Operation 133 [1/1] (0.00ns) (grouped into LUT with out node shl_ln414)   --->   "%zext_ln414_2 = zext i10 %select_ln414_2"   --->   Operation 133 'zext' 'zext_ln414_2' <Predicate = (and_ln223)> <Delay = 0.00>
ST_39 : Operation 134 [1/1] (0.00ns) (grouped into LUT with out node and_ln414)   --->   "%zext_ln414_3 = zext i10 %select_ln414_1"   --->   Operation 134 'zext' 'zext_ln414_3' <Predicate = (and_ln223)> <Delay = 0.00>
ST_39 : Operation 135 [1/1] (0.00ns) (grouped into LUT with out node and_ln414)   --->   "%zext_ln414_4 = zext i10 %xor_ln414_1"   --->   Operation 135 'zext' 'zext_ln414_4' <Predicate = (and_ln223)> <Delay = 0.00>
ST_39 : Operation 136 [1/1] (0.74ns) (out node of the LUT)   --->   "%shl_ln414 = shl i512 %zext_ln225_1, i512 %zext_ln414_2"   --->   Operation 136 'shl' 'shl_ln414' <Predicate = (and_ln223)> <Delay = 0.74> <CoreInst = "Shifter">   --->   Core 75 'Shifter' <Latency = 0> <II = 1> <Delay = 0.74> <FuncUnit> <Opcode : 'shl' 'lshr' 'ashr'> <InPorts = 2> <OutPorts = 1>
ST_39 : Operation 137 [1/1] (0.00ns) (grouped into LUT with out node p_Result_s)   --->   "%tmp = partselect i512 @llvm.part.select.i512, i512 %shl_ln414, i32 511, i32 0"   --->   Operation 137 'partselect' 'tmp' <Predicate = (and_ln223)> <Delay = 0.00>
ST_39 : Operation 138 [1/1] (0.00ns) (grouped into LUT with out node p_Result_s)   --->   "%select_ln414_3 = select i1 %icmp_ln414, i512 %tmp, i512 %shl_ln414"   --->   Operation 138 'select' 'select_ln414_3' <Predicate = (and_ln223)> <Delay = 0.00> <CoreInst = "Sel">   --->   Core 73 'Sel' <Latency = 0> <II = 1> <Delay = 0.57> <FuncUnit> <Opcode : 'select'> <InPorts = 3> <OutPorts = 1>
ST_39 : Operation 139 [1/1] (0.00ns) (grouped into LUT with out node and_ln414)   --->   "%shl_ln414_1 = shl i512 13407807929942597099574024998205846127479365820592393377723561443721764030073546976801874298166903427690031858186486050853753882811946569946433649006084095, i512 %zext_ln414_3"   --->   Operation 139 'shl' 'shl_ln414_1' <Predicate = (and_ln223)> <Delay = 0.00> <CoreInst = "Shifter">   --->   Core 75 'Shifter' <Latency = 0> <II = 1> <Delay = 0.74> <FuncUnit> <Opcode : 'shl' 'lshr' 'ashr'> <InPorts = 2> <OutPorts = 1>
ST_39 : Operation 140 [1/1] (0.00ns) (grouped into LUT with out node and_ln414)   --->   "%lshr_ln414 = lshr i512 13407807929942597099574024998205846127479365820592393377723561443721764030073546976801874298166903427690031858186486050853753882811946569946433649006084095, i512 %zext_ln414_4"   --->   Operation 140 'lshr' 'lshr_ln414' <Predicate = (and_ln223)> <Delay = 0.00> <CoreInst = "Shifter">   --->   Core 75 'Shifter' <Latency = 0> <II = 1> <Delay = 0.74> <FuncUnit> <Opcode : 'shl' 'lshr' 'ashr'> <InPorts = 2> <OutPorts = 1>
ST_39 : Operation 141 [1/1] (0.74ns) (out node of the LUT)   --->   "%and_ln414 = and i512 %shl_ln414_1, i512 %lshr_ln414"   --->   Operation 141 'and' 'and_ln414' <Predicate = (and_ln223)> <Delay = 0.74> <CoreInst = "LogicGate">   --->   Core 74 'LogicGate' <Latency = 0> <II = 1> <Delay = 0.29> <FuncUnit> <Opcode : 'and' 'or' 'xor'> <InPorts = 2> <OutPorts = 1>
ST_39 : Operation 142 [1/1] (0.00ns) (grouped into LUT with out node p_Result_s)   --->   "%xor_ln414_2 = xor i512 %and_ln414, i512 13407807929942597099574024998205846127479365820592393377723561443721764030073546976801874298166903427690031858186486050853753882811946569946433649006084095"   --->   Operation 142 'xor' 'xor_ln414_2' <Predicate = (and_ln223)> <Delay = 0.00> <CoreInst = "LogicGate">   --->   Core 74 'LogicGate' <Latency = 0> <II = 1> <Delay = 0.29> <FuncUnit> <Opcode : 'and' 'or' 'xor'> <InPorts = 2> <OutPorts = 1>
ST_39 : Operation 143 [1/1] (0.00ns) (grouped into LUT with out node p_Result_s)   --->   "%and_ln414_1 = and i512 %p_Val2_load_1, i512 %xor_ln414_2"   --->   Operation 143 'and' 'and_ln414_1' <Predicate = (and_ln223)> <Delay = 0.00> <CoreInst = "LogicGate">   --->   Core 74 'LogicGate' <Latency = 0> <II = 1> <Delay = 0.29> <FuncUnit> <Opcode : 'and' 'or' 'xor'> <InPorts = 2> <OutPorts = 1>
ST_39 : Operation 144 [1/1] (0.00ns) (grouped into LUT with out node p_Result_s)   --->   "%and_ln414_2 = and i512 %select_ln414_3, i512 %and_ln414"   --->   Operation 144 'and' 'and_ln414_2' <Predicate = (and_ln223)> <Delay = 0.00> <CoreInst = "LogicGate">   --->   Core 74 'LogicGate' <Latency = 0> <II = 1> <Delay = 0.29> <FuncUnit> <Opcode : 'and' 'or' 'xor'> <InPorts = 2> <OutPorts = 1>
ST_39 : Operation 145 [1/1] (0.57ns) (out node of the LUT)   --->   "%p_Result_s = or i512 %and_ln414_1, i512 %and_ln414_2"   --->   Operation 145 'or' 'p_Result_s' <Predicate = (and_ln223)> <Delay = 0.57> <CoreInst = "LogicGate">   --->   Core 74 'LogicGate' <Latency = 0> <II = 1> <Delay = 0.29> <FuncUnit> <Opcode : 'and' 'or' 'xor'> <InPorts = 2> <OutPorts = 1>
ST_39 : Operation 146 [1/1] (0.38ns)   --->   "%store_ln227 = store i512 %p_Result_s, i512 %p_Val2_s" [/home/centos/CS133-lab4/lab4/lib/cnn-krnl.h:227]   --->   Operation 146 'store' 'store_ln227' <Predicate = (and_ln223)> <Delay = 0.38>
ST_39 : Operation 147 [1/1] (0.00ns)   --->   "%br_ln227 = br void %.split28._crit_edge" [/home/centos/CS133-lab4/lab4/lib/cnn-krnl.h:227]   --->   Operation 147 'br' 'br_ln227' <Predicate = (and_ln223)> <Delay = 0.00>


============================================================
+ Verbose Summary: Binding
============================================================
STG Binding: 
---------------- STG Properties BEGIN ----------------
- Is combinational: 0
- Is one-state seq: 0
- Is datapath-only: 0
- Is pipelined: 0
- Is top level: 0
Port [ Return ] is wired: 1; IO mode=ap_ctrl_hs:ce=0
Port [ data_V_2]:  wired=1; compound=0; hidden=0; nouse=0; global=0; static=0; extern=0; dir=0; type=0; pingpong=0; private_global=0; IO mode=ap_none:ce=0
Port [ sext_ln220]:  wired=1; compound=0; hidden=0; nouse=0; global=0; static=0; extern=0; dir=0; type=0; pingpong=0; private_global=0; IO mode=ap_none:ce=0
Port [ sext_ln208]:  wired=1; compound=0; hidden=0; nouse=0; global=0; static=0; extern=0; dir=0; type=0; pingpong=0; private_global=0; IO mode=ap_none:ce=0
Port [ sext_ln207]:  wired=1; compound=0; hidden=0; nouse=0; global=0; static=0; extern=0; dir=0; type=0; pingpong=0; private_global=0; IO mode=ap_none:ce=0
Port [ idx_4_cast]:  wired=1; compound=0; hidden=0; nouse=0; global=0; static=0; extern=0; dir=0; type=0; pingpong=0; private_global=0; IO mode=ap_none:ce=0
Port [ zext_ln203]:  wired=1; compound=0; hidden=0; nouse=0; global=0; static=0; extern=0; dir=0; type=0; pingpong=0; private_global=0; IO mode=ap_none:ce=0
Port [ sub_ln225_2]:  wired=1; compound=0; hidden=0; nouse=0; global=0; static=0; extern=0; dir=0; type=0; pingpong=0; private_global=0; IO mode=ap_none:ce=0
Port [ data_V_6_out]:  wired=1; compound=0; hidden=0; nouse=0; global=0; static=0; extern=0; dir=1; type=0; pingpong=0; private_global=0; IO mode=ap_vld:ce=0
Port [ output_V]:  wired=1; compound=1; hidden=0; nouse=0; global=1; static=1; extern=0; dir=0; type=1; pingpong=0; private_global=0; MemPort=[13]; IO mode=ap_memory:ce=0
---------------- STG Properties END ------------------

---------------- Datapath Model BEGIN ----------------

<LifeTime>
<method=bitvector/>
item                  (alloca           ) [ 0100000000000000000000000000000000000000]
p_Val2_s              (alloca           ) [ 0111111111111111111111111111111111111111]
sub_ln225_2_read      (read             ) [ 0111111111111111111111111111111111111100]
zext_ln203_read       (read             ) [ 0000000000000000000000000000000000000000]
idx_4_cast_read       (read             ) [ 0000000000000000000000000000000000000000]
sext_ln207_read       (read             ) [ 0000000000000000000000000000000000000000]
sext_ln208_read       (read             ) [ 0000000000000000000000000000000000000000]
sext_ln220_read       (read             ) [ 0000000000000000000000000000000000000000]
data_V_2_read         (read             ) [ 0000000000000000000000000000000000000000]
zext_ln203_cast       (zext             ) [ 0111111111111111111111111111111111111100]
sext_ln207_cast       (sext             ) [ 0000000000000000000000000000000000000000]
sext_ln208_cast       (sext             ) [ 0000000000000000000000000000000000000000]
sext_ln220_cast       (sext             ) [ 0000000000000000000000000000000000000000]
store_ln0             (store            ) [ 0000000000000000000000000000000000000000]
store_ln0             (store            ) [ 0000000000000000000000000000000000000000]
br_ln0                (br               ) [ 0000000000000000000000000000000000000000]
item_1                (load             ) [ 0000000000000000000000000000000000000000]
icmp_ln220            (icmp             ) [ 0111111111111111111111111111111111111110]
speclooptripcount_ln0 (speclooptripcount) [ 0000000000000000000000000000000000000000]
item_2                (add              ) [ 0000000000000000000000000000000000000000]
br_ln220              (br               ) [ 0000000000000000000000000000000000000000]
zext_ln220            (zext             ) [ 0000000000000000000000000000000000000000]
specpipeline_ln218    (specpipeline     ) [ 0000000000000000000000000000000000000000]
specloopname_ln218    (specloopname     ) [ 0000000000000000000000000000000000000000]
trunc_ln222           (trunc            ) [ 0111111111111111111111111111111111111111]
add_ln222             (add              ) [ 0000000000000000000000000000000000000000]
icmp_ln223            (icmp             ) [ 0000000000000000000000000000000000000000]
icmp_ln223_1          (icmp             ) [ 0000000000000000000000000000000000000000]
xor_ln223             (xor              ) [ 0000000000000000000000000000000000000000]
and_ln223             (and              ) [ 0111111111111111111111111111111111111111]
br_ln223              (br               ) [ 0000000000000000000000000000000000000000]
add_ln1               (bitconcatenate   ) [ 0111111111111111111111111111111111111000]
store_ln220           (store            ) [ 0000000000000000000000000000000000000000]
br_ln0                (br               ) [ 0000000000000000000000000000000000000000]
w                     (urem             ) [ 0100000000000000000000000000000000000100]
trunc_ln224           (trunc            ) [ 0000000000000000000000000000000000000000]
zext_ln224            (zext             ) [ 0000000000000000000000000000000000000000]
sub_ln225             (sub              ) [ 0000000000000000000000000000000000000000]
sext_ln225            (sext             ) [ 0000000000000000000000000000000000000000]
add_ln225             (add              ) [ 0000000000000000000000000000000000000000]
zext_ln225            (zext             ) [ 0000000000000000000000000000000000000000]
output_V_addr         (getelementptr    ) [ 0100000000000000000000000000000000000010]
temp_V                (load             ) [ 0100000000000000000000000000000000000001]
p_Val2_load_1         (load             ) [ 0000000000000000000000000000000000000000]
shl_ln4               (bitconcatenate   ) [ 0000000000000000000000000000000000000000]
or_ln226              (or               ) [ 0000000000000000000000000000000000000000]
zext_ln225_1          (zext             ) [ 0000000000000000000000000000000000000000]
icmp_ln414            (icmp             ) [ 0000000000000000000000000000000000000000]
zext_ln414            (zext             ) [ 0000000000000000000000000000000000000000]
zext_ln414_1          (zext             ) [ 0000000000000000000000000000000000000000]
xor_ln414             (xor              ) [ 0000000000000000000000000000000000000000]
select_ln414          (select           ) [ 0000000000000000000000000000000000000000]
select_ln414_1        (select           ) [ 0000000000000000000000000000000000000000]
select_ln414_2        (select           ) [ 0000000000000000000000000000000000000000]
xor_ln414_1           (xor              ) [ 0000000000000000000000000000000000000000]
zext_ln414_2          (zext             ) [ 0000000000000000000000000000000000000000]
zext_ln414_3          (zext             ) [ 0000000000000000000000000000000000000000]
zext_ln414_4          (zext             ) [ 0000000000000000000000000000000000000000]
shl_ln414             (shl              ) [ 0000000000000000000000000000000000000000]
tmp                   (partselect       ) [ 0000000000000000000000000000000000000000]
select_ln414_3        (select           ) [ 0000000000000000000000000000000000000000]
shl_ln414_1           (shl              ) [ 0000000000000000000000000000000000000000]
lshr_ln414            (lshr             ) [ 0000000000000000000000000000000000000000]
and_ln414             (and              ) [ 0000000000000000000000000000000000000000]
xor_ln414_2           (xor              ) [ 0000000000000000000000000000000000000000]
and_ln414_1           (and              ) [ 0000000000000000000000000000000000000000]
and_ln414_2           (and              ) [ 0000000000000000000000000000000000000000]
p_Result_s            (or               ) [ 0000000000000000000000000000000000000000]
store_ln227           (store            ) [ 0000000000000000000000000000000000000000]
br_ln227              (br               ) [ 0000000000000000000000000000000000000000]
p_Val2_load           (load             ) [ 0000000000000000000000000000000000000000]
write_ln0             (write            ) [ 0000000000000000000000000000000000000000]
ret_ln0               (ret              ) [ 0000000000000000000000000000000000000000]
</LifeTime>

<model>

<comp_list>
<comp id="0" class="1000" name="data_V_2">
<pin_list>
<pin id="1" dir="1" index="0" bw="1" slack="0"/>
</pin_list>
<bind>
<StgValue><ssdm name="data_V_2"/></StgValue>
</bind>
</comp>

<comp id="2" class="1000" name="sext_ln220">
<pin_list>
<pin id="3" dir="1" index="0" bw="1" slack="0"/>
</pin_list>
<bind>
<StgValue><ssdm name="sext_ln220"/></StgValue>
</bind>
</comp>

<comp id="4" class="1000" name="sext_ln208">
<pin_list>
<pin id="5" dir="1" index="0" bw="1" slack="0"/>
</pin_list>
<bind>
<StgValue><ssdm name="sext_ln208"/></StgValue>
</bind>
</comp>

<comp id="6" class="1000" name="sext_ln207">
<pin_list>
<pin id="7" dir="1" index="0" bw="1" slack="0"/>
</pin_list>
<bind>
<StgValue><ssdm name="sext_ln207"/></StgValue>
</bind>
</comp>

<comp id="8" class="1000" name="idx_4_cast">
<pin_list>
<pin id="9" dir="1" index="0" bw="1" slack="0"/>
</pin_list>
<bind>
<StgValue><ssdm name="idx_4_cast"/></StgValue>
</bind>
</comp>

<comp id="10" class="1000" name="zext_ln203">
<pin_list>
<pin id="11" dir="1" index="0" bw="1" slack="0"/>
</pin_list>
<bind>
<StgValue><ssdm name="zext_ln203"/></StgValue>
</bind>
</comp>

<comp id="12" class="1000" name="sub_ln225_2">
<pin_list>
<pin id="13" dir="1" index="0" bw="1" slack="0"/>
</pin_list>
<bind>
<StgValue><ssdm name="sub_ln225_2"/></StgValue>
</bind>
</comp>

<comp id="14" class="1000" name="data_V_6_out">
<pin_list>
<pin id="15" dir="1" index="0" bw="1" slack="0"/>
</pin_list>
<bind>
<StgValue><ssdm name="data_V_6_out"/></StgValue>
</bind>
</comp>

<comp id="16" class="1000" name="output_V">
<pin_list>
<pin id="17" dir="1" index="0" bw="1" slack="0"/>
</pin_list>
<bind>
<StgValue><ssdm name="output_V"/><MemPortTyVec>1 3 </MemPortTyVec>
</StgValue>
</bind>
</comp>

<comp id="18" class="1001" name="const_18">
<pin_list>
<pin id="19" dir="1" index="0" bw="1" slack="0"/>
</pin_list>
<bind>
<StgValue><ssdm name=""/></StgValue>
</bind>
</comp>

<comp id="20" class="1001" name="const_20">
<pin_list>
<pin id="21" dir="1" index="0" bw="1" slack="0"/>
</pin_list>
<bind>
<StgValue><ssdm name="_ssdm_op_Read.ap_auto.i20"/></StgValue>
</bind>
</comp>

<comp id="22" class="1001" name="const_22">
<pin_list>
<pin id="23" dir="1" index="0" bw="1" slack="0"/>
</pin_list>
<bind>
<StgValue><ssdm name="_ssdm_op_Read.ap_auto.i6"/></StgValue>
</bind>
</comp>

<comp id="24" class="1001" name="const_24">
<pin_list>
<pin id="25" dir="1" index="0" bw="1" slack="0"/>
</pin_list>
<bind>
<StgValue><ssdm name="_ssdm_op_Read.ap_auto.i26"/></StgValue>
</bind>
</comp>

<comp id="26" class="1001" name="const_26">
<pin_list>
<pin id="27" dir="1" index="0" bw="1" slack="0"/>
</pin_list>
<bind>
<StgValue><ssdm name="_ssdm_op_Read.ap_auto.i23"/></StgValue>
</bind>
</comp>

<comp id="28" class="1001" name="const_28">
<pin_list>
<pin id="29" dir="1" index="0" bw="1" slack="0"/>
</pin_list>
<bind>
<StgValue><ssdm name="_ssdm_op_Read.ap_auto.i32"/></StgValue>
</bind>
</comp>

<comp id="30" class="1001" name="const_30">
<pin_list>
<pin id="31" dir="1" index="0" bw="1" slack="0"/>
</pin_list>
<bind>
<StgValue><ssdm name="_ssdm_op_Read.ap_auto.i512"/></StgValue>
</bind>
</comp>

<comp id="32" class="1001" name="const_32">
<pin_list>
<pin id="33" dir="1" index="0" bw="1" slack="0"/>
</pin_list>
<bind>
<StgValue><ssdm name=""/></StgValue>
</bind>
</comp>

<comp id="34" class="1001" name="const_34">
<pin_list>
<pin id="35" dir="1" index="0" bw="1" slack="0"/>
</pin_list>
<bind>
<StgValue><ssdm name=""/></StgValue>
</bind>
</comp>

<comp id="36" class="1001" name="const_36">
<pin_list>
<pin id="37" dir="1" index="0" bw="1" slack="2147483647"/>
</pin_list>
<bind>
<StgValue><ssdm name="_ssdm_op_SpecLoopTripCount"/></StgValue>
</bind>
</comp>

<comp id="38" class="1001" name="const_38">
<pin_list>
<pin id="39" dir="1" index="0" bw="1" slack="2147483647"/>
</pin_list>
<bind>
<StgValue><ssdm name=""/></StgValue>
</bind>
</comp>

<comp id="40" class="1001" name="const_40">
<pin_list>
<pin id="41" dir="1" index="0" bw="1" slack="0"/>
</pin_list>
<bind>
<StgValue><ssdm name=""/></StgValue>
</bind>
</comp>

<comp id="42" class="1001" name="const_42">
<pin_list>
<pin id="43" dir="1" index="0" bw="1" slack="2147483647"/>
</pin_list>
<bind>
<StgValue><ssdm name="_ssdm_op_SpecPipeline"/></StgValue>
</bind>
</comp>

<comp id="44" class="1001" name="const_44">
<pin_list>
<pin id="45" dir="1" index="0" bw="1" slack="2147483647"/>
</pin_list>
<bind>
<StgValue><ssdm name=""/></StgValue>
</bind>
</comp>

<comp id="46" class="1001" name="const_46">
<pin_list>
<pin id="47" dir="1" index="0" bw="1" slack="0"/>
</pin_list>
<bind>
<StgValue><ssdm name=""/></StgValue>
</bind>
</comp>

<comp id="48" class="1001" name="const_48">
<pin_list>
<pin id="49" dir="1" index="0" bw="1" slack="2147483647"/>
</pin_list>
<bind>
<StgValue><ssdm name="empty_13"/></StgValue>
</bind>
</comp>

<comp id="50" class="1001" name="const_50">
<pin_list>
<pin id="51" dir="1" index="0" bw="1" slack="2147483647"/>
</pin_list>
<bind>
<StgValue><ssdm name="_ssdm_op_SpecLoopName"/></StgValue>
</bind>
</comp>

<comp id="52" class="1001" name="const_52">
<pin_list>
<pin id="53" dir="1" index="0" bw="1" slack="2147483647"/>
</pin_list>
<bind>
<StgValue><ssdm name="empty_25"/></StgValue>
</bind>
</comp>

<comp id="54" class="1001" name="const_54">
<pin_list>
<pin id="55" dir="1" index="0" bw="1" slack="0"/>
</pin_list>
<bind>
<StgValue><ssdm name=""/></StgValue>
</bind>
</comp>

<comp id="56" class="1001" name="const_56">
<pin_list>
<pin id="57" dir="1" index="0" bw="1" slack="0"/>
</pin_list>
<bind>
<StgValue><ssdm name="_ssdm_op_BitConcatenate.i32.i26.i6"/></StgValue>
</bind>
</comp>

<comp id="58" class="1001" name="const_58">
<pin_list>
<pin id="59" dir="1" index="0" bw="1" slack="0"/>
</pin_list>
<bind>
<StgValue><ssdm name=""/></StgValue>
</bind>
</comp>

<comp id="60" class="1001" name="const_60">
<pin_list>
<pin id="61" dir="1" index="0" bw="1" slack="0"/>
</pin_list>
<bind>
<StgValue><ssdm name=""/></StgValue>
</bind>
</comp>

<comp id="62" class="1001" name="const_62">
<pin_list>
<pin id="63" dir="1" index="0" bw="1" slack="0"/>
</pin_list>
<bind>
<StgValue><ssdm name="_ssdm_op_BitConcatenate.i9.i6.i3"/></StgValue>
</bind>
</comp>

<comp id="64" class="1001" name="const_64">
<pin_list>
<pin id="65" dir="1" index="0" bw="1" slack="0"/>
</pin_list>
<bind>
<StgValue><ssdm name=""/></StgValue>
</bind>
</comp>

<comp id="66" class="1001" name="const_66">
<pin_list>
<pin id="67" dir="1" index="0" bw="1" slack="0"/>
</pin_list>
<bind>
<StgValue><ssdm name=""/></StgValue>
</bind>
</comp>

<comp id="68" class="1001" name="const_68">
<pin_list>
<pin id="69" dir="1" index="0" bw="1" slack="0"/>
</pin_list>
<bind>
<StgValue><ssdm name=""/></StgValue>
</bind>
</comp>

<comp id="70" class="1001" name="const_70">
<pin_list>
<pin id="71" dir="1" index="0" bw="1" slack="0"/>
</pin_list>
<bind>
<StgValue><ssdm name="llvm.part.select.i512"/></StgValue>
</bind>
</comp>

<comp id="72" class="1001" name="const_72">
<pin_list>
<pin id="73" dir="1" index="0" bw="1" slack="0"/>
</pin_list>
<bind>
<StgValue><ssdm name=""/></StgValue>
</bind>
</comp>

<comp id="74" class="1001" name="const_74">
<pin_list>
<pin id="75" dir="1" index="0" bw="1" slack="0"/>
</pin_list>
<bind>
<StgValue><ssdm name=""/></StgValue>
</bind>
</comp>

<comp id="76" class="1001" name="const_76">
<pin_list>
<pin id="77" dir="1" index="0" bw="1" slack="0"/>
</pin_list>
<bind>
<StgValue><ssdm name="_ssdm_op_Write.ap_auto.i512P0A"/></StgValue>
</bind>
</comp>

<comp id="78" class="1004" name="item_fu_78">
<pin_list>
<pin id="79" dir="0" index="0" bw="1" slack="0"/>
<pin id="80" dir="1" index="1" bw="7" slack="0"/>
</pin_list>
<bind>
<opcode="alloca(26) " fcode="alloca"/>
<opset="item/1 "/>
</bind>
</comp>

<comp id="82" class="1004" name="p_Val2_s_fu_82">
<pin_list>
<pin id="83" dir="0" index="0" bw="1" slack="0"/>
<pin id="84" dir="1" index="1" bw="512" slack="0"/>
</pin_list>
<bind>
<opcode="alloca(26) " fcode="alloca"/>
<opset="p_Val2_s/1 "/>
</bind>
</comp>

<comp id="86" class="1004" name="sub_ln225_2_read_read_fu_86">
<pin_list>
<pin id="87" dir="0" index="0" bw="20" slack="0"/>
<pin id="88" dir="0" index="1" bw="20" slack="0"/>
<pin id="89" dir="1" index="2" bw="20" slack="36"/>
</pin_list>
<bind>
<opcode="read(1150) " fcode="read"/>
<opset="sub_ln225_2_read/1 "/>
</bind>
</comp>

<comp id="92" class="1004" name="zext_ln203_read_read_fu_92">
<pin_list>
<pin id="93" dir="0" index="0" bw="6" slack="0"/>
<pin id="94" dir="0" index="1" bw="6" slack="0"/>
<pin id="95" dir="1" index="2" bw="6" slack="0"/>
</pin_list>
<bind>
<opcode="read(1150) " fcode="read"/>
<opset="zext_ln203_read/1 "/>
</bind>
</comp>

<comp id="98" class="1004" name="idx_4_cast_read_read_fu_98">
<pin_list>
<pin id="99" dir="0" index="0" bw="26" slack="0"/>
<pin id="100" dir="0" index="1" bw="26" slack="0"/>
<pin id="101" dir="1" index="2" bw="26" slack="0"/>
</pin_list>
<bind>
<opcode="read(1150) " fcode="read"/>
<opset="idx_4_cast_read/1 "/>
</bind>
</comp>

<comp id="104" class="1004" name="sext_ln207_read_read_fu_104">
<pin_list>
<pin id="105" dir="0" index="0" bw="23" slack="0"/>
<pin id="106" dir="0" index="1" bw="23" slack="0"/>
<pin id="107" dir="1" index="2" bw="23" slack="0"/>
</pin_list>
<bind>
<opcode="read(1150) " fcode="read"/>
<opset="sext_ln207_read/1 "/>
</bind>
</comp>

<comp id="110" class="1004" name="sext_ln208_read_read_fu_110">
<pin_list>
<pin id="111" dir="0" index="0" bw="23" slack="0"/>
<pin id="112" dir="0" index="1" bw="23" slack="0"/>
<pin id="113" dir="1" index="2" bw="23" slack="0"/>
</pin_list>
<bind>
<opcode="read(1150) " fcode="read"/>
<opset="sext_ln208_read/1 "/>
</bind>
</comp>

<comp id="116" class="1004" name="sext_ln220_read_read_fu_116">
<pin_list>
<pin id="117" dir="0" index="0" bw="32" slack="0"/>
<pin id="118" dir="0" index="1" bw="32" slack="0"/>
<pin id="119" dir="1" index="2" bw="32" slack="0"/>
</pin_list>
<bind>
<opcode="read(1150) " fcode="read"/>
<opset="sext_ln220_read/1 "/>
</bind>
</comp>

<comp id="122" class="1004" name="data_V_2_read_read_fu_122">
<pin_list>
<pin id="123" dir="0" index="0" bw="512" slack="0"/>
<pin id="124" dir="0" index="1" bw="512" slack="0"/>
<pin id="125" dir="1" index="2" bw="512" slack="0"/>
</pin_list>
<bind>
<opcode="read(1150) " fcode="read"/>
<opset="data_V_2_read/1 "/>
</bind>
</comp>

<comp id="128" class="1004" name="write_ln0_write_fu_128">
<pin_list>
<pin id="129" dir="0" index="0" bw="0" slack="0"/>
<pin id="130" dir="0" index="1" bw="512" slack="0"/>
<pin id="131" dir="0" index="2" bw="512" slack="0"/>
<pin id="132" dir="1" index="3" bw="0" slack="2147483647"/>
</pin_list>
<bind>
<opcode="write(1151) " fcode="write"/>
<opset="write_ln0/38 "/>
</bind>
</comp>

<comp id="135" class="1004" name="output_V_addr_gep_fu_135">
<pin_list>
<pin id="136" dir="0" index="0" bw="8" slack="0"/>
<pin id="137" dir="0" index="1" bw="1" slack="0"/>
<pin id="138" dir="0" index="2" bw="20" slack="0"/>
<pin id="139" dir="1" index="3" bw="20" slack="0"/>
</pin_list>
<bind>
<opcode="getelementptr(29) " fcode="getelementptr"/>
<opset="output_V_addr/37 "/>
</bind>
</comp>

<comp id="142" class="1004" name="grp_access_fu_142">
<pin_list>
<pin id="143" dir="0" index="0" bw="20" slack="0"/>
<pin id="144" dir="0" index="1" bw="8" slack="2147483647"/>
<pin id="145" dir="0" index="2" bw="0" slack="2147483647"/>
<pin id="146" dir="1" index="3" bw="8" slack="1"/>
</pin_list>
<bind>
<opcode="load(27) " fcode="load"/>
<opset="temp_V/37 "/>
</bind>
</comp>

<comp id="148" class="1004" name="zext_ln203_cast_fu_148">
<pin_list>
<pin id="149" dir="0" index="0" bw="6" slack="0"/>
<pin id="150" dir="1" index="1" bw="8" slack="36"/>
</pin_list>
<bind>
<opcode="zext(34) " fcode="zext"/>
<opset="zext_ln203_cast/1 "/>
</bind>
</comp>

<comp id="152" class="1004" name="sext_ln207_cast_fu_152">
<pin_list>
<pin id="153" dir="0" index="0" bw="23" slack="0"/>
<pin id="154" dir="1" index="1" bw="33" slack="0"/>
</pin_list>
<bind>
<opcode="sext(35) " fcode="sext"/>
<opset="sext_ln207_cast/1 "/>
</bind>
</comp>

<comp id="156" class="1004" name="sext_ln208_cast_fu_156">
<pin_list>
<pin id="157" dir="0" index="0" bw="23" slack="0"/>
<pin id="158" dir="1" index="1" bw="33" slack="0"/>
</pin_list>
<bind>
<opcode="sext(35) " fcode="sext"/>
<opset="sext_ln208_cast/1 "/>
</bind>
</comp>

<comp id="160" class="1004" name="sext_ln220_cast_fu_160">
<pin_list>
<pin id="161" dir="0" index="0" bw="32" slack="0"/>
<pin id="162" dir="1" index="1" bw="33" slack="0"/>
</pin_list>
<bind>
<opcode="sext(35) " fcode="sext"/>
<opset="sext_ln220_cast/1 "/>
</bind>
</comp>

<comp id="164" class="1004" name="store_ln0_store_fu_164">
<pin_list>
<pin id="165" dir="0" index="0" bw="512" slack="0"/>
<pin id="166" dir="0" index="1" bw="512" slack="0"/>
<pin id="167" dir="1" index="2" bw="0" slack="2147483647"/>
</pin_list>
<bind>
<opcode="store(28) " fcode="store"/>
<opset="store_ln0/1 "/>
</bind>
</comp>

<comp id="169" class="1004" name="store_ln0_store_fu_169">
<pin_list>
<pin id="170" dir="0" index="0" bw="1" slack="0"/>
<pin id="171" dir="0" index="1" bw="7" slack="0"/>
<pin id="172" dir="1" index="2" bw="0" slack="2147483647"/>
</pin_list>
<bind>
<opcode="store(28) " fcode="store"/>
<opset="store_ln0/1 "/>
</bind>
</comp>

<comp id="174" class="1004" name="item_1_load_fu_174">
<pin_list>
<pin id="175" dir="0" index="0" bw="7" slack="0"/>
<pin id="176" dir="1" index="1" bw="7" slack="0"/>
</pin_list>
<bind>
<opcode="load(27) " fcode="load"/>
<opset="item_1/1 "/>
</bind>
</comp>

<comp id="177" class="1004" name="icmp_ln220_fu_177">
<pin_list>
<pin id="178" dir="0" index="0" bw="7" slack="0"/>
<pin id="179" dir="0" index="1" bw="7" slack="0"/>
<pin id="180" dir="1" index="2" bw="1" slack="37"/>
</pin_list>
<bind>
<opcode="icmp(45) " fcode="icmp"/>
<opset="icmp_ln220/1 "/>
</bind>
</comp>

<comp id="183" class="1004" name="item_2_fu_183">
<pin_list>
<pin id="184" dir="0" index="0" bw="7" slack="0"/>
<pin id="185" dir="0" index="1" bw="1" slack="0"/>
<pin id="186" dir="1" index="2" bw="7" slack="0"/>
</pin_list>
<bind>
<opcode="add(8) " fcode="add"/>
<opset="item_2/1 "/>
</bind>
</comp>

<comp id="189" class="1004" name="zext_ln220_fu_189">
<pin_list>
<pin id="190" dir="0" index="0" bw="7" slack="0"/>
<pin id="191" dir="1" index="1" bw="33" slack="0"/>
</pin_list>
<bind>
<opcode="zext(34) " fcode="zext"/>
<opset="zext_ln220/1 "/>
</bind>
</comp>

<comp id="193" class="1004" name="trunc_ln222_fu_193">
<pin_list>
<pin id="194" dir="0" index="0" bw="7" slack="0"/>
<pin id="195" dir="1" index="1" bw="6" slack="0"/>
</pin_list>
<bind>
<opcode="trunc(33) " fcode="trunc"/>
<opset="trunc_ln222/1 "/>
</bind>
</comp>

<comp id="197" class="1004" name="add_ln222_fu_197">
<pin_list>
<pin id="198" dir="0" index="0" bw="7" slack="0"/>
<pin id="199" dir="0" index="1" bw="32" slack="0"/>
<pin id="200" dir="1" index="2" bw="33" slack="0"/>
</pin_list>
<bind>
<opcode="add(8) " fcode="add"/>
<opset="add_ln222/1 "/>
</bind>
</comp>

<comp id="203" class="1004" name="icmp_ln223_fu_203">
<pin_list>
<pin id="204" dir="0" index="0" bw="33" slack="0"/>
<pin id="205" dir="0" index="1" bw="23" slack="0"/>
<pin id="206" dir="1" index="2" bw="1" slack="0"/>
</pin_list>
<bind>
<opcode="icmp(45) " fcode="icmp"/>
<opset="icmp_ln223/1 "/>
</bind>
</comp>

<comp id="209" class="1004" name="icmp_ln223_1_fu_209">
<pin_list>
<pin id="210" dir="0" index="0" bw="33" slack="0"/>
<pin id="211" dir="0" index="1" bw="23" slack="0"/>
<pin id="212" dir="1" index="2" bw="1" slack="0"/>
</pin_list>
<bind>
<opcode="icmp(45) " fcode="icmp"/>
<opset="icmp_ln223_1/1 "/>
</bind>
</comp>

<comp id="215" class="1004" name="xor_ln223_fu_215">
<pin_list>
<pin id="216" dir="0" index="0" bw="1" slack="0"/>
<pin id="217" dir="0" index="1" bw="1" slack="0"/>
<pin id="218" dir="1" index="2" bw="1" slack="0"/>
</pin_list>
<bind>
<opcode="xor(25) " fcode="xor"/>
<opset="xor_ln223/1 "/>
</bind>
</comp>

<comp id="221" class="1004" name="and_ln223_fu_221">
<pin_list>
<pin id="222" dir="0" index="0" bw="1" slack="0"/>
<pin id="223" dir="0" index="1" bw="1" slack="0"/>
<pin id="224" dir="1" index="2" bw="1" slack="1"/>
</pin_list>
<bind>
<opcode="and(23) " fcode="and"/>
<opset="and_ln223/1 "/>
</bind>
</comp>

<comp id="227" class="1004" name="add_ln1_fu_227">
<pin_list>
<pin id="228" dir="0" index="0" bw="32" slack="0"/>
<pin id="229" dir="0" index="1" bw="26" slack="0"/>
<pin id="230" dir="0" index="2" bw="6" slack="0"/>
<pin id="231" dir="1" index="3" bw="32" slack="0"/>
</pin_list>
<bind>
<opcode="bitconcatenate(1004) " fcode="bitconcatenate"/>
<opset="add_ln1/1 "/>
</bind>
</comp>

<comp id="235" class="1004" name="grp_fu_235">
<pin_list>
<pin id="236" dir="0" index="0" bw="32" slack="0"/>
<pin id="237" dir="0" index="1" bw="8" slack="0"/>
<pin id="238" dir="1" index="2" bw="7" slack="1"/>
</pin_list>
<bind>
<opcode="urem(17) " fcode="urem"/>
<opset="w/1 "/>
</bind>
</comp>

<comp id="241" class="1004" name="store_ln220_store_fu_241">
<pin_list>
<pin id="242" dir="0" index="0" bw="7" slack="0"/>
<pin id="243" dir="0" index="1" bw="7" slack="0"/>
<pin id="244" dir="1" index="2" bw="0" slack="2147483647"/>
</pin_list>
<bind>
<opcode="store(28) " fcode="store"/>
<opset="store_ln220/1 "/>
</bind>
</comp>

<comp id="246" class="1004" name="trunc_ln224_fu_246">
<pin_list>
<pin id="247" dir="0" index="0" bw="7" slack="1"/>
<pin id="248" dir="1" index="1" bw="7" slack="0"/>
</pin_list>
<bind>
<opcode="trunc(33) " fcode="trunc"/>
<opset="trunc_ln224/37 "/>
</bind>
</comp>

<comp id="249" class="1004" name="zext_ln224_fu_249">
<pin_list>
<pin id="250" dir="0" index="0" bw="7" slack="0"/>
<pin id="251" dir="1" index="1" bw="8" slack="0"/>
</pin_list>
<bind>
<opcode="zext(34) " fcode="zext"/>
<opset="zext_ln224/37 "/>
</bind>
</comp>

<comp id="253" class="1004" name="sub_ln225_fu_253">
<pin_list>
<pin id="254" dir="0" index="0" bw="7" slack="0"/>
<pin id="255" dir="0" index="1" bw="6" slack="36"/>
<pin id="256" dir="1" index="2" bw="8" slack="0"/>
</pin_list>
<bind>
<opcode="sub(10) " fcode="sub"/>
<opset="sub_ln225/37 "/>
</bind>
</comp>

<comp id="258" class="1004" name="sext_ln225_fu_258">
<pin_list>
<pin id="259" dir="0" index="0" bw="8" slack="0"/>
<pin id="260" dir="1" index="1" bw="20" slack="0"/>
</pin_list>
<bind>
<opcode="sext(35) " fcode="sext"/>
<opset="sext_ln225/37 "/>
</bind>
</comp>

<comp id="262" class="1004" name="add_ln225_fu_262">
<pin_list>
<pin id="263" dir="0" index="0" bw="20" slack="36"/>
<pin id="264" dir="0" index="1" bw="8" slack="0"/>
<pin id="265" dir="1" index="2" bw="20" slack="0"/>
</pin_list>
<bind>
<opcode="add(8) " fcode="add"/>
<opset="add_ln225/37 "/>
</bind>
</comp>

<comp id="267" class="1004" name="zext_ln225_fu_267">
<pin_list>
<pin id="268" dir="0" index="0" bw="20" slack="0"/>
<pin id="269" dir="1" index="1" bw="64" slack="0"/>
</pin_list>
<bind>
<opcode="zext(34) " fcode="zext"/>
<opset="zext_ln225/37 "/>
</bind>
</comp>

<comp id="272" class="1004" name="p_Val2_load_1_load_fu_272">
<pin_list>
<pin id="273" dir="0" index="0" bw="512" slack="38"/>
<pin id="274" dir="1" index="1" bw="512" slack="0"/>
</pin_list>
<bind>
<opcode="load(27) " fcode="load"/>
<opset="p_Val2_load_1/39 "/>
</bind>
</comp>

<comp id="275" class="1004" name="shl_ln4_fu_275">
<pin_list>
<pin id="276" dir="0" index="0" bw="9" slack="0"/>
<pin id="277" dir="0" index="1" bw="6" slack="38"/>
<pin id="278" dir="0" index="2" bw="1" slack="0"/>
<pin id="279" dir="1" index="3" bw="9" slack="0"/>
</pin_list>
<bind>
<opcode="bitconcatenate(1004) " fcode="bitconcatenate"/>
<opset="shl_ln4/39 "/>
</bind>
</comp>

<comp id="282" class="1004" name="or_ln226_fu_282">
<pin_list>
<pin id="283" dir="0" index="0" bw="9" slack="0"/>
<pin id="284" dir="0" index="1" bw="4" slack="0"/>
<pin id="285" dir="1" index="2" bw="9" slack="0"/>
</pin_list>
<bind>
<opcode="or(24) " fcode="or"/>
<opset="or_ln226/39 "/>
</bind>
</comp>

<comp id="288" class="1004" name="zext_ln225_1_fu_288">
<pin_list>
<pin id="289" dir="0" index="0" bw="8" slack="1"/>
<pin id="290" dir="1" index="1" bw="512" slack="0"/>
</pin_list>
<bind>
<opcode="zext(34) " fcode="zext"/>
<opset="zext_ln225_1/39 "/>
</bind>
</comp>

<comp id="291" class="1004" name="icmp_ln414_fu_291">
<pin_list>
<pin id="292" dir="0" index="0" bw="9" slack="0"/>
<pin id="293" dir="0" index="1" bw="9" slack="0"/>
<pin id="294" dir="1" index="2" bw="1" slack="0"/>
</pin_list>
<bind>
<opcode="icmp(45) " fcode="icmp"/>
<opset="icmp_ln414/39 "/>
</bind>
</comp>

<comp id="297" class="1004" name="zext_ln414_fu_297">
<pin_list>
<pin id="298" dir="0" index="0" bw="9" slack="0"/>
<pin id="299" dir="1" index="1" bw="10" slack="0"/>
</pin_list>
<bind>
<opcode="zext(34) " fcode="zext"/>
<opset="zext_ln414/39 "/>
</bind>
</comp>

<comp id="301" class="1004" name="zext_ln414_1_fu_301">
<pin_list>
<pin id="302" dir="0" index="0" bw="9" slack="0"/>
<pin id="303" dir="1" index="1" bw="10" slack="0"/>
</pin_list>
<bind>
<opcode="zext(34) " fcode="zext"/>
<opset="zext_ln414_1/39 "/>
</bind>
</comp>

<comp id="305" class="1004" name="xor_ln414_fu_305">
<pin_list>
<pin id="306" dir="0" index="0" bw="9" slack="0"/>
<pin id="307" dir="0" index="1" bw="10" slack="0"/>
<pin id="308" dir="1" index="2" bw="10" slack="0"/>
</pin_list>
<bind>
<opcode="xor(25) " fcode="xor"/>
<opset="xor_ln414/39 "/>
</bind>
</comp>

<comp id="311" class="1004" name="select_ln414_fu_311">
<pin_list>
<pin id="312" dir="0" index="0" bw="1" slack="0"/>
<pin id="313" dir="0" index="1" bw="9" slack="0"/>
<pin id="314" dir="0" index="2" bw="9" slack="0"/>
<pin id="315" dir="1" index="3" bw="10" slack="0"/>
</pin_list>
<bind>
<opcode="select(49) " fcode="select"/>
<opset="select_ln414/39 "/>
</bind>
</comp>

<comp id="319" class="1004" name="select_ln414_1_fu_319">
<pin_list>
<pin id="320" dir="0" index="0" bw="1" slack="0"/>
<pin id="321" dir="0" index="1" bw="9" slack="0"/>
<pin id="322" dir="0" index="2" bw="9" slack="0"/>
<pin id="323" dir="1" index="3" bw="10" slack="0"/>
</pin_list>
<bind>
<opcode="select(49) " fcode="select"/>
<opset="select_ln414_1/39 "/>
</bind>
</comp>

<comp id="327" class="1004" name="select_ln414_2_fu_327">
<pin_list>
<pin id="328" dir="0" index="0" bw="1" slack="0"/>
<pin id="329" dir="0" index="1" bw="10" slack="0"/>
<pin id="330" dir="0" index="2" bw="9" slack="0"/>
<pin id="331" dir="1" index="3" bw="10" slack="0"/>
</pin_list>
<bind>
<opcode="select(49) " fcode="select"/>
<opset="select_ln414_2/39 "/>
</bind>
</comp>

<comp id="335" class="1004" name="xor_ln414_1_fu_335">
<pin_list>
<pin id="336" dir="0" index="0" bw="9" slack="0"/>
<pin id="337" dir="0" index="1" bw="10" slack="0"/>
<pin id="338" dir="1" index="2" bw="10" slack="0"/>
</pin_list>
<bind>
<opcode="xor(25) " fcode="xor"/>
<opset="xor_ln414_1/39 "/>
</bind>
</comp>

<comp id="341" class="1004" name="zext_ln414_2_fu_341">
<pin_list>
<pin id="342" dir="0" index="0" bw="10" slack="0"/>
<pin id="343" dir="1" index="1" bw="512" slack="0"/>
</pin_list>
<bind>
<opcode="zext(34) " fcode="zext"/>
<opset="zext_ln414_2/39 "/>
</bind>
</comp>

<comp id="345" class="1004" name="zext_ln414_3_fu_345">
<pin_list>
<pin id="346" dir="0" index="0" bw="9" slack="0"/>
<pin id="347" dir="1" index="1" bw="512" slack="0"/>
</pin_list>
<bind>
<opcode="zext(34) " fcode="zext"/>
<opset="zext_ln414_3/39 "/>
</bind>
</comp>

<comp id="349" class="1004" name="zext_ln414_4_fu_349">
<pin_list>
<pin id="350" dir="0" index="0" bw="10" slack="0"/>
<pin id="351" dir="1" index="1" bw="512" slack="0"/>
</pin_list>
<bind>
<opcode="zext(34) " fcode="zext"/>
<opset="zext_ln414_4/39 "/>
</bind>
</comp>

<comp id="353" class="1004" name="shl_ln414_fu_353">
<pin_list>
<pin id="354" dir="0" index="0" bw="8" slack="0"/>
<pin id="355" dir="0" index="1" bw="10" slack="0"/>
<pin id="356" dir="1" index="2" bw="512" slack="0"/>
</pin_list>
<bind>
<opcode="shl(20) " fcode="shl"/>
<opset="shl_ln414/39 "/>
</bind>
</comp>

<comp id="359" class="1004" name="tmp_fu_359">
<pin_list>
<pin id="360" dir="0" index="0" bw="512" slack="0"/>
<pin id="361" dir="0" index="1" bw="512" slack="0"/>
<pin id="362" dir="0" index="2" bw="10" slack="0"/>
<pin id="363" dir="0" index="3" bw="1" slack="0"/>
<pin id="364" dir="1" index="4" bw="512" slack="0"/>
</pin_list>
<bind>
<opcode="partselect(1002) " fcode="partselect"/>
<opset="tmp/39 "/>
</bind>
</comp>

<comp id="369" class="1004" name="select_ln414_3_fu_369">
<pin_list>
<pin id="370" dir="0" index="0" bw="1" slack="0"/>
<pin id="371" dir="0" index="1" bw="512" slack="0"/>
<pin id="372" dir="0" index="2" bw="512" slack="0"/>
<pin id="373" dir="1" index="3" bw="512" slack="0"/>
</pin_list>
<bind>
<opcode="select(49) " fcode="select"/>
<opset="select_ln414_3/39 "/>
</bind>
</comp>

<comp id="377" class="1004" name="shl_ln414_1_fu_377">
<pin_list>
<pin id="378" dir="0" index="0" bw="1" slack="0"/>
<pin id="379" dir="0" index="1" bw="9" slack="0"/>
<pin id="380" dir="1" index="2" bw="512" slack="0"/>
</pin_list>
<bind>
<opcode="shl(20) " fcode="shl"/>
<opset="shl_ln414_1/39 "/>
</bind>
</comp>

<comp id="383" class="1004" name="lshr_ln414_fu_383">
<pin_list>
<pin id="384" dir="0" index="0" bw="1" slack="0"/>
<pin id="385" dir="0" index="1" bw="10" slack="0"/>
<pin id="386" dir="1" index="2" bw="512" slack="0"/>
</pin_list>
<bind>
<opcode="lshr(21) " fcode="lshr"/>
<opset="lshr_ln414/39 "/>
</bind>
</comp>

<comp id="389" class="1004" name="and_ln414_fu_389">
<pin_list>
<pin id="390" dir="0" index="0" bw="512" slack="0"/>
<pin id="391" dir="0" index="1" bw="512" slack="0"/>
<pin id="392" dir="1" index="2" bw="512" slack="0"/>
</pin_list>
<bind>
<opcode="and(23) " fcode="and"/>
<opset="and_ln414/39 "/>
</bind>
</comp>

<comp id="395" class="1004" name="xor_ln414_2_fu_395">
<pin_list>
<pin id="396" dir="0" index="0" bw="512" slack="0"/>
<pin id="397" dir="0" index="1" bw="1" slack="0"/>
<pin id="398" dir="1" index="2" bw="512" slack="0"/>
</pin_list>
<bind>
<opcode="xor(25) " fcode="xor"/>
<opset="xor_ln414_2/39 "/>
</bind>
</comp>

<comp id="401" class="1004" name="and_ln414_1_fu_401">
<pin_list>
<pin id="402" dir="0" index="0" bw="512" slack="0"/>
<pin id="403" dir="0" index="1" bw="512" slack="0"/>
<pin id="404" dir="1" index="2" bw="512" slack="0"/>
</pin_list>
<bind>
<opcode="and(23) " fcode="and"/>
<opset="and_ln414_1/39 "/>
</bind>
</comp>

<comp id="407" class="1004" name="and_ln414_2_fu_407">
<pin_list>
<pin id="408" dir="0" index="0" bw="512" slack="0"/>
<pin id="409" dir="0" index="1" bw="512" slack="0"/>
<pin id="410" dir="1" index="2" bw="512" slack="0"/>
</pin_list>
<bind>
<opcode="and(23) " fcode="and"/>
<opset="and_ln414_2/39 "/>
</bind>
</comp>

<comp id="413" class="1004" name="p_Result_s_fu_413">
<pin_list>
<pin id="414" dir="0" index="0" bw="512" slack="0"/>
<pin id="415" dir="0" index="1" bw="512" slack="0"/>
<pin id="416" dir="1" index="2" bw="512" slack="0"/>
</pin_list>
<bind>
<opcode="or(24) " fcode="or"/>
<opset="p_Result_s/39 "/>
</bind>
</comp>

<comp id="419" class="1004" name="store_ln227_store_fu_419">
<pin_list>
<pin id="420" dir="0" index="0" bw="512" slack="0"/>
<pin id="421" dir="0" index="1" bw="512" slack="38"/>
<pin id="422" dir="1" index="2" bw="0" slack="2147483647"/>
</pin_list>
<bind>
<opcode="store(28) " fcode="store"/>
<opset="store_ln227/39 "/>
</bind>
</comp>

<comp id="424" class="1004" name="p_Val2_load_load_fu_424">
<pin_list>
<pin id="425" dir="0" index="0" bw="512" slack="37"/>
<pin id="426" dir="1" index="1" bw="512" slack="0"/>
</pin_list>
<bind>
<opcode="load(27) " fcode="load"/>
<opset="p_Val2_load/38 "/>
</bind>
</comp>

<comp id="428" class="1005" name="item_reg_428">
<pin_list>
<pin id="429" dir="0" index="0" bw="7" slack="0"/>
<pin id="430" dir="1" index="1" bw="7" slack="0"/>
</pin_list>
<bind>
<opset="item "/>
</bind>
</comp>

<comp id="435" class="1005" name="p_Val2_s_reg_435">
<pin_list>
<pin id="436" dir="0" index="0" bw="512" slack="0"/>
<pin id="437" dir="1" index="1" bw="512" slack="0"/>
</pin_list>
<bind>
<opset="p_Val2_s "/>
</bind>
</comp>

<comp id="443" class="1005" name="sub_ln225_2_read_reg_443">
<pin_list>
<pin id="444" dir="0" index="0" bw="20" slack="36"/>
<pin id="445" dir="1" index="1" bw="20" slack="36"/>
</pin_list>
<bind>
<opset="sub_ln225_2_read "/>
</bind>
</comp>

<comp id="448" class="1005" name="zext_ln203_cast_reg_448">
<pin_list>
<pin id="449" dir="0" index="0" bw="8" slack="36"/>
<pin id="450" dir="1" index="1" bw="8" slack="36"/>
</pin_list>
<bind>
<opset="zext_ln203_cast "/>
</bind>
</comp>

<comp id="453" class="1005" name="icmp_ln220_reg_453">
<pin_list>
<pin id="454" dir="0" index="0" bw="1" slack="37"/>
<pin id="455" dir="1" index="1" bw="1" slack="2147483647"/>
</pin_list>
<bind>
<opset="icmp_ln220 "/>
</bind>
</comp>

<comp id="457" class="1005" name="trunc_ln222_reg_457">
<pin_list>
<pin id="458" dir="0" index="0" bw="6" slack="38"/>
<pin id="459" dir="1" index="1" bw="6" slack="38"/>
</pin_list>
<bind>
<opset="trunc_ln222 "/>
</bind>
</comp>

<comp id="462" class="1005" name="and_ln223_reg_462">
<pin_list>
<pin id="463" dir="0" index="0" bw="1" slack="1"/>
<pin id="464" dir="1" index="1" bw="1" slack="2147483647"/>
</pin_list>
<bind>
<opset="and_ln223 "/>
</bind>
</comp>

<comp id="466" class="1005" name="add_ln1_reg_466">
<pin_list>
<pin id="467" dir="0" index="0" bw="32" slack="1"/>
<pin id="468" dir="1" index="1" bw="32" slack="1"/>
</pin_list>
<bind>
<opset="add_ln1 "/>
</bind>
</comp>

<comp id="471" class="1005" name="w_reg_471">
<pin_list>
<pin id="472" dir="0" index="0" bw="7" slack="1"/>
<pin id="473" dir="1" index="1" bw="7" slack="1"/>
</pin_list>
<bind>
<opset="w "/>
</bind>
</comp>

<comp id="476" class="1005" name="output_V_addr_reg_476">
<pin_list>
<pin id="477" dir="0" index="0" bw="20" slack="1"/>
<pin id="478" dir="1" index="1" bw="20" slack="1"/>
</pin_list>
<bind>
<opset="output_V_addr "/>
</bind>
</comp>

<comp id="481" class="1005" name="temp_V_reg_481">
<pin_list>
<pin id="482" dir="0" index="0" bw="8" slack="1"/>
<pin id="483" dir="1" index="1" bw="8" slack="1"/>
</pin_list>
<bind>
<opset="temp_V "/>
</bind>
</comp>

</comp_list>

<net_list>
<net id="81"><net_src comp="18" pin="0"/><net_sink comp="78" pin=0"/></net>

<net id="85"><net_src comp="18" pin="0"/><net_sink comp="82" pin=0"/></net>

<net id="90"><net_src comp="20" pin="0"/><net_sink comp="86" pin=0"/></net>

<net id="91"><net_src comp="12" pin="0"/><net_sink comp="86" pin=1"/></net>

<net id="96"><net_src comp="22" pin="0"/><net_sink comp="92" pin=0"/></net>

<net id="97"><net_src comp="10" pin="0"/><net_sink comp="92" pin=1"/></net>

<net id="102"><net_src comp="24" pin="0"/><net_sink comp="98" pin=0"/></net>

<net id="103"><net_src comp="8" pin="0"/><net_sink comp="98" pin=1"/></net>

<net id="108"><net_src comp="26" pin="0"/><net_sink comp="104" pin=0"/></net>

<net id="109"><net_src comp="6" pin="0"/><net_sink comp="104" pin=1"/></net>

<net id="114"><net_src comp="26" pin="0"/><net_sink comp="110" pin=0"/></net>

<net id="115"><net_src comp="4" pin="0"/><net_sink comp="110" pin=1"/></net>

<net id="120"><net_src comp="28" pin="0"/><net_sink comp="116" pin=0"/></net>

<net id="121"><net_src comp="2" pin="0"/><net_sink comp="116" pin=1"/></net>

<net id="126"><net_src comp="30" pin="0"/><net_sink comp="122" pin=0"/></net>

<net id="127"><net_src comp="0" pin="0"/><net_sink comp="122" pin=1"/></net>

<net id="133"><net_src comp="76" pin="0"/><net_sink comp="128" pin=0"/></net>

<net id="134"><net_src comp="14" pin="0"/><net_sink comp="128" pin=1"/></net>

<net id="140"><net_src comp="16" pin="0"/><net_sink comp="135" pin=0"/></net>

<net id="141"><net_src comp="60" pin="0"/><net_sink comp="135" pin=1"/></net>

<net id="147"><net_src comp="135" pin="3"/><net_sink comp="142" pin=0"/></net>

<net id="151"><net_src comp="92" pin="2"/><net_sink comp="148" pin=0"/></net>

<net id="155"><net_src comp="104" pin="2"/><net_sink comp="152" pin=0"/></net>

<net id="159"><net_src comp="110" pin="2"/><net_sink comp="156" pin=0"/></net>

<net id="163"><net_src comp="116" pin="2"/><net_sink comp="160" pin=0"/></net>

<net id="168"><net_src comp="122" pin="2"/><net_sink comp="164" pin=0"/></net>

<net id="173"><net_src comp="32" pin="0"/><net_sink comp="169" pin=0"/></net>

<net id="181"><net_src comp="174" pin="1"/><net_sink comp="177" pin=0"/></net>

<net id="182"><net_src comp="34" pin="0"/><net_sink comp="177" pin=1"/></net>

<net id="187"><net_src comp="174" pin="1"/><net_sink comp="183" pin=0"/></net>

<net id="188"><net_src comp="40" pin="0"/><net_sink comp="183" pin=1"/></net>

<net id="192"><net_src comp="174" pin="1"/><net_sink comp="189" pin=0"/></net>

<net id="196"><net_src comp="174" pin="1"/><net_sink comp="193" pin=0"/></net>

<net id="201"><net_src comp="189" pin="1"/><net_sink comp="197" pin=0"/></net>

<net id="202"><net_src comp="160" pin="1"/><net_sink comp="197" pin=1"/></net>

<net id="207"><net_src comp="197" pin="2"/><net_sink comp="203" pin=0"/></net>

<net id="208"><net_src comp="156" pin="1"/><net_sink comp="203" pin=1"/></net>

<net id="213"><net_src comp="197" pin="2"/><net_sink comp="209" pin=0"/></net>

<net id="214"><net_src comp="152" pin="1"/><net_sink comp="209" pin=1"/></net>

<net id="219"><net_src comp="209" pin="2"/><net_sink comp="215" pin=0"/></net>

<net id="220"><net_src comp="54" pin="0"/><net_sink comp="215" pin=1"/></net>

<net id="225"><net_src comp="203" pin="2"/><net_sink comp="221" pin=0"/></net>

<net id="226"><net_src comp="215" pin="2"/><net_sink comp="221" pin=1"/></net>

<net id="232"><net_src comp="56" pin="0"/><net_sink comp="227" pin=0"/></net>

<net id="233"><net_src comp="98" pin="2"/><net_sink comp="227" pin=1"/></net>

<net id="234"><net_src comp="193" pin="1"/><net_sink comp="227" pin=2"/></net>

<net id="239"><net_src comp="227" pin="3"/><net_sink comp="235" pin=0"/></net>

<net id="240"><net_src comp="58" pin="0"/><net_sink comp="235" pin=1"/></net>

<net id="245"><net_src comp="183" pin="2"/><net_sink comp="241" pin=0"/></net>

<net id="252"><net_src comp="246" pin="1"/><net_sink comp="249" pin=0"/></net>

<net id="257"><net_src comp="249" pin="1"/><net_sink comp="253" pin=0"/></net>

<net id="261"><net_src comp="253" pin="2"/><net_sink comp="258" pin=0"/></net>

<net id="266"><net_src comp="258" pin="1"/><net_sink comp="262" pin=1"/></net>

<net id="270"><net_src comp="262" pin="2"/><net_sink comp="267" pin=0"/></net>

<net id="271"><net_src comp="267" pin="1"/><net_sink comp="135" pin=2"/></net>

<net id="280"><net_src comp="62" pin="0"/><net_sink comp="275" pin=0"/></net>

<net id="281"><net_src comp="64" pin="0"/><net_sink comp="275" pin=2"/></net>

<net id="286"><net_src comp="275" pin="3"/><net_sink comp="282" pin=0"/></net>

<net id="287"><net_src comp="66" pin="0"/><net_sink comp="282" pin=1"/></net>

<net id="295"><net_src comp="275" pin="3"/><net_sink comp="291" pin=0"/></net>

<net id="296"><net_src comp="282" pin="2"/><net_sink comp="291" pin=1"/></net>

<net id="300"><net_src comp="275" pin="3"/><net_sink comp="297" pin=0"/></net>

<net id="304"><net_src comp="282" pin="2"/><net_sink comp="301" pin=0"/></net>

<net id="309"><net_src comp="297" pin="1"/><net_sink comp="305" pin=0"/></net>

<net id="310"><net_src comp="68" pin="0"/><net_sink comp="305" pin=1"/></net>

<net id="316"><net_src comp="291" pin="2"/><net_sink comp="311" pin=0"/></net>

<net id="317"><net_src comp="297" pin="1"/><net_sink comp="311" pin=1"/></net>

<net id="318"><net_src comp="301" pin="1"/><net_sink comp="311" pin=2"/></net>

<net id="324"><net_src comp="291" pin="2"/><net_sink comp="319" pin=0"/></net>

<net id="325"><net_src comp="301" pin="1"/><net_sink comp="319" pin=1"/></net>

<net id="326"><net_src comp="297" pin="1"/><net_sink comp="319" pin=2"/></net>

<net id="332"><net_src comp="291" pin="2"/><net_sink comp="327" pin=0"/></net>

<net id="333"><net_src comp="305" pin="2"/><net_sink comp="327" pin=1"/></net>

<net id="334"><net_src comp="297" pin="1"/><net_sink comp="327" pin=2"/></net>

<net id="339"><net_src comp="311" pin="3"/><net_sink comp="335" pin=0"/></net>

<net id="340"><net_src comp="68" pin="0"/><net_sink comp="335" pin=1"/></net>

<net id="344"><net_src comp="327" pin="3"/><net_sink comp="341" pin=0"/></net>

<net id="348"><net_src comp="319" pin="3"/><net_sink comp="345" pin=0"/></net>

<net id="352"><net_src comp="335" pin="2"/><net_sink comp="349" pin=0"/></net>

<net id="357"><net_src comp="288" pin="1"/><net_sink comp="353" pin=0"/></net>

<net id="358"><net_src comp="341" pin="1"/><net_sink comp="353" pin=1"/></net>

<net id="365"><net_src comp="70" pin="0"/><net_sink comp="359" pin=0"/></net>

<net id="366"><net_src comp="353" pin="2"/><net_sink comp="359" pin=1"/></net>

<net id="367"><net_src comp="72" pin="0"/><net_sink comp="359" pin=2"/></net>

<net id="368"><net_src comp="46" pin="0"/><net_sink comp="359" pin=3"/></net>

<net id="374"><net_src comp="291" pin="2"/><net_sink comp="369" pin=0"/></net>

<net id="375"><net_src comp="359" pin="4"/><net_sink comp="369" pin=1"/></net>

<net id="376"><net_src comp="353" pin="2"/><net_sink comp="369" pin=2"/></net>

<net id="381"><net_src comp="74" pin="0"/><net_sink comp="377" pin=0"/></net>

<net id="382"><net_src comp="345" pin="1"/><net_sink comp="377" pin=1"/></net>

<net id="387"><net_src comp="74" pin="0"/><net_sink comp="383" pin=0"/></net>

<net id="388"><net_src comp="349" pin="1"/><net_sink comp="383" pin=1"/></net>

<net id="393"><net_src comp="377" pin="2"/><net_sink comp="389" pin=0"/></net>

<net id="394"><net_src comp="383" pin="2"/><net_sink comp="389" pin=1"/></net>

<net id="399"><net_src comp="389" pin="2"/><net_sink comp="395" pin=0"/></net>

<net id="400"><net_src comp="74" pin="0"/><net_sink comp="395" pin=1"/></net>

<net id="405"><net_src comp="272" pin="1"/><net_sink comp="401" pin=0"/></net>

<net id="406"><net_src comp="395" pin="2"/><net_sink comp="401" pin=1"/></net>

<net id="411"><net_src comp="369" pin="3"/><net_sink comp="407" pin=0"/></net>

<net id="412"><net_src comp="389" pin="2"/><net_sink comp="407" pin=1"/></net>

<net id="417"><net_src comp="401" pin="2"/><net_sink comp="413" pin=0"/></net>

<net id="418"><net_src comp="407" pin="2"/><net_sink comp="413" pin=1"/></net>

<net id="423"><net_src comp="413" pin="2"/><net_sink comp="419" pin=0"/></net>

<net id="427"><net_src comp="424" pin="1"/><net_sink comp="128" pin=2"/></net>

<net id="431"><net_src comp="78" pin="1"/><net_sink comp="428" pin=0"/></net>

<net id="432"><net_src comp="428" pin="1"/><net_sink comp="169" pin=1"/></net>

<net id="433"><net_src comp="428" pin="1"/><net_sink comp="174" pin=0"/></net>

<net id="434"><net_src comp="428" pin="1"/><net_sink comp="241" pin=1"/></net>

<net id="438"><net_src comp="82" pin="1"/><net_sink comp="435" pin=0"/></net>

<net id="439"><net_src comp="435" pin="1"/><net_sink comp="164" pin=1"/></net>

<net id="440"><net_src comp="435" pin="1"/><net_sink comp="272" pin=0"/></net>

<net id="441"><net_src comp="435" pin="1"/><net_sink comp="419" pin=1"/></net>

<net id="442"><net_src comp="435" pin="1"/><net_sink comp="424" pin=0"/></net>

<net id="446"><net_src comp="86" pin="2"/><net_sink comp="443" pin=0"/></net>

<net id="447"><net_src comp="443" pin="1"/><net_sink comp="262" pin=0"/></net>

<net id="451"><net_src comp="148" pin="1"/><net_sink comp="448" pin=0"/></net>

<net id="452"><net_src comp="448" pin="1"/><net_sink comp="253" pin=1"/></net>

<net id="456"><net_src comp="177" pin="2"/><net_sink comp="453" pin=0"/></net>

<net id="460"><net_src comp="193" pin="1"/><net_sink comp="457" pin=0"/></net>

<net id="461"><net_src comp="457" pin="1"/><net_sink comp="275" pin=1"/></net>

<net id="465"><net_src comp="221" pin="2"/><net_sink comp="462" pin=0"/></net>

<net id="469"><net_src comp="227" pin="3"/><net_sink comp="466" pin=0"/></net>

<net id="470"><net_src comp="466" pin="1"/><net_sink comp="235" pin=0"/></net>

<net id="474"><net_src comp="235" pin="2"/><net_sink comp="471" pin=0"/></net>

<net id="475"><net_src comp="471" pin="1"/><net_sink comp="246" pin=0"/></net>

<net id="479"><net_src comp="135" pin="3"/><net_sink comp="476" pin=0"/></net>

<net id="480"><net_src comp="476" pin="1"/><net_sink comp="142" pin=0"/></net>

<net id="484"><net_src comp="142" pin="3"/><net_sink comp="481" pin=0"/></net>

<net id="485"><net_src comp="481" pin="1"/><net_sink comp="288" pin=0"/></net>

</net_list>

</model> 
---------------- Datapath Model END ------------------

* FSMD analyzer results:
  - Output states:
	Port: data_V_6_out | {38 }
 - Input state : 
	Port: CnnKernel_YourCode_Pipeline_VITIS_LOOP_220_3 : data_V_2 | {1 }
	Port: CnnKernel_YourCode_Pipeline_VITIS_LOOP_220_3 : sext_ln220 | {1 }
	Port: CnnKernel_YourCode_Pipeline_VITIS_LOOP_220_3 : sext_ln208 | {1 }
	Port: CnnKernel_YourCode_Pipeline_VITIS_LOOP_220_3 : sext_ln207 | {1 }
	Port: CnnKernel_YourCode_Pipeline_VITIS_LOOP_220_3 : idx_4_cast | {1 }
	Port: CnnKernel_YourCode_Pipeline_VITIS_LOOP_220_3 : zext_ln203 | {1 }
	Port: CnnKernel_YourCode_Pipeline_VITIS_LOOP_220_3 : sub_ln225_2 | {1 }
	Port: CnnKernel_YourCode_Pipeline_VITIS_LOOP_220_3 : output_V | {37 38 }
  - Chain level:
	State 1
		store_ln0 : 1
		item_1 : 1
		icmp_ln220 : 2
		item_2 : 2
		br_ln220 : 3
		zext_ln220 : 2
		trunc_ln222 : 2
		add_ln222 : 3
		icmp_ln223 : 4
		icmp_ln223_1 : 4
		xor_ln223 : 5
		and_ln223 : 5
		br_ln223 : 5
		add_ln1 : 3
		w : 4
		store_ln220 : 3
	State 2
	State 3
	State 4
	State 5
	State 6
	State 7
	State 8
	State 9
	State 10
	State 11
	State 12
	State 13
	State 14
	State 15
	State 16
	State 17
	State 18
	State 19
	State 20
	State 21
	State 22
	State 23
	State 24
	State 25
	State 26
	State 27
	State 28
	State 29
	State 30
	State 31
	State 32
	State 33
	State 34
	State 35
	State 36
	State 37
		zext_ln224 : 1
		sub_ln225 : 2
		sext_ln225 : 3
		add_ln225 : 4
		zext_ln225 : 5
		output_V_addr : 6
		temp_V : 7
	State 38
		write_ln0 : 1
	State 39
		or_ln226 : 1
		icmp_ln414 : 1
		zext_ln414 : 1
		zext_ln414_1 : 1
		xor_ln414 : 2
		select_ln414 : 2
		select_ln414_1 : 2
		select_ln414_2 : 2
		xor_ln414_1 : 3
		zext_ln414_2 : 3
		zext_ln414_3 : 3
		zext_ln414_4 : 3
		shl_ln414 : 4
		tmp : 5
		select_ln414_3 : 6
		shl_ln414_1 : 4
		lshr_ln414 : 4
		and_ln414 : 5
		xor_ln414_2 : 5
		and_ln414_1 : 5
		and_ln414_2 : 7
		p_Result_s : 5
		store_ln227 : 5


============================================================
+ Verbose Summary: Datapath Resource usage 
============================================================

* Functional unit list:
|----------|-----------------------------|---------|---------|
| Operation|       Functional Unit       |    FF   |   LUT   |
|----------|-----------------------------|---------|---------|
|   urem   |          grp_fu_235         |   2283  |   1738  |
|----------|-----------------------------|---------|---------|
|          |       and_ln223_fu_221      |    0    |    2    |
|    and   |       and_ln414_fu_389      |    0    |   511   |
|          |      and_ln414_1_fu_401     |    0    |   511   |
|          |      and_ln414_2_fu_407     |    0    |   511   |
|----------|-----------------------------|---------|---------|
|          |       xor_ln223_fu_215      |    0    |    2    |
|    xor   |       xor_ln414_fu_305      |    0    |    10   |
|          |      xor_ln414_1_fu_335     |    0    |    10   |
|          |      xor_ln414_2_fu_395     |    0    |   511   |
|----------|-----------------------------|---------|---------|
|    or    |       or_ln226_fu_282       |    0    |    0    |
|          |      p_Result_s_fu_413      |    0    |   511   |
|----------|-----------------------------|---------|---------|
|          |     select_ln414_fu_311     |    0    |    9    |
|  select  |    select_ln414_1_fu_319    |    0    |    9    |
|          |    select_ln414_2_fu_327    |    0    |    10   |
|          |    select_ln414_3_fu_369    |    0    |   428   |
|----------|-----------------------------|---------|---------|
|          |        item_2_fu_183        |    0    |    14   |
|    add   |       add_ln222_fu_197      |    0    |    39   |
|          |       add_ln225_fu_262      |    0    |    27   |
|----------|-----------------------------|---------|---------|
|          |      icmp_ln220_fu_177      |    0    |    10   |
|   icmp   |      icmp_ln223_fu_203      |    0    |    20   |
|          |     icmp_ln223_1_fu_209     |    0    |    20   |
|          |      icmp_ln414_fu_291      |    0    |    11   |
|----------|-----------------------------|---------|---------|
|    shl   |       shl_ln414_fu_353      |    0    |    20   |
|          |      shl_ln414_1_fu_377     |    0    |    18   |
|----------|-----------------------------|---------|---------|
|   lshr   |      lshr_ln414_fu_383      |    0    |    20   |
|----------|-----------------------------|---------|---------|
|    sub   |       sub_ln225_fu_253      |    0    |    14   |
|----------|-----------------------------|---------|---------|
|          | sub_ln225_2_read_read_fu_86 |    0    |    0    |
|          |  zext_ln203_read_read_fu_92 |    0    |    0    |
|          |  idx_4_cast_read_read_fu_98 |    0    |    0    |
|   read   | sext_ln207_read_read_fu_104 |    0    |    0    |
|          | sext_ln208_read_read_fu_110 |    0    |    0    |
|          | sext_ln220_read_read_fu_116 |    0    |    0    |
|          |  data_V_2_read_read_fu_122  |    0    |    0    |
|----------|-----------------------------|---------|---------|
|   write  |    write_ln0_write_fu_128   |    0    |    0    |
|----------|-----------------------------|---------|---------|
|          |    zext_ln203_cast_fu_148   |    0    |    0    |
|          |      zext_ln220_fu_189      |    0    |    0    |
|          |      zext_ln224_fu_249      |    0    |    0    |
|          |      zext_ln225_fu_267      |    0    |    0    |
|   zext   |     zext_ln225_1_fu_288     |    0    |    0    |
|          |      zext_ln414_fu_297      |    0    |    0    |
|          |     zext_ln414_1_fu_301     |    0    |    0    |
|          |     zext_ln414_2_fu_341     |    0    |    0    |
|          |     zext_ln414_3_fu_345     |    0    |    0    |
|          |     zext_ln414_4_fu_349     |    0    |    0    |
|----------|-----------------------------|---------|---------|
|          |    sext_ln207_cast_fu_152   |    0    |    0    |
|   sext   |    sext_ln208_cast_fu_156   |    0    |    0    |
|          |    sext_ln220_cast_fu_160   |    0    |    0    |
|          |      sext_ln225_fu_258      |    0    |    0    |
|----------|-----------------------------|---------|---------|
|   trunc  |      trunc_ln222_fu_193     |    0    |    0    |
|          |      trunc_ln224_fu_246     |    0    |    0    |
|----------|-----------------------------|---------|---------|
|bitconcatenate|        add_ln1_fu_227       |    0    |    0    |
|          |        shl_ln4_fu_275       |    0    |    0    |
|----------|-----------------------------|---------|---------|
|partselect|          tmp_fu_359         |    0    |    0    |
|----------|-----------------------------|---------|---------|
|   Total  |                             |   2283  |   4986  |
|----------|-----------------------------|---------|---------|

Memories:
N/A

* Register list:
+------------------------+--------+
|                        |   FF   |
+------------------------+--------+
|     add_ln1_reg_466    |   32   |
|    and_ln223_reg_462   |    1   |
|   icmp_ln220_reg_453   |    1   |
|      item_reg_428      |    7   |
|  output_V_addr_reg_476 |   20   |
|    p_Val2_s_reg_435    |   512  |
|sub_ln225_2_read_reg_443|   20   |
|     temp_V_reg_481     |    8   |
|   trunc_ln222_reg_457  |    6   |
|        w_reg_471       |    7   |
| zext_ln203_cast_reg_448|    8   |
+------------------------+--------+
|          Total         |   622  |
+------------------------+--------+

* Multiplexer (MUX) list: 
|-------------------|------|------|------|--------||---------||---------|
|        Comp       |  Pin | Size |  BW  | S x BW ||  Delay  ||   LUT   |
|-------------------|------|------|------|--------||---------||---------|
| grp_access_fu_142 |  p0  |   2  |  20  |   40   ||    9    |
|     grp_fu_235    |  p0  |   2  |  32  |   64   ||    9    |
|-------------------|------|------|------|--------||---------||---------|
|       Total       |      |      |      |   104  ||  0.774  ||    18   |
|-------------------|------|------|------|--------||---------||---------|



* Summary:
+-----------+--------+--------+--------+
|           |  Delay |   FF   |   LUT  |
+-----------+--------+--------+--------+
|  Function |    -   |  2283  |  4986  |
|   Memory  |    -   |    -   |    -   |
|Multiplexer|    0   |    -   |   18   |
|  Register |    -   |   622  |    -   |
+-----------+--------+--------+--------+
|   Total   |    0   |  2905  |  5004  |
+-----------+--------+--------+--------+
