

================================================================
== Vitis HLS Report for 'CnnKernel_YourCode_Pipeline_VITIS_LOOP_183_3'
================================================================
* Date:           Fri May 27 19:40:27 2022

* Version:        2021.1 (Build 3247384 on Thu Jun 10 19:36:07 MDT 2021)
* Project:        CnnKernel
* Solution:       solution (Vitis Kernel Flow Target)
* Product family: virtexuplus
* Target device:  xcvu9p-flgb2104-2-i


================================================================
== Performance Estimates
================================================================
+ Timing: 
    * Summary: 
    +--------+---------+----------+------------+
    |  Clock |  Target | Estimated| Uncertainty|
    +--------+---------+----------+------------+
    |ap_clk  |  4.00 ns|  2.413 ns|     1.08 ns|
    +--------+---------+----------+------------+

+ Latency: 
    * Summary: 
    +---------+---------+----------+----------+-----+-----+---------+
    |  Latency (cycles) |  Latency (absolute) |  Interval | Pipeline|
    |   min   |   max   |    min   |    max   | min | max |   Type  |
    +---------+---------+----------+----------+-----+-----+---------+
    |      136|      136|  0.544 us|  0.544 us|  136|  136|       no|
    +---------+---------+----------+----------+-----+-----+---------+

    + Detail: 
        * Instance: 
        N/A

        * Loop: 
        +--------------------+---------+---------+----------+-----------+-----------+------+----------+
        |                    |  Latency (cycles) | Iteration|  Initiation Interval  | Trip |          |
        |      Loop Name     |   min   |   max   |  Latency |  achieved |   target  | Count| Pipelined|
        +--------------------+---------+---------+----------+-----------+-----------+------+----------+
        |- VITIS_LOOP_183_3  |      134|      134|        72|          1|          1|    64|       yes|
        +--------------------+---------+---------+----------+-----------+-----------+------+----------+

============================================================
+ Verbose Summary: Synthesis Manager
============================================================
InlineROM: 1
ExposeGlobal: 0
============================================================
+ Verbose Summary: CDFG Model
============================================================
IsTopModel: 0
ResetActiveHigh: 1
IsCombinational: 0
IsDatapathOnly: 0
HasWiredReturn: 1
HasMFsm: 2
HasVarLatency: 1
IsPipeline: 0
IsRtlPipelined: 0
IsInstanceOverlapped: 0
IsDontTouch: 0
HasImplIP: 0
IsGatedGlobalClock: 0

+ Individual pipeline summary: 
  * Pipeline-0: initiation interval (II) = 1, depth = 72


============================================================
+ Verbose Summary: Schedule
============================================================
* Number of FSM states : 72
* Pipeline : 1
  Pipeline-0 : II = 1, D = 72, States = { 1 2 3 4 5 6 7 8 9 10 11 12 13 14 15 16 17 18 19 20 21 22 23 24 25 26 27 28 29 30 31 32 33 34 35 36 37 38 39 40 41 42 43 44 45 46 47 48 49 50 51 52 53 54 55 56 57 58 59 60 61 62 63 64 65 66 67 68 69 70 71 72 }
* Dataflow Pipeline: 0

* FSM state transitions: 
1 --> 2 
2 --> 3 
3 --> 4 
4 --> 5 
5 --> 6 
6 --> 7 
7 --> 8 
8 --> 9 
9 --> 10 
10 --> 11 
11 --> 12 
12 --> 13 
13 --> 14 
14 --> 15 
15 --> 16 
16 --> 17 
17 --> 18 
18 --> 19 
19 --> 20 
20 --> 21 
21 --> 22 
22 --> 23 
23 --> 24 
24 --> 25 
25 --> 26 
26 --> 27 
27 --> 28 
28 --> 29 
29 --> 30 
30 --> 31 
31 --> 32 
32 --> 33 
33 --> 34 
34 --> 35 
35 --> 36 
36 --> 37 
37 --> 38 
38 --> 39 
39 --> 40 
40 --> 41 
41 --> 42 
42 --> 43 
43 --> 44 
44 --> 45 
45 --> 46 
46 --> 47 
47 --> 48 
48 --> 49 
49 --> 50 
50 --> 51 
51 --> 52 
52 --> 53 
53 --> 54 
54 --> 55 
55 --> 56 
56 --> 57 
57 --> 58 
58 --> 59 
59 --> 60 
60 --> 61 
61 --> 62 
62 --> 63 
63 --> 64 
64 --> 65 
65 --> 66 
66 --> 67 
67 --> 68 
68 --> 69 
69 --> 70 
70 --> 71 
71 --> 72 
72 --> 

* FSM state operations: 

State 1 <SV = 0> <Delay = 2.00>
ST_1 : Operation 75 [1/1] (0.00ns)   --->   "%item_2 = alloca i32 1"   --->   Operation 75 'alloca' 'item_2' <Predicate = true> <Delay = 0.00>
ST_1 : Operation 76 [1/1] (0.00ns)   --->   "%trunc_ln8_read = read i3 @_ssdm_op_Read.ap_auto.i3, i3 %trunc_ln8"   --->   Operation 76 'read' 'trunc_ln8_read' <Predicate = true> <Delay = 0.00>
ST_1 : Operation 77 [1/1] (0.00ns)   --->   "%mul_ln189_3_read = read i18 @_ssdm_op_Read.ap_auto.i18, i18 %mul_ln189_3"   --->   Operation 77 'read' 'mul_ln189_3_read' <Predicate = true> <Delay = 0.00>
ST_1 : Operation 78 [1/1] (0.00ns)   --->   "%sub_ln189_3_read = read i18 @_ssdm_op_Read.ap_auto.i18, i18 %sub_ln189_3"   --->   Operation 78 'read' 'sub_ln189_3_read' <Predicate = true> <Delay = 0.00>
ST_1 : Operation 79 [1/1] (0.00ns)   --->   "%mul_ln189_2_read = read i18 @_ssdm_op_Read.ap_auto.i18, i18 %mul_ln189_2"   --->   Operation 79 'read' 'mul_ln189_2_read' <Predicate = true> <Delay = 0.00>
ST_1 : Operation 80 [1/1] (0.00ns)   --->   "%sub_ln189_2_read = read i18 @_ssdm_op_Read.ap_auto.i18, i18 %sub_ln189_2"   --->   Operation 80 'read' 'sub_ln189_2_read' <Predicate = true> <Delay = 0.00>
ST_1 : Operation 81 [1/1] (0.00ns)   --->   "%zext_ln163_2_read = read i7 @_ssdm_op_Read.ap_auto.i7, i7 %zext_ln163_2"   --->   Operation 81 'read' 'zext_ln163_2_read' <Predicate = true> <Delay = 0.00>
ST_1 : Operation 82 [1/1] (0.00ns)   --->   "%data_V_1_read = read i512 @_ssdm_op_Read.ap_auto.i512, i512 %data_V_1"   --->   Operation 82 'read' 'data_V_1_read' <Predicate = true> <Delay = 0.00>
ST_1 : Operation 83 [1/1] (0.00ns)   --->   "%idx_2_cast_read = read i26 @_ssdm_op_Read.ap_auto.i26, i26 %idx_2_cast"   --->   Operation 83 'read' 'idx_2_cast_read' <Predicate = true> <Delay = 0.00>
ST_1 : Operation 84 [1/1] (0.00ns)   --->   "%zext_ln167_read = read i24 @_ssdm_op_Read.ap_auto.i24, i24 %zext_ln167"   --->   Operation 84 'read' 'zext_ln167_read' <Predicate = true> <Delay = 0.00>
ST_1 : Operation 85 [1/1] (0.00ns)   --->   "%add_ln167_cast_read = read i24 @_ssdm_op_Read.ap_auto.i24, i24 %add_ln167_cast"   --->   Operation 85 'read' 'add_ln167_cast_read' <Predicate = true> <Delay = 0.00>
ST_1 : Operation 86 [1/1] (0.00ns)   --->   "%sext_ln183_read = read i32 @_ssdm_op_Read.ap_auto.i32, i32 %sext_ln183"   --->   Operation 86 'read' 'sext_ln183_read' <Predicate = true> <Delay = 0.00>
ST_1 : Operation 87 [1/1] (0.00ns)   --->   "%zext_ln163_2_cast = zext i7 %zext_ln163_2_read"   --->   Operation 87 'zext' 'zext_ln163_2_cast' <Predicate = true> <Delay = 0.00>
ST_1 : Operation 88 [1/1] (0.00ns)   --->   "%zext_ln167_cast = zext i24 %zext_ln167_read"   --->   Operation 88 'zext' 'zext_ln167_cast' <Predicate = true> <Delay = 0.00>
ST_1 : Operation 89 [1/1] (0.00ns)   --->   "%add_ln167_cast_cast = zext i24 %add_ln167_cast_read"   --->   Operation 89 'zext' 'add_ln167_cast_cast' <Predicate = true> <Delay = 0.00>
ST_1 : Operation 90 [1/1] (0.00ns)   --->   "%sext_ln183_cast = sext i32 %sext_ln183_read"   --->   Operation 90 'sext' 'sext_ln183_cast' <Predicate = true> <Delay = 0.00>
ST_1 : Operation 91 [1/1] (0.38ns)   --->   "%store_ln0 = store i7 0, i7 %item_2"   --->   Operation 91 'store' 'store_ln0' <Predicate = true> <Delay = 0.38>
ST_1 : Operation 92 [1/1] (0.00ns)   --->   "%br_ln0 = br void"   --->   Operation 92 'br' 'br_ln0' <Predicate = true> <Delay = 0.00>
ST_1 : Operation 93 [1/1] (0.00ns)   --->   "%item = load i7 %item_2" [/home/centos/CS133-lab4/lab4/lib/cnn-krnl.h:185]   --->   Operation 93 'load' 'item' <Predicate = true> <Delay = 0.00>
ST_1 : Operation 94 [1/1] (0.59ns)   --->   "%icmp_ln183 = icmp_eq  i7 %item, i7 64" [/home/centos/CS133-lab4/lab4/lib/cnn-krnl.h:183]   --->   Operation 94 'icmp' 'icmp_ln183' <Predicate = true> <Delay = 0.59> <CoreInst = "Cmp">   --->   Core 9 'Cmp' <Latency = 0> <II = 1> <Delay = 0.88> <FuncUnit> <Opcode : 'icmp'> <InPorts = 2> <OutPorts = 1>
ST_1 : Operation 95 [1/1] (0.00ns)   --->   "%speclooptripcount_ln0 = speclooptripcount void @_ssdm_op_SpecLoopTripCount, i64 64, i64 64, i64 64"   --->   Operation 95 'speclooptripcount' 'speclooptripcount_ln0' <Predicate = true> <Delay = 0.00>
ST_1 : Operation 96 [1/1] (0.70ns)   --->   "%add_ln183 = add i7 %item, i7 1" [/home/centos/CS133-lab4/lab4/lib/cnn-krnl.h:183]   --->   Operation 96 'add' 'add_ln183' <Predicate = true> <Delay = 0.70> <CoreInst = "Adder">   --->   Core 1 'Adder' <Latency = 0> <II = 1> <Delay = 0.79> <FuncUnit> <Opcode : 'add' 'sub'> <InPorts = 2> <OutPorts = 1>
ST_1 : Operation 97 [1/1] (0.00ns)   --->   "%br_ln183 = br i1 %icmp_ln183, void %.split, void %.exitStub" [/home/centos/CS133-lab4/lab4/lib/cnn-krnl.h:183]   --->   Operation 97 'br' 'br_ln183' <Predicate = true> <Delay = 0.00>
ST_1 : Operation 98 [1/1] (0.00ns)   --->   "%zext_ln183 = zext i7 %item" [/home/centos/CS133-lab4/lab4/lib/cnn-krnl.h:183]   --->   Operation 98 'zext' 'zext_ln183' <Predicate = (!icmp_ln183)> <Delay = 0.00>
ST_1 : Operation 99 [1/1] (0.00ns)   --->   "%specpipeline_ln183 = specpipeline void @_ssdm_op_SpecPipeline, i32 4294967295, i32 0, i32 0, i32 0, void @empty_13" [/home/centos/CS133-lab4/lab4/lib/cnn-krnl.h:183]   --->   Operation 99 'specpipeline' 'specpipeline_ln183' <Predicate = (!icmp_ln183)> <Delay = 0.00>
ST_1 : Operation 100 [1/1] (0.00ns)   --->   "%specloopname_ln183 = specloopname void @_ssdm_op_SpecLoopName, void @empty_18" [/home/centos/CS133-lab4/lab4/lib/cnn-krnl.h:183]   --->   Operation 100 'specloopname' 'specloopname_ln183' <Predicate = (!icmp_ln183)> <Delay = 0.00>
ST_1 : Operation 101 [1/1] (0.00ns)   --->   "%trunc_ln185 = trunc i7 %item" [/home/centos/CS133-lab4/lab4/lib/cnn-krnl.h:185]   --->   Operation 101 'trunc' 'trunc_ln185' <Predicate = (!icmp_ln183)> <Delay = 0.00>
ST_1 : Operation 102 [1/1] (0.88ns)   --->   "%add_ln185 = add i33 %zext_ln183, i33 %sext_ln183_cast" [/home/centos/CS133-lab4/lab4/lib/cnn-krnl.h:185]   --->   Operation 102 'add' 'add_ln185' <Predicate = (!icmp_ln183)> <Delay = 0.88> <CoreInst = "Adder">   --->   Core 1 'Adder' <Latency = 0> <II = 1> <Delay = 0.79> <FuncUnit> <Opcode : 'add' 'sub'> <InPorts = 2> <OutPorts = 1>
ST_1 : Operation 103 [1/1] (0.88ns)   --->   "%icmp_ln186 = icmp_slt  i33 %add_ln185, i33 %add_ln167_cast_cast" [/home/centos/CS133-lab4/lab4/lib/cnn-krnl.h:186]   --->   Operation 103 'icmp' 'icmp_ln186' <Predicate = (!icmp_ln183)> <Delay = 0.88> <CoreInst = "Cmp">   --->   Core 9 'Cmp' <Latency = 0> <II = 1> <Delay = 0.88> <FuncUnit> <Opcode : 'icmp'> <InPorts = 2> <OutPorts = 1>
ST_1 : Operation 104 [1/1] (0.88ns)   --->   "%icmp_ln186_1 = icmp_slt  i33 %add_ln185, i33 %zext_ln167_cast" [/home/centos/CS133-lab4/lab4/lib/cnn-krnl.h:186]   --->   Operation 104 'icmp' 'icmp_ln186_1' <Predicate = (!icmp_ln183)> <Delay = 0.88> <CoreInst = "Cmp">   --->   Core 9 'Cmp' <Latency = 0> <II = 1> <Delay = 0.88> <FuncUnit> <Opcode : 'icmp'> <InPorts = 2> <OutPorts = 1>
ST_1 : Operation 105 [1/1] (0.00ns) (grouped into LUT with out node and_ln186)   --->   "%xor_ln186 = xor i1 %icmp_ln186_1, i1 1" [/home/centos/CS133-lab4/lab4/lib/cnn-krnl.h:186]   --->   Operation 105 'xor' 'xor_ln186' <Predicate = (!icmp_ln183)> <Delay = 0.00> <CoreInst = "LogicGate">   --->   Core 74 'LogicGate' <Latency = 0> <II = 1> <Delay = 0.12> <FuncUnit> <Opcode : 'and' 'or' 'xor'> <InPorts = 2> <OutPorts = 1>
ST_1 : Operation 106 [1/1] (0.12ns) (out node of the LUT)   --->   "%and_ln186 = and i1 %icmp_ln186, i1 %xor_ln186" [/home/centos/CS133-lab4/lab4/lib/cnn-krnl.h:186]   --->   Operation 106 'and' 'and_ln186' <Predicate = (!icmp_ln183)> <Delay = 0.12> <CoreInst = "LogicGate">   --->   Core 74 'LogicGate' <Latency = 0> <II = 1> <Delay = 0.12> <FuncUnit> <Opcode : 'and' 'or' 'xor'> <InPorts = 2> <OutPorts = 1>
ST_1 : Operation 107 [1/1] (0.00ns)   --->   "%br_ln186 = br i1 %and_ln186, void %.split._crit_edge, void" [/home/centos/CS133-lab4/lab4/lib/cnn-krnl.h:186]   --->   Operation 107 'br' 'br_ln186' <Predicate = (!icmp_ln183)> <Delay = 0.00>
ST_1 : Operation 108 [1/1] (0.00ns)   --->   "%add_ln = bitconcatenate i32 @_ssdm_op_BitConcatenate.i32.i26.i6, i26 %idx_2_cast_read, i6 %trunc_ln185" [/home/centos/CS133-lab4/lab4/lib/cnn-krnl.h:187]   --->   Operation 108 'bitconcatenate' 'add_ln' <Predicate = (!icmp_ln183 & and_ln186)> <Delay = 0.00>
ST_1 : Operation 109 [36/36] (1.16ns)   --->   "%w = urem i32 %add_ln, i32 228" [/home/centos/CS133-lab4/lab4/lib/cnn-krnl.h:187]   --->   Operation 109 'urem' 'w' <Predicate = (!icmp_ln183 & and_ln186)> <Delay = 1.16> <CoreInst = "Divider">   --->   Core 6 'Divider' <Latency = 35> <II = 1> <Delay = 1.16> <FuncUnit> <Opcode : 'sdiv' 'srem' 'udiv' 'urem'> <InPorts = 2> <OutPorts = 1>
ST_1 : Operation 110 [1/1] (0.00ns)   --->   "%shl_ln3 = bitconcatenate i9 @_ssdm_op_BitConcatenate.i9.i6.i3, i6 %trunc_ln185, i3 0" [/home/centos/CS133-lab4/lab4/lib/cnn-krnl.h:188]   --->   Operation 110 'bitconcatenate' 'shl_ln3' <Predicate = (!icmp_ln183 & and_ln186)> <Delay = 0.00>
ST_1 : Operation 111 [1/1] (0.00ns)   --->   "%zext_ln1676 = zext i9 %shl_ln3"   --->   Operation 111 'zext' 'zext_ln1676' <Predicate = (!icmp_ln183 & and_ln186)> <Delay = 0.00>
ST_1 : Operation 112 [1/1] (1.44ns)   --->   "%r = lshr i512 %data_V_1_read, i512 %zext_ln1676"   --->   Operation 112 'lshr' 'r' <Predicate = (!icmp_ln183 & and_ln186)> <Delay = 1.44> <CoreInst = "Shifter">   --->   Core 75 'Shifter' <Latency = 0> <II = 1> <Delay = 1.44> <FuncUnit> <Opcode : 'shl' 'lshr' 'ashr'> <InPorts = 2> <OutPorts = 1>
ST_1 : Operation 113 [1/1] (0.00ns)   --->   "%temp_V = trunc i512 %r"   --->   Operation 113 'trunc' 'temp_V' <Predicate = (!icmp_ln183 & and_ln186)> <Delay = 0.00>
ST_1 : Operation 114 [1/1] (0.65ns)   --->   "%switch_ln189 = switch i3 %trunc_ln8_read, void %branch134, i3 0, void %branch130, i3 1, void %branch131, i3 2, void %branch132, i3 3, void %branch133" [/home/centos/CS133-lab4/lab4/lib/cnn-krnl.h:189]   --->   Operation 114 'switch' 'switch_ln189' <Predicate = (!icmp_ln183 & and_ln186)> <Delay = 0.65>
ST_1 : Operation 115 [1/1] (0.00ns)   --->   "%br_ln189 = br void" [/home/centos/CS133-lab4/lab4/lib/cnn-krnl.h:189]   --->   Operation 115 'br' 'br_ln189' <Predicate = (!icmp_ln183 & and_ln186 & trunc_ln8_read == 3)> <Delay = 0.00>
ST_1 : Operation 116 [1/1] (0.00ns)   --->   "%br_ln189 = br void" [/home/centos/CS133-lab4/lab4/lib/cnn-krnl.h:189]   --->   Operation 116 'br' 'br_ln189' <Predicate = (!icmp_ln183 & and_ln186 & trunc_ln8_read == 2)> <Delay = 0.00>
ST_1 : Operation 117 [1/1] (0.00ns)   --->   "%br_ln189 = br void" [/home/centos/CS133-lab4/lab4/lib/cnn-krnl.h:189]   --->   Operation 117 'br' 'br_ln189' <Predicate = (!icmp_ln183 & and_ln186 & trunc_ln8_read == 1)> <Delay = 0.00>
ST_1 : Operation 118 [1/1] (0.00ns)   --->   "%br_ln189 = br void" [/home/centos/CS133-lab4/lab4/lib/cnn-krnl.h:189]   --->   Operation 118 'br' 'br_ln189' <Predicate = (!icmp_ln183 & and_ln186 & trunc_ln8_read == 0)> <Delay = 0.00>
ST_1 : Operation 119 [1/1] (0.00ns)   --->   "%br_ln189 = br void" [/home/centos/CS133-lab4/lab4/lib/cnn-krnl.h:189]   --->   Operation 119 'br' 'br_ln189' <Predicate = (!icmp_ln183 & and_ln186 & trunc_ln8_read != 0 & trunc_ln8_read != 1 & trunc_ln8_read != 2 & trunc_ln8_read != 3)> <Delay = 0.00>
ST_1 : Operation 120 [1/1] (0.00ns)   --->   "%br_ln190 = br void %.split._crit_edge" [/home/centos/CS133-lab4/lab4/lib/cnn-krnl.h:190]   --->   Operation 120 'br' 'br_ln190' <Predicate = (!icmp_ln183 & and_ln186)> <Delay = 0.00>
ST_1 : Operation 121 [1/1] (0.38ns)   --->   "%store_ln183 = store i7 %add_ln183, i7 %item_2" [/home/centos/CS133-lab4/lab4/lib/cnn-krnl.h:183]   --->   Operation 121 'store' 'store_ln183' <Predicate = (!icmp_ln183)> <Delay = 0.38>
ST_1 : Operation 122 [1/1] (0.00ns)   --->   "%br_ln0 = br void"   --->   Operation 122 'br' 'br_ln0' <Predicate = (!icmp_ln183)> <Delay = 0.00>

State 2 <SV = 1> <Delay = 1.16>
ST_2 : Operation 123 [35/36] (1.16ns)   --->   "%w = urem i32 %add_ln, i32 228" [/home/centos/CS133-lab4/lab4/lib/cnn-krnl.h:187]   --->   Operation 123 'urem' 'w' <Predicate = (and_ln186)> <Delay = 1.16> <CoreInst = "Divider">   --->   Core 6 'Divider' <Latency = 35> <II = 1> <Delay = 1.16> <FuncUnit> <Opcode : 'sdiv' 'srem' 'udiv' 'urem'> <InPorts = 2> <OutPorts = 1>

State 3 <SV = 2> <Delay = 1.16>
ST_3 : Operation 124 [34/36] (1.16ns)   --->   "%w = urem i32 %add_ln, i32 228" [/home/centos/CS133-lab4/lab4/lib/cnn-krnl.h:187]   --->   Operation 124 'urem' 'w' <Predicate = (and_ln186)> <Delay = 1.16> <CoreInst = "Divider">   --->   Core 6 'Divider' <Latency = 35> <II = 1> <Delay = 1.16> <FuncUnit> <Opcode : 'sdiv' 'srem' 'udiv' 'urem'> <InPorts = 2> <OutPorts = 1>

State 4 <SV = 3> <Delay = 1.16>
ST_4 : Operation 125 [33/36] (1.16ns)   --->   "%w = urem i32 %add_ln, i32 228" [/home/centos/CS133-lab4/lab4/lib/cnn-krnl.h:187]   --->   Operation 125 'urem' 'w' <Predicate = (and_ln186)> <Delay = 1.16> <CoreInst = "Divider">   --->   Core 6 'Divider' <Latency = 35> <II = 1> <Delay = 1.16> <FuncUnit> <Opcode : 'sdiv' 'srem' 'udiv' 'urem'> <InPorts = 2> <OutPorts = 1>

State 5 <SV = 4> <Delay = 1.16>
ST_5 : Operation 126 [32/36] (1.16ns)   --->   "%w = urem i32 %add_ln, i32 228" [/home/centos/CS133-lab4/lab4/lib/cnn-krnl.h:187]   --->   Operation 126 'urem' 'w' <Predicate = (and_ln186)> <Delay = 1.16> <CoreInst = "Divider">   --->   Core 6 'Divider' <Latency = 35> <II = 1> <Delay = 1.16> <FuncUnit> <Opcode : 'sdiv' 'srem' 'udiv' 'urem'> <InPorts = 2> <OutPorts = 1>

State 6 <SV = 5> <Delay = 1.16>
ST_6 : Operation 127 [31/36] (1.16ns)   --->   "%w = urem i32 %add_ln, i32 228" [/home/centos/CS133-lab4/lab4/lib/cnn-krnl.h:187]   --->   Operation 127 'urem' 'w' <Predicate = (and_ln186)> <Delay = 1.16> <CoreInst = "Divider">   --->   Core 6 'Divider' <Latency = 35> <II = 1> <Delay = 1.16> <FuncUnit> <Opcode : 'sdiv' 'srem' 'udiv' 'urem'> <InPorts = 2> <OutPorts = 1>

State 7 <SV = 6> <Delay = 1.16>
ST_7 : Operation 128 [30/36] (1.16ns)   --->   "%w = urem i32 %add_ln, i32 228" [/home/centos/CS133-lab4/lab4/lib/cnn-krnl.h:187]   --->   Operation 128 'urem' 'w' <Predicate = (and_ln186)> <Delay = 1.16> <CoreInst = "Divider">   --->   Core 6 'Divider' <Latency = 35> <II = 1> <Delay = 1.16> <FuncUnit> <Opcode : 'sdiv' 'srem' 'udiv' 'urem'> <InPorts = 2> <OutPorts = 1>

State 8 <SV = 7> <Delay = 1.16>
ST_8 : Operation 129 [29/36] (1.16ns)   --->   "%w = urem i32 %add_ln, i32 228" [/home/centos/CS133-lab4/lab4/lib/cnn-krnl.h:187]   --->   Operation 129 'urem' 'w' <Predicate = (and_ln186)> <Delay = 1.16> <CoreInst = "Divider">   --->   Core 6 'Divider' <Latency = 35> <II = 1> <Delay = 1.16> <FuncUnit> <Opcode : 'sdiv' 'srem' 'udiv' 'urem'> <InPorts = 2> <OutPorts = 1>

State 9 <SV = 8> <Delay = 1.16>
ST_9 : Operation 130 [28/36] (1.16ns)   --->   "%w = urem i32 %add_ln, i32 228" [/home/centos/CS133-lab4/lab4/lib/cnn-krnl.h:187]   --->   Operation 130 'urem' 'w' <Predicate = (and_ln186)> <Delay = 1.16> <CoreInst = "Divider">   --->   Core 6 'Divider' <Latency = 35> <II = 1> <Delay = 1.16> <FuncUnit> <Opcode : 'sdiv' 'srem' 'udiv' 'urem'> <InPorts = 2> <OutPorts = 1>

State 10 <SV = 9> <Delay = 1.16>
ST_10 : Operation 131 [27/36] (1.16ns)   --->   "%w = urem i32 %add_ln, i32 228" [/home/centos/CS133-lab4/lab4/lib/cnn-krnl.h:187]   --->   Operation 131 'urem' 'w' <Predicate = (and_ln186)> <Delay = 1.16> <CoreInst = "Divider">   --->   Core 6 'Divider' <Latency = 35> <II = 1> <Delay = 1.16> <FuncUnit> <Opcode : 'sdiv' 'srem' 'udiv' 'urem'> <InPorts = 2> <OutPorts = 1>

State 11 <SV = 10> <Delay = 1.16>
ST_11 : Operation 132 [26/36] (1.16ns)   --->   "%w = urem i32 %add_ln, i32 228" [/home/centos/CS133-lab4/lab4/lib/cnn-krnl.h:187]   --->   Operation 132 'urem' 'w' <Predicate = (and_ln186)> <Delay = 1.16> <CoreInst = "Divider">   --->   Core 6 'Divider' <Latency = 35> <II = 1> <Delay = 1.16> <FuncUnit> <Opcode : 'sdiv' 'srem' 'udiv' 'urem'> <InPorts = 2> <OutPorts = 1>

State 12 <SV = 11> <Delay = 1.16>
ST_12 : Operation 133 [25/36] (1.16ns)   --->   "%w = urem i32 %add_ln, i32 228" [/home/centos/CS133-lab4/lab4/lib/cnn-krnl.h:187]   --->   Operation 133 'urem' 'w' <Predicate = (and_ln186)> <Delay = 1.16> <CoreInst = "Divider">   --->   Core 6 'Divider' <Latency = 35> <II = 1> <Delay = 1.16> <FuncUnit> <Opcode : 'sdiv' 'srem' 'udiv' 'urem'> <InPorts = 2> <OutPorts = 1>

State 13 <SV = 12> <Delay = 1.16>
ST_13 : Operation 134 [24/36] (1.16ns)   --->   "%w = urem i32 %add_ln, i32 228" [/home/centos/CS133-lab4/lab4/lib/cnn-krnl.h:187]   --->   Operation 134 'urem' 'w' <Predicate = (and_ln186)> <Delay = 1.16> <CoreInst = "Divider">   --->   Core 6 'Divider' <Latency = 35> <II = 1> <Delay = 1.16> <FuncUnit> <Opcode : 'sdiv' 'srem' 'udiv' 'urem'> <InPorts = 2> <OutPorts = 1>

State 14 <SV = 13> <Delay = 1.16>
ST_14 : Operation 135 [23/36] (1.16ns)   --->   "%w = urem i32 %add_ln, i32 228" [/home/centos/CS133-lab4/lab4/lib/cnn-krnl.h:187]   --->   Operation 135 'urem' 'w' <Predicate = (and_ln186)> <Delay = 1.16> <CoreInst = "Divider">   --->   Core 6 'Divider' <Latency = 35> <II = 1> <Delay = 1.16> <FuncUnit> <Opcode : 'sdiv' 'srem' 'udiv' 'urem'> <InPorts = 2> <OutPorts = 1>

State 15 <SV = 14> <Delay = 1.16>
ST_15 : Operation 136 [22/36] (1.16ns)   --->   "%w = urem i32 %add_ln, i32 228" [/home/centos/CS133-lab4/lab4/lib/cnn-krnl.h:187]   --->   Operation 136 'urem' 'w' <Predicate = (and_ln186)> <Delay = 1.16> <CoreInst = "Divider">   --->   Core 6 'Divider' <Latency = 35> <II = 1> <Delay = 1.16> <FuncUnit> <Opcode : 'sdiv' 'srem' 'udiv' 'urem'> <InPorts = 2> <OutPorts = 1>

State 16 <SV = 15> <Delay = 1.16>
ST_16 : Operation 137 [21/36] (1.16ns)   --->   "%w = urem i32 %add_ln, i32 228" [/home/centos/CS133-lab4/lab4/lib/cnn-krnl.h:187]   --->   Operation 137 'urem' 'w' <Predicate = (and_ln186)> <Delay = 1.16> <CoreInst = "Divider">   --->   Core 6 'Divider' <Latency = 35> <II = 1> <Delay = 1.16> <FuncUnit> <Opcode : 'sdiv' 'srem' 'udiv' 'urem'> <InPorts = 2> <OutPorts = 1>

State 17 <SV = 16> <Delay = 1.16>
ST_17 : Operation 138 [20/36] (1.16ns)   --->   "%w = urem i32 %add_ln, i32 228" [/home/centos/CS133-lab4/lab4/lib/cnn-krnl.h:187]   --->   Operation 138 'urem' 'w' <Predicate = (and_ln186)> <Delay = 1.16> <CoreInst = "Divider">   --->   Core 6 'Divider' <Latency = 35> <II = 1> <Delay = 1.16> <FuncUnit> <Opcode : 'sdiv' 'srem' 'udiv' 'urem'> <InPorts = 2> <OutPorts = 1>

State 18 <SV = 17> <Delay = 1.16>
ST_18 : Operation 139 [19/36] (1.16ns)   --->   "%w = urem i32 %add_ln, i32 228" [/home/centos/CS133-lab4/lab4/lib/cnn-krnl.h:187]   --->   Operation 139 'urem' 'w' <Predicate = (and_ln186)> <Delay = 1.16> <CoreInst = "Divider">   --->   Core 6 'Divider' <Latency = 35> <II = 1> <Delay = 1.16> <FuncUnit> <Opcode : 'sdiv' 'srem' 'udiv' 'urem'> <InPorts = 2> <OutPorts = 1>

State 19 <SV = 18> <Delay = 1.16>
ST_19 : Operation 140 [18/36] (1.16ns)   --->   "%w = urem i32 %add_ln, i32 228" [/home/centos/CS133-lab4/lab4/lib/cnn-krnl.h:187]   --->   Operation 140 'urem' 'w' <Predicate = (and_ln186)> <Delay = 1.16> <CoreInst = "Divider">   --->   Core 6 'Divider' <Latency = 35> <II = 1> <Delay = 1.16> <FuncUnit> <Opcode : 'sdiv' 'srem' 'udiv' 'urem'> <InPorts = 2> <OutPorts = 1>

State 20 <SV = 19> <Delay = 1.16>
ST_20 : Operation 141 [17/36] (1.16ns)   --->   "%w = urem i32 %add_ln, i32 228" [/home/centos/CS133-lab4/lab4/lib/cnn-krnl.h:187]   --->   Operation 141 'urem' 'w' <Predicate = (and_ln186)> <Delay = 1.16> <CoreInst = "Divider">   --->   Core 6 'Divider' <Latency = 35> <II = 1> <Delay = 1.16> <FuncUnit> <Opcode : 'sdiv' 'srem' 'udiv' 'urem'> <InPorts = 2> <OutPorts = 1>

State 21 <SV = 20> <Delay = 1.16>
ST_21 : Operation 142 [16/36] (1.16ns)   --->   "%w = urem i32 %add_ln, i32 228" [/home/centos/CS133-lab4/lab4/lib/cnn-krnl.h:187]   --->   Operation 142 'urem' 'w' <Predicate = (and_ln186)> <Delay = 1.16> <CoreInst = "Divider">   --->   Core 6 'Divider' <Latency = 35> <II = 1> <Delay = 1.16> <FuncUnit> <Opcode : 'sdiv' 'srem' 'udiv' 'urem'> <InPorts = 2> <OutPorts = 1>

State 22 <SV = 21> <Delay = 1.16>
ST_22 : Operation 143 [15/36] (1.16ns)   --->   "%w = urem i32 %add_ln, i32 228" [/home/centos/CS133-lab4/lab4/lib/cnn-krnl.h:187]   --->   Operation 143 'urem' 'w' <Predicate = (and_ln186)> <Delay = 1.16> <CoreInst = "Divider">   --->   Core 6 'Divider' <Latency = 35> <II = 1> <Delay = 1.16> <FuncUnit> <Opcode : 'sdiv' 'srem' 'udiv' 'urem'> <InPorts = 2> <OutPorts = 1>

State 23 <SV = 22> <Delay = 1.16>
ST_23 : Operation 144 [14/36] (1.16ns)   --->   "%w = urem i32 %add_ln, i32 228" [/home/centos/CS133-lab4/lab4/lib/cnn-krnl.h:187]   --->   Operation 144 'urem' 'w' <Predicate = (and_ln186)> <Delay = 1.16> <CoreInst = "Divider">   --->   Core 6 'Divider' <Latency = 35> <II = 1> <Delay = 1.16> <FuncUnit> <Opcode : 'sdiv' 'srem' 'udiv' 'urem'> <InPorts = 2> <OutPorts = 1>

State 24 <SV = 23> <Delay = 1.16>
ST_24 : Operation 145 [13/36] (1.16ns)   --->   "%w = urem i32 %add_ln, i32 228" [/home/centos/CS133-lab4/lab4/lib/cnn-krnl.h:187]   --->   Operation 145 'urem' 'w' <Predicate = (and_ln186)> <Delay = 1.16> <CoreInst = "Divider">   --->   Core 6 'Divider' <Latency = 35> <II = 1> <Delay = 1.16> <FuncUnit> <Opcode : 'sdiv' 'srem' 'udiv' 'urem'> <InPorts = 2> <OutPorts = 1>

State 25 <SV = 24> <Delay = 1.16>
ST_25 : Operation 146 [12/36] (1.16ns)   --->   "%w = urem i32 %add_ln, i32 228" [/home/centos/CS133-lab4/lab4/lib/cnn-krnl.h:187]   --->   Operation 146 'urem' 'w' <Predicate = (and_ln186)> <Delay = 1.16> <CoreInst = "Divider">   --->   Core 6 'Divider' <Latency = 35> <II = 1> <Delay = 1.16> <FuncUnit> <Opcode : 'sdiv' 'srem' 'udiv' 'urem'> <InPorts = 2> <OutPorts = 1>

State 26 <SV = 25> <Delay = 1.16>
ST_26 : Operation 147 [11/36] (1.16ns)   --->   "%w = urem i32 %add_ln, i32 228" [/home/centos/CS133-lab4/lab4/lib/cnn-krnl.h:187]   --->   Operation 147 'urem' 'w' <Predicate = (and_ln186)> <Delay = 1.16> <CoreInst = "Divider">   --->   Core 6 'Divider' <Latency = 35> <II = 1> <Delay = 1.16> <FuncUnit> <Opcode : 'sdiv' 'srem' 'udiv' 'urem'> <InPorts = 2> <OutPorts = 1>

State 27 <SV = 26> <Delay = 1.16>
ST_27 : Operation 148 [10/36] (1.16ns)   --->   "%w = urem i32 %add_ln, i32 228" [/home/centos/CS133-lab4/lab4/lib/cnn-krnl.h:187]   --->   Operation 148 'urem' 'w' <Predicate = (and_ln186)> <Delay = 1.16> <CoreInst = "Divider">   --->   Core 6 'Divider' <Latency = 35> <II = 1> <Delay = 1.16> <FuncUnit> <Opcode : 'sdiv' 'srem' 'udiv' 'urem'> <InPorts = 2> <OutPorts = 1>

State 28 <SV = 27> <Delay = 1.16>
ST_28 : Operation 149 [9/36] (1.16ns)   --->   "%w = urem i32 %add_ln, i32 228" [/home/centos/CS133-lab4/lab4/lib/cnn-krnl.h:187]   --->   Operation 149 'urem' 'w' <Predicate = (and_ln186)> <Delay = 1.16> <CoreInst = "Divider">   --->   Core 6 'Divider' <Latency = 35> <II = 1> <Delay = 1.16> <FuncUnit> <Opcode : 'sdiv' 'srem' 'udiv' 'urem'> <InPorts = 2> <OutPorts = 1>

State 29 <SV = 28> <Delay = 1.16>
ST_29 : Operation 150 [8/36] (1.16ns)   --->   "%w = urem i32 %add_ln, i32 228" [/home/centos/CS133-lab4/lab4/lib/cnn-krnl.h:187]   --->   Operation 150 'urem' 'w' <Predicate = (and_ln186)> <Delay = 1.16> <CoreInst = "Divider">   --->   Core 6 'Divider' <Latency = 35> <II = 1> <Delay = 1.16> <FuncUnit> <Opcode : 'sdiv' 'srem' 'udiv' 'urem'> <InPorts = 2> <OutPorts = 1>

State 30 <SV = 29> <Delay = 1.16>
ST_30 : Operation 151 [7/36] (1.16ns)   --->   "%w = urem i32 %add_ln, i32 228" [/home/centos/CS133-lab4/lab4/lib/cnn-krnl.h:187]   --->   Operation 151 'urem' 'w' <Predicate = (and_ln186)> <Delay = 1.16> <CoreInst = "Divider">   --->   Core 6 'Divider' <Latency = 35> <II = 1> <Delay = 1.16> <FuncUnit> <Opcode : 'sdiv' 'srem' 'udiv' 'urem'> <InPorts = 2> <OutPorts = 1>

State 31 <SV = 30> <Delay = 1.16>
ST_31 : Operation 152 [6/36] (1.16ns)   --->   "%w = urem i32 %add_ln, i32 228" [/home/centos/CS133-lab4/lab4/lib/cnn-krnl.h:187]   --->   Operation 152 'urem' 'w' <Predicate = (and_ln186)> <Delay = 1.16> <CoreInst = "Divider">   --->   Core 6 'Divider' <Latency = 35> <II = 1> <Delay = 1.16> <FuncUnit> <Opcode : 'sdiv' 'srem' 'udiv' 'urem'> <InPorts = 2> <OutPorts = 1>

State 32 <SV = 31> <Delay = 1.16>
ST_32 : Operation 153 [5/36] (1.16ns)   --->   "%w = urem i32 %add_ln, i32 228" [/home/centos/CS133-lab4/lab4/lib/cnn-krnl.h:187]   --->   Operation 153 'urem' 'w' <Predicate = (and_ln186)> <Delay = 1.16> <CoreInst = "Divider">   --->   Core 6 'Divider' <Latency = 35> <II = 1> <Delay = 1.16> <FuncUnit> <Opcode : 'sdiv' 'srem' 'udiv' 'urem'> <InPorts = 2> <OutPorts = 1>

State 33 <SV = 32> <Delay = 1.16>
ST_33 : Operation 154 [4/36] (1.16ns)   --->   "%w = urem i32 %add_ln, i32 228" [/home/centos/CS133-lab4/lab4/lib/cnn-krnl.h:187]   --->   Operation 154 'urem' 'w' <Predicate = (and_ln186)> <Delay = 1.16> <CoreInst = "Divider">   --->   Core 6 'Divider' <Latency = 35> <II = 1> <Delay = 1.16> <FuncUnit> <Opcode : 'sdiv' 'srem' 'udiv' 'urem'> <InPorts = 2> <OutPorts = 1>

State 34 <SV = 33> <Delay = 1.16>
ST_34 : Operation 155 [3/36] (1.16ns)   --->   "%w = urem i32 %add_ln, i32 228" [/home/centos/CS133-lab4/lab4/lib/cnn-krnl.h:187]   --->   Operation 155 'urem' 'w' <Predicate = (and_ln186)> <Delay = 1.16> <CoreInst = "Divider">   --->   Core 6 'Divider' <Latency = 35> <II = 1> <Delay = 1.16> <FuncUnit> <Opcode : 'sdiv' 'srem' 'udiv' 'urem'> <InPorts = 2> <OutPorts = 1>

State 35 <SV = 34> <Delay = 1.16>
ST_35 : Operation 156 [2/36] (1.16ns)   --->   "%w = urem i32 %add_ln, i32 228" [/home/centos/CS133-lab4/lab4/lib/cnn-krnl.h:187]   --->   Operation 156 'urem' 'w' <Predicate = (and_ln186)> <Delay = 1.16> <CoreInst = "Divider">   --->   Core 6 'Divider' <Latency = 35> <II = 1> <Delay = 1.16> <FuncUnit> <Opcode : 'sdiv' 'srem' 'udiv' 'urem'> <InPorts = 2> <OutPorts = 1>

State 36 <SV = 35> <Delay = 1.87>
ST_36 : Operation 157 [1/36] (1.16ns)   --->   "%w = urem i32 %add_ln, i32 228" [/home/centos/CS133-lab4/lab4/lib/cnn-krnl.h:187]   --->   Operation 157 'urem' 'w' <Predicate = (and_ln186)> <Delay = 1.16> <CoreInst = "Divider">   --->   Core 6 'Divider' <Latency = 35> <II = 1> <Delay = 1.16> <FuncUnit> <Opcode : 'sdiv' 'srem' 'udiv' 'urem'> <InPorts = 2> <OutPorts = 1>
ST_36 : Operation 158 [1/1] (0.00ns)   --->   "%trunc_ln187 = trunc i8 %w" [/home/centos/CS133-lab4/lab4/lib/cnn-krnl.h:187]   --->   Operation 158 'trunc' 'trunc_ln187' <Predicate = (and_ln186)> <Delay = 0.00>
ST_36 : Operation 159 [1/1] (0.00ns)   --->   "%zext_ln187 = zext i8 %trunc_ln187" [/home/centos/CS133-lab4/lab4/lib/cnn-krnl.h:187]   --->   Operation 159 'zext' 'zext_ln187' <Predicate = (and_ln186)> <Delay = 0.00>
ST_36 : Operation 160 [1/1] (0.70ns)   --->   "%sub_ln189 = sub i9 %zext_ln187, i9 %zext_ln163_2_cast" [/home/centos/CS133-lab4/lab4/lib/cnn-krnl.h:189]   --->   Operation 160 'sub' 'sub_ln189' <Predicate = (and_ln186)> <Delay = 0.70> <CoreInst = "Adder">   --->   Core 1 'Adder' <Latency = 0> <II = 1> <Delay = 0.79> <FuncUnit> <Opcode : 'add' 'sub'> <InPorts = 2> <OutPorts = 1>

State 37 <SV = 36> <Delay = 2.27>
ST_37 : Operation 161 [1/1] (0.00ns)   --->   "%sext_ln189 = sext i9 %sub_ln189" [/home/centos/CS133-lab4/lab4/lib/cnn-krnl.h:189]   --->   Operation 161 'sext' 'sext_ln189' <Predicate = (and_ln186)> <Delay = 0.00>
ST_37 : Operation 162 [36/36] (1.16ns)   --->   "%urem_ln189 = urem i32 %sext_ln189, i32 5" [/home/centos/CS133-lab4/lab4/lib/cnn-krnl.h:189]   --->   Operation 162 'urem' 'urem_ln189' <Predicate = (and_ln186)> <Delay = 1.16> <CoreInst = "Divider">   --->   Core 6 'Divider' <Latency = 35> <II = 1> <Delay = 1.16> <FuncUnit> <Opcode : 'sdiv' 'srem' 'udiv' 'urem'> <InPorts = 2> <OutPorts = 1>
ST_37 : Operation 163 [1/1] (0.00ns)   --->   "%zext_ln189 = zext i32 %sext_ln189" [/home/centos/CS133-lab4/lab4/lib/cnn-krnl.h:189]   --->   Operation 163 'zext' 'zext_ln189' <Predicate = (and_ln186)> <Delay = 0.00>
ST_37 : Operation 164 [2/2] (2.27ns)   --->   "%mul_ln189 = mul i65 %zext_ln189, i65 6871947674" [/home/centos/CS133-lab4/lab4/lib/cnn-krnl.h:189]   --->   Operation 164 'mul' 'mul_ln189' <Predicate = (and_ln186)> <Delay = 2.27> <CoreInst = "Multiplier">   --->   Core 3 'Multiplier' <Latency = 1> <II = 1> <Delay = 2.27> <FuncUnit> <Opcode : 'mul'> <InPorts = 2> <OutPorts = 1>

State 38 <SV = 37> <Delay = 2.27>
ST_38 : Operation 165 [35/36] (1.16ns)   --->   "%urem_ln189 = urem i32 %sext_ln189, i32 5" [/home/centos/CS133-lab4/lab4/lib/cnn-krnl.h:189]   --->   Operation 165 'urem' 'urem_ln189' <Predicate = (and_ln186)> <Delay = 1.16> <CoreInst = "Divider">   --->   Core 6 'Divider' <Latency = 35> <II = 1> <Delay = 1.16> <FuncUnit> <Opcode : 'sdiv' 'srem' 'udiv' 'urem'> <InPorts = 2> <OutPorts = 1>
ST_38 : Operation 166 [1/2] (2.27ns)   --->   "%mul_ln189 = mul i65 %zext_ln189, i65 6871947674" [/home/centos/CS133-lab4/lab4/lib/cnn-krnl.h:189]   --->   Operation 166 'mul' 'mul_ln189' <Predicate = (and_ln186)> <Delay = 2.27> <CoreInst = "Multiplier">   --->   Core 3 'Multiplier' <Latency = 1> <II = 1> <Delay = 2.27> <FuncUnit> <Opcode : 'mul'> <InPorts = 2> <OutPorts = 1>
ST_38 : Operation 167 [1/1] (0.00ns)   --->   "%udiv_ln189_1_cast = partselect i18 @_ssdm_op_PartSelect.i18.i65.i32.i32, i65 %mul_ln189, i32 35, i32 52" [/home/centos/CS133-lab4/lab4/lib/cnn-krnl.h:189]   --->   Operation 167 'partselect' 'udiv_ln189_1_cast' <Predicate = (and_ln186)> <Delay = 0.00>

State 39 <SV = 38> <Delay = 1.16>
ST_39 : Operation 168 [34/36] (1.16ns)   --->   "%urem_ln189 = urem i32 %sext_ln189, i32 5" [/home/centos/CS133-lab4/lab4/lib/cnn-krnl.h:189]   --->   Operation 168 'urem' 'urem_ln189' <Predicate = (and_ln186)> <Delay = 1.16> <CoreInst = "Divider">   --->   Core 6 'Divider' <Latency = 35> <II = 1> <Delay = 1.16> <FuncUnit> <Opcode : 'sdiv' 'srem' 'udiv' 'urem'> <InPorts = 2> <OutPorts = 1>

State 40 <SV = 39> <Delay = 1.16>
ST_40 : Operation 169 [33/36] (1.16ns)   --->   "%urem_ln189 = urem i32 %sext_ln189, i32 5" [/home/centos/CS133-lab4/lab4/lib/cnn-krnl.h:189]   --->   Operation 169 'urem' 'urem_ln189' <Predicate = (and_ln186)> <Delay = 1.16> <CoreInst = "Divider">   --->   Core 6 'Divider' <Latency = 35> <II = 1> <Delay = 1.16> <FuncUnit> <Opcode : 'sdiv' 'srem' 'udiv' 'urem'> <InPorts = 2> <OutPorts = 1>

State 41 <SV = 40> <Delay = 1.16>
ST_41 : Operation 170 [32/36] (1.16ns)   --->   "%urem_ln189 = urem i32 %sext_ln189, i32 5" [/home/centos/CS133-lab4/lab4/lib/cnn-krnl.h:189]   --->   Operation 170 'urem' 'urem_ln189' <Predicate = (and_ln186)> <Delay = 1.16> <CoreInst = "Divider">   --->   Core 6 'Divider' <Latency = 35> <II = 1> <Delay = 1.16> <FuncUnit> <Opcode : 'sdiv' 'srem' 'udiv' 'urem'> <InPorts = 2> <OutPorts = 1>

State 42 <SV = 41> <Delay = 1.16>
ST_42 : Operation 171 [31/36] (1.16ns)   --->   "%urem_ln189 = urem i32 %sext_ln189, i32 5" [/home/centos/CS133-lab4/lab4/lib/cnn-krnl.h:189]   --->   Operation 171 'urem' 'urem_ln189' <Predicate = (and_ln186)> <Delay = 1.16> <CoreInst = "Divider">   --->   Core 6 'Divider' <Latency = 35> <II = 1> <Delay = 1.16> <FuncUnit> <Opcode : 'sdiv' 'srem' 'udiv' 'urem'> <InPorts = 2> <OutPorts = 1>

State 43 <SV = 42> <Delay = 1.16>
ST_43 : Operation 172 [30/36] (1.16ns)   --->   "%urem_ln189 = urem i32 %sext_ln189, i32 5" [/home/centos/CS133-lab4/lab4/lib/cnn-krnl.h:189]   --->   Operation 172 'urem' 'urem_ln189' <Predicate = (and_ln186)> <Delay = 1.16> <CoreInst = "Divider">   --->   Core 6 'Divider' <Latency = 35> <II = 1> <Delay = 1.16> <FuncUnit> <Opcode : 'sdiv' 'srem' 'udiv' 'urem'> <InPorts = 2> <OutPorts = 1>

State 44 <SV = 43> <Delay = 1.16>
ST_44 : Operation 173 [29/36] (1.16ns)   --->   "%urem_ln189 = urem i32 %sext_ln189, i32 5" [/home/centos/CS133-lab4/lab4/lib/cnn-krnl.h:189]   --->   Operation 173 'urem' 'urem_ln189' <Predicate = (and_ln186)> <Delay = 1.16> <CoreInst = "Divider">   --->   Core 6 'Divider' <Latency = 35> <II = 1> <Delay = 1.16> <FuncUnit> <Opcode : 'sdiv' 'srem' 'udiv' 'urem'> <InPorts = 2> <OutPorts = 1>

State 45 <SV = 44> <Delay = 1.16>
ST_45 : Operation 174 [28/36] (1.16ns)   --->   "%urem_ln189 = urem i32 %sext_ln189, i32 5" [/home/centos/CS133-lab4/lab4/lib/cnn-krnl.h:189]   --->   Operation 174 'urem' 'urem_ln189' <Predicate = (and_ln186)> <Delay = 1.16> <CoreInst = "Divider">   --->   Core 6 'Divider' <Latency = 35> <II = 1> <Delay = 1.16> <FuncUnit> <Opcode : 'sdiv' 'srem' 'udiv' 'urem'> <InPorts = 2> <OutPorts = 1>

State 46 <SV = 45> <Delay = 1.16>
ST_46 : Operation 175 [27/36] (1.16ns)   --->   "%urem_ln189 = urem i32 %sext_ln189, i32 5" [/home/centos/CS133-lab4/lab4/lib/cnn-krnl.h:189]   --->   Operation 175 'urem' 'urem_ln189' <Predicate = (and_ln186)> <Delay = 1.16> <CoreInst = "Divider">   --->   Core 6 'Divider' <Latency = 35> <II = 1> <Delay = 1.16> <FuncUnit> <Opcode : 'sdiv' 'srem' 'udiv' 'urem'> <InPorts = 2> <OutPorts = 1>

State 47 <SV = 46> <Delay = 1.16>
ST_47 : Operation 176 [26/36] (1.16ns)   --->   "%urem_ln189 = urem i32 %sext_ln189, i32 5" [/home/centos/CS133-lab4/lab4/lib/cnn-krnl.h:189]   --->   Operation 176 'urem' 'urem_ln189' <Predicate = (and_ln186)> <Delay = 1.16> <CoreInst = "Divider">   --->   Core 6 'Divider' <Latency = 35> <II = 1> <Delay = 1.16> <FuncUnit> <Opcode : 'sdiv' 'srem' 'udiv' 'urem'> <InPorts = 2> <OutPorts = 1>

State 48 <SV = 47> <Delay = 1.16>
ST_48 : Operation 177 [25/36] (1.16ns)   --->   "%urem_ln189 = urem i32 %sext_ln189, i32 5" [/home/centos/CS133-lab4/lab4/lib/cnn-krnl.h:189]   --->   Operation 177 'urem' 'urem_ln189' <Predicate = (and_ln186)> <Delay = 1.16> <CoreInst = "Divider">   --->   Core 6 'Divider' <Latency = 35> <II = 1> <Delay = 1.16> <FuncUnit> <Opcode : 'sdiv' 'srem' 'udiv' 'urem'> <InPorts = 2> <OutPorts = 1>

State 49 <SV = 48> <Delay = 1.16>
ST_49 : Operation 178 [24/36] (1.16ns)   --->   "%urem_ln189 = urem i32 %sext_ln189, i32 5" [/home/centos/CS133-lab4/lab4/lib/cnn-krnl.h:189]   --->   Operation 178 'urem' 'urem_ln189' <Predicate = (and_ln186)> <Delay = 1.16> <CoreInst = "Divider">   --->   Core 6 'Divider' <Latency = 35> <II = 1> <Delay = 1.16> <FuncUnit> <Opcode : 'sdiv' 'srem' 'udiv' 'urem'> <InPorts = 2> <OutPorts = 1>

State 50 <SV = 49> <Delay = 1.16>
ST_50 : Operation 179 [23/36] (1.16ns)   --->   "%urem_ln189 = urem i32 %sext_ln189, i32 5" [/home/centos/CS133-lab4/lab4/lib/cnn-krnl.h:189]   --->   Operation 179 'urem' 'urem_ln189' <Predicate = (and_ln186)> <Delay = 1.16> <CoreInst = "Divider">   --->   Core 6 'Divider' <Latency = 35> <II = 1> <Delay = 1.16> <FuncUnit> <Opcode : 'sdiv' 'srem' 'udiv' 'urem'> <InPorts = 2> <OutPorts = 1>

State 51 <SV = 50> <Delay = 1.16>
ST_51 : Operation 180 [22/36] (1.16ns)   --->   "%urem_ln189 = urem i32 %sext_ln189, i32 5" [/home/centos/CS133-lab4/lab4/lib/cnn-krnl.h:189]   --->   Operation 180 'urem' 'urem_ln189' <Predicate = (and_ln186)> <Delay = 1.16> <CoreInst = "Divider">   --->   Core 6 'Divider' <Latency = 35> <II = 1> <Delay = 1.16> <FuncUnit> <Opcode : 'sdiv' 'srem' 'udiv' 'urem'> <InPorts = 2> <OutPorts = 1>

State 52 <SV = 51> <Delay = 1.16>
ST_52 : Operation 181 [21/36] (1.16ns)   --->   "%urem_ln189 = urem i32 %sext_ln189, i32 5" [/home/centos/CS133-lab4/lab4/lib/cnn-krnl.h:189]   --->   Operation 181 'urem' 'urem_ln189' <Predicate = (and_ln186)> <Delay = 1.16> <CoreInst = "Divider">   --->   Core 6 'Divider' <Latency = 35> <II = 1> <Delay = 1.16> <FuncUnit> <Opcode : 'sdiv' 'srem' 'udiv' 'urem'> <InPorts = 2> <OutPorts = 1>

State 53 <SV = 52> <Delay = 1.16>
ST_53 : Operation 182 [20/36] (1.16ns)   --->   "%urem_ln189 = urem i32 %sext_ln189, i32 5" [/home/centos/CS133-lab4/lab4/lib/cnn-krnl.h:189]   --->   Operation 182 'urem' 'urem_ln189' <Predicate = (and_ln186)> <Delay = 1.16> <CoreInst = "Divider">   --->   Core 6 'Divider' <Latency = 35> <II = 1> <Delay = 1.16> <FuncUnit> <Opcode : 'sdiv' 'srem' 'udiv' 'urem'> <InPorts = 2> <OutPorts = 1>

State 54 <SV = 53> <Delay = 1.16>
ST_54 : Operation 183 [19/36] (1.16ns)   --->   "%urem_ln189 = urem i32 %sext_ln189, i32 5" [/home/centos/CS133-lab4/lab4/lib/cnn-krnl.h:189]   --->   Operation 183 'urem' 'urem_ln189' <Predicate = (and_ln186)> <Delay = 1.16> <CoreInst = "Divider">   --->   Core 6 'Divider' <Latency = 35> <II = 1> <Delay = 1.16> <FuncUnit> <Opcode : 'sdiv' 'srem' 'udiv' 'urem'> <InPorts = 2> <OutPorts = 1>

State 55 <SV = 54> <Delay = 1.16>
ST_55 : Operation 184 [18/36] (1.16ns)   --->   "%urem_ln189 = urem i32 %sext_ln189, i32 5" [/home/centos/CS133-lab4/lab4/lib/cnn-krnl.h:189]   --->   Operation 184 'urem' 'urem_ln189' <Predicate = (and_ln186)> <Delay = 1.16> <CoreInst = "Divider">   --->   Core 6 'Divider' <Latency = 35> <II = 1> <Delay = 1.16> <FuncUnit> <Opcode : 'sdiv' 'srem' 'udiv' 'urem'> <InPorts = 2> <OutPorts = 1>

State 56 <SV = 55> <Delay = 1.16>
ST_56 : Operation 185 [17/36] (1.16ns)   --->   "%urem_ln189 = urem i32 %sext_ln189, i32 5" [/home/centos/CS133-lab4/lab4/lib/cnn-krnl.h:189]   --->   Operation 185 'urem' 'urem_ln189' <Predicate = (and_ln186)> <Delay = 1.16> <CoreInst = "Divider">   --->   Core 6 'Divider' <Latency = 35> <II = 1> <Delay = 1.16> <FuncUnit> <Opcode : 'sdiv' 'srem' 'udiv' 'urem'> <InPorts = 2> <OutPorts = 1>

State 57 <SV = 56> <Delay = 1.16>
ST_57 : Operation 186 [16/36] (1.16ns)   --->   "%urem_ln189 = urem i32 %sext_ln189, i32 5" [/home/centos/CS133-lab4/lab4/lib/cnn-krnl.h:189]   --->   Operation 186 'urem' 'urem_ln189' <Predicate = (and_ln186)> <Delay = 1.16> <CoreInst = "Divider">   --->   Core 6 'Divider' <Latency = 35> <II = 1> <Delay = 1.16> <FuncUnit> <Opcode : 'sdiv' 'srem' 'udiv' 'urem'> <InPorts = 2> <OutPorts = 1>

State 58 <SV = 57> <Delay = 1.16>
ST_58 : Operation 187 [15/36] (1.16ns)   --->   "%urem_ln189 = urem i32 %sext_ln189, i32 5" [/home/centos/CS133-lab4/lab4/lib/cnn-krnl.h:189]   --->   Operation 187 'urem' 'urem_ln189' <Predicate = (and_ln186)> <Delay = 1.16> <CoreInst = "Divider">   --->   Core 6 'Divider' <Latency = 35> <II = 1> <Delay = 1.16> <FuncUnit> <Opcode : 'sdiv' 'srem' 'udiv' 'urem'> <InPorts = 2> <OutPorts = 1>

State 59 <SV = 58> <Delay = 1.16>
ST_59 : Operation 188 [14/36] (1.16ns)   --->   "%urem_ln189 = urem i32 %sext_ln189, i32 5" [/home/centos/CS133-lab4/lab4/lib/cnn-krnl.h:189]   --->   Operation 188 'urem' 'urem_ln189' <Predicate = (and_ln186)> <Delay = 1.16> <CoreInst = "Divider">   --->   Core 6 'Divider' <Latency = 35> <II = 1> <Delay = 1.16> <FuncUnit> <Opcode : 'sdiv' 'srem' 'udiv' 'urem'> <InPorts = 2> <OutPorts = 1>

State 60 <SV = 59> <Delay = 1.16>
ST_60 : Operation 189 [13/36] (1.16ns)   --->   "%urem_ln189 = urem i32 %sext_ln189, i32 5" [/home/centos/CS133-lab4/lab4/lib/cnn-krnl.h:189]   --->   Operation 189 'urem' 'urem_ln189' <Predicate = (and_ln186)> <Delay = 1.16> <CoreInst = "Divider">   --->   Core 6 'Divider' <Latency = 35> <II = 1> <Delay = 1.16> <FuncUnit> <Opcode : 'sdiv' 'srem' 'udiv' 'urem'> <InPorts = 2> <OutPorts = 1>

State 61 <SV = 60> <Delay = 1.16>
ST_61 : Operation 190 [12/36] (1.16ns)   --->   "%urem_ln189 = urem i32 %sext_ln189, i32 5" [/home/centos/CS133-lab4/lab4/lib/cnn-krnl.h:189]   --->   Operation 190 'urem' 'urem_ln189' <Predicate = (and_ln186)> <Delay = 1.16> <CoreInst = "Divider">   --->   Core 6 'Divider' <Latency = 35> <II = 1> <Delay = 1.16> <FuncUnit> <Opcode : 'sdiv' 'srem' 'udiv' 'urem'> <InPorts = 2> <OutPorts = 1>

State 62 <SV = 61> <Delay = 1.16>
ST_62 : Operation 191 [11/36] (1.16ns)   --->   "%urem_ln189 = urem i32 %sext_ln189, i32 5" [/home/centos/CS133-lab4/lab4/lib/cnn-krnl.h:189]   --->   Operation 191 'urem' 'urem_ln189' <Predicate = (and_ln186)> <Delay = 1.16> <CoreInst = "Divider">   --->   Core 6 'Divider' <Latency = 35> <II = 1> <Delay = 1.16> <FuncUnit> <Opcode : 'sdiv' 'srem' 'udiv' 'urem'> <InPorts = 2> <OutPorts = 1>

State 63 <SV = 62> <Delay = 1.16>
ST_63 : Operation 192 [10/36] (1.16ns)   --->   "%urem_ln189 = urem i32 %sext_ln189, i32 5" [/home/centos/CS133-lab4/lab4/lib/cnn-krnl.h:189]   --->   Operation 192 'urem' 'urem_ln189' <Predicate = (and_ln186)> <Delay = 1.16> <CoreInst = "Divider">   --->   Core 6 'Divider' <Latency = 35> <II = 1> <Delay = 1.16> <FuncUnit> <Opcode : 'sdiv' 'srem' 'udiv' 'urem'> <InPorts = 2> <OutPorts = 1>

State 64 <SV = 63> <Delay = 1.16>
ST_64 : Operation 193 [9/36] (1.16ns)   --->   "%urem_ln189 = urem i32 %sext_ln189, i32 5" [/home/centos/CS133-lab4/lab4/lib/cnn-krnl.h:189]   --->   Operation 193 'urem' 'urem_ln189' <Predicate = (and_ln186)> <Delay = 1.16> <CoreInst = "Divider">   --->   Core 6 'Divider' <Latency = 35> <II = 1> <Delay = 1.16> <FuncUnit> <Opcode : 'sdiv' 'srem' 'udiv' 'urem'> <InPorts = 2> <OutPorts = 1>

State 65 <SV = 64> <Delay = 1.16>
ST_65 : Operation 194 [8/36] (1.16ns)   --->   "%urem_ln189 = urem i32 %sext_ln189, i32 5" [/home/centos/CS133-lab4/lab4/lib/cnn-krnl.h:189]   --->   Operation 194 'urem' 'urem_ln189' <Predicate = (and_ln186)> <Delay = 1.16> <CoreInst = "Divider">   --->   Core 6 'Divider' <Latency = 35> <II = 1> <Delay = 1.16> <FuncUnit> <Opcode : 'sdiv' 'srem' 'udiv' 'urem'> <InPorts = 2> <OutPorts = 1>

State 66 <SV = 65> <Delay = 1.16>
ST_66 : Operation 195 [7/36] (1.16ns)   --->   "%urem_ln189 = urem i32 %sext_ln189, i32 5" [/home/centos/CS133-lab4/lab4/lib/cnn-krnl.h:189]   --->   Operation 195 'urem' 'urem_ln189' <Predicate = (and_ln186)> <Delay = 1.16> <CoreInst = "Divider">   --->   Core 6 'Divider' <Latency = 35> <II = 1> <Delay = 1.16> <FuncUnit> <Opcode : 'sdiv' 'srem' 'udiv' 'urem'> <InPorts = 2> <OutPorts = 1>

State 67 <SV = 66> <Delay = 1.16>
ST_67 : Operation 196 [6/36] (1.16ns)   --->   "%urem_ln189 = urem i32 %sext_ln189, i32 5" [/home/centos/CS133-lab4/lab4/lib/cnn-krnl.h:189]   --->   Operation 196 'urem' 'urem_ln189' <Predicate = (and_ln186)> <Delay = 1.16> <CoreInst = "Divider">   --->   Core 6 'Divider' <Latency = 35> <II = 1> <Delay = 1.16> <FuncUnit> <Opcode : 'sdiv' 'srem' 'udiv' 'urem'> <InPorts = 2> <OutPorts = 1>

State 68 <SV = 67> <Delay = 1.16>
ST_68 : Operation 197 [5/36] (1.16ns)   --->   "%urem_ln189 = urem i32 %sext_ln189, i32 5" [/home/centos/CS133-lab4/lab4/lib/cnn-krnl.h:189]   --->   Operation 197 'urem' 'urem_ln189' <Predicate = (and_ln186)> <Delay = 1.16> <CoreInst = "Divider">   --->   Core 6 'Divider' <Latency = 35> <II = 1> <Delay = 1.16> <FuncUnit> <Opcode : 'sdiv' 'srem' 'udiv' 'urem'> <InPorts = 2> <OutPorts = 1>

State 69 <SV = 68> <Delay = 1.16>
ST_69 : Operation 198 [4/36] (1.16ns)   --->   "%urem_ln189 = urem i32 %sext_ln189, i32 5" [/home/centos/CS133-lab4/lab4/lib/cnn-krnl.h:189]   --->   Operation 198 'urem' 'urem_ln189' <Predicate = (and_ln186)> <Delay = 1.16> <CoreInst = "Divider">   --->   Core 6 'Divider' <Latency = 35> <II = 1> <Delay = 1.16> <FuncUnit> <Opcode : 'sdiv' 'srem' 'udiv' 'urem'> <InPorts = 2> <OutPorts = 1>

State 70 <SV = 69> <Delay = 1.16>
ST_70 : Operation 199 [3/36] (1.16ns)   --->   "%urem_ln189 = urem i32 %sext_ln189, i32 5" [/home/centos/CS133-lab4/lab4/lib/cnn-krnl.h:189]   --->   Operation 199 'urem' 'urem_ln189' <Predicate = (and_ln186)> <Delay = 1.16> <CoreInst = "Divider">   --->   Core 6 'Divider' <Latency = 35> <II = 1> <Delay = 1.16> <FuncUnit> <Opcode : 'sdiv' 'srem' 'udiv' 'urem'> <InPorts = 2> <OutPorts = 1>

State 71 <SV = 70> <Delay = 1.16>
ST_71 : Operation 200 [2/36] (1.16ns)   --->   "%urem_ln189 = urem i32 %sext_ln189, i32 5" [/home/centos/CS133-lab4/lab4/lib/cnn-krnl.h:189]   --->   Operation 200 'urem' 'urem_ln189' <Predicate = (and_ln186)> <Delay = 1.16> <CoreInst = "Divider">   --->   Core 6 'Divider' <Latency = 35> <II = 1> <Delay = 1.16> <FuncUnit> <Opcode : 'sdiv' 'srem' 'udiv' 'urem'> <InPorts = 2> <OutPorts = 1>
ST_71 : Operation 291 [1/1] (0.00ns)   --->   "%ret_ln0 = ret"   --->   Operation 291 'ret' 'ret_ln0' <Predicate = (icmp_ln183)> <Delay = 0.00>

State 72 <SV = 71> <Delay = 2.41>
ST_72 : Operation 201 [1/36] (1.16ns)   --->   "%urem_ln189 = urem i32 %sext_ln189, i32 5" [/home/centos/CS133-lab4/lab4/lib/cnn-krnl.h:189]   --->   Operation 201 'urem' 'urem_ln189' <Predicate = (and_ln186)> <Delay = 1.16> <CoreInst = "Divider">   --->   Core 6 'Divider' <Latency = 35> <II = 1> <Delay = 1.16> <FuncUnit> <Opcode : 'sdiv' 'srem' 'udiv' 'urem'> <InPorts = 2> <OutPorts = 1>
ST_72 : Operation 202 [1/1] (0.00ns)   --->   "%trunc_ln189 = trunc i3 %urem_ln189" [/home/centos/CS133-lab4/lab4/lib/cnn-krnl.h:189]   --->   Operation 202 'trunc' 'trunc_ln189' <Predicate = (and_ln186)> <Delay = 0.00>
ST_72 : Operation 203 [1/1] (0.79ns)   --->   "%add_ln189 = add i18 %sub_ln189_2_read, i18 %udiv_ln189_1_cast" [/home/centos/CS133-lab4/lab4/lib/cnn-krnl.h:189]   --->   Operation 203 'add' 'add_ln189' <Predicate = (and_ln186)> <Delay = 0.79> <CoreInst = "Adder">   --->   Core 1 'Adder' <Latency = 0> <II = 1> <Delay = 0.79> <FuncUnit> <Opcode : 'add' 'sub'> <InPorts = 2> <OutPorts = 1>
ST_72 : Operation 204 [1/1] (0.00ns)   --->   "%zext_ln189_1 = zext i18 %add_ln189" [/home/centos/CS133-lab4/lab4/lib/cnn-krnl.h:189]   --->   Operation 204 'zext' 'zext_ln189_1' <Predicate = (and_ln186)> <Delay = 0.00>
ST_72 : Operation 205 [1/1] (0.00ns)   --->   "%input_V_0_0_addr_1 = getelementptr i8 %input_V_0_0, i64 0, i64 %zext_ln189_1" [/home/centos/CS133-lab4/lab4/lib/cnn-krnl.h:189]   --->   Operation 205 'getelementptr' 'input_V_0_0_addr_1' <Predicate = (and_ln186)> <Delay = 0.00>
ST_72 : Operation 206 [1/1] (0.79ns)   --->   "%add_ln189_1 = add i18 %mul_ln189_2_read, i18 %udiv_ln189_1_cast" [/home/centos/CS133-lab4/lab4/lib/cnn-krnl.h:189]   --->   Operation 206 'add' 'add_ln189_1' <Predicate = (and_ln186)> <Delay = 0.79> <CoreInst = "Adder">   --->   Core 1 'Adder' <Latency = 0> <II = 1> <Delay = 0.79> <FuncUnit> <Opcode : 'add' 'sub'> <InPorts = 2> <OutPorts = 1>
ST_72 : Operation 207 [1/1] (0.00ns)   --->   "%zext_ln189_2 = zext i18 %add_ln189_1" [/home/centos/CS133-lab4/lab4/lib/cnn-krnl.h:189]   --->   Operation 207 'zext' 'zext_ln189_2' <Predicate = (and_ln186)> <Delay = 0.00>
ST_72 : Operation 208 [1/1] (0.00ns)   --->   "%input_V_0_1_addr_1 = getelementptr i8 %input_V_0_1, i64 0, i64 %zext_ln189_2" [/home/centos/CS133-lab4/lab4/lib/cnn-krnl.h:189]   --->   Operation 208 'getelementptr' 'input_V_0_1_addr_1' <Predicate = (and_ln186)> <Delay = 0.00>
ST_72 : Operation 209 [1/1] (0.00ns)   --->   "%input_V_0_2_addr_1 = getelementptr i8 %input_V_0_2, i64 0, i64 %zext_ln189_2" [/home/centos/CS133-lab4/lab4/lib/cnn-krnl.h:189]   --->   Operation 209 'getelementptr' 'input_V_0_2_addr_1' <Predicate = (and_ln186)> <Delay = 0.00>
ST_72 : Operation 210 [1/1] (0.00ns)   --->   "%input_V_0_3_addr_1 = getelementptr i8 %input_V_0_3, i64 0, i64 %zext_ln189_2" [/home/centos/CS133-lab4/lab4/lib/cnn-krnl.h:189]   --->   Operation 210 'getelementptr' 'input_V_0_3_addr_1' <Predicate = (and_ln186)> <Delay = 0.00>
ST_72 : Operation 211 [1/1] (0.00ns)   --->   "%input_V_0_4_addr_1 = getelementptr i8 %input_V_0_4, i64 0, i64 %zext_ln189_2" [/home/centos/CS133-lab4/lab4/lib/cnn-krnl.h:189]   --->   Operation 211 'getelementptr' 'input_V_0_4_addr_1' <Predicate = (and_ln186)> <Delay = 0.00>
ST_72 : Operation 212 [1/1] (0.79ns)   --->   "%add_ln189_2 = add i18 %sub_ln189_3_read, i18 %udiv_ln189_1_cast" [/home/centos/CS133-lab4/lab4/lib/cnn-krnl.h:189]   --->   Operation 212 'add' 'add_ln189_2' <Predicate = (and_ln186)> <Delay = 0.79> <CoreInst = "Adder">   --->   Core 1 'Adder' <Latency = 0> <II = 1> <Delay = 0.79> <FuncUnit> <Opcode : 'add' 'sub'> <InPorts = 2> <OutPorts = 1>
ST_72 : Operation 213 [1/1] (0.00ns)   --->   "%zext_ln189_3 = zext i18 %add_ln189_2" [/home/centos/CS133-lab4/lab4/lib/cnn-krnl.h:189]   --->   Operation 213 'zext' 'zext_ln189_3' <Predicate = (and_ln186)> <Delay = 0.00>
ST_72 : Operation 214 [1/1] (0.00ns)   --->   "%input_V_1_0_addr_1 = getelementptr i8 %input_V_1_0, i64 0, i64 %zext_ln189_3" [/home/centos/CS133-lab4/lab4/lib/cnn-krnl.h:189]   --->   Operation 214 'getelementptr' 'input_V_1_0_addr_1' <Predicate = (and_ln186)> <Delay = 0.00>
ST_72 : Operation 215 [1/1] (0.79ns)   --->   "%add_ln189_3 = add i18 %mul_ln189_3_read, i18 %udiv_ln189_1_cast" [/home/centos/CS133-lab4/lab4/lib/cnn-krnl.h:189]   --->   Operation 215 'add' 'add_ln189_3' <Predicate = (and_ln186)> <Delay = 0.79> <CoreInst = "Adder">   --->   Core 1 'Adder' <Latency = 0> <II = 1> <Delay = 0.79> <FuncUnit> <Opcode : 'add' 'sub'> <InPorts = 2> <OutPorts = 1>
ST_72 : Operation 216 [1/1] (0.00ns)   --->   "%zext_ln189_4 = zext i18 %add_ln189_3" [/home/centos/CS133-lab4/lab4/lib/cnn-krnl.h:189]   --->   Operation 216 'zext' 'zext_ln189_4' <Predicate = (and_ln186)> <Delay = 0.00>
ST_72 : Operation 217 [1/1] (0.00ns)   --->   "%input_V_1_1_addr_1 = getelementptr i8 %input_V_1_1, i64 0, i64 %zext_ln189_4" [/home/centos/CS133-lab4/lab4/lib/cnn-krnl.h:189]   --->   Operation 217 'getelementptr' 'input_V_1_1_addr_1' <Predicate = (and_ln186)> <Delay = 0.00>
ST_72 : Operation 218 [1/1] (0.00ns)   --->   "%input_V_1_2_addr_1 = getelementptr i8 %input_V_1_2, i64 0, i64 %zext_ln189_4" [/home/centos/CS133-lab4/lab4/lib/cnn-krnl.h:189]   --->   Operation 218 'getelementptr' 'input_V_1_2_addr_1' <Predicate = (and_ln186)> <Delay = 0.00>
ST_72 : Operation 219 [1/1] (0.00ns)   --->   "%input_V_1_3_addr_1 = getelementptr i8 %input_V_1_3, i64 0, i64 %zext_ln189_4" [/home/centos/CS133-lab4/lab4/lib/cnn-krnl.h:189]   --->   Operation 219 'getelementptr' 'input_V_1_3_addr_1' <Predicate = (and_ln186)> <Delay = 0.00>
ST_72 : Operation 220 [1/1] (0.00ns)   --->   "%input_V_1_4_addr_1 = getelementptr i8 %input_V_1_4, i64 0, i64 %zext_ln189_4" [/home/centos/CS133-lab4/lab4/lib/cnn-krnl.h:189]   --->   Operation 220 'getelementptr' 'input_V_1_4_addr_1' <Predicate = (and_ln186)> <Delay = 0.00>
ST_72 : Operation 221 [1/1] (0.00ns)   --->   "%input_V_2_0_addr_1 = getelementptr i8 %input_V_2_0, i64 0, i64 %zext_ln189_3" [/home/centos/CS133-lab4/lab4/lib/cnn-krnl.h:189]   --->   Operation 221 'getelementptr' 'input_V_2_0_addr_1' <Predicate = (and_ln186)> <Delay = 0.00>
ST_72 : Operation 222 [1/1] (0.00ns)   --->   "%input_V_2_1_addr_1 = getelementptr i8 %input_V_2_1, i64 0, i64 %zext_ln189_4" [/home/centos/CS133-lab4/lab4/lib/cnn-krnl.h:189]   --->   Operation 222 'getelementptr' 'input_V_2_1_addr_1' <Predicate = (and_ln186)> <Delay = 0.00>
ST_72 : Operation 223 [1/1] (0.00ns)   --->   "%input_V_2_2_addr_1 = getelementptr i8 %input_V_2_2, i64 0, i64 %zext_ln189_4" [/home/centos/CS133-lab4/lab4/lib/cnn-krnl.h:189]   --->   Operation 223 'getelementptr' 'input_V_2_2_addr_1' <Predicate = (and_ln186)> <Delay = 0.00>
ST_72 : Operation 224 [1/1] (0.00ns)   --->   "%input_V_2_3_addr_1 = getelementptr i8 %input_V_2_3, i64 0, i64 %zext_ln189_4" [/home/centos/CS133-lab4/lab4/lib/cnn-krnl.h:189]   --->   Operation 224 'getelementptr' 'input_V_2_3_addr_1' <Predicate = (and_ln186)> <Delay = 0.00>
ST_72 : Operation 225 [1/1] (0.00ns)   --->   "%input_V_2_4_addr_1 = getelementptr i8 %input_V_2_4, i64 0, i64 %zext_ln189_4" [/home/centos/CS133-lab4/lab4/lib/cnn-krnl.h:189]   --->   Operation 225 'getelementptr' 'input_V_2_4_addr_1' <Predicate = (and_ln186)> <Delay = 0.00>
ST_72 : Operation 226 [1/1] (0.00ns)   --->   "%input_V_3_0_addr_1 = getelementptr i8 %input_V_3_0, i64 0, i64 %zext_ln189_3" [/home/centos/CS133-lab4/lab4/lib/cnn-krnl.h:189]   --->   Operation 226 'getelementptr' 'input_V_3_0_addr_1' <Predicate = (and_ln186)> <Delay = 0.00>
ST_72 : Operation 227 [1/1] (0.00ns)   --->   "%input_V_3_1_addr_1 = getelementptr i8 %input_V_3_1, i64 0, i64 %zext_ln189_4" [/home/centos/CS133-lab4/lab4/lib/cnn-krnl.h:189]   --->   Operation 227 'getelementptr' 'input_V_3_1_addr_1' <Predicate = (and_ln186)> <Delay = 0.00>
ST_72 : Operation 228 [1/1] (0.00ns)   --->   "%input_V_3_2_addr_1 = getelementptr i8 %input_V_3_2, i64 0, i64 %zext_ln189_4" [/home/centos/CS133-lab4/lab4/lib/cnn-krnl.h:189]   --->   Operation 228 'getelementptr' 'input_V_3_2_addr_1' <Predicate = (and_ln186)> <Delay = 0.00>
ST_72 : Operation 229 [1/1] (0.00ns)   --->   "%input_V_3_3_addr_1 = getelementptr i8 %input_V_3_3, i64 0, i64 %zext_ln189_4" [/home/centos/CS133-lab4/lab4/lib/cnn-krnl.h:189]   --->   Operation 229 'getelementptr' 'input_V_3_3_addr_1' <Predicate = (and_ln186)> <Delay = 0.00>
ST_72 : Operation 230 [1/1] (0.00ns)   --->   "%input_V_3_4_addr_1 = getelementptr i8 %input_V_3_4, i64 0, i64 %zext_ln189_4" [/home/centos/CS133-lab4/lab4/lib/cnn-krnl.h:189]   --->   Operation 230 'getelementptr' 'input_V_3_4_addr_1' <Predicate = (and_ln186)> <Delay = 0.00>
ST_72 : Operation 231 [1/1] (0.00ns)   --->   "%input_V_4_0_addr_1 = getelementptr i8 %input_V_4_0, i64 0, i64 %zext_ln189_3" [/home/centos/CS133-lab4/lab4/lib/cnn-krnl.h:189]   --->   Operation 231 'getelementptr' 'input_V_4_0_addr_1' <Predicate = (and_ln186)> <Delay = 0.00>
ST_72 : Operation 232 [1/1] (0.00ns)   --->   "%input_V_4_1_addr_1 = getelementptr i8 %input_V_4_1, i64 0, i64 %zext_ln189_4" [/home/centos/CS133-lab4/lab4/lib/cnn-krnl.h:189]   --->   Operation 232 'getelementptr' 'input_V_4_1_addr_1' <Predicate = (and_ln186)> <Delay = 0.00>
ST_72 : Operation 233 [1/1] (0.00ns)   --->   "%input_V_4_2_addr_1 = getelementptr i8 %input_V_4_2, i64 0, i64 %zext_ln189_4" [/home/centos/CS133-lab4/lab4/lib/cnn-krnl.h:189]   --->   Operation 233 'getelementptr' 'input_V_4_2_addr_1' <Predicate = (and_ln186)> <Delay = 0.00>
ST_72 : Operation 234 [1/1] (0.00ns)   --->   "%input_V_4_3_addr_1 = getelementptr i8 %input_V_4_3, i64 0, i64 %zext_ln189_4" [/home/centos/CS133-lab4/lab4/lib/cnn-krnl.h:189]   --->   Operation 234 'getelementptr' 'input_V_4_3_addr_1' <Predicate = (and_ln186)> <Delay = 0.00>
ST_72 : Operation 235 [1/1] (0.00ns)   --->   "%input_V_4_4_addr_1 = getelementptr i8 %input_V_4_4, i64 0, i64 %zext_ln189_4" [/home/centos/CS133-lab4/lab4/lib/cnn-krnl.h:189]   --->   Operation 235 'getelementptr' 'input_V_4_4_addr_1' <Predicate = (and_ln186)> <Delay = 0.00>
ST_72 : Operation 236 [1/1] (0.65ns)   --->   "%switch_ln189 = switch i3 %trunc_ln189, void %branch554, i3 0, void %branch550, i3 1, void %branch551, i3 2, void %branch552, i3 3, void %branch553" [/home/centos/CS133-lab4/lab4/lib/cnn-krnl.h:189]   --->   Operation 236 'switch' 'switch_ln189' <Predicate = (and_ln186 & trunc_ln8_read == 3)> <Delay = 0.65>
ST_72 : Operation 237 [1/1] (1.24ns)   --->   "%store_ln189 = store i8 %temp_V, i18 %input_V_3_3_addr_1" [/home/centos/CS133-lab4/lab4/lib/cnn-krnl.h:189]   --->   Operation 237 'store' 'store_ln189' <Predicate = (and_ln186 & trunc_ln8_read == 3 & trunc_ln189 == 3)> <Delay = 1.24> <CoreInst = "RAM">   --->   Core 83 'RAM' <Latency = 1> <II = 1> <Delay = 1.24> <Storage> <Opcode : 'load' 'store'> <Ports = 2> <Width = 8> <Depth = 135424> <RAM>
ST_72 : Operation 238 [1/1] (0.00ns)   --->   "%br_ln189 = br void %branch1331720" [/home/centos/CS133-lab4/lab4/lib/cnn-krnl.h:189]   --->   Operation 238 'br' 'br_ln189' <Predicate = (and_ln186 & trunc_ln8_read == 3 & trunc_ln189 == 3)> <Delay = 0.00>
ST_72 : Operation 239 [1/1] (1.24ns)   --->   "%store_ln189 = store i8 %temp_V, i18 %input_V_3_2_addr_1" [/home/centos/CS133-lab4/lab4/lib/cnn-krnl.h:189]   --->   Operation 239 'store' 'store_ln189' <Predicate = (and_ln186 & trunc_ln8_read == 3 & trunc_ln189 == 2)> <Delay = 1.24> <CoreInst = "RAM">   --->   Core 83 'RAM' <Latency = 1> <II = 1> <Delay = 1.24> <Storage> <Opcode : 'load' 'store'> <Ports = 2> <Width = 8> <Depth = 135424> <RAM>
ST_72 : Operation 240 [1/1] (0.00ns)   --->   "%br_ln189 = br void %branch1331720" [/home/centos/CS133-lab4/lab4/lib/cnn-krnl.h:189]   --->   Operation 240 'br' 'br_ln189' <Predicate = (and_ln186 & trunc_ln8_read == 3 & trunc_ln189 == 2)> <Delay = 0.00>
ST_72 : Operation 241 [1/1] (1.24ns)   --->   "%store_ln189 = store i8 %temp_V, i18 %input_V_3_1_addr_1" [/home/centos/CS133-lab4/lab4/lib/cnn-krnl.h:189]   --->   Operation 241 'store' 'store_ln189' <Predicate = (and_ln186 & trunc_ln8_read == 3 & trunc_ln189 == 1)> <Delay = 1.24> <CoreInst = "RAM">   --->   Core 83 'RAM' <Latency = 1> <II = 1> <Delay = 1.24> <Storage> <Opcode : 'load' 'store'> <Ports = 2> <Width = 8> <Depth = 135424> <RAM>
ST_72 : Operation 242 [1/1] (0.00ns)   --->   "%br_ln189 = br void %branch1331720" [/home/centos/CS133-lab4/lab4/lib/cnn-krnl.h:189]   --->   Operation 242 'br' 'br_ln189' <Predicate = (and_ln186 & trunc_ln8_read == 3 & trunc_ln189 == 1)> <Delay = 0.00>
ST_72 : Operation 243 [1/1] (1.24ns)   --->   "%store_ln189 = store i8 %temp_V, i18 %input_V_3_0_addr_1" [/home/centos/CS133-lab4/lab4/lib/cnn-krnl.h:189]   --->   Operation 243 'store' 'store_ln189' <Predicate = (and_ln186 & trunc_ln8_read == 3 & trunc_ln189 == 0)> <Delay = 1.24> <CoreInst = "RAM">   --->   Core 83 'RAM' <Latency = 1> <II = 1> <Delay = 1.24> <Storage> <Opcode : 'load' 'store'> <Ports = 2> <Width = 8> <Depth = 141312> <RAM>
ST_72 : Operation 244 [1/1] (0.00ns)   --->   "%br_ln189 = br void %branch1331720" [/home/centos/CS133-lab4/lab4/lib/cnn-krnl.h:189]   --->   Operation 244 'br' 'br_ln189' <Predicate = (and_ln186 & trunc_ln8_read == 3 & trunc_ln189 == 0)> <Delay = 0.00>
ST_72 : Operation 245 [1/1] (1.24ns)   --->   "%store_ln189 = store i8 %temp_V, i18 %input_V_3_4_addr_1" [/home/centos/CS133-lab4/lab4/lib/cnn-krnl.h:189]   --->   Operation 245 'store' 'store_ln189' <Predicate = (and_ln186 & trunc_ln8_read == 3 & trunc_ln189 != 0 & trunc_ln189 != 1 & trunc_ln189 != 2 & trunc_ln189 != 3)> <Delay = 1.24> <CoreInst = "RAM">   --->   Core 83 'RAM' <Latency = 1> <II = 1> <Delay = 1.24> <Storage> <Opcode : 'load' 'store'> <Ports = 2> <Width = 8> <Depth = 135424> <RAM>
ST_72 : Operation 246 [1/1] (0.00ns)   --->   "%br_ln189 = br void %branch1331720" [/home/centos/CS133-lab4/lab4/lib/cnn-krnl.h:189]   --->   Operation 246 'br' 'br_ln189' <Predicate = (and_ln186 & trunc_ln8_read == 3 & trunc_ln189 != 0 & trunc_ln189 != 1 & trunc_ln189 != 2 & trunc_ln189 != 3)> <Delay = 0.00>
ST_72 : Operation 247 [1/1] (0.65ns)   --->   "%switch_ln189 = switch i3 %trunc_ln189, void %branch424, i3 0, void %branch420, i3 1, void %branch421, i3 2, void %branch422, i3 3, void %branch423" [/home/centos/CS133-lab4/lab4/lib/cnn-krnl.h:189]   --->   Operation 247 'switch' 'switch_ln189' <Predicate = (and_ln186 & trunc_ln8_read == 2)> <Delay = 0.65>
ST_72 : Operation 248 [1/1] (1.24ns)   --->   "%store_ln189 = store i8 %temp_V, i18 %input_V_2_3_addr_1" [/home/centos/CS133-lab4/lab4/lib/cnn-krnl.h:189]   --->   Operation 248 'store' 'store_ln189' <Predicate = (and_ln186 & trunc_ln8_read == 2 & trunc_ln189 == 3)> <Delay = 1.24> <CoreInst = "RAM">   --->   Core 83 'RAM' <Latency = 1> <II = 1> <Delay = 1.24> <Storage> <Opcode : 'load' 'store'> <Ports = 2> <Width = 8> <Depth = 135424> <RAM>
ST_72 : Operation 249 [1/1] (0.00ns)   --->   "%br_ln189 = br void %branch1321386" [/home/centos/CS133-lab4/lab4/lib/cnn-krnl.h:189]   --->   Operation 249 'br' 'br_ln189' <Predicate = (and_ln186 & trunc_ln8_read == 2 & trunc_ln189 == 3)> <Delay = 0.00>
ST_72 : Operation 250 [1/1] (1.24ns)   --->   "%store_ln189 = store i8 %temp_V, i18 %input_V_2_2_addr_1" [/home/centos/CS133-lab4/lab4/lib/cnn-krnl.h:189]   --->   Operation 250 'store' 'store_ln189' <Predicate = (and_ln186 & trunc_ln8_read == 2 & trunc_ln189 == 2)> <Delay = 1.24> <CoreInst = "RAM">   --->   Core 83 'RAM' <Latency = 1> <II = 1> <Delay = 1.24> <Storage> <Opcode : 'load' 'store'> <Ports = 2> <Width = 8> <Depth = 135424> <RAM>
ST_72 : Operation 251 [1/1] (0.00ns)   --->   "%br_ln189 = br void %branch1321386" [/home/centos/CS133-lab4/lab4/lib/cnn-krnl.h:189]   --->   Operation 251 'br' 'br_ln189' <Predicate = (and_ln186 & trunc_ln8_read == 2 & trunc_ln189 == 2)> <Delay = 0.00>
ST_72 : Operation 252 [1/1] (1.24ns)   --->   "%store_ln189 = store i8 %temp_V, i18 %input_V_2_1_addr_1" [/home/centos/CS133-lab4/lab4/lib/cnn-krnl.h:189]   --->   Operation 252 'store' 'store_ln189' <Predicate = (and_ln186 & trunc_ln8_read == 2 & trunc_ln189 == 1)> <Delay = 1.24> <CoreInst = "RAM">   --->   Core 83 'RAM' <Latency = 1> <II = 1> <Delay = 1.24> <Storage> <Opcode : 'load' 'store'> <Ports = 2> <Width = 8> <Depth = 135424> <RAM>
ST_72 : Operation 253 [1/1] (0.00ns)   --->   "%br_ln189 = br void %branch1321386" [/home/centos/CS133-lab4/lab4/lib/cnn-krnl.h:189]   --->   Operation 253 'br' 'br_ln189' <Predicate = (and_ln186 & trunc_ln8_read == 2 & trunc_ln189 == 1)> <Delay = 0.00>
ST_72 : Operation 254 [1/1] (1.24ns)   --->   "%store_ln189 = store i8 %temp_V, i18 %input_V_2_0_addr_1" [/home/centos/CS133-lab4/lab4/lib/cnn-krnl.h:189]   --->   Operation 254 'store' 'store_ln189' <Predicate = (and_ln186 & trunc_ln8_read == 2 & trunc_ln189 == 0)> <Delay = 1.24> <CoreInst = "RAM">   --->   Core 83 'RAM' <Latency = 1> <II = 1> <Delay = 1.24> <Storage> <Opcode : 'load' 'store'> <Ports = 2> <Width = 8> <Depth = 141312> <RAM>
ST_72 : Operation 255 [1/1] (0.00ns)   --->   "%br_ln189 = br void %branch1321386" [/home/centos/CS133-lab4/lab4/lib/cnn-krnl.h:189]   --->   Operation 255 'br' 'br_ln189' <Predicate = (and_ln186 & trunc_ln8_read == 2 & trunc_ln189 == 0)> <Delay = 0.00>
ST_72 : Operation 256 [1/1] (1.24ns)   --->   "%store_ln189 = store i8 %temp_V, i18 %input_V_2_4_addr_1" [/home/centos/CS133-lab4/lab4/lib/cnn-krnl.h:189]   --->   Operation 256 'store' 'store_ln189' <Predicate = (and_ln186 & trunc_ln8_read == 2 & trunc_ln189 != 0 & trunc_ln189 != 1 & trunc_ln189 != 2 & trunc_ln189 != 3)> <Delay = 1.24> <CoreInst = "RAM">   --->   Core 83 'RAM' <Latency = 1> <II = 1> <Delay = 1.24> <Storage> <Opcode : 'load' 'store'> <Ports = 2> <Width = 8> <Depth = 135424> <RAM>
ST_72 : Operation 257 [1/1] (0.00ns)   --->   "%br_ln189 = br void %branch1321386" [/home/centos/CS133-lab4/lab4/lib/cnn-krnl.h:189]   --->   Operation 257 'br' 'br_ln189' <Predicate = (and_ln186 & trunc_ln8_read == 2 & trunc_ln189 != 0 & trunc_ln189 != 1 & trunc_ln189 != 2 & trunc_ln189 != 3)> <Delay = 0.00>
ST_72 : Operation 258 [1/1] (0.65ns)   --->   "%switch_ln189 = switch i3 %trunc_ln189, void %branch294, i3 0, void %branch290, i3 1, void %branch291, i3 2, void %branch292, i3 3, void %branch293" [/home/centos/CS133-lab4/lab4/lib/cnn-krnl.h:189]   --->   Operation 258 'switch' 'switch_ln189' <Predicate = (and_ln186 & trunc_ln8_read == 1)> <Delay = 0.65>
ST_72 : Operation 259 [1/1] (1.24ns)   --->   "%store_ln189 = store i8 %temp_V, i18 %input_V_1_3_addr_1" [/home/centos/CS133-lab4/lab4/lib/cnn-krnl.h:189]   --->   Operation 259 'store' 'store_ln189' <Predicate = (and_ln186 & trunc_ln8_read == 1 & trunc_ln189 == 3)> <Delay = 1.24> <CoreInst = "RAM">   --->   Core 83 'RAM' <Latency = 1> <II = 1> <Delay = 1.24> <Storage> <Opcode : 'load' 'store'> <Ports = 2> <Width = 8> <Depth = 135424> <RAM>
ST_72 : Operation 260 [1/1] (0.00ns)   --->   "%br_ln189 = br void %branch1311052" [/home/centos/CS133-lab4/lab4/lib/cnn-krnl.h:189]   --->   Operation 260 'br' 'br_ln189' <Predicate = (and_ln186 & trunc_ln8_read == 1 & trunc_ln189 == 3)> <Delay = 0.00>
ST_72 : Operation 261 [1/1] (1.24ns)   --->   "%store_ln189 = store i8 %temp_V, i18 %input_V_1_2_addr_1" [/home/centos/CS133-lab4/lab4/lib/cnn-krnl.h:189]   --->   Operation 261 'store' 'store_ln189' <Predicate = (and_ln186 & trunc_ln8_read == 1 & trunc_ln189 == 2)> <Delay = 1.24> <CoreInst = "RAM">   --->   Core 83 'RAM' <Latency = 1> <II = 1> <Delay = 1.24> <Storage> <Opcode : 'load' 'store'> <Ports = 2> <Width = 8> <Depth = 135424> <RAM>
ST_72 : Operation 262 [1/1] (0.00ns)   --->   "%br_ln189 = br void %branch1311052" [/home/centos/CS133-lab4/lab4/lib/cnn-krnl.h:189]   --->   Operation 262 'br' 'br_ln189' <Predicate = (and_ln186 & trunc_ln8_read == 1 & trunc_ln189 == 2)> <Delay = 0.00>
ST_72 : Operation 263 [1/1] (1.24ns)   --->   "%store_ln189 = store i8 %temp_V, i18 %input_V_1_1_addr_1" [/home/centos/CS133-lab4/lab4/lib/cnn-krnl.h:189]   --->   Operation 263 'store' 'store_ln189' <Predicate = (and_ln186 & trunc_ln8_read == 1 & trunc_ln189 == 1)> <Delay = 1.24> <CoreInst = "RAM">   --->   Core 83 'RAM' <Latency = 1> <II = 1> <Delay = 1.24> <Storage> <Opcode : 'load' 'store'> <Ports = 2> <Width = 8> <Depth = 135424> <RAM>
ST_72 : Operation 264 [1/1] (0.00ns)   --->   "%br_ln189 = br void %branch1311052" [/home/centos/CS133-lab4/lab4/lib/cnn-krnl.h:189]   --->   Operation 264 'br' 'br_ln189' <Predicate = (and_ln186 & trunc_ln8_read == 1 & trunc_ln189 == 1)> <Delay = 0.00>
ST_72 : Operation 265 [1/1] (1.24ns)   --->   "%store_ln189 = store i8 %temp_V, i18 %input_V_1_0_addr_1" [/home/centos/CS133-lab4/lab4/lib/cnn-krnl.h:189]   --->   Operation 265 'store' 'store_ln189' <Predicate = (and_ln186 & trunc_ln8_read == 1 & trunc_ln189 == 0)> <Delay = 1.24> <CoreInst = "RAM">   --->   Core 83 'RAM' <Latency = 1> <II = 1> <Delay = 1.24> <Storage> <Opcode : 'load' 'store'> <Ports = 2> <Width = 8> <Depth = 141312> <RAM>
ST_72 : Operation 266 [1/1] (0.00ns)   --->   "%br_ln189 = br void %branch1311052" [/home/centos/CS133-lab4/lab4/lib/cnn-krnl.h:189]   --->   Operation 266 'br' 'br_ln189' <Predicate = (and_ln186 & trunc_ln8_read == 1 & trunc_ln189 == 0)> <Delay = 0.00>
ST_72 : Operation 267 [1/1] (1.24ns)   --->   "%store_ln189 = store i8 %temp_V, i18 %input_V_1_4_addr_1" [/home/centos/CS133-lab4/lab4/lib/cnn-krnl.h:189]   --->   Operation 267 'store' 'store_ln189' <Predicate = (and_ln186 & trunc_ln8_read == 1 & trunc_ln189 != 0 & trunc_ln189 != 1 & trunc_ln189 != 2 & trunc_ln189 != 3)> <Delay = 1.24> <CoreInst = "RAM">   --->   Core 83 'RAM' <Latency = 1> <II = 1> <Delay = 1.24> <Storage> <Opcode : 'load' 'store'> <Ports = 2> <Width = 8> <Depth = 135424> <RAM>
ST_72 : Operation 268 [1/1] (0.00ns)   --->   "%br_ln189 = br void %branch1311052" [/home/centos/CS133-lab4/lab4/lib/cnn-krnl.h:189]   --->   Operation 268 'br' 'br_ln189' <Predicate = (and_ln186 & trunc_ln8_read == 1 & trunc_ln189 != 0 & trunc_ln189 != 1 & trunc_ln189 != 2 & trunc_ln189 != 3)> <Delay = 0.00>
ST_72 : Operation 269 [1/1] (0.65ns)   --->   "%switch_ln189 = switch i3 %trunc_ln189, void %branch164, i3 0, void %branch160, i3 1, void %branch161, i3 2, void %branch162, i3 3, void %branch163" [/home/centos/CS133-lab4/lab4/lib/cnn-krnl.h:189]   --->   Operation 269 'switch' 'switch_ln189' <Predicate = (and_ln186 & trunc_ln8_read == 0)> <Delay = 0.65>
ST_72 : Operation 270 [1/1] (1.24ns)   --->   "%store_ln189 = store i8 %temp_V, i18 %input_V_0_3_addr_1" [/home/centos/CS133-lab4/lab4/lib/cnn-krnl.h:189]   --->   Operation 270 'store' 'store_ln189' <Predicate = (and_ln186 & trunc_ln8_read == 0 & trunc_ln189 == 3)> <Delay = 1.24> <CoreInst = "RAM">   --->   Core 83 'RAM' <Latency = 1> <II = 1> <Delay = 1.24> <Storage> <Opcode : 'load' 'store'> <Ports = 2> <Width = 8> <Depth = 141312> <RAM>
ST_72 : Operation 271 [1/1] (0.00ns)   --->   "%br_ln189 = br void %branch130718" [/home/centos/CS133-lab4/lab4/lib/cnn-krnl.h:189]   --->   Operation 271 'br' 'br_ln189' <Predicate = (and_ln186 & trunc_ln8_read == 0 & trunc_ln189 == 3)> <Delay = 0.00>
ST_72 : Operation 272 [1/1] (1.24ns)   --->   "%store_ln189 = store i8 %temp_V, i18 %input_V_0_2_addr_1" [/home/centos/CS133-lab4/lab4/lib/cnn-krnl.h:189]   --->   Operation 272 'store' 'store_ln189' <Predicate = (and_ln186 & trunc_ln8_read == 0 & trunc_ln189 == 2)> <Delay = 1.24> <CoreInst = "RAM">   --->   Core 83 'RAM' <Latency = 1> <II = 1> <Delay = 1.24> <Storage> <Opcode : 'load' 'store'> <Ports = 2> <Width = 8> <Depth = 141312> <RAM>
ST_72 : Operation 273 [1/1] (0.00ns)   --->   "%br_ln189 = br void %branch130718" [/home/centos/CS133-lab4/lab4/lib/cnn-krnl.h:189]   --->   Operation 273 'br' 'br_ln189' <Predicate = (and_ln186 & trunc_ln8_read == 0 & trunc_ln189 == 2)> <Delay = 0.00>
ST_72 : Operation 274 [1/1] (1.24ns)   --->   "%store_ln189 = store i8 %temp_V, i18 %input_V_0_1_addr_1" [/home/centos/CS133-lab4/lab4/lib/cnn-krnl.h:189]   --->   Operation 274 'store' 'store_ln189' <Predicate = (and_ln186 & trunc_ln8_read == 0 & trunc_ln189 == 1)> <Delay = 1.24> <CoreInst = "RAM">   --->   Core 83 'RAM' <Latency = 1> <II = 1> <Delay = 1.24> <Storage> <Opcode : 'load' 'store'> <Ports = 2> <Width = 8> <Depth = 141312> <RAM>
ST_72 : Operation 275 [1/1] (0.00ns)   --->   "%br_ln189 = br void %branch130718" [/home/centos/CS133-lab4/lab4/lib/cnn-krnl.h:189]   --->   Operation 275 'br' 'br_ln189' <Predicate = (and_ln186 & trunc_ln8_read == 0 & trunc_ln189 == 1)> <Delay = 0.00>
ST_72 : Operation 276 [1/1] (1.24ns)   --->   "%store_ln189 = store i8 %temp_V, i18 %input_V_0_0_addr_1" [/home/centos/CS133-lab4/lab4/lib/cnn-krnl.h:189]   --->   Operation 276 'store' 'store_ln189' <Predicate = (and_ln186 & trunc_ln8_read == 0 & trunc_ln189 == 0)> <Delay = 1.24> <CoreInst = "RAM">   --->   Core 83 'RAM' <Latency = 1> <II = 1> <Delay = 1.24> <Storage> <Opcode : 'load' 'store'> <Ports = 2> <Width = 8> <Depth = 147456> <RAM>
ST_72 : Operation 277 [1/1] (0.00ns)   --->   "%br_ln189 = br void %branch130718" [/home/centos/CS133-lab4/lab4/lib/cnn-krnl.h:189]   --->   Operation 277 'br' 'br_ln189' <Predicate = (and_ln186 & trunc_ln8_read == 0 & trunc_ln189 == 0)> <Delay = 0.00>
ST_72 : Operation 278 [1/1] (1.24ns)   --->   "%store_ln189 = store i8 %temp_V, i18 %input_V_0_4_addr_1" [/home/centos/CS133-lab4/lab4/lib/cnn-krnl.h:189]   --->   Operation 278 'store' 'store_ln189' <Predicate = (and_ln186 & trunc_ln8_read == 0 & trunc_ln189 != 0 & trunc_ln189 != 1 & trunc_ln189 != 2 & trunc_ln189 != 3)> <Delay = 1.24> <CoreInst = "RAM">   --->   Core 83 'RAM' <Latency = 1> <II = 1> <Delay = 1.24> <Storage> <Opcode : 'load' 'store'> <Ports = 2> <Width = 8> <Depth = 141312> <RAM>
ST_72 : Operation 279 [1/1] (0.00ns)   --->   "%br_ln189 = br void %branch130718" [/home/centos/CS133-lab4/lab4/lib/cnn-krnl.h:189]   --->   Operation 279 'br' 'br_ln189' <Predicate = (and_ln186 & trunc_ln8_read == 0 & trunc_ln189 != 0 & trunc_ln189 != 1 & trunc_ln189 != 2 & trunc_ln189 != 3)> <Delay = 0.00>
ST_72 : Operation 280 [1/1] (0.65ns)   --->   "%switch_ln189 = switch i3 %trunc_ln189, void %branch684, i3 0, void %branch680, i3 1, void %branch681, i3 2, void %branch682, i3 3, void %branch683" [/home/centos/CS133-lab4/lab4/lib/cnn-krnl.h:189]   --->   Operation 280 'switch' 'switch_ln189' <Predicate = (and_ln186 & trunc_ln8_read != 0 & trunc_ln8_read != 1 & trunc_ln8_read != 2 & trunc_ln8_read != 3)> <Delay = 0.65>
ST_72 : Operation 281 [1/1] (1.24ns)   --->   "%store_ln189 = store i8 %temp_V, i18 %input_V_4_3_addr_1" [/home/centos/CS133-lab4/lab4/lib/cnn-krnl.h:189]   --->   Operation 281 'store' 'store_ln189' <Predicate = (and_ln186 & trunc_ln8_read != 0 & trunc_ln8_read != 1 & trunc_ln8_read != 2 & trunc_ln8_read != 3 & trunc_ln189 == 3)> <Delay = 1.24> <CoreInst = "RAM">   --->   Core 83 'RAM' <Latency = 1> <II = 1> <Delay = 1.24> <Storage> <Opcode : 'load' 'store'> <Ports = 2> <Width = 8> <Depth = 135424> <RAM>
ST_72 : Operation 282 [1/1] (0.00ns)   --->   "%br_ln189 = br void %branch1342054" [/home/centos/CS133-lab4/lab4/lib/cnn-krnl.h:189]   --->   Operation 282 'br' 'br_ln189' <Predicate = (and_ln186 & trunc_ln8_read != 0 & trunc_ln8_read != 1 & trunc_ln8_read != 2 & trunc_ln8_read != 3 & trunc_ln189 == 3)> <Delay = 0.00>
ST_72 : Operation 283 [1/1] (1.24ns)   --->   "%store_ln189 = store i8 %temp_V, i18 %input_V_4_2_addr_1" [/home/centos/CS133-lab4/lab4/lib/cnn-krnl.h:189]   --->   Operation 283 'store' 'store_ln189' <Predicate = (and_ln186 & trunc_ln8_read != 0 & trunc_ln8_read != 1 & trunc_ln8_read != 2 & trunc_ln8_read != 3 & trunc_ln189 == 2)> <Delay = 1.24> <CoreInst = "RAM">   --->   Core 83 'RAM' <Latency = 1> <II = 1> <Delay = 1.24> <Storage> <Opcode : 'load' 'store'> <Ports = 2> <Width = 8> <Depth = 135424> <RAM>
ST_72 : Operation 284 [1/1] (0.00ns)   --->   "%br_ln189 = br void %branch1342054" [/home/centos/CS133-lab4/lab4/lib/cnn-krnl.h:189]   --->   Operation 284 'br' 'br_ln189' <Predicate = (and_ln186 & trunc_ln8_read != 0 & trunc_ln8_read != 1 & trunc_ln8_read != 2 & trunc_ln8_read != 3 & trunc_ln189 == 2)> <Delay = 0.00>
ST_72 : Operation 285 [1/1] (1.24ns)   --->   "%store_ln189 = store i8 %temp_V, i18 %input_V_4_1_addr_1" [/home/centos/CS133-lab4/lab4/lib/cnn-krnl.h:189]   --->   Operation 285 'store' 'store_ln189' <Predicate = (and_ln186 & trunc_ln8_read != 0 & trunc_ln8_read != 1 & trunc_ln8_read != 2 & trunc_ln8_read != 3 & trunc_ln189 == 1)> <Delay = 1.24> <CoreInst = "RAM">   --->   Core 83 'RAM' <Latency = 1> <II = 1> <Delay = 1.24> <Storage> <Opcode : 'load' 'store'> <Ports = 2> <Width = 8> <Depth = 135424> <RAM>
ST_72 : Operation 286 [1/1] (0.00ns)   --->   "%br_ln189 = br void %branch1342054" [/home/centos/CS133-lab4/lab4/lib/cnn-krnl.h:189]   --->   Operation 286 'br' 'br_ln189' <Predicate = (and_ln186 & trunc_ln8_read != 0 & trunc_ln8_read != 1 & trunc_ln8_read != 2 & trunc_ln8_read != 3 & trunc_ln189 == 1)> <Delay = 0.00>
ST_72 : Operation 287 [1/1] (1.24ns)   --->   "%store_ln189 = store i8 %temp_V, i18 %input_V_4_0_addr_1" [/home/centos/CS133-lab4/lab4/lib/cnn-krnl.h:189]   --->   Operation 287 'store' 'store_ln189' <Predicate = (and_ln186 & trunc_ln8_read != 0 & trunc_ln8_read != 1 & trunc_ln8_read != 2 & trunc_ln8_read != 3 & trunc_ln189 == 0)> <Delay = 1.24> <CoreInst = "RAM">   --->   Core 83 'RAM' <Latency = 1> <II = 1> <Delay = 1.24> <Storage> <Opcode : 'load' 'store'> <Ports = 2> <Width = 8> <Depth = 141312> <RAM>
ST_72 : Operation 288 [1/1] (0.00ns)   --->   "%br_ln189 = br void %branch1342054" [/home/centos/CS133-lab4/lab4/lib/cnn-krnl.h:189]   --->   Operation 288 'br' 'br_ln189' <Predicate = (and_ln186 & trunc_ln8_read != 0 & trunc_ln8_read != 1 & trunc_ln8_read != 2 & trunc_ln8_read != 3 & trunc_ln189 == 0)> <Delay = 0.00>
ST_72 : Operation 289 [1/1] (1.24ns)   --->   "%store_ln189 = store i8 %temp_V, i18 %input_V_4_4_addr_1" [/home/centos/CS133-lab4/lab4/lib/cnn-krnl.h:189]   --->   Operation 289 'store' 'store_ln189' <Predicate = (and_ln186 & trunc_ln8_read != 0 & trunc_ln8_read != 1 & trunc_ln8_read != 2 & trunc_ln8_read != 3 & trunc_ln189 != 0 & trunc_ln189 != 1 & trunc_ln189 != 2 & trunc_ln189 != 3)> <Delay = 1.24> <CoreInst = "RAM">   --->   Core 83 'RAM' <Latency = 1> <II = 1> <Delay = 1.24> <Storage> <Opcode : 'load' 'store'> <Ports = 2> <Width = 8> <Depth = 135424> <RAM>
ST_72 : Operation 290 [1/1] (0.00ns)   --->   "%br_ln189 = br void %branch1342054" [/home/centos/CS133-lab4/lab4/lib/cnn-krnl.h:189]   --->   Operation 290 'br' 'br_ln189' <Predicate = (and_ln186 & trunc_ln8_read != 0 & trunc_ln8_read != 1 & trunc_ln8_read != 2 & trunc_ln8_read != 3 & trunc_ln189 != 0 & trunc_ln189 != 1 & trunc_ln189 != 2 & trunc_ln189 != 3)> <Delay = 0.00>


============================================================
+ Verbose Summary: Timing violations
============================================================
Target clock period: 4ns, clock uncertainty: 1.08ns.

 <State 1>: 2.01ns
The critical path consists of the following:
	'alloca' operation ('item') [37]  (0 ns)
	'load' operation ('item', /home/centos/CS133-lab4/lab4/lib/cnn-krnl.h:185) on local variable 'item' [56]  (0 ns)
	'add' operation ('add_ln185', /home/centos/CS133-lab4/lab4/lib/cnn-krnl.h:185) [66]  (0.88 ns)
	'icmp' operation ('icmp_ln186', /home/centos/CS133-lab4/lab4/lib/cnn-krnl.h:186) [67]  (0.884 ns)
	'and' operation ('and_ln186', /home/centos/CS133-lab4/lab4/lib/cnn-krnl.h:186) [70]  (0.122 ns)
	blocking operation 0.122 ns on control path)

 <State 2>: 1.17ns
The critical path consists of the following:
	'urem' operation ('w', /home/centos/CS133-lab4/lab4/lib/cnn-krnl.h:187) [74]  (1.17 ns)

 <State 3>: 1.17ns
The critical path consists of the following:
	'urem' operation ('w', /home/centos/CS133-lab4/lab4/lib/cnn-krnl.h:187) [74]  (1.17 ns)

 <State 4>: 1.17ns
The critical path consists of the following:
	'urem' operation ('w', /home/centos/CS133-lab4/lab4/lib/cnn-krnl.h:187) [74]  (1.17 ns)

 <State 5>: 1.17ns
The critical path consists of the following:
	'urem' operation ('w', /home/centos/CS133-lab4/lab4/lib/cnn-krnl.h:187) [74]  (1.17 ns)

 <State 6>: 1.17ns
The critical path consists of the following:
	'urem' operation ('w', /home/centos/CS133-lab4/lab4/lib/cnn-krnl.h:187) [74]  (1.17 ns)

 <State 7>: 1.17ns
The critical path consists of the following:
	'urem' operation ('w', /home/centos/CS133-lab4/lab4/lib/cnn-krnl.h:187) [74]  (1.17 ns)

 <State 8>: 1.17ns
The critical path consists of the following:
	'urem' operation ('w', /home/centos/CS133-lab4/lab4/lib/cnn-krnl.h:187) [74]  (1.17 ns)

 <State 9>: 1.17ns
The critical path consists of the following:
	'urem' operation ('w', /home/centos/CS133-lab4/lab4/lib/cnn-krnl.h:187) [74]  (1.17 ns)

 <State 10>: 1.17ns
The critical path consists of the following:
	'urem' operation ('w', /home/centos/CS133-lab4/lab4/lib/cnn-krnl.h:187) [74]  (1.17 ns)

 <State 11>: 1.17ns
The critical path consists of the following:
	'urem' operation ('w', /home/centos/CS133-lab4/lab4/lib/cnn-krnl.h:187) [74]  (1.17 ns)

 <State 12>: 1.17ns
The critical path consists of the following:
	'urem' operation ('w', /home/centos/CS133-lab4/lab4/lib/cnn-krnl.h:187) [74]  (1.17 ns)

 <State 13>: 1.17ns
The critical path consists of the following:
	'urem' operation ('w', /home/centos/CS133-lab4/lab4/lib/cnn-krnl.h:187) [74]  (1.17 ns)

 <State 14>: 1.17ns
The critical path consists of the following:
	'urem' operation ('w', /home/centos/CS133-lab4/lab4/lib/cnn-krnl.h:187) [74]  (1.17 ns)

 <State 15>: 1.17ns
The critical path consists of the following:
	'urem' operation ('w', /home/centos/CS133-lab4/lab4/lib/cnn-krnl.h:187) [74]  (1.17 ns)

 <State 16>: 1.17ns
The critical path consists of the following:
	'urem' operation ('w', /home/centos/CS133-lab4/lab4/lib/cnn-krnl.h:187) [74]  (1.17 ns)

 <State 17>: 1.17ns
The critical path consists of the following:
	'urem' operation ('w', /home/centos/CS133-lab4/lab4/lib/cnn-krnl.h:187) [74]  (1.17 ns)

 <State 18>: 1.17ns
The critical path consists of the following:
	'urem' operation ('w', /home/centos/CS133-lab4/lab4/lib/cnn-krnl.h:187) [74]  (1.17 ns)

 <State 19>: 1.17ns
The critical path consists of the following:
	'urem' operation ('w', /home/centos/CS133-lab4/lab4/lib/cnn-krnl.h:187) [74]  (1.17 ns)

 <State 20>: 1.17ns
The critical path consists of the following:
	'urem' operation ('w', /home/centos/CS133-lab4/lab4/lib/cnn-krnl.h:187) [74]  (1.17 ns)

 <State 21>: 1.17ns
The critical path consists of the following:
	'urem' operation ('w', /home/centos/CS133-lab4/lab4/lib/cnn-krnl.h:187) [74]  (1.17 ns)

 <State 22>: 1.17ns
The critical path consists of the following:
	'urem' operation ('w', /home/centos/CS133-lab4/lab4/lib/cnn-krnl.h:187) [74]  (1.17 ns)

 <State 23>: 1.17ns
The critical path consists of the following:
	'urem' operation ('w', /home/centos/CS133-lab4/lab4/lib/cnn-krnl.h:187) [74]  (1.17 ns)

 <State 24>: 1.17ns
The critical path consists of the following:
	'urem' operation ('w', /home/centos/CS133-lab4/lab4/lib/cnn-krnl.h:187) [74]  (1.17 ns)

 <State 25>: 1.17ns
The critical path consists of the following:
	'urem' operation ('w', /home/centos/CS133-lab4/lab4/lib/cnn-krnl.h:187) [74]  (1.17 ns)

 <State 26>: 1.17ns
The critical path consists of the following:
	'urem' operation ('w', /home/centos/CS133-lab4/lab4/lib/cnn-krnl.h:187) [74]  (1.17 ns)

 <State 27>: 1.17ns
The critical path consists of the following:
	'urem' operation ('w', /home/centos/CS133-lab4/lab4/lib/cnn-krnl.h:187) [74]  (1.17 ns)

 <State 28>: 1.17ns
The critical path consists of the following:
	'urem' operation ('w', /home/centos/CS133-lab4/lab4/lib/cnn-krnl.h:187) [74]  (1.17 ns)

 <State 29>: 1.17ns
The critical path consists of the following:
	'urem' operation ('w', /home/centos/CS133-lab4/lab4/lib/cnn-krnl.h:187) [74]  (1.17 ns)

 <State 30>: 1.17ns
The critical path consists of the following:
	'urem' operation ('w', /home/centos/CS133-lab4/lab4/lib/cnn-krnl.h:187) [74]  (1.17 ns)

 <State 31>: 1.17ns
The critical path consists of the following:
	'urem' operation ('w', /home/centos/CS133-lab4/lab4/lib/cnn-krnl.h:187) [74]  (1.17 ns)

 <State 32>: 1.17ns
The critical path consists of the following:
	'urem' operation ('w', /home/centos/CS133-lab4/lab4/lib/cnn-krnl.h:187) [74]  (1.17 ns)

 <State 33>: 1.17ns
The critical path consists of the following:
	'urem' operation ('w', /home/centos/CS133-lab4/lab4/lib/cnn-krnl.h:187) [74]  (1.17 ns)

 <State 34>: 1.17ns
The critical path consists of the following:
	'urem' operation ('w', /home/centos/CS133-lab4/lab4/lib/cnn-krnl.h:187) [74]  (1.17 ns)

 <State 35>: 1.17ns
The critical path consists of the following:
	'urem' operation ('w', /home/centos/CS133-lab4/lab4/lib/cnn-krnl.h:187) [74]  (1.17 ns)

 <State 36>: 1.87ns
The critical path consists of the following:
	'urem' operation ('w', /home/centos/CS133-lab4/lab4/lib/cnn-krnl.h:187) [74]  (1.17 ns)
	'sub' operation ('sub_ln189', /home/centos/CS133-lab4/lab4/lib/cnn-krnl.h:189) [81]  (0.705 ns)

 <State 37>: 2.28ns
The critical path consists of the following:
	'mul' operation ('mul_ln189', /home/centos/CS133-lab4/lab4/lib/cnn-krnl.h:189) [86]  (2.28 ns)

 <State 38>: 2.28ns
The critical path consists of the following:
	'mul' operation ('mul_ln189', /home/centos/CS133-lab4/lab4/lib/cnn-krnl.h:189) [86]  (2.28 ns)

 <State 39>: 1.17ns
The critical path consists of the following:
	'urem' operation ('urem_ln189', /home/centos/CS133-lab4/lab4/lib/cnn-krnl.h:189) [83]  (1.17 ns)

 <State 40>: 1.17ns
The critical path consists of the following:
	'urem' operation ('urem_ln189', /home/centos/CS133-lab4/lab4/lib/cnn-krnl.h:189) [83]  (1.17 ns)

 <State 41>: 1.17ns
The critical path consists of the following:
	'urem' operation ('urem_ln189', /home/centos/CS133-lab4/lab4/lib/cnn-krnl.h:189) [83]  (1.17 ns)

 <State 42>: 1.17ns
The critical path consists of the following:
	'urem' operation ('urem_ln189', /home/centos/CS133-lab4/lab4/lib/cnn-krnl.h:189) [83]  (1.17 ns)

 <State 43>: 1.17ns
The critical path consists of the following:
	'urem' operation ('urem_ln189', /home/centos/CS133-lab4/lab4/lib/cnn-krnl.h:189) [83]  (1.17 ns)

 <State 44>: 1.17ns
The critical path consists of the following:
	'urem' operation ('urem_ln189', /home/centos/CS133-lab4/lab4/lib/cnn-krnl.h:189) [83]  (1.17 ns)

 <State 45>: 1.17ns
The critical path consists of the following:
	'urem' operation ('urem_ln189', /home/centos/CS133-lab4/lab4/lib/cnn-krnl.h:189) [83]  (1.17 ns)

 <State 46>: 1.17ns
The critical path consists of the following:
	'urem' operation ('urem_ln189', /home/centos/CS133-lab4/lab4/lib/cnn-krnl.h:189) [83]  (1.17 ns)

 <State 47>: 1.17ns
The critical path consists of the following:
	'urem' operation ('urem_ln189', /home/centos/CS133-lab4/lab4/lib/cnn-krnl.h:189) [83]  (1.17 ns)

 <State 48>: 1.17ns
The critical path consists of the following:
	'urem' operation ('urem_ln189', /home/centos/CS133-lab4/lab4/lib/cnn-krnl.h:189) [83]  (1.17 ns)

 <State 49>: 1.17ns
The critical path consists of the following:
	'urem' operation ('urem_ln189', /home/centos/CS133-lab4/lab4/lib/cnn-krnl.h:189) [83]  (1.17 ns)

 <State 50>: 1.17ns
The critical path consists of the following:
	'urem' operation ('urem_ln189', /home/centos/CS133-lab4/lab4/lib/cnn-krnl.h:189) [83]  (1.17 ns)

 <State 51>: 1.17ns
The critical path consists of the following:
	'urem' operation ('urem_ln189', /home/centos/CS133-lab4/lab4/lib/cnn-krnl.h:189) [83]  (1.17 ns)

 <State 52>: 1.17ns
The critical path consists of the following:
	'urem' operation ('urem_ln189', /home/centos/CS133-lab4/lab4/lib/cnn-krnl.h:189) [83]  (1.17 ns)

 <State 53>: 1.17ns
The critical path consists of the following:
	'urem' operation ('urem_ln189', /home/centos/CS133-lab4/lab4/lib/cnn-krnl.h:189) [83]  (1.17 ns)

 <State 54>: 1.17ns
The critical path consists of the following:
	'urem' operation ('urem_ln189', /home/centos/CS133-lab4/lab4/lib/cnn-krnl.h:189) [83]  (1.17 ns)

 <State 55>: 1.17ns
The critical path consists of the following:
	'urem' operation ('urem_ln189', /home/centos/CS133-lab4/lab4/lib/cnn-krnl.h:189) [83]  (1.17 ns)

 <State 56>: 1.17ns
The critical path consists of the following:
	'urem' operation ('urem_ln189', /home/centos/CS133-lab4/lab4/lib/cnn-krnl.h:189) [83]  (1.17 ns)

 <State 57>: 1.17ns
The critical path consists of the following:
	'urem' operation ('urem_ln189', /home/centos/CS133-lab4/lab4/lib/cnn-krnl.h:189) [83]  (1.17 ns)

 <State 58>: 1.17ns
The critical path consists of the following:
	'urem' operation ('urem_ln189', /home/centos/CS133-lab4/lab4/lib/cnn-krnl.h:189) [83]  (1.17 ns)

 <State 59>: 1.17ns
The critical path consists of the following:
	'urem' operation ('urem_ln189', /home/centos/CS133-lab4/lab4/lib/cnn-krnl.h:189) [83]  (1.17 ns)

 <State 60>: 1.17ns
The critical path consists of the following:
	'urem' operation ('urem_ln189', /home/centos/CS133-lab4/lab4/lib/cnn-krnl.h:189) [83]  (1.17 ns)

 <State 61>: 1.17ns
The critical path consists of the following:
	'urem' operation ('urem_ln189', /home/centos/CS133-lab4/lab4/lib/cnn-krnl.h:189) [83]  (1.17 ns)

 <State 62>: 1.17ns
The critical path consists of the following:
	'urem' operation ('urem_ln189', /home/centos/CS133-lab4/lab4/lib/cnn-krnl.h:189) [83]  (1.17 ns)

 <State 63>: 1.17ns
The critical path consists of the following:
	'urem' operation ('urem_ln189', /home/centos/CS133-lab4/lab4/lib/cnn-krnl.h:189) [83]  (1.17 ns)

 <State 64>: 1.17ns
The critical path consists of the following:
	'urem' operation ('urem_ln189', /home/centos/CS133-lab4/lab4/lib/cnn-krnl.h:189) [83]  (1.17 ns)

 <State 65>: 1.17ns
The critical path consists of the following:
	'urem' operation ('urem_ln189', /home/centos/CS133-lab4/lab4/lib/cnn-krnl.h:189) [83]  (1.17 ns)

 <State 66>: 1.17ns
The critical path consists of the following:
	'urem' operation ('urem_ln189', /home/centos/CS133-lab4/lab4/lib/cnn-krnl.h:189) [83]  (1.17 ns)

 <State 67>: 1.17ns
The critical path consists of the following:
	'urem' operation ('urem_ln189', /home/centos/CS133-lab4/lab4/lib/cnn-krnl.h:189) [83]  (1.17 ns)

 <State 68>: 1.17ns
The critical path consists of the following:
	'urem' operation ('urem_ln189', /home/centos/CS133-lab4/lab4/lib/cnn-krnl.h:189) [83]  (1.17 ns)

 <State 69>: 1.17ns
The critical path consists of the following:
	'urem' operation ('urem_ln189', /home/centos/CS133-lab4/lab4/lib/cnn-krnl.h:189) [83]  (1.17 ns)

 <State 70>: 1.17ns
The critical path consists of the following:
	'urem' operation ('urem_ln189', /home/centos/CS133-lab4/lab4/lib/cnn-krnl.h:189) [83]  (1.17 ns)

 <State 71>: 1.17ns
The critical path consists of the following:
	'urem' operation ('urem_ln189', /home/centos/CS133-lab4/lab4/lib/cnn-krnl.h:189) [83]  (1.17 ns)

 <State 72>: 2.41ns
The critical path consists of the following:
	'add' operation ('add_ln189_3', /home/centos/CS133-lab4/lab4/lib/cnn-krnl.h:189) [100]  (0.797 ns)
	'getelementptr' operation ('input_V_3_3_addr_1', /home/centos/CS133-lab4/lab4/lib/cnn-krnl.h:189) [114]  (0 ns)
	'store' operation ('store_ln189', /home/centos/CS133-lab4/lab4/lib/cnn-krnl.h:189) of variable 'temp.V' on array 'input_V_3_3' [125]  (1.25 ns)
	blocking operation 0.368 ns on control path)


============================================================
+ Verbose Summary: Binding
============================================================
N/A
* FSMD analyzer results:
  - Output states:
 - Input state : 
  - Chain level:
	State 1
	State 2
	State 3
	State 4
	State 5
	State 6
	State 7
	State 8
	State 9
	State 10
	State 11
	State 12
	State 13
	State 14
	State 15
	State 16
	State 17
	State 18
	State 19
	State 20
	State 21
	State 22
	State 23
	State 24
	State 25
	State 26
	State 27
	State 28
	State 29
	State 30
	State 31
	State 32
	State 33
	State 34
	State 35
	State 36
	State 37
	State 38
	State 39
	State 40
	State 41
	State 42
	State 43
	State 44
	State 45
	State 46
	State 47
	State 48
	State 49
	State 50
	State 51
	State 52
	State 53
	State 54
	State 55
	State 56
	State 57
	State 58
	State 59
	State 60
	State 61
	State 62
	State 63
	State 64
	State 65
	State 66
	State 67
	State 68
	State 69
	State 70
	State 71
	State 72


============================================================
+ Verbose Summary: Datapath Resource usage 
============================================================
N/A
