

================================================================
== Vitis HLS Report for 'CnnKernel_YourCode_Pipeline_VITIS_LOOP_125_1'
================================================================
* Date:           Fri May 27 19:40:26 2022

* Version:        2021.1 (Build 3247384 on Thu Jun 10 19:36:07 MDT 2021)
* Project:        CnnKernel
* Solution:       solution (Vitis Kernel Flow Target)
* Product family: virtexuplus
* Target device:  xcvu9p-flgb2104-2-i


================================================================
== Performance Estimates
================================================================
+ Timing: 
    * Summary: 
    +--------+---------+----------+------------+
    |  Clock |  Target | Estimated| Uncertainty|
    +--------+---------+----------+------------+
    |ap_clk  |  4.00 ns|  2.560 ns|     1.08 ns|
    +--------+---------+----------+------------+

+ Latency: 
    * Summary: 
    +---------+---------+----------+----------+-----+-----+---------+
    |  Latency (cycles) |  Latency (absolute) |  Interval | Pipeline|
    |   min   |   max   |    min   |    max   | min | max |   Type  |
    +---------+---------+----------+----------+-----+-----+---------+
    |       89|       89|  0.356 us|  0.356 us|   89|   89|       no|
    +---------+---------+----------+----------+-----+-----+---------+

    + Detail: 
        * Instance: 
        N/A

        * Loop: 
        +--------------------+---------+---------+----------+-----------+-----------+------+----------+
        |                    |  Latency (cycles) | Iteration|  Initiation Interval  | Trip |          |
        |      Loop Name     |   min   |   max   |  Latency |  achieved |   target  | Count| Pipelined|
        +--------------------+---------+---------+----------+-----------+-----------+------+----------+
        |- VITIS_LOOP_125_1  |       87|       87|        25|          1|          1|    64|       yes|
        +--------------------+---------+---------+----------+-----------+-----------+------+----------+

============================================================
+ Verbose Summary: Synthesis Manager
============================================================
InlineROM: 1
ExposeGlobal: 0
============================================================
+ Verbose Summary: CDFG Model
============================================================
IsTopModel: 0
ResetActiveHigh: 1
IsCombinational: 0
IsDatapathOnly: 0
HasWiredReturn: 1
HasMFsm: 2
HasVarLatency: 1
IsPipeline: 0
IsRtlPipelined: 0
IsInstanceOverlapped: 0
IsDontTouch: 0
HasImplIP: 0
IsGatedGlobalClock: 0

+ Individual pipeline summary: 
  * Pipeline-0: initiation interval (II) = 1, depth = 25


============================================================
+ Verbose Summary: Schedule
============================================================
* Number of FSM states : 25
* Pipeline : 1
  Pipeline-0 : II = 1, D = 25, States = { 1 2 3 4 5 6 7 8 9 10 11 12 13 14 15 16 17 18 19 20 21 22 23 24 25 }
* Dataflow Pipeline: 0

* FSM state transitions: 
1 --> 2 
2 --> 3 
3 --> 4 
4 --> 5 
5 --> 6 
6 --> 7 
7 --> 8 
8 --> 9 
9 --> 10 
10 --> 11 
11 --> 12 
12 --> 13 
13 --> 14 
14 --> 15 
15 --> 16 
16 --> 17 
17 --> 18 
18 --> 19 
19 --> 20 
20 --> 21 
21 --> 22 
22 --> 23 
23 --> 24 
24 --> 25 
25 --> 

* FSM state operations: 

State 1 <SV = 0> <Delay = 1.98>
ST_1 : Operation 28 [1/1] (0.00ns)   --->   "%item = alloca i32 1"   --->   Operation 28 'alloca' 'item' <Predicate = true> <Delay = 0.00>
ST_1 : Operation 29 [1/1] (0.00ns)   --->   "%data_V_read = read i512 @_ssdm_op_Read.ap_auto.i512, i512 %data_V"   --->   Operation 29 'read' 'data_V_read' <Predicate = true> <Delay = 0.00>
ST_1 : Operation 30 [1/1] (0.00ns)   --->   "%tmp_read = read i21 @_ssdm_op_Read.ap_auto.i21, i21 %tmp"   --->   Operation 30 'read' 'tmp_read' <Predicate = true> <Delay = 0.00>
ST_1 : Operation 31 [1/1] (0.38ns)   --->   "%store_ln0 = store i7 0, i7 %item"   --->   Operation 31 'store' 'store_ln0' <Predicate = true> <Delay = 0.38>
ST_1 : Operation 32 [1/1] (0.00ns)   --->   "%br_ln0 = br void"   --->   Operation 32 'br' 'br_ln0' <Predicate = true> <Delay = 0.00>
ST_1 : Operation 33 [1/1] (0.00ns)   --->   "%item_3 = load i7 %item" [/home/centos/CS133-lab4/lab4/lib/cnn-krnl.h:133]   --->   Operation 33 'load' 'item_3' <Predicate = true> <Delay = 0.00>
ST_1 : Operation 34 [1/1] (0.59ns)   --->   "%icmp_ln125 = icmp_eq  i7 %item_3, i7 64" [/home/centos/CS133-lab4/lab4/lib/cnn-krnl.h:125]   --->   Operation 34 'icmp' 'icmp_ln125' <Predicate = true> <Delay = 0.59> <CoreInst = "Cmp">   --->   Core 9 'Cmp' <Latency = 0> <II = 1> <Delay = 0.59> <FuncUnit> <Opcode : 'icmp'> <InPorts = 2> <OutPorts = 1>
ST_1 : Operation 35 [1/1] (0.00ns)   --->   "%speclooptripcount_ln0 = speclooptripcount void @_ssdm_op_SpecLoopTripCount, i64 64, i64 64, i64 64"   --->   Operation 35 'speclooptripcount' 'speclooptripcount_ln0' <Predicate = true> <Delay = 0.00>
ST_1 : Operation 36 [1/1] (0.70ns)   --->   "%item_4 = add i7 %item_3, i7 1" [/home/centos/CS133-lab4/lab4/lib/cnn-krnl.h:125]   --->   Operation 36 'add' 'item_4' <Predicate = true> <Delay = 0.70> <CoreInst = "Adder">   --->   Core 1 'Adder' <Latency = 0> <II = 1> <Delay = 0.81> <FuncUnit> <Opcode : 'add' 'sub'> <InPorts = 2> <OutPorts = 1>
ST_1 : Operation 37 [1/1] (0.00ns)   --->   "%br_ln125 = br i1 %icmp_ln125, void %.split44, void %.exitStub" [/home/centos/CS133-lab4/lab4/lib/cnn-krnl.h:125]   --->   Operation 37 'br' 'br_ln125' <Predicate = true> <Delay = 0.00>
ST_1 : Operation 38 [1/1] (0.00ns)   --->   "%zext_ln125 = zext i7 %item_3" [/home/centos/CS133-lab4/lab4/lib/cnn-krnl.h:125]   --->   Operation 38 'zext' 'zext_ln125' <Predicate = (!icmp_ln125)> <Delay = 0.00>
ST_1 : Operation 39 [1/1] (0.81ns)   --->   "%real_index = add i21 %zext_ln125, i21 %tmp_read" [/home/centos/CS133-lab4/lab4/lib/cnn-krnl.h:127]   --->   Operation 39 'add' 'real_index' <Predicate = (!icmp_ln125)> <Delay = 0.81> <CoreInst = "Adder">   --->   Core 1 'Adder' <Latency = 0> <II = 1> <Delay = 0.81> <FuncUnit> <Opcode : 'add' 'sub'> <InPorts = 2> <OutPorts = 1>
ST_1 : Operation 40 [25/25] (1.16ns)   --->   "%l = urem i21 %real_index, i21 5" [/home/centos/CS133-lab4/lab4/lib/cnn-krnl.h:127]   --->   Operation 40 'urem' 'l' <Predicate = (!icmp_ln125)> <Delay = 1.16> <CoreInst = "Divider">   --->   Core 6 'Divider' <Latency = 22> <II = 1> <Delay = 1.16> <FuncUnit> <Opcode : 'sdiv' 'srem' 'udiv' 'urem'> <InPorts = 2> <OutPorts = 1>
ST_1 : Operation 41 [1/1] (0.00ns)   --->   "%trunc_ln133 = trunc i7 %item_3" [/home/centos/CS133-lab4/lab4/lib/cnn-krnl.h:133]   --->   Operation 41 'trunc' 'trunc_ln133' <Predicate = (!icmp_ln125)> <Delay = 0.00>
ST_1 : Operation 42 [1/1] (0.00ns)   --->   "%op2_assign = bitconcatenate i9 @_ssdm_op_BitConcatenate.i9.i6.i3, i6 %trunc_ln133, i3 0" [/home/centos/CS133-lab4/lab4/lib/cnn-krnl.h:133]   --->   Operation 42 'bitconcatenate' 'op2_assign' <Predicate = (!icmp_ln125)> <Delay = 0.00>
ST_1 : Operation 43 [1/1] (0.00ns)   --->   "%zext_ln1676 = zext i9 %op2_assign"   --->   Operation 43 'zext' 'zext_ln1676' <Predicate = (!icmp_ln125)> <Delay = 0.00>
ST_1 : Operation 44 [1/1] (1.44ns)   --->   "%r = lshr i512 %data_V_read, i512 %zext_ln1676"   --->   Operation 44 'lshr' 'r' <Predicate = (!icmp_ln125)> <Delay = 1.44> <CoreInst = "Shifter">   --->   Core 75 'Shifter' <Latency = 0> <II = 1> <Delay = 1.44> <FuncUnit> <Opcode : 'shl' 'lshr' 'ashr'> <InPorts = 2> <OutPorts = 1>
ST_1 : Operation 45 [1/1] (0.00ns)   --->   "%temp_V = trunc i512 %r"   --->   Operation 45 'trunc' 'temp_V' <Predicate = (!icmp_ln125)> <Delay = 0.00>
ST_1 : Operation 46 [1/1] (0.38ns)   --->   "%store_ln125 = store i7 %item_4, i7 %item" [/home/centos/CS133-lab4/lab4/lib/cnn-krnl.h:125]   --->   Operation 46 'store' 'store_ln125' <Predicate = (!icmp_ln125)> <Delay = 0.38>
ST_1 : Operation 47 [1/1] (0.00ns)   --->   "%br_ln0 = br void"   --->   Operation 47 'br' 'br_ln0' <Predicate = (!icmp_ln125)> <Delay = 0.00>

State 2 <SV = 1> <Delay = 2.56>
ST_2 : Operation 48 [24/25] (1.16ns)   --->   "%l = urem i21 %real_index, i21 5" [/home/centos/CS133-lab4/lab4/lib/cnn-krnl.h:127]   --->   Operation 48 'urem' 'l' <Predicate = true> <Delay = 1.16> <CoreInst = "Divider">   --->   Core 6 'Divider' <Latency = 22> <II = 1> <Delay = 1.16> <FuncUnit> <Opcode : 'sdiv' 'srem' 'udiv' 'urem'> <InPorts = 2> <OutPorts = 1>
ST_2 : Operation 49 [1/1] (0.00ns)   --->   "%real_index_cast = zext i21 %real_index" [/home/centos/CS133-lab4/lab4/lib/cnn-krnl.h:127]   --->   Operation 49 'zext' 'real_index_cast' <Predicate = true> <Delay = 0.00>
ST_2 : Operation 50 [1/1] (2.56ns)   --->   "%mul183 = mul i43 %real_index_cast, i43 3355444" [/home/centos/CS133-lab4/lab4/lib/cnn-krnl.h:127]   --->   Operation 50 'mul' 'mul183' <Predicate = true> <Delay = 2.56> <CoreInst = "Multiplier">   --->   Core 3 'Multiplier' <Latency = 0> <II = 1> <Delay = 2.56> <FuncUnit> <Opcode : 'mul'> <InPorts = 2> <OutPorts = 1>
ST_2 : Operation 51 [1/1] (0.00ns)   --->   "%trunc_ln2 = partselect i19 @_ssdm_op_PartSelect.i19.i43.i32.i32, i43 %mul183, i32 24, i32 42" [/home/centos/CS133-lab4/lab4/lib/cnn-krnl.h:127]   --->   Operation 51 'partselect' 'trunc_ln2' <Predicate = true> <Delay = 0.00>
ST_2 : Operation 52 [1/1] (2.56ns)   --->   "%mul_ln129 = mul i43 %real_index_cast, i43 2684355" [/home/centos/CS133-lab4/lab4/lib/cnn-krnl.h:129]   --->   Operation 52 'mul' 'mul_ln129' <Predicate = true> <Delay = 2.56> <CoreInst = "Multiplier">   --->   Core 3 'Multiplier' <Latency = 0> <II = 1> <Delay = 2.56> <FuncUnit> <Opcode : 'mul'> <InPorts = 2> <OutPorts = 1>
ST_2 : Operation 53 [1/1] (0.00ns)   --->   "%tmp_26 = partselect i17 @_ssdm_op_PartSelect.i17.i43.i32.i32, i43 %mul_ln129, i32 26, i32 42" [/home/centos/CS133-lab4/lab4/lib/cnn-krnl.h:134]   --->   Operation 53 'partselect' 'tmp_26' <Predicate = true> <Delay = 0.00>

State 3 <SV = 2> <Delay = 1.16>
ST_3 : Operation 54 [23/25] (1.16ns)   --->   "%l = urem i21 %real_index, i21 5" [/home/centos/CS133-lab4/lab4/lib/cnn-krnl.h:127]   --->   Operation 54 'urem' 'l' <Predicate = true> <Delay = 1.16> <CoreInst = "Divider">   --->   Core 6 'Divider' <Latency = 22> <II = 1> <Delay = 1.16> <FuncUnit> <Opcode : 'sdiv' 'srem' 'udiv' 'urem'> <InPorts = 2> <OutPorts = 1>
ST_3 : Operation 55 [23/23] (1.16ns)   --->   "%k = urem i19 %trunc_ln2, i19 5" [/home/centos/CS133-lab4/lab4/lib/cnn-krnl.h:129]   --->   Operation 55 'urem' 'k' <Predicate = true> <Delay = 1.16> <CoreInst = "Divider">   --->   Core 6 'Divider' <Latency = 22> <II = 1> <Delay = 1.16> <FuncUnit> <Opcode : 'sdiv' 'srem' 'udiv' 'urem'> <InPorts = 2> <OutPorts = 1>

State 4 <SV = 3> <Delay = 1.16>
ST_4 : Operation 56 [22/25] (1.16ns)   --->   "%l = urem i21 %real_index, i21 5" [/home/centos/CS133-lab4/lab4/lib/cnn-krnl.h:127]   --->   Operation 56 'urem' 'l' <Predicate = true> <Delay = 1.16> <CoreInst = "Divider">   --->   Core 6 'Divider' <Latency = 22> <II = 1> <Delay = 1.16> <FuncUnit> <Opcode : 'sdiv' 'srem' 'udiv' 'urem'> <InPorts = 2> <OutPorts = 1>
ST_4 : Operation 57 [22/23] (1.16ns)   --->   "%k = urem i19 %trunc_ln2, i19 5" [/home/centos/CS133-lab4/lab4/lib/cnn-krnl.h:129]   --->   Operation 57 'urem' 'k' <Predicate = true> <Delay = 1.16> <CoreInst = "Divider">   --->   Core 6 'Divider' <Latency = 22> <II = 1> <Delay = 1.16> <FuncUnit> <Opcode : 'sdiv' 'srem' 'udiv' 'urem'> <InPorts = 2> <OutPorts = 1>

State 5 <SV = 4> <Delay = 1.16>
ST_5 : Operation 58 [21/25] (1.16ns)   --->   "%l = urem i21 %real_index, i21 5" [/home/centos/CS133-lab4/lab4/lib/cnn-krnl.h:127]   --->   Operation 58 'urem' 'l' <Predicate = true> <Delay = 1.16> <CoreInst = "Divider">   --->   Core 6 'Divider' <Latency = 22> <II = 1> <Delay = 1.16> <FuncUnit> <Opcode : 'sdiv' 'srem' 'udiv' 'urem'> <InPorts = 2> <OutPorts = 1>
ST_5 : Operation 59 [21/23] (1.16ns)   --->   "%k = urem i19 %trunc_ln2, i19 5" [/home/centos/CS133-lab4/lab4/lib/cnn-krnl.h:129]   --->   Operation 59 'urem' 'k' <Predicate = true> <Delay = 1.16> <CoreInst = "Divider">   --->   Core 6 'Divider' <Latency = 22> <II = 1> <Delay = 1.16> <FuncUnit> <Opcode : 'sdiv' 'srem' 'udiv' 'urem'> <InPorts = 2> <OutPorts = 1>

State 6 <SV = 5> <Delay = 1.16>
ST_6 : Operation 60 [20/25] (1.16ns)   --->   "%l = urem i21 %real_index, i21 5" [/home/centos/CS133-lab4/lab4/lib/cnn-krnl.h:127]   --->   Operation 60 'urem' 'l' <Predicate = true> <Delay = 1.16> <CoreInst = "Divider">   --->   Core 6 'Divider' <Latency = 22> <II = 1> <Delay = 1.16> <FuncUnit> <Opcode : 'sdiv' 'srem' 'udiv' 'urem'> <InPorts = 2> <OutPorts = 1>
ST_6 : Operation 61 [20/23] (1.16ns)   --->   "%k = urem i19 %trunc_ln2, i19 5" [/home/centos/CS133-lab4/lab4/lib/cnn-krnl.h:129]   --->   Operation 61 'urem' 'k' <Predicate = true> <Delay = 1.16> <CoreInst = "Divider">   --->   Core 6 'Divider' <Latency = 22> <II = 1> <Delay = 1.16> <FuncUnit> <Opcode : 'sdiv' 'srem' 'udiv' 'urem'> <InPorts = 2> <OutPorts = 1>

State 7 <SV = 6> <Delay = 1.16>
ST_7 : Operation 62 [19/25] (1.16ns)   --->   "%l = urem i21 %real_index, i21 5" [/home/centos/CS133-lab4/lab4/lib/cnn-krnl.h:127]   --->   Operation 62 'urem' 'l' <Predicate = true> <Delay = 1.16> <CoreInst = "Divider">   --->   Core 6 'Divider' <Latency = 22> <II = 1> <Delay = 1.16> <FuncUnit> <Opcode : 'sdiv' 'srem' 'udiv' 'urem'> <InPorts = 2> <OutPorts = 1>
ST_7 : Operation 63 [19/23] (1.16ns)   --->   "%k = urem i19 %trunc_ln2, i19 5" [/home/centos/CS133-lab4/lab4/lib/cnn-krnl.h:129]   --->   Operation 63 'urem' 'k' <Predicate = true> <Delay = 1.16> <CoreInst = "Divider">   --->   Core 6 'Divider' <Latency = 22> <II = 1> <Delay = 1.16> <FuncUnit> <Opcode : 'sdiv' 'srem' 'udiv' 'urem'> <InPorts = 2> <OutPorts = 1>

State 8 <SV = 7> <Delay = 1.16>
ST_8 : Operation 64 [18/25] (1.16ns)   --->   "%l = urem i21 %real_index, i21 5" [/home/centos/CS133-lab4/lab4/lib/cnn-krnl.h:127]   --->   Operation 64 'urem' 'l' <Predicate = true> <Delay = 1.16> <CoreInst = "Divider">   --->   Core 6 'Divider' <Latency = 22> <II = 1> <Delay = 1.16> <FuncUnit> <Opcode : 'sdiv' 'srem' 'udiv' 'urem'> <InPorts = 2> <OutPorts = 1>
ST_8 : Operation 65 [18/23] (1.16ns)   --->   "%k = urem i19 %trunc_ln2, i19 5" [/home/centos/CS133-lab4/lab4/lib/cnn-krnl.h:129]   --->   Operation 65 'urem' 'k' <Predicate = true> <Delay = 1.16> <CoreInst = "Divider">   --->   Core 6 'Divider' <Latency = 22> <II = 1> <Delay = 1.16> <FuncUnit> <Opcode : 'sdiv' 'srem' 'udiv' 'urem'> <InPorts = 2> <OutPorts = 1>

State 9 <SV = 8> <Delay = 1.16>
ST_9 : Operation 66 [17/25] (1.16ns)   --->   "%l = urem i21 %real_index, i21 5" [/home/centos/CS133-lab4/lab4/lib/cnn-krnl.h:127]   --->   Operation 66 'urem' 'l' <Predicate = true> <Delay = 1.16> <CoreInst = "Divider">   --->   Core 6 'Divider' <Latency = 22> <II = 1> <Delay = 1.16> <FuncUnit> <Opcode : 'sdiv' 'srem' 'udiv' 'urem'> <InPorts = 2> <OutPorts = 1>
ST_9 : Operation 67 [17/23] (1.16ns)   --->   "%k = urem i19 %trunc_ln2, i19 5" [/home/centos/CS133-lab4/lab4/lib/cnn-krnl.h:129]   --->   Operation 67 'urem' 'k' <Predicate = true> <Delay = 1.16> <CoreInst = "Divider">   --->   Core 6 'Divider' <Latency = 22> <II = 1> <Delay = 1.16> <FuncUnit> <Opcode : 'sdiv' 'srem' 'udiv' 'urem'> <InPorts = 2> <OutPorts = 1>

State 10 <SV = 9> <Delay = 1.16>
ST_10 : Operation 68 [16/25] (1.16ns)   --->   "%l = urem i21 %real_index, i21 5" [/home/centos/CS133-lab4/lab4/lib/cnn-krnl.h:127]   --->   Operation 68 'urem' 'l' <Predicate = true> <Delay = 1.16> <CoreInst = "Divider">   --->   Core 6 'Divider' <Latency = 22> <II = 1> <Delay = 1.16> <FuncUnit> <Opcode : 'sdiv' 'srem' 'udiv' 'urem'> <InPorts = 2> <OutPorts = 1>
ST_10 : Operation 69 [16/23] (1.16ns)   --->   "%k = urem i19 %trunc_ln2, i19 5" [/home/centos/CS133-lab4/lab4/lib/cnn-krnl.h:129]   --->   Operation 69 'urem' 'k' <Predicate = true> <Delay = 1.16> <CoreInst = "Divider">   --->   Core 6 'Divider' <Latency = 22> <II = 1> <Delay = 1.16> <FuncUnit> <Opcode : 'sdiv' 'srem' 'udiv' 'urem'> <InPorts = 2> <OutPorts = 1>

State 11 <SV = 10> <Delay = 1.16>
ST_11 : Operation 70 [15/25] (1.16ns)   --->   "%l = urem i21 %real_index, i21 5" [/home/centos/CS133-lab4/lab4/lib/cnn-krnl.h:127]   --->   Operation 70 'urem' 'l' <Predicate = true> <Delay = 1.16> <CoreInst = "Divider">   --->   Core 6 'Divider' <Latency = 22> <II = 1> <Delay = 1.16> <FuncUnit> <Opcode : 'sdiv' 'srem' 'udiv' 'urem'> <InPorts = 2> <OutPorts = 1>
ST_11 : Operation 71 [15/23] (1.16ns)   --->   "%k = urem i19 %trunc_ln2, i19 5" [/home/centos/CS133-lab4/lab4/lib/cnn-krnl.h:129]   --->   Operation 71 'urem' 'k' <Predicate = true> <Delay = 1.16> <CoreInst = "Divider">   --->   Core 6 'Divider' <Latency = 22> <II = 1> <Delay = 1.16> <FuncUnit> <Opcode : 'sdiv' 'srem' 'udiv' 'urem'> <InPorts = 2> <OutPorts = 1>

State 12 <SV = 11> <Delay = 1.16>
ST_12 : Operation 72 [14/25] (1.16ns)   --->   "%l = urem i21 %real_index, i21 5" [/home/centos/CS133-lab4/lab4/lib/cnn-krnl.h:127]   --->   Operation 72 'urem' 'l' <Predicate = true> <Delay = 1.16> <CoreInst = "Divider">   --->   Core 6 'Divider' <Latency = 22> <II = 1> <Delay = 1.16> <FuncUnit> <Opcode : 'sdiv' 'srem' 'udiv' 'urem'> <InPorts = 2> <OutPorts = 1>
ST_12 : Operation 73 [14/23] (1.16ns)   --->   "%k = urem i19 %trunc_ln2, i19 5" [/home/centos/CS133-lab4/lab4/lib/cnn-krnl.h:129]   --->   Operation 73 'urem' 'k' <Predicate = true> <Delay = 1.16> <CoreInst = "Divider">   --->   Core 6 'Divider' <Latency = 22> <II = 1> <Delay = 1.16> <FuncUnit> <Opcode : 'sdiv' 'srem' 'udiv' 'urem'> <InPorts = 2> <OutPorts = 1>

State 13 <SV = 12> <Delay = 1.16>
ST_13 : Operation 74 [13/25] (1.16ns)   --->   "%l = urem i21 %real_index, i21 5" [/home/centos/CS133-lab4/lab4/lib/cnn-krnl.h:127]   --->   Operation 74 'urem' 'l' <Predicate = true> <Delay = 1.16> <CoreInst = "Divider">   --->   Core 6 'Divider' <Latency = 22> <II = 1> <Delay = 1.16> <FuncUnit> <Opcode : 'sdiv' 'srem' 'udiv' 'urem'> <InPorts = 2> <OutPorts = 1>
ST_13 : Operation 75 [13/23] (1.16ns)   --->   "%k = urem i19 %trunc_ln2, i19 5" [/home/centos/CS133-lab4/lab4/lib/cnn-krnl.h:129]   --->   Operation 75 'urem' 'k' <Predicate = true> <Delay = 1.16> <CoreInst = "Divider">   --->   Core 6 'Divider' <Latency = 22> <II = 1> <Delay = 1.16> <FuncUnit> <Opcode : 'sdiv' 'srem' 'udiv' 'urem'> <InPorts = 2> <OutPorts = 1>

State 14 <SV = 13> <Delay = 1.16>
ST_14 : Operation 76 [12/25] (1.16ns)   --->   "%l = urem i21 %real_index, i21 5" [/home/centos/CS133-lab4/lab4/lib/cnn-krnl.h:127]   --->   Operation 76 'urem' 'l' <Predicate = true> <Delay = 1.16> <CoreInst = "Divider">   --->   Core 6 'Divider' <Latency = 22> <II = 1> <Delay = 1.16> <FuncUnit> <Opcode : 'sdiv' 'srem' 'udiv' 'urem'> <InPorts = 2> <OutPorts = 1>
ST_14 : Operation 77 [12/23] (1.16ns)   --->   "%k = urem i19 %trunc_ln2, i19 5" [/home/centos/CS133-lab4/lab4/lib/cnn-krnl.h:129]   --->   Operation 77 'urem' 'k' <Predicate = true> <Delay = 1.16> <CoreInst = "Divider">   --->   Core 6 'Divider' <Latency = 22> <II = 1> <Delay = 1.16> <FuncUnit> <Opcode : 'sdiv' 'srem' 'udiv' 'urem'> <InPorts = 2> <OutPorts = 1>

State 15 <SV = 14> <Delay = 1.16>
ST_15 : Operation 78 [11/25] (1.16ns)   --->   "%l = urem i21 %real_index, i21 5" [/home/centos/CS133-lab4/lab4/lib/cnn-krnl.h:127]   --->   Operation 78 'urem' 'l' <Predicate = true> <Delay = 1.16> <CoreInst = "Divider">   --->   Core 6 'Divider' <Latency = 22> <II = 1> <Delay = 1.16> <FuncUnit> <Opcode : 'sdiv' 'srem' 'udiv' 'urem'> <InPorts = 2> <OutPorts = 1>
ST_15 : Operation 79 [11/23] (1.16ns)   --->   "%k = urem i19 %trunc_ln2, i19 5" [/home/centos/CS133-lab4/lab4/lib/cnn-krnl.h:129]   --->   Operation 79 'urem' 'k' <Predicate = true> <Delay = 1.16> <CoreInst = "Divider">   --->   Core 6 'Divider' <Latency = 22> <II = 1> <Delay = 1.16> <FuncUnit> <Opcode : 'sdiv' 'srem' 'udiv' 'urem'> <InPorts = 2> <OutPorts = 1>

State 16 <SV = 15> <Delay = 1.16>
ST_16 : Operation 80 [10/25] (1.16ns)   --->   "%l = urem i21 %real_index, i21 5" [/home/centos/CS133-lab4/lab4/lib/cnn-krnl.h:127]   --->   Operation 80 'urem' 'l' <Predicate = true> <Delay = 1.16> <CoreInst = "Divider">   --->   Core 6 'Divider' <Latency = 22> <II = 1> <Delay = 1.16> <FuncUnit> <Opcode : 'sdiv' 'srem' 'udiv' 'urem'> <InPorts = 2> <OutPorts = 1>
ST_16 : Operation 81 [10/23] (1.16ns)   --->   "%k = urem i19 %trunc_ln2, i19 5" [/home/centos/CS133-lab4/lab4/lib/cnn-krnl.h:129]   --->   Operation 81 'urem' 'k' <Predicate = true> <Delay = 1.16> <CoreInst = "Divider">   --->   Core 6 'Divider' <Latency = 22> <II = 1> <Delay = 1.16> <FuncUnit> <Opcode : 'sdiv' 'srem' 'udiv' 'urem'> <InPorts = 2> <OutPorts = 1>

State 17 <SV = 16> <Delay = 1.16>
ST_17 : Operation 82 [9/25] (1.16ns)   --->   "%l = urem i21 %real_index, i21 5" [/home/centos/CS133-lab4/lab4/lib/cnn-krnl.h:127]   --->   Operation 82 'urem' 'l' <Predicate = true> <Delay = 1.16> <CoreInst = "Divider">   --->   Core 6 'Divider' <Latency = 22> <II = 1> <Delay = 1.16> <FuncUnit> <Opcode : 'sdiv' 'srem' 'udiv' 'urem'> <InPorts = 2> <OutPorts = 1>
ST_17 : Operation 83 [9/23] (1.16ns)   --->   "%k = urem i19 %trunc_ln2, i19 5" [/home/centos/CS133-lab4/lab4/lib/cnn-krnl.h:129]   --->   Operation 83 'urem' 'k' <Predicate = true> <Delay = 1.16> <CoreInst = "Divider">   --->   Core 6 'Divider' <Latency = 22> <II = 1> <Delay = 1.16> <FuncUnit> <Opcode : 'sdiv' 'srem' 'udiv' 'urem'> <InPorts = 2> <OutPorts = 1>

State 18 <SV = 17> <Delay = 1.16>
ST_18 : Operation 84 [8/25] (1.16ns)   --->   "%l = urem i21 %real_index, i21 5" [/home/centos/CS133-lab4/lab4/lib/cnn-krnl.h:127]   --->   Operation 84 'urem' 'l' <Predicate = true> <Delay = 1.16> <CoreInst = "Divider">   --->   Core 6 'Divider' <Latency = 22> <II = 1> <Delay = 1.16> <FuncUnit> <Opcode : 'sdiv' 'srem' 'udiv' 'urem'> <InPorts = 2> <OutPorts = 1>
ST_18 : Operation 85 [8/23] (1.16ns)   --->   "%k = urem i19 %trunc_ln2, i19 5" [/home/centos/CS133-lab4/lab4/lib/cnn-krnl.h:129]   --->   Operation 85 'urem' 'k' <Predicate = true> <Delay = 1.16> <CoreInst = "Divider">   --->   Core 6 'Divider' <Latency = 22> <II = 1> <Delay = 1.16> <FuncUnit> <Opcode : 'sdiv' 'srem' 'udiv' 'urem'> <InPorts = 2> <OutPorts = 1>

State 19 <SV = 18> <Delay = 1.16>
ST_19 : Operation 86 [7/25] (1.16ns)   --->   "%l = urem i21 %real_index, i21 5" [/home/centos/CS133-lab4/lab4/lib/cnn-krnl.h:127]   --->   Operation 86 'urem' 'l' <Predicate = true> <Delay = 1.16> <CoreInst = "Divider">   --->   Core 6 'Divider' <Latency = 22> <II = 1> <Delay = 1.16> <FuncUnit> <Opcode : 'sdiv' 'srem' 'udiv' 'urem'> <InPorts = 2> <OutPorts = 1>
ST_19 : Operation 87 [7/23] (1.16ns)   --->   "%k = urem i19 %trunc_ln2, i19 5" [/home/centos/CS133-lab4/lab4/lib/cnn-krnl.h:129]   --->   Operation 87 'urem' 'k' <Predicate = true> <Delay = 1.16> <CoreInst = "Divider">   --->   Core 6 'Divider' <Latency = 22> <II = 1> <Delay = 1.16> <FuncUnit> <Opcode : 'sdiv' 'srem' 'udiv' 'urem'> <InPorts = 2> <OutPorts = 1>

State 20 <SV = 19> <Delay = 1.16>
ST_20 : Operation 88 [6/25] (1.16ns)   --->   "%l = urem i21 %real_index, i21 5" [/home/centos/CS133-lab4/lab4/lib/cnn-krnl.h:127]   --->   Operation 88 'urem' 'l' <Predicate = true> <Delay = 1.16> <CoreInst = "Divider">   --->   Core 6 'Divider' <Latency = 22> <II = 1> <Delay = 1.16> <FuncUnit> <Opcode : 'sdiv' 'srem' 'udiv' 'urem'> <InPorts = 2> <OutPorts = 1>
ST_20 : Operation 89 [6/23] (1.16ns)   --->   "%k = urem i19 %trunc_ln2, i19 5" [/home/centos/CS133-lab4/lab4/lib/cnn-krnl.h:129]   --->   Operation 89 'urem' 'k' <Predicate = true> <Delay = 1.16> <CoreInst = "Divider">   --->   Core 6 'Divider' <Latency = 22> <II = 1> <Delay = 1.16> <FuncUnit> <Opcode : 'sdiv' 'srem' 'udiv' 'urem'> <InPorts = 2> <OutPorts = 1>

State 21 <SV = 20> <Delay = 1.16>
ST_21 : Operation 90 [5/25] (1.16ns)   --->   "%l = urem i21 %real_index, i21 5" [/home/centos/CS133-lab4/lab4/lib/cnn-krnl.h:127]   --->   Operation 90 'urem' 'l' <Predicate = true> <Delay = 1.16> <CoreInst = "Divider">   --->   Core 6 'Divider' <Latency = 22> <II = 1> <Delay = 1.16> <FuncUnit> <Opcode : 'sdiv' 'srem' 'udiv' 'urem'> <InPorts = 2> <OutPorts = 1>
ST_21 : Operation 91 [5/23] (1.16ns)   --->   "%k = urem i19 %trunc_ln2, i19 5" [/home/centos/CS133-lab4/lab4/lib/cnn-krnl.h:129]   --->   Operation 91 'urem' 'k' <Predicate = true> <Delay = 1.16> <CoreInst = "Divider">   --->   Core 6 'Divider' <Latency = 22> <II = 1> <Delay = 1.16> <FuncUnit> <Opcode : 'sdiv' 'srem' 'udiv' 'urem'> <InPorts = 2> <OutPorts = 1>

State 22 <SV = 21> <Delay = 1.16>
ST_22 : Operation 92 [4/25] (1.16ns)   --->   "%l = urem i21 %real_index, i21 5" [/home/centos/CS133-lab4/lab4/lib/cnn-krnl.h:127]   --->   Operation 92 'urem' 'l' <Predicate = true> <Delay = 1.16> <CoreInst = "Divider">   --->   Core 6 'Divider' <Latency = 22> <II = 1> <Delay = 1.16> <FuncUnit> <Opcode : 'sdiv' 'srem' 'udiv' 'urem'> <InPorts = 2> <OutPorts = 1>
ST_22 : Operation 93 [4/23] (1.16ns)   --->   "%k = urem i19 %trunc_ln2, i19 5" [/home/centos/CS133-lab4/lab4/lib/cnn-krnl.h:129]   --->   Operation 93 'urem' 'k' <Predicate = true> <Delay = 1.16> <CoreInst = "Divider">   --->   Core 6 'Divider' <Latency = 22> <II = 1> <Delay = 1.16> <FuncUnit> <Opcode : 'sdiv' 'srem' 'udiv' 'urem'> <InPorts = 2> <OutPorts = 1>

State 23 <SV = 22> <Delay = 1.16>
ST_23 : Operation 94 [3/25] (1.16ns)   --->   "%l = urem i21 %real_index, i21 5" [/home/centos/CS133-lab4/lab4/lib/cnn-krnl.h:127]   --->   Operation 94 'urem' 'l' <Predicate = true> <Delay = 1.16> <CoreInst = "Divider">   --->   Core 6 'Divider' <Latency = 22> <II = 1> <Delay = 1.16> <FuncUnit> <Opcode : 'sdiv' 'srem' 'udiv' 'urem'> <InPorts = 2> <OutPorts = 1>
ST_23 : Operation 95 [3/23] (1.16ns)   --->   "%k = urem i19 %trunc_ln2, i19 5" [/home/centos/CS133-lab4/lab4/lib/cnn-krnl.h:129]   --->   Operation 95 'urem' 'k' <Predicate = true> <Delay = 1.16> <CoreInst = "Divider">   --->   Core 6 'Divider' <Latency = 22> <II = 1> <Delay = 1.16> <FuncUnit> <Opcode : 'sdiv' 'srem' 'udiv' 'urem'> <InPorts = 2> <OutPorts = 1>

State 24 <SV = 23> <Delay = 1.16>
ST_24 : Operation 96 [2/25] (1.16ns)   --->   "%l = urem i21 %real_index, i21 5" [/home/centos/CS133-lab4/lab4/lib/cnn-krnl.h:127]   --->   Operation 96 'urem' 'l' <Predicate = true> <Delay = 1.16> <CoreInst = "Divider">   --->   Core 6 'Divider' <Latency = 22> <II = 1> <Delay = 1.16> <FuncUnit> <Opcode : 'sdiv' 'srem' 'udiv' 'urem'> <InPorts = 2> <OutPorts = 1>
ST_24 : Operation 97 [2/23] (1.16ns)   --->   "%k = urem i19 %trunc_ln2, i19 5" [/home/centos/CS133-lab4/lab4/lib/cnn-krnl.h:129]   --->   Operation 97 'urem' 'k' <Predicate = true> <Delay = 1.16> <CoreInst = "Divider">   --->   Core 6 'Divider' <Latency = 22> <II = 1> <Delay = 1.16> <FuncUnit> <Opcode : 'sdiv' 'srem' 'udiv' 'urem'> <InPorts = 2> <OutPorts = 1>
ST_24 : Operation 191 [1/1] (0.00ns)   --->   "%ret_ln0 = ret"   --->   Operation 191 'ret' 'ret_ln0' <Predicate = (icmp_ln125)> <Delay = 0.00>

State 25 <SV = 24> <Delay = 2.41>
ST_25 : Operation 98 [1/1] (0.00ns)   --->   "%specpipeline_ln125 = specpipeline void @_ssdm_op_SpecPipeline, i32 4294967295, i32 0, i32 0, i32 0, void @empty_13" [/home/centos/CS133-lab4/lab4/lib/cnn-krnl.h:125]   --->   Operation 98 'specpipeline' 'specpipeline_ln125' <Predicate = true> <Delay = 0.00>
ST_25 : Operation 99 [1/1] (0.00ns)   --->   "%specloopname_ln125 = specloopname void @_ssdm_op_SpecLoopName, void @empty_5" [/home/centos/CS133-lab4/lab4/lib/cnn-krnl.h:125]   --->   Operation 99 'specloopname' 'specloopname_ln125' <Predicate = true> <Delay = 0.00>
ST_25 : Operation 100 [1/25] (1.16ns)   --->   "%l = urem i21 %real_index, i21 5" [/home/centos/CS133-lab4/lab4/lib/cnn-krnl.h:127]   --->   Operation 100 'urem' 'l' <Predicate = true> <Delay = 1.16> <CoreInst = "Divider">   --->   Core 6 'Divider' <Latency = 22> <II = 1> <Delay = 1.16> <FuncUnit> <Opcode : 'sdiv' 'srem' 'udiv' 'urem'> <InPorts = 2> <OutPorts = 1>
ST_25 : Operation 101 [1/23] (1.16ns)   --->   "%k = urem i19 %trunc_ln2, i19 5" [/home/centos/CS133-lab4/lab4/lib/cnn-krnl.h:129]   --->   Operation 101 'urem' 'k' <Predicate = true> <Delay = 1.16> <CoreInst = "Divider">   --->   Core 6 'Divider' <Latency = 22> <II = 1> <Delay = 1.16> <FuncUnit> <Opcode : 'sdiv' 'srem' 'udiv' 'urem'> <InPorts = 2> <OutPorts = 1>
ST_25 : Operation 102 [1/1] (0.00ns)   --->   "%zext_ln134 = zext i17 %tmp_26" [/home/centos/CS133-lab4/lab4/lib/cnn-krnl.h:134]   --->   Operation 102 'zext' 'zext_ln134' <Predicate = true> <Delay = 0.00>
ST_25 : Operation 103 [1/1] (0.00ns)   --->   "%weight_V_0_0_addr = getelementptr i8 %weight_V_0_0, i64 0, i64 %zext_ln134" [/home/centos/CS133-lab4/lab4/lib/cnn-krnl.h:134]   --->   Operation 103 'getelementptr' 'weight_V_0_0_addr' <Predicate = true> <Delay = 0.00>
ST_25 : Operation 104 [1/1] (0.00ns)   --->   "%weight_V_0_1_addr = getelementptr i8 %weight_V_0_1, i64 0, i64 %zext_ln134" [/home/centos/CS133-lab4/lab4/lib/cnn-krnl.h:134]   --->   Operation 104 'getelementptr' 'weight_V_0_1_addr' <Predicate = true> <Delay = 0.00>
ST_25 : Operation 105 [1/1] (0.00ns)   --->   "%weight_V_0_2_addr = getelementptr i8 %weight_V_0_2, i64 0, i64 %zext_ln134" [/home/centos/CS133-lab4/lab4/lib/cnn-krnl.h:134]   --->   Operation 105 'getelementptr' 'weight_V_0_2_addr' <Predicate = true> <Delay = 0.00>
ST_25 : Operation 106 [1/1] (0.00ns)   --->   "%weight_V_0_3_addr = getelementptr i8 %weight_V_0_3, i64 0, i64 %zext_ln134" [/home/centos/CS133-lab4/lab4/lib/cnn-krnl.h:134]   --->   Operation 106 'getelementptr' 'weight_V_0_3_addr' <Predicate = true> <Delay = 0.00>
ST_25 : Operation 107 [1/1] (0.00ns)   --->   "%weight_V_0_4_addr = getelementptr i8 %weight_V_0_4, i64 0, i64 %zext_ln134" [/home/centos/CS133-lab4/lab4/lib/cnn-krnl.h:134]   --->   Operation 107 'getelementptr' 'weight_V_0_4_addr' <Predicate = true> <Delay = 0.00>
ST_25 : Operation 108 [1/1] (0.00ns)   --->   "%weight_V_1_0_addr = getelementptr i8 %weight_V_1_0, i64 0, i64 %zext_ln134" [/home/centos/CS133-lab4/lab4/lib/cnn-krnl.h:134]   --->   Operation 108 'getelementptr' 'weight_V_1_0_addr' <Predicate = true> <Delay = 0.00>
ST_25 : Operation 109 [1/1] (0.00ns)   --->   "%weight_V_1_1_addr = getelementptr i8 %weight_V_1_1, i64 0, i64 %zext_ln134" [/home/centos/CS133-lab4/lab4/lib/cnn-krnl.h:134]   --->   Operation 109 'getelementptr' 'weight_V_1_1_addr' <Predicate = true> <Delay = 0.00>
ST_25 : Operation 110 [1/1] (0.00ns)   --->   "%weight_V_1_2_addr = getelementptr i8 %weight_V_1_2, i64 0, i64 %zext_ln134" [/home/centos/CS133-lab4/lab4/lib/cnn-krnl.h:134]   --->   Operation 110 'getelementptr' 'weight_V_1_2_addr' <Predicate = true> <Delay = 0.00>
ST_25 : Operation 111 [1/1] (0.00ns)   --->   "%weight_V_1_3_addr = getelementptr i8 %weight_V_1_3, i64 0, i64 %zext_ln134" [/home/centos/CS133-lab4/lab4/lib/cnn-krnl.h:134]   --->   Operation 111 'getelementptr' 'weight_V_1_3_addr' <Predicate = true> <Delay = 0.00>
ST_25 : Operation 112 [1/1] (0.00ns)   --->   "%weight_V_1_4_addr = getelementptr i8 %weight_V_1_4, i64 0, i64 %zext_ln134" [/home/centos/CS133-lab4/lab4/lib/cnn-krnl.h:134]   --->   Operation 112 'getelementptr' 'weight_V_1_4_addr' <Predicate = true> <Delay = 0.00>
ST_25 : Operation 113 [1/1] (0.00ns)   --->   "%weight_V_2_0_addr = getelementptr i8 %weight_V_2_0, i64 0, i64 %zext_ln134" [/home/centos/CS133-lab4/lab4/lib/cnn-krnl.h:134]   --->   Operation 113 'getelementptr' 'weight_V_2_0_addr' <Predicate = true> <Delay = 0.00>
ST_25 : Operation 114 [1/1] (0.00ns)   --->   "%weight_V_2_1_addr = getelementptr i8 %weight_V_2_1, i64 0, i64 %zext_ln134" [/home/centos/CS133-lab4/lab4/lib/cnn-krnl.h:134]   --->   Operation 114 'getelementptr' 'weight_V_2_1_addr' <Predicate = true> <Delay = 0.00>
ST_25 : Operation 115 [1/1] (0.00ns)   --->   "%weight_V_2_2_addr = getelementptr i8 %weight_V_2_2, i64 0, i64 %zext_ln134" [/home/centos/CS133-lab4/lab4/lib/cnn-krnl.h:134]   --->   Operation 115 'getelementptr' 'weight_V_2_2_addr' <Predicate = true> <Delay = 0.00>
ST_25 : Operation 116 [1/1] (0.00ns)   --->   "%weight_V_2_3_addr = getelementptr i8 %weight_V_2_3, i64 0, i64 %zext_ln134" [/home/centos/CS133-lab4/lab4/lib/cnn-krnl.h:134]   --->   Operation 116 'getelementptr' 'weight_V_2_3_addr' <Predicate = true> <Delay = 0.00>
ST_25 : Operation 117 [1/1] (0.00ns)   --->   "%weight_V_2_4_addr = getelementptr i8 %weight_V_2_4, i64 0, i64 %zext_ln134" [/home/centos/CS133-lab4/lab4/lib/cnn-krnl.h:134]   --->   Operation 117 'getelementptr' 'weight_V_2_4_addr' <Predicate = true> <Delay = 0.00>
ST_25 : Operation 118 [1/1] (0.00ns)   --->   "%weight_V_3_0_addr = getelementptr i8 %weight_V_3_0, i64 0, i64 %zext_ln134" [/home/centos/CS133-lab4/lab4/lib/cnn-krnl.h:134]   --->   Operation 118 'getelementptr' 'weight_V_3_0_addr' <Predicate = true> <Delay = 0.00>
ST_25 : Operation 119 [1/1] (0.00ns)   --->   "%weight_V_3_1_addr = getelementptr i8 %weight_V_3_1, i64 0, i64 %zext_ln134" [/home/centos/CS133-lab4/lab4/lib/cnn-krnl.h:134]   --->   Operation 119 'getelementptr' 'weight_V_3_1_addr' <Predicate = true> <Delay = 0.00>
ST_25 : Operation 120 [1/1] (0.00ns)   --->   "%weight_V_3_2_addr = getelementptr i8 %weight_V_3_2, i64 0, i64 %zext_ln134" [/home/centos/CS133-lab4/lab4/lib/cnn-krnl.h:134]   --->   Operation 120 'getelementptr' 'weight_V_3_2_addr' <Predicate = true> <Delay = 0.00>
ST_25 : Operation 121 [1/1] (0.00ns)   --->   "%weight_V_3_3_addr = getelementptr i8 %weight_V_3_3, i64 0, i64 %zext_ln134" [/home/centos/CS133-lab4/lab4/lib/cnn-krnl.h:134]   --->   Operation 121 'getelementptr' 'weight_V_3_3_addr' <Predicate = true> <Delay = 0.00>
ST_25 : Operation 122 [1/1] (0.00ns)   --->   "%weight_V_3_4_addr = getelementptr i8 %weight_V_3_4, i64 0, i64 %zext_ln134" [/home/centos/CS133-lab4/lab4/lib/cnn-krnl.h:134]   --->   Operation 122 'getelementptr' 'weight_V_3_4_addr' <Predicate = true> <Delay = 0.00>
ST_25 : Operation 123 [1/1] (0.00ns)   --->   "%weight_V_4_0_addr = getelementptr i8 %weight_V_4_0, i64 0, i64 %zext_ln134" [/home/centos/CS133-lab4/lab4/lib/cnn-krnl.h:134]   --->   Operation 123 'getelementptr' 'weight_V_4_0_addr' <Predicate = true> <Delay = 0.00>
ST_25 : Operation 124 [1/1] (0.00ns)   --->   "%weight_V_4_1_addr = getelementptr i8 %weight_V_4_1, i64 0, i64 %zext_ln134" [/home/centos/CS133-lab4/lab4/lib/cnn-krnl.h:134]   --->   Operation 124 'getelementptr' 'weight_V_4_1_addr' <Predicate = true> <Delay = 0.00>
ST_25 : Operation 125 [1/1] (0.00ns)   --->   "%weight_V_4_2_addr = getelementptr i8 %weight_V_4_2, i64 0, i64 %zext_ln134" [/home/centos/CS133-lab4/lab4/lib/cnn-krnl.h:134]   --->   Operation 125 'getelementptr' 'weight_V_4_2_addr' <Predicate = true> <Delay = 0.00>
ST_25 : Operation 126 [1/1] (0.00ns)   --->   "%weight_V_4_3_addr = getelementptr i8 %weight_V_4_3, i64 0, i64 %zext_ln134" [/home/centos/CS133-lab4/lab4/lib/cnn-krnl.h:134]   --->   Operation 126 'getelementptr' 'weight_V_4_3_addr' <Predicate = true> <Delay = 0.00>
ST_25 : Operation 127 [1/1] (0.00ns)   --->   "%weight_V_4_4_addr = getelementptr i8 %weight_V_4_4, i64 0, i64 %zext_ln134" [/home/centos/CS133-lab4/lab4/lib/cnn-krnl.h:134]   --->   Operation 127 'getelementptr' 'weight_V_4_4_addr' <Predicate = true> <Delay = 0.00>
ST_25 : Operation 128 [1/1] (0.00ns)   --->   "%trunc_ln134 = trunc i3 %k" [/home/centos/CS133-lab4/lab4/lib/cnn-krnl.h:134]   --->   Operation 128 'trunc' 'trunc_ln134' <Predicate = true> <Delay = 0.00>
ST_25 : Operation 129 [1/1] (0.00ns)   --->   "%trunc_ln134_1 = trunc i3 %l" [/home/centos/CS133-lab4/lab4/lib/cnn-krnl.h:134]   --->   Operation 129 'trunc' 'trunc_ln134_1' <Predicate = true> <Delay = 0.00>
ST_25 : Operation 130 [1/1] (0.65ns)   --->   "%switch_ln134 = switch i3 %trunc_ln134, void %branch4, i3 0, void %branch0, i3 1, void %branch1, i3 2, void %branch2, i3 3, void %branch3" [/home/centos/CS133-lab4/lab4/lib/cnn-krnl.h:134]   --->   Operation 130 'switch' 'switch_ln134' <Predicate = true> <Delay = 0.65>
ST_25 : Operation 131 [1/1] (0.65ns)   --->   "%switch_ln134 = switch i3 %trunc_ln134_1, void %branch154, i3 0, void %branch150, i3 1, void %branch151, i3 2, void %branch152, i3 3, void %branch153" [/home/centos/CS133-lab4/lab4/lib/cnn-krnl.h:134]   --->   Operation 131 'switch' 'switch_ln134' <Predicate = (trunc_ln134 == 3)> <Delay = 0.65>
ST_25 : Operation 132 [1/1] (1.24ns)   --->   "%store_ln134 = store i8 %temp_V, i16 %weight_V_3_3_addr" [/home/centos/CS133-lab4/lab4/lib/cnn-krnl.h:134]   --->   Operation 132 'store' 'store_ln134' <Predicate = (trunc_ln134 == 3 & trunc_ln134_1 == 3)> <Delay = 1.24> <CoreInst = "RAM">   --->   Core 83 'RAM' <Latency = 1> <II = 1> <Delay = 1.24> <Storage> <Opcode : 'load' 'store'> <Ports = 2> <Width = 8> <Depth = 65536> <RAM>
ST_25 : Operation 133 [1/1] (0.00ns)   --->   "%br_ln134 = br void %branch3643" [/home/centos/CS133-lab4/lab4/lib/cnn-krnl.h:134]   --->   Operation 133 'br' 'br_ln134' <Predicate = (trunc_ln134 == 3 & trunc_ln134_1 == 3)> <Delay = 0.00>
ST_25 : Operation 134 [1/1] (1.24ns)   --->   "%store_ln134 = store i8 %temp_V, i16 %weight_V_3_2_addr" [/home/centos/CS133-lab4/lab4/lib/cnn-krnl.h:134]   --->   Operation 134 'store' 'store_ln134' <Predicate = (trunc_ln134 == 3 & trunc_ln134_1 == 2)> <Delay = 1.24> <CoreInst = "RAM">   --->   Core 83 'RAM' <Latency = 1> <II = 1> <Delay = 1.24> <Storage> <Opcode : 'load' 'store'> <Ports = 2> <Width = 8> <Depth = 65536> <RAM>
ST_25 : Operation 135 [1/1] (0.00ns)   --->   "%br_ln134 = br void %branch3643" [/home/centos/CS133-lab4/lab4/lib/cnn-krnl.h:134]   --->   Operation 135 'br' 'br_ln134' <Predicate = (trunc_ln134 == 3 & trunc_ln134_1 == 2)> <Delay = 0.00>
ST_25 : Operation 136 [1/1] (1.24ns)   --->   "%store_ln134 = store i8 %temp_V, i16 %weight_V_3_1_addr" [/home/centos/CS133-lab4/lab4/lib/cnn-krnl.h:134]   --->   Operation 136 'store' 'store_ln134' <Predicate = (trunc_ln134 == 3 & trunc_ln134_1 == 1)> <Delay = 1.24> <CoreInst = "RAM">   --->   Core 83 'RAM' <Latency = 1> <II = 1> <Delay = 1.24> <Storage> <Opcode : 'load' 'store'> <Ports = 2> <Width = 8> <Depth = 65536> <RAM>
ST_25 : Operation 137 [1/1] (0.00ns)   --->   "%br_ln134 = br void %branch3643" [/home/centos/CS133-lab4/lab4/lib/cnn-krnl.h:134]   --->   Operation 137 'br' 'br_ln134' <Predicate = (trunc_ln134 == 3 & trunc_ln134_1 == 1)> <Delay = 0.00>
ST_25 : Operation 138 [1/1] (1.24ns)   --->   "%store_ln134 = store i8 %temp_V, i16 %weight_V_3_0_addr" [/home/centos/CS133-lab4/lab4/lib/cnn-krnl.h:134]   --->   Operation 138 'store' 'store_ln134' <Predicate = (trunc_ln134 == 3 & trunc_ln134_1 == 0)> <Delay = 1.24> <CoreInst = "RAM">   --->   Core 83 'RAM' <Latency = 1> <II = 1> <Delay = 1.24> <Storage> <Opcode : 'load' 'store'> <Ports = 2> <Width = 8> <Depth = 65536> <RAM>
ST_25 : Operation 139 [1/1] (0.00ns)   --->   "%br_ln134 = br void %branch3643" [/home/centos/CS133-lab4/lab4/lib/cnn-krnl.h:134]   --->   Operation 139 'br' 'br_ln134' <Predicate = (trunc_ln134 == 3 & trunc_ln134_1 == 0)> <Delay = 0.00>
ST_25 : Operation 140 [1/1] (1.24ns)   --->   "%store_ln134 = store i8 %temp_V, i16 %weight_V_3_4_addr" [/home/centos/CS133-lab4/lab4/lib/cnn-krnl.h:134]   --->   Operation 140 'store' 'store_ln134' <Predicate = (trunc_ln134 == 3 & trunc_ln134_1 != 0 & trunc_ln134_1 != 1 & trunc_ln134_1 != 2 & trunc_ln134_1 != 3)> <Delay = 1.24> <CoreInst = "RAM">   --->   Core 83 'RAM' <Latency = 1> <II = 1> <Delay = 1.24> <Storage> <Opcode : 'load' 'store'> <Ports = 2> <Width = 8> <Depth = 65536> <RAM>
ST_25 : Operation 141 [1/1] (0.00ns)   --->   "%br_ln134 = br void %branch3643" [/home/centos/CS133-lab4/lab4/lib/cnn-krnl.h:134]   --->   Operation 141 'br' 'br_ln134' <Predicate = (trunc_ln134 == 3 & trunc_ln134_1 != 0 & trunc_ln134_1 != 1 & trunc_ln134_1 != 2 & trunc_ln134_1 != 3)> <Delay = 0.00>
ST_25 : Operation 142 [1/1] (0.00ns)   --->   "%br_ln134 = br void %.split44196" [/home/centos/CS133-lab4/lab4/lib/cnn-krnl.h:134]   --->   Operation 142 'br' 'br_ln134' <Predicate = (trunc_ln134 == 3)> <Delay = 0.00>
ST_25 : Operation 143 [1/1] (0.65ns)   --->   "%switch_ln134 = switch i3 %trunc_ln134_1, void %branch149, i3 0, void %branch145, i3 1, void %branch146, i3 2, void %branch147, i3 3, void %branch148" [/home/centos/CS133-lab4/lab4/lib/cnn-krnl.h:134]   --->   Operation 143 'switch' 'switch_ln134' <Predicate = (trunc_ln134 == 2)> <Delay = 0.65>
ST_25 : Operation 144 [1/1] (1.24ns)   --->   "%store_ln134 = store i8 %temp_V, i16 %weight_V_2_3_addr" [/home/centos/CS133-lab4/lab4/lib/cnn-krnl.h:134]   --->   Operation 144 'store' 'store_ln134' <Predicate = (trunc_ln134 == 2 & trunc_ln134_1 == 3)> <Delay = 1.24> <CoreInst = "RAM">   --->   Core 83 'RAM' <Latency = 1> <II = 1> <Delay = 1.24> <Storage> <Opcode : 'load' 'store'> <Ports = 2> <Width = 8> <Depth = 65536> <RAM>
ST_25 : Operation 145 [1/1] (0.00ns)   --->   "%br_ln134 = br void %branch2606" [/home/centos/CS133-lab4/lab4/lib/cnn-krnl.h:134]   --->   Operation 145 'br' 'br_ln134' <Predicate = (trunc_ln134 == 2 & trunc_ln134_1 == 3)> <Delay = 0.00>
ST_25 : Operation 146 [1/1] (1.24ns)   --->   "%store_ln134 = store i8 %temp_V, i16 %weight_V_2_2_addr" [/home/centos/CS133-lab4/lab4/lib/cnn-krnl.h:134]   --->   Operation 146 'store' 'store_ln134' <Predicate = (trunc_ln134 == 2 & trunc_ln134_1 == 2)> <Delay = 1.24> <CoreInst = "RAM">   --->   Core 83 'RAM' <Latency = 1> <II = 1> <Delay = 1.24> <Storage> <Opcode : 'load' 'store'> <Ports = 2> <Width = 8> <Depth = 65536> <RAM>
ST_25 : Operation 147 [1/1] (0.00ns)   --->   "%br_ln134 = br void %branch2606" [/home/centos/CS133-lab4/lab4/lib/cnn-krnl.h:134]   --->   Operation 147 'br' 'br_ln134' <Predicate = (trunc_ln134 == 2 & trunc_ln134_1 == 2)> <Delay = 0.00>
ST_25 : Operation 148 [1/1] (1.24ns)   --->   "%store_ln134 = store i8 %temp_V, i16 %weight_V_2_1_addr" [/home/centos/CS133-lab4/lab4/lib/cnn-krnl.h:134]   --->   Operation 148 'store' 'store_ln134' <Predicate = (trunc_ln134 == 2 & trunc_ln134_1 == 1)> <Delay = 1.24> <CoreInst = "RAM">   --->   Core 83 'RAM' <Latency = 1> <II = 1> <Delay = 1.24> <Storage> <Opcode : 'load' 'store'> <Ports = 2> <Width = 8> <Depth = 65536> <RAM>
ST_25 : Operation 149 [1/1] (0.00ns)   --->   "%br_ln134 = br void %branch2606" [/home/centos/CS133-lab4/lab4/lib/cnn-krnl.h:134]   --->   Operation 149 'br' 'br_ln134' <Predicate = (trunc_ln134 == 2 & trunc_ln134_1 == 1)> <Delay = 0.00>
ST_25 : Operation 150 [1/1] (1.24ns)   --->   "%store_ln134 = store i8 %temp_V, i16 %weight_V_2_0_addr" [/home/centos/CS133-lab4/lab4/lib/cnn-krnl.h:134]   --->   Operation 150 'store' 'store_ln134' <Predicate = (trunc_ln134 == 2 & trunc_ln134_1 == 0)> <Delay = 1.24> <CoreInst = "RAM">   --->   Core 83 'RAM' <Latency = 1> <II = 1> <Delay = 1.24> <Storage> <Opcode : 'load' 'store'> <Ports = 2> <Width = 8> <Depth = 65536> <RAM>
ST_25 : Operation 151 [1/1] (0.00ns)   --->   "%br_ln134 = br void %branch2606" [/home/centos/CS133-lab4/lab4/lib/cnn-krnl.h:134]   --->   Operation 151 'br' 'br_ln134' <Predicate = (trunc_ln134 == 2 & trunc_ln134_1 == 0)> <Delay = 0.00>
ST_25 : Operation 152 [1/1] (1.24ns)   --->   "%store_ln134 = store i8 %temp_V, i16 %weight_V_2_4_addr" [/home/centos/CS133-lab4/lab4/lib/cnn-krnl.h:134]   --->   Operation 152 'store' 'store_ln134' <Predicate = (trunc_ln134 == 2 & trunc_ln134_1 != 0 & trunc_ln134_1 != 1 & trunc_ln134_1 != 2 & trunc_ln134_1 != 3)> <Delay = 1.24> <CoreInst = "RAM">   --->   Core 83 'RAM' <Latency = 1> <II = 1> <Delay = 1.24> <Storage> <Opcode : 'load' 'store'> <Ports = 2> <Width = 8> <Depth = 65536> <RAM>
ST_25 : Operation 153 [1/1] (0.00ns)   --->   "%br_ln134 = br void %branch2606" [/home/centos/CS133-lab4/lab4/lib/cnn-krnl.h:134]   --->   Operation 153 'br' 'br_ln134' <Predicate = (trunc_ln134 == 2 & trunc_ln134_1 != 0 & trunc_ln134_1 != 1 & trunc_ln134_1 != 2 & trunc_ln134_1 != 3)> <Delay = 0.00>
ST_25 : Operation 154 [1/1] (0.00ns)   --->   "%br_ln134 = br void %.split44196" [/home/centos/CS133-lab4/lab4/lib/cnn-krnl.h:134]   --->   Operation 154 'br' 'br_ln134' <Predicate = (trunc_ln134 == 2)> <Delay = 0.00>
ST_25 : Operation 155 [1/1] (0.65ns)   --->   "%switch_ln134 = switch i3 %trunc_ln134_1, void %branch144, i3 0, void %branch140, i3 1, void %branch141, i3 2, void %branch142, i3 3, void %branch143" [/home/centos/CS133-lab4/lab4/lib/cnn-krnl.h:134]   --->   Operation 155 'switch' 'switch_ln134' <Predicate = (trunc_ln134 == 1)> <Delay = 0.65>
ST_25 : Operation 156 [1/1] (1.24ns)   --->   "%store_ln134 = store i8 %temp_V, i16 %weight_V_1_3_addr" [/home/centos/CS133-lab4/lab4/lib/cnn-krnl.h:134]   --->   Operation 156 'store' 'store_ln134' <Predicate = (trunc_ln134 == 1 & trunc_ln134_1 == 3)> <Delay = 1.24> <CoreInst = "RAM">   --->   Core 83 'RAM' <Latency = 1> <II = 1> <Delay = 1.24> <Storage> <Opcode : 'load' 'store'> <Ports = 2> <Width = 8> <Depth = 65536> <RAM>
ST_25 : Operation 157 [1/1] (0.00ns)   --->   "%br_ln134 = br void %branch1569" [/home/centos/CS133-lab4/lab4/lib/cnn-krnl.h:134]   --->   Operation 157 'br' 'br_ln134' <Predicate = (trunc_ln134 == 1 & trunc_ln134_1 == 3)> <Delay = 0.00>
ST_25 : Operation 158 [1/1] (1.24ns)   --->   "%store_ln134 = store i8 %temp_V, i16 %weight_V_1_2_addr" [/home/centos/CS133-lab4/lab4/lib/cnn-krnl.h:134]   --->   Operation 158 'store' 'store_ln134' <Predicate = (trunc_ln134 == 1 & trunc_ln134_1 == 2)> <Delay = 1.24> <CoreInst = "RAM">   --->   Core 83 'RAM' <Latency = 1> <II = 1> <Delay = 1.24> <Storage> <Opcode : 'load' 'store'> <Ports = 2> <Width = 8> <Depth = 65536> <RAM>
ST_25 : Operation 159 [1/1] (0.00ns)   --->   "%br_ln134 = br void %branch1569" [/home/centos/CS133-lab4/lab4/lib/cnn-krnl.h:134]   --->   Operation 159 'br' 'br_ln134' <Predicate = (trunc_ln134 == 1 & trunc_ln134_1 == 2)> <Delay = 0.00>
ST_25 : Operation 160 [1/1] (1.24ns)   --->   "%store_ln134 = store i8 %temp_V, i16 %weight_V_1_1_addr" [/home/centos/CS133-lab4/lab4/lib/cnn-krnl.h:134]   --->   Operation 160 'store' 'store_ln134' <Predicate = (trunc_ln134 == 1 & trunc_ln134_1 == 1)> <Delay = 1.24> <CoreInst = "RAM">   --->   Core 83 'RAM' <Latency = 1> <II = 1> <Delay = 1.24> <Storage> <Opcode : 'load' 'store'> <Ports = 2> <Width = 8> <Depth = 65536> <RAM>
ST_25 : Operation 161 [1/1] (0.00ns)   --->   "%br_ln134 = br void %branch1569" [/home/centos/CS133-lab4/lab4/lib/cnn-krnl.h:134]   --->   Operation 161 'br' 'br_ln134' <Predicate = (trunc_ln134 == 1 & trunc_ln134_1 == 1)> <Delay = 0.00>
ST_25 : Operation 162 [1/1] (1.24ns)   --->   "%store_ln134 = store i8 %temp_V, i16 %weight_V_1_0_addr" [/home/centos/CS133-lab4/lab4/lib/cnn-krnl.h:134]   --->   Operation 162 'store' 'store_ln134' <Predicate = (trunc_ln134 == 1 & trunc_ln134_1 == 0)> <Delay = 1.24> <CoreInst = "RAM">   --->   Core 83 'RAM' <Latency = 1> <II = 1> <Delay = 1.24> <Storage> <Opcode : 'load' 'store'> <Ports = 2> <Width = 8> <Depth = 65536> <RAM>
ST_25 : Operation 163 [1/1] (0.00ns)   --->   "%br_ln134 = br void %branch1569" [/home/centos/CS133-lab4/lab4/lib/cnn-krnl.h:134]   --->   Operation 163 'br' 'br_ln134' <Predicate = (trunc_ln134 == 1 & trunc_ln134_1 == 0)> <Delay = 0.00>
ST_25 : Operation 164 [1/1] (1.24ns)   --->   "%store_ln134 = store i8 %temp_V, i16 %weight_V_1_4_addr" [/home/centos/CS133-lab4/lab4/lib/cnn-krnl.h:134]   --->   Operation 164 'store' 'store_ln134' <Predicate = (trunc_ln134 == 1 & trunc_ln134_1 != 0 & trunc_ln134_1 != 1 & trunc_ln134_1 != 2 & trunc_ln134_1 != 3)> <Delay = 1.24> <CoreInst = "RAM">   --->   Core 83 'RAM' <Latency = 1> <II = 1> <Delay = 1.24> <Storage> <Opcode : 'load' 'store'> <Ports = 2> <Width = 8> <Depth = 65536> <RAM>
ST_25 : Operation 165 [1/1] (0.00ns)   --->   "%br_ln134 = br void %branch1569" [/home/centos/CS133-lab4/lab4/lib/cnn-krnl.h:134]   --->   Operation 165 'br' 'br_ln134' <Predicate = (trunc_ln134 == 1 & trunc_ln134_1 != 0 & trunc_ln134_1 != 1 & trunc_ln134_1 != 2 & trunc_ln134_1 != 3)> <Delay = 0.00>
ST_25 : Operation 166 [1/1] (0.00ns)   --->   "%br_ln134 = br void %.split44196" [/home/centos/CS133-lab4/lab4/lib/cnn-krnl.h:134]   --->   Operation 166 'br' 'br_ln134' <Predicate = (trunc_ln134 == 1)> <Delay = 0.00>
ST_25 : Operation 167 [1/1] (0.65ns)   --->   "%switch_ln134 = switch i3 %trunc_ln134_1, void %branch139, i3 0, void %branch135, i3 1, void %branch136, i3 2, void %branch137, i3 3, void %branch138" [/home/centos/CS133-lab4/lab4/lib/cnn-krnl.h:134]   --->   Operation 167 'switch' 'switch_ln134' <Predicate = (trunc_ln134 == 0)> <Delay = 0.65>
ST_25 : Operation 168 [1/1] (1.24ns)   --->   "%store_ln134 = store i8 %temp_V, i16 %weight_V_0_3_addr" [/home/centos/CS133-lab4/lab4/lib/cnn-krnl.h:134]   --->   Operation 168 'store' 'store_ln134' <Predicate = (trunc_ln134 == 0 & trunc_ln134_1 == 3)> <Delay = 1.24> <CoreInst = "RAM">   --->   Core 83 'RAM' <Latency = 1> <II = 1> <Delay = 1.24> <Storage> <Opcode : 'load' 'store'> <Ports = 2> <Width = 8> <Depth = 65536> <RAM>
ST_25 : Operation 169 [1/1] (0.00ns)   --->   "%br_ln134 = br void %branch0532" [/home/centos/CS133-lab4/lab4/lib/cnn-krnl.h:134]   --->   Operation 169 'br' 'br_ln134' <Predicate = (trunc_ln134 == 0 & trunc_ln134_1 == 3)> <Delay = 0.00>
ST_25 : Operation 170 [1/1] (1.24ns)   --->   "%store_ln134 = store i8 %temp_V, i16 %weight_V_0_2_addr" [/home/centos/CS133-lab4/lab4/lib/cnn-krnl.h:134]   --->   Operation 170 'store' 'store_ln134' <Predicate = (trunc_ln134 == 0 & trunc_ln134_1 == 2)> <Delay = 1.24> <CoreInst = "RAM">   --->   Core 83 'RAM' <Latency = 1> <II = 1> <Delay = 1.24> <Storage> <Opcode : 'load' 'store'> <Ports = 2> <Width = 8> <Depth = 65536> <RAM>
ST_25 : Operation 171 [1/1] (0.00ns)   --->   "%br_ln134 = br void %branch0532" [/home/centos/CS133-lab4/lab4/lib/cnn-krnl.h:134]   --->   Operation 171 'br' 'br_ln134' <Predicate = (trunc_ln134 == 0 & trunc_ln134_1 == 2)> <Delay = 0.00>
ST_25 : Operation 172 [1/1] (1.24ns)   --->   "%store_ln134 = store i8 %temp_V, i16 %weight_V_0_1_addr" [/home/centos/CS133-lab4/lab4/lib/cnn-krnl.h:134]   --->   Operation 172 'store' 'store_ln134' <Predicate = (trunc_ln134 == 0 & trunc_ln134_1 == 1)> <Delay = 1.24> <CoreInst = "RAM">   --->   Core 83 'RAM' <Latency = 1> <II = 1> <Delay = 1.24> <Storage> <Opcode : 'load' 'store'> <Ports = 2> <Width = 8> <Depth = 65536> <RAM>
ST_25 : Operation 173 [1/1] (0.00ns)   --->   "%br_ln134 = br void %branch0532" [/home/centos/CS133-lab4/lab4/lib/cnn-krnl.h:134]   --->   Operation 173 'br' 'br_ln134' <Predicate = (trunc_ln134 == 0 & trunc_ln134_1 == 1)> <Delay = 0.00>
ST_25 : Operation 174 [1/1] (1.24ns)   --->   "%store_ln134 = store i8 %temp_V, i16 %weight_V_0_0_addr" [/home/centos/CS133-lab4/lab4/lib/cnn-krnl.h:134]   --->   Operation 174 'store' 'store_ln134' <Predicate = (trunc_ln134 == 0 & trunc_ln134_1 == 0)> <Delay = 1.24> <CoreInst = "RAM">   --->   Core 83 'RAM' <Latency = 1> <II = 1> <Delay = 1.24> <Storage> <Opcode : 'load' 'store'> <Ports = 2> <Width = 8> <Depth = 65536> <RAM>
ST_25 : Operation 175 [1/1] (0.00ns)   --->   "%br_ln134 = br void %branch0532" [/home/centos/CS133-lab4/lab4/lib/cnn-krnl.h:134]   --->   Operation 175 'br' 'br_ln134' <Predicate = (trunc_ln134 == 0 & trunc_ln134_1 == 0)> <Delay = 0.00>
ST_25 : Operation 176 [1/1] (1.24ns)   --->   "%store_ln134 = store i8 %temp_V, i16 %weight_V_0_4_addr" [/home/centos/CS133-lab4/lab4/lib/cnn-krnl.h:134]   --->   Operation 176 'store' 'store_ln134' <Predicate = (trunc_ln134 == 0 & trunc_ln134_1 != 0 & trunc_ln134_1 != 1 & trunc_ln134_1 != 2 & trunc_ln134_1 != 3)> <Delay = 1.24> <CoreInst = "RAM">   --->   Core 83 'RAM' <Latency = 1> <II = 1> <Delay = 1.24> <Storage> <Opcode : 'load' 'store'> <Ports = 2> <Width = 8> <Depth = 65536> <RAM>
ST_25 : Operation 177 [1/1] (0.00ns)   --->   "%br_ln134 = br void %branch0532" [/home/centos/CS133-lab4/lab4/lib/cnn-krnl.h:134]   --->   Operation 177 'br' 'br_ln134' <Predicate = (trunc_ln134 == 0 & trunc_ln134_1 != 0 & trunc_ln134_1 != 1 & trunc_ln134_1 != 2 & trunc_ln134_1 != 3)> <Delay = 0.00>
ST_25 : Operation 178 [1/1] (0.00ns)   --->   "%br_ln134 = br void %.split44196" [/home/centos/CS133-lab4/lab4/lib/cnn-krnl.h:134]   --->   Operation 178 'br' 'br_ln134' <Predicate = (trunc_ln134 == 0)> <Delay = 0.00>
ST_25 : Operation 179 [1/1] (0.65ns)   --->   "%switch_ln134 = switch i3 %trunc_ln134_1, void %branch159, i3 0, void %branch155, i3 1, void %branch156, i3 2, void %branch157, i3 3, void %branch158" [/home/centos/CS133-lab4/lab4/lib/cnn-krnl.h:134]   --->   Operation 179 'switch' 'switch_ln134' <Predicate = (trunc_ln134 != 0 & trunc_ln134 != 1 & trunc_ln134 != 2 & trunc_ln134 != 3)> <Delay = 0.65>
ST_25 : Operation 180 [1/1] (1.24ns)   --->   "%store_ln134 = store i8 %temp_V, i16 %weight_V_4_3_addr" [/home/centos/CS133-lab4/lab4/lib/cnn-krnl.h:134]   --->   Operation 180 'store' 'store_ln134' <Predicate = (trunc_ln134 != 0 & trunc_ln134 != 1 & trunc_ln134 != 2 & trunc_ln134 != 3 & trunc_ln134_1 == 3)> <Delay = 1.24> <CoreInst = "RAM">   --->   Core 83 'RAM' <Latency = 1> <II = 1> <Delay = 1.24> <Storage> <Opcode : 'load' 'store'> <Ports = 2> <Width = 8> <Depth = 65536> <RAM>
ST_25 : Operation 181 [1/1] (0.00ns)   --->   "%br_ln134 = br void %branch4680" [/home/centos/CS133-lab4/lab4/lib/cnn-krnl.h:134]   --->   Operation 181 'br' 'br_ln134' <Predicate = (trunc_ln134 != 0 & trunc_ln134 != 1 & trunc_ln134 != 2 & trunc_ln134 != 3 & trunc_ln134_1 == 3)> <Delay = 0.00>
ST_25 : Operation 182 [1/1] (1.24ns)   --->   "%store_ln134 = store i8 %temp_V, i16 %weight_V_4_2_addr" [/home/centos/CS133-lab4/lab4/lib/cnn-krnl.h:134]   --->   Operation 182 'store' 'store_ln134' <Predicate = (trunc_ln134 != 0 & trunc_ln134 != 1 & trunc_ln134 != 2 & trunc_ln134 != 3 & trunc_ln134_1 == 2)> <Delay = 1.24> <CoreInst = "RAM">   --->   Core 83 'RAM' <Latency = 1> <II = 1> <Delay = 1.24> <Storage> <Opcode : 'load' 'store'> <Ports = 2> <Width = 8> <Depth = 65536> <RAM>
ST_25 : Operation 183 [1/1] (0.00ns)   --->   "%br_ln134 = br void %branch4680" [/home/centos/CS133-lab4/lab4/lib/cnn-krnl.h:134]   --->   Operation 183 'br' 'br_ln134' <Predicate = (trunc_ln134 != 0 & trunc_ln134 != 1 & trunc_ln134 != 2 & trunc_ln134 != 3 & trunc_ln134_1 == 2)> <Delay = 0.00>
ST_25 : Operation 184 [1/1] (1.24ns)   --->   "%store_ln134 = store i8 %temp_V, i16 %weight_V_4_1_addr" [/home/centos/CS133-lab4/lab4/lib/cnn-krnl.h:134]   --->   Operation 184 'store' 'store_ln134' <Predicate = (trunc_ln134 != 0 & trunc_ln134 != 1 & trunc_ln134 != 2 & trunc_ln134 != 3 & trunc_ln134_1 == 1)> <Delay = 1.24> <CoreInst = "RAM">   --->   Core 83 'RAM' <Latency = 1> <II = 1> <Delay = 1.24> <Storage> <Opcode : 'load' 'store'> <Ports = 2> <Width = 8> <Depth = 65536> <RAM>
ST_25 : Operation 185 [1/1] (0.00ns)   --->   "%br_ln134 = br void %branch4680" [/home/centos/CS133-lab4/lab4/lib/cnn-krnl.h:134]   --->   Operation 185 'br' 'br_ln134' <Predicate = (trunc_ln134 != 0 & trunc_ln134 != 1 & trunc_ln134 != 2 & trunc_ln134 != 3 & trunc_ln134_1 == 1)> <Delay = 0.00>
ST_25 : Operation 186 [1/1] (1.24ns)   --->   "%store_ln134 = store i8 %temp_V, i16 %weight_V_4_0_addr" [/home/centos/CS133-lab4/lab4/lib/cnn-krnl.h:134]   --->   Operation 186 'store' 'store_ln134' <Predicate = (trunc_ln134 != 0 & trunc_ln134 != 1 & trunc_ln134 != 2 & trunc_ln134 != 3 & trunc_ln134_1 == 0)> <Delay = 1.24> <CoreInst = "RAM">   --->   Core 83 'RAM' <Latency = 1> <II = 1> <Delay = 1.24> <Storage> <Opcode : 'load' 'store'> <Ports = 2> <Width = 8> <Depth = 65536> <RAM>
ST_25 : Operation 187 [1/1] (0.00ns)   --->   "%br_ln134 = br void %branch4680" [/home/centos/CS133-lab4/lab4/lib/cnn-krnl.h:134]   --->   Operation 187 'br' 'br_ln134' <Predicate = (trunc_ln134 != 0 & trunc_ln134 != 1 & trunc_ln134 != 2 & trunc_ln134 != 3 & trunc_ln134_1 == 0)> <Delay = 0.00>
ST_25 : Operation 188 [1/1] (1.24ns)   --->   "%store_ln134 = store i8 %temp_V, i16 %weight_V_4_4_addr" [/home/centos/CS133-lab4/lab4/lib/cnn-krnl.h:134]   --->   Operation 188 'store' 'store_ln134' <Predicate = (trunc_ln134 != 0 & trunc_ln134 != 1 & trunc_ln134 != 2 & trunc_ln134 != 3 & trunc_ln134_1 != 0 & trunc_ln134_1 != 1 & trunc_ln134_1 != 2 & trunc_ln134_1 != 3)> <Delay = 1.24> <CoreInst = "RAM">   --->   Core 83 'RAM' <Latency = 1> <II = 1> <Delay = 1.24> <Storage> <Opcode : 'load' 'store'> <Ports = 2> <Width = 8> <Depth = 65536> <RAM>
ST_25 : Operation 189 [1/1] (0.00ns)   --->   "%br_ln134 = br void %branch4680" [/home/centos/CS133-lab4/lab4/lib/cnn-krnl.h:134]   --->   Operation 189 'br' 'br_ln134' <Predicate = (trunc_ln134 != 0 & trunc_ln134 != 1 & trunc_ln134 != 2 & trunc_ln134 != 3 & trunc_ln134_1 != 0 & trunc_ln134_1 != 1 & trunc_ln134_1 != 2 & trunc_ln134_1 != 3)> <Delay = 0.00>
ST_25 : Operation 190 [1/1] (0.00ns)   --->   "%br_ln134 = br void %.split44196" [/home/centos/CS133-lab4/lab4/lib/cnn-krnl.h:134]   --->   Operation 190 'br' 'br_ln134' <Predicate = (trunc_ln134 != 0 & trunc_ln134 != 1 & trunc_ln134 != 2 & trunc_ln134 != 3)> <Delay = 0.00>


============================================================
+ Verbose Summary: Timing violations
============================================================
Target clock period: 4ns, clock uncertainty: 1.08ns.

 <State 1>: 1.98ns
The critical path consists of the following:
	'alloca' operation ('item') [28]  (0 ns)
	'load' operation ('item', /home/centos/CS133-lab4/lab4/lib/cnn-krnl.h:133) on local variable 'item' [34]  (0 ns)
	'add' operation ('real_index', /home/centos/CS133-lab4/lab4/lib/cnn-krnl.h:127) [43]  (0.815 ns)
	'urem' operation ('l', /home/centos/CS133-lab4/lab4/lib/cnn-krnl.h:127) [44]  (1.17 ns)

 <State 2>: 2.56ns
The critical path consists of the following:
	'mul' operation ('mul183', /home/centos/CS133-lab4/lab4/lib/cnn-krnl.h:127) [46]  (2.56 ns)

 <State 3>: 1.17ns
The critical path consists of the following:
	'urem' operation ('k', /home/centos/CS133-lab4/lab4/lib/cnn-krnl.h:129) [48]  (1.17 ns)

 <State 4>: 1.17ns
The critical path consists of the following:
	'urem' operation ('k', /home/centos/CS133-lab4/lab4/lib/cnn-krnl.h:129) [48]  (1.17 ns)

 <State 5>: 1.17ns
The critical path consists of the following:
	'urem' operation ('k', /home/centos/CS133-lab4/lab4/lib/cnn-krnl.h:129) [48]  (1.17 ns)

 <State 6>: 1.17ns
The critical path consists of the following:
	'urem' operation ('k', /home/centos/CS133-lab4/lab4/lib/cnn-krnl.h:129) [48]  (1.17 ns)

 <State 7>: 1.17ns
The critical path consists of the following:
	'urem' operation ('k', /home/centos/CS133-lab4/lab4/lib/cnn-krnl.h:129) [48]  (1.17 ns)

 <State 8>: 1.17ns
The critical path consists of the following:
	'urem' operation ('k', /home/centos/CS133-lab4/lab4/lib/cnn-krnl.h:129) [48]  (1.17 ns)

 <State 9>: 1.17ns
The critical path consists of the following:
	'urem' operation ('k', /home/centos/CS133-lab4/lab4/lib/cnn-krnl.h:129) [48]  (1.17 ns)

 <State 10>: 1.17ns
The critical path consists of the following:
	'urem' operation ('k', /home/centos/CS133-lab4/lab4/lib/cnn-krnl.h:129) [48]  (1.17 ns)

 <State 11>: 1.17ns
The critical path consists of the following:
	'urem' operation ('k', /home/centos/CS133-lab4/lab4/lib/cnn-krnl.h:129) [48]  (1.17 ns)

 <State 12>: 1.17ns
The critical path consists of the following:
	'urem' operation ('k', /home/centos/CS133-lab4/lab4/lib/cnn-krnl.h:129) [48]  (1.17 ns)

 <State 13>: 1.17ns
The critical path consists of the following:
	'urem' operation ('k', /home/centos/CS133-lab4/lab4/lib/cnn-krnl.h:129) [48]  (1.17 ns)

 <State 14>: 1.17ns
The critical path consists of the following:
	'urem' operation ('k', /home/centos/CS133-lab4/lab4/lib/cnn-krnl.h:129) [48]  (1.17 ns)

 <State 15>: 1.17ns
The critical path consists of the following:
	'urem' operation ('k', /home/centos/CS133-lab4/lab4/lib/cnn-krnl.h:129) [48]  (1.17 ns)

 <State 16>: 1.17ns
The critical path consists of the following:
	'urem' operation ('k', /home/centos/CS133-lab4/lab4/lib/cnn-krnl.h:129) [48]  (1.17 ns)

 <State 17>: 1.17ns
The critical path consists of the following:
	'urem' operation ('k', /home/centos/CS133-lab4/lab4/lib/cnn-krnl.h:129) [48]  (1.17 ns)

 <State 18>: 1.17ns
The critical path consists of the following:
	'urem' operation ('k', /home/centos/CS133-lab4/lab4/lib/cnn-krnl.h:129) [48]  (1.17 ns)

 <State 19>: 1.17ns
The critical path consists of the following:
	'urem' operation ('k', /home/centos/CS133-lab4/lab4/lib/cnn-krnl.h:129) [48]  (1.17 ns)

 <State 20>: 1.17ns
The critical path consists of the following:
	'urem' operation ('k', /home/centos/CS133-lab4/lab4/lib/cnn-krnl.h:129) [48]  (1.17 ns)

 <State 21>: 1.17ns
The critical path consists of the following:
	'urem' operation ('k', /home/centos/CS133-lab4/lab4/lib/cnn-krnl.h:129) [48]  (1.17 ns)

 <State 22>: 1.17ns
The critical path consists of the following:
	'urem' operation ('k', /home/centos/CS133-lab4/lab4/lib/cnn-krnl.h:129) [48]  (1.17 ns)

 <State 23>: 1.17ns
The critical path consists of the following:
	'urem' operation ('k', /home/centos/CS133-lab4/lab4/lib/cnn-krnl.h:129) [48]  (1.17 ns)

 <State 24>: 1.17ns
The critical path consists of the following:
	'urem' operation ('k', /home/centos/CS133-lab4/lab4/lib/cnn-krnl.h:129) [48]  (1.17 ns)

 <State 25>: 2.42ns
The critical path consists of the following:
	'urem' operation ('k', /home/centos/CS133-lab4/lab4/lib/cnn-krnl.h:129) [48]  (1.17 ns)
	blocking operation 1.25 ns on control path)


============================================================
+ Verbose Summary: Binding
============================================================
N/A
* FSMD analyzer results:
  - Output states:
 - Input state : 
  - Chain level:
	State 1
	State 2
	State 3
	State 4
	State 5
	State 6
	State 7
	State 8
	State 9
	State 10
	State 11
	State 12
	State 13
	State 14
	State 15
	State 16
	State 17
	State 18
	State 19
	State 20
	State 21
	State 22
	State 23
	State 24
	State 25


============================================================
+ Verbose Summary: Datapath Resource usage 
============================================================
N/A
