INFO: [v++ 60-1306] Additional information associated with this v++ compile can be found at:
	Reports: /home/centos/CS133-lab4/lab4/_x/reports/cnn.hw.xilinx_aws-vu9p-f1_shell-v04261818_201920_3
	Log files: /home/centos/CS133-lab4/lab4/_x/logs/cnn.hw.xilinx_aws-vu9p-f1_shell-v04261818_201920_3
INFO: [v++ 60-1548] Creating build summary session with primary output /home/centos/CS133-lab4/lab4/cnn.hw.xilinx_aws-vu9p-f1_shell-v04261818_201920_3.xo.compile_summary, at Fri May 27 17:33:14 2022
INFO: [v++ 60-1316] Initiating connection to rulecheck server, at Fri May 27 17:33:14 2022
INFO: [v++ 60-1315] Creating rulecheck session with output '/home/centos/CS133-lab4/lab4/_x/reports/cnn.hw.xilinx_aws-vu9p-f1_shell-v04261818_201920_3/v++_compile_cnn.hw.xilinx_aws-vu9p-f1_shell-v04261818_201920_3_guidance.html', at Fri May 27 17:33:15 2022
INFO: [v++ 60-895]   Target platform: /home/centos/src/project_data/aws-fpga/Vitis/aws_platform/xilinx_aws-vu9p-f1_shell-v04261818_201920_3/xilinx_aws-vu9p-f1_shell-v04261818_201920_3.xpfm
INFO: [v++ 60-1578]   This platform contains Xilinx Shell Archive '/home/centos/src/project_data/aws-fpga/Vitis/aws_platform/xilinx_aws-vu9p-f1_shell-v04261818_201920_3/hw/xilinx_aws-vu9p-f1_shell-v04261818_201920_3.xsa'
INFO: [v++ 74-78] Compiler Version string: 2021.1
INFO: [v++ 60-1302] Platform 'xilinx_aws-vu9p-f1_shell-v04261818_201920_3.xpfm' has been explicitly enabled for this release with an extended warranty.
INFO: [v++ 60-585] Compiling for hardware target
INFO: [v++ 60-423]   Target device: xilinx_aws-vu9p-f1_shell-v04261818_201920_3
INFO: [v++ 60-242] Creating kernel: 'CnnKernel'

===>The following messages were generated while  performing high-level synthesis for kernel: CnnKernel Log file: /home/centos/CS133-lab4/lab4/_x/cnn.hw.xilinx_aws-vu9p-f1_shell-v04261818_201920_3/CnnKernel/vitis_hls.log :
INFO: [v++ 204-61] Pipelining loop 'VITIS_LOOP_125_1'.
INFO: [v++ 200-1470] Pipelining result : Target II = NA, Final II = 1, Depth = 25, loop 'VITIS_LOOP_125_1'
INFO: [v++ 204-61] Pipelining loop 'VITIS_LOOP_183_3'.
INFO: [v++ 200-1470] Pipelining result : Target II = NA, Final II = 1, Depth = 72, loop 'VITIS_LOOP_183_3'
INFO: [v++ 204-61] Pipelining loop 'set_bias_VITIS_LOOP_52_1'.
INFO: [v++ 200-1470] Pipelining result : Target II = NA, Final II = 1, Depth = 2, loop 'set_bias_VITIS_LOOP_52_1'
INFO: [v++ 204-61] Pipelining loop 'VITIS_LOOP_61_3'.
INFO: [v++ 204-61] Discarding stage scheduling solution.
INFO: [v++ 200-1470] Pipelining result : Target II = 1, Final II = 1, Depth = 29, loop 'VITIS_LOOP_61_3'
INFO: [v++ 204-61] Pipelining loop 'VITIS_LOOP_61_3'.
INFO: [v++ 204-61] Discarding stage scheduling solution.
INFO: [v++ 200-1470] Pipelining result : Target II = 1, Final II = 1, Depth = 29, loop 'VITIS_LOOP_61_3'
INFO: [v++ 204-61] Pipelining loop 'VITIS_LOOP_61_3'.
INFO: [v++ 204-61] Discarding stage scheduling solution.
INFO: [v++ 200-1470] Pipelining result : Target II = 1, Final II = 1, Depth = 29, loop 'VITIS_LOOP_61_3'
INFO: [v++ 204-61] Pipelining loop 'VITIS_LOOP_61_3'.
INFO: [v++ 204-61] Discarding stage scheduling solution.
INFO: [v++ 200-1470] Pipelining result : Target II = 1, Final II = 1, Depth = 29, loop 'VITIS_LOOP_61_3'
INFO: [v++ 204-61] Pipelining loop 'VITIS_LOOP_61_3'.
INFO: [v++ 204-61] Discarding stage scheduling solution.
INFO: [v++ 200-1470] Pipelining result : Target II = 1, Final II = 1, Depth = 29, loop 'VITIS_LOOP_61_3'
INFO: [v++ 204-61] Pipelining loop 'VITIS_LOOP_61_3'.
INFO: [v++ 204-61] Discarding stage scheduling solution.
INFO: [v++ 200-1470] Pipelining result : Target II = 1, Final II = 1, Depth = 29, loop 'VITIS_LOOP_61_3'
INFO: [v++ 204-61] Pipelining loop 'VITIS_LOOP_61_3'.
INFO: [v++ 204-61] Discarding stage scheduling solution.
INFO: [v++ 200-1470] Pipelining result : Target II = 1, Final II = 1, Depth = 29, loop 'VITIS_LOOP_61_3'
INFO: [v++ 204-61] Pipelining loop 'VITIS_LOOP_61_3'.
INFO: [v++ 204-61] Discarding stage scheduling solution.
INFO: [v++ 200-1470] Pipelining result : Target II = 1, Final II = 1, Depth = 29, loop 'VITIS_LOOP_61_3'
INFO: [v++ 204-61] Pipelining loop 'VITIS_LOOP_61_3'.
INFO: [v++ 204-61] Discarding stage scheduling solution.
INFO: [v++ 200-1470] Pipelining result : Target II = 1, Final II = 1, Depth = 29, loop 'VITIS_LOOP_61_3'
INFO: [v++ 204-61] Pipelining loop 'VITIS_LOOP_61_3'.
INFO: [v++ 204-61] Discarding stage scheduling solution.
INFO: [v++ 200-1470] Pipelining result : Target II = 1, Final II = 1, Depth = 29, loop 'VITIS_LOOP_61_3'
INFO: [v++ 204-61] Pipelining loop 'VITIS_LOOP_61_3'.
INFO: [v++ 204-61] Discarding stage scheduling solution.
INFO: [v++ 200-1470] Pipelining result : Target II = 1, Final II = 1, Depth = 29, loop 'VITIS_LOOP_61_3'
INFO: [v++ 204-61] Pipelining loop 'VITIS_LOOP_61_3'.
INFO: [v++ 204-61] Discarding stage scheduling solution.
INFO: [v++ 200-1470] Pipelining result : Target II = 1, Final II = 1, Depth = 29, loop 'VITIS_LOOP_61_3'
INFO: [v++ 204-61] Pipelining loop 'VITIS_LOOP_61_3'.
INFO: [v++ 204-61] Discarding stage scheduling solution.
INFO: [v++ 200-1470] Pipelining result : Target II = 1, Final II = 1, Depth = 29, loop 'VITIS_LOOP_61_3'
INFO: [v++ 204-61] Pipelining loop 'VITIS_LOOP_61_3'.
INFO: [v++ 204-61] Discarding stage scheduling solution.
INFO: [v++ 200-1470] Pipelining result : Target II = 1, Final II = 1, Depth = 29, loop 'VITIS_LOOP_61_3'
INFO: [v++ 204-61] Pipelining loop 'VITIS_LOOP_61_3'.
INFO: [v++ 204-61] Discarding stage scheduling solution.
INFO: [v++ 200-1470] Pipelining result : Target II = 1, Final II = 1, Depth = 29, loop 'VITIS_LOOP_61_3'
INFO: [v++ 204-61] Pipelining loop 'VITIS_LOOP_61_3'.
INFO: [v++ 204-61] Discarding stage scheduling solution.
INFO: [v++ 200-1470] Pipelining result : Target II = 1, Final II = 1, Depth = 29, loop 'VITIS_LOOP_61_3'
INFO: [v++ 204-61] Pipelining loop 'VITIS_LOOP_61_3'.
INFO: [v++ 204-61] Discarding stage scheduling solution.
INFO: [v++ 200-1470] Pipelining result : Target II = 1, Final II = 1, Depth = 29, loop 'VITIS_LOOP_61_3'
INFO: [v++ 204-61] Pipelining loop 'VITIS_LOOP_61_3'.
INFO: [v++ 204-61] Discarding stage scheduling solution.
INFO: [v++ 200-1470] Pipelining result : Target II = 1, Final II = 1, Depth = 29, loop 'VITIS_LOOP_61_3'
INFO: [v++ 204-61] Pipelining loop 'VITIS_LOOP_61_3'.
INFO: [v++ 204-61] Discarding stage scheduling solution.
INFO: [v++ 200-1470] Pipelining result : Target II = 1, Final II = 1, Depth = 29, loop 'VITIS_LOOP_61_3'
INFO: [v++ 204-61] Pipelining loop 'VITIS_LOOP_61_3'.
INFO: [v++ 204-61] Discarding stage scheduling solution.
INFO: [v++ 200-1470] Pipelining result : Target II = 1, Final II = 1, Depth = 29, loop 'VITIS_LOOP_61_3'
INFO: [v++ 204-61] Pipelining loop 'VITIS_LOOP_61_3'.
INFO: [v++ 204-61] Discarding stage scheduling solution.
INFO: [v++ 200-1470] Pipelining result : Target II = 1, Final II = 1, Depth = 29, loop 'VITIS_LOOP_61_3'
INFO: [v++ 204-61] Pipelining loop 'VITIS_LOOP_61_3'.
INFO: [v++ 204-61] Discarding stage scheduling solution.
INFO: [v++ 200-1470] Pipelining result : Target II = 1, Final II = 1, Depth = 29, loop 'VITIS_LOOP_61_3'
INFO: [v++ 204-61] Pipelining loop 'VITIS_LOOP_61_3'.
INFO: [v++ 204-61] Discarding stage scheduling solution.
INFO: [v++ 200-1470] Pipelining result : Target II = 1, Final II = 1, Depth = 29, loop 'VITIS_LOOP_61_3'
INFO: [v++ 204-61] Pipelining loop 'VITIS_LOOP_61_3'.
INFO: [v++ 204-61] Discarding stage scheduling solution.
INFO: [v++ 200-1470] Pipelining result : Target II = 1, Final II = 1, Depth = 29, loop 'VITIS_LOOP_61_3'
INFO: [v++ 204-61] Pipelining loop 'VITIS_LOOP_61_3'.
INFO: [v++ 204-61] Discarding stage scheduling solution.
INFO: [v++ 200-1470] Pipelining result : Target II = 1, Final II = 1, Depth = 29, loop 'VITIS_LOOP_61_3'
INFO: [v++ 204-61] Pipelining loop 'VITIS_LOOP_61_3'.
INFO: [v++ 204-61] Discarding stage scheduling solution.
INFO: [v++ 200-1470] Pipelining result : Target II = 1, Final II = 1, Depth = 29, loop 'VITIS_LOOP_61_3'
INFO: [v++ 204-61] Pipelining loop 'VITIS_LOOP_61_3'.
INFO: [v++ 204-61] Discarding stage scheduling solution.
INFO: [v++ 200-1470] Pipelining result : Target II = 1, Final II = 1, Depth = 29, loop 'VITIS_LOOP_61_3'
INFO: [v++ 204-61] Pipelining loop 'VITIS_LOOP_61_3'.
INFO: [v++ 204-61] Discarding stage scheduling solution.
INFO: [v++ 200-1470] Pipelining result : Target II = 1, Final II = 1, Depth = 29, loop 'VITIS_LOOP_61_3'
INFO: [v++ 204-61] Pipelining loop 'VITIS_LOOP_61_3'.
INFO: [v++ 204-61] Discarding stage scheduling solution.
INFO: [v++ 200-1470] Pipelining result : Target II = 1, Final II = 1, Depth = 29, loop 'VITIS_LOOP_61_3'
INFO: [v++ 204-61] Pipelining loop 'VITIS_LOOP_61_3'.
INFO: [v++ 204-61] Discarding stage scheduling solution.
INFO: [v++ 200-1470] Pipelining result : Target II = 1, Final II = 1, Depth = 29, loop 'VITIS_LOOP_61_3'
INFO: [v++ 204-61] Pipelining loop 'VITIS_LOOP_61_3'.
INFO: [v++ 204-61] Discarding stage scheduling solution.
INFO: [v++ 200-1470] Pipelining result : Target II = 1, Final II = 1, Depth = 29, loop 'VITIS_LOOP_61_3'
INFO: [v++ 204-61] Pipelining loop 'VITIS_LOOP_61_3'.
INFO: [v++ 204-61] Discarding stage scheduling solution.
INFO: [v++ 200-1470] Pipelining result : Target II = 1, Final II = 1, Depth = 29, loop 'VITIS_LOOP_61_3'
INFO: [v++ 204-61] Pipelining loop 'VITIS_LOOP_61_3'.
INFO: [v++ 204-61] Discarding stage scheduling solution.
INFO: [v++ 200-1470] Pipelining result : Target II = 1, Final II = 1, Depth = 29, loop 'VITIS_LOOP_61_3'
INFO: [v++ 204-61] Pipelining loop 'VITIS_LOOP_61_3'.
INFO: [v++ 204-61] Discarding stage scheduling solution.
INFO: [v++ 200-1470] Pipelining result : Target II = 1, Final II = 1, Depth = 29, loop 'VITIS_LOOP_61_3'
INFO: [v++ 204-61] Pipelining loop 'VITIS_LOOP_61_3'.
INFO: [v++ 204-61] Discarding stage scheduling solution.
INFO: [v++ 200-1470] Pipelining result : Target II = 1, Final II = 1, Depth = 29, loop 'VITIS_LOOP_61_3'
INFO: [v++ 204-61] Pipelining loop 'VITIS_LOOP_61_3'.
INFO: [v++ 204-61] Discarding stage scheduling solution.
INFO: [v++ 200-1470] Pipelining result : Target II = 1, Final II = 1, Depth = 29, loop 'VITIS_LOOP_61_3'
INFO: [v++ 204-61] Pipelining loop 'VITIS_LOOP_61_3'.
INFO: [v++ 204-61] Discarding stage scheduling solution.
INFO: [v++ 200-1470] Pipelining result : Target II = 1, Final II = 1, Depth = 29, loop 'VITIS_LOOP_61_3'
INFO: [v++ 204-61] Pipelining loop 'VITIS_LOOP_61_3'.
INFO: [v++ 204-61] Discarding stage scheduling solution.
INFO: [v++ 200-1470] Pipelining result : Target II = 1, Final II = 1, Depth = 29, loop 'VITIS_LOOP_61_3'
INFO: [v++ 204-61] Pipelining loop 'VITIS_LOOP_61_3'.
INFO: [v++ 204-61] Discarding stage scheduling solution.
INFO: [v++ 200-1470] Pipelining result : Target II = 1, Final II = 1, Depth = 29, loop 'VITIS_LOOP_61_3'
INFO: [v++ 204-61] Pipelining loop 'VITIS_LOOP_61_3'.
INFO: [v++ 204-61] Discarding stage scheduling solution.
INFO: [v++ 200-1470] Pipelining result : Target II = 1, Final II = 1, Depth = 29, loop 'VITIS_LOOP_61_3'
INFO: [v++ 204-61] Pipelining loop 'VITIS_LOOP_61_3'.
INFO: [v++ 204-61] Discarding stage scheduling solution.
INFO: [v++ 200-1470] Pipelining result : Target II = 1, Final II = 1, Depth = 29, loop 'VITIS_LOOP_61_3'
INFO: [v++ 204-61] Pipelining loop 'VITIS_LOOP_61_3'.
INFO: [v++ 204-61] Discarding stage scheduling solution.
INFO: [v++ 200-1470] Pipelining result : Target II = 1, Final II = 1, Depth = 29, loop 'VITIS_LOOP_61_3'
INFO: [v++ 204-61] Pipelining loop 'VITIS_LOOP_61_3'.
INFO: [v++ 204-61] Discarding stage scheduling solution.
INFO: [v++ 200-1470] Pipelining result : Target II = 1, Final II = 1, Depth = 29, loop 'VITIS_LOOP_61_3'
INFO: [v++ 204-61] Pipelining loop 'VITIS_LOOP_61_3'.
INFO: [v++ 204-61] Discarding stage scheduling solution.
INFO: [v++ 200-1470] Pipelining result : Target II = 1, Final II = 1, Depth = 29, loop 'VITIS_LOOP_61_3'
INFO: [v++ 204-61] Pipelining loop 'VITIS_LOOP_61_3'.
INFO: [v++ 204-61] Discarding stage scheduling solution.
INFO: [v++ 200-1470] Pipelining result : Target II = 1, Final II = 1, Depth = 29, loop 'VITIS_LOOP_61_3'
INFO: [v++ 204-61] Pipelining loop 'VITIS_LOOP_61_3'.
INFO: [v++ 204-61] Discarding stage scheduling solution.
INFO: [v++ 200-1470] Pipelining result : Target II = 1, Final II = 1, Depth = 29, loop 'VITIS_LOOP_61_3'
INFO: [v++ 204-61] Pipelining loop 'VITIS_LOOP_61_3'.
INFO: [v++ 204-61] Discarding stage scheduling solution.
INFO: [v++ 200-1470] Pipelining result : Target II = 1, Final II = 1, Depth = 29, loop 'VITIS_LOOP_61_3'
INFO: [v++ 204-61] Pipelining loop 'VITIS_LOOP_61_3'.
INFO: [v++ 204-61] Discarding stage scheduling solution.
INFO: [v++ 200-1470] Pipelining result : Target II = 1, Final II = 1, Depth = 29, loop 'VITIS_LOOP_61_3'
INFO: [v++ 204-61] Pipelining loop 'VITIS_LOOP_61_3'.
INFO: [v++ 17-14] Message 'v++ 204-61' appears 100 times and further instances of the messages will be disabled.
INFO: [v++ 200-1470] Pipelining result : Target II = 1, Final II = 1, Depth = 29, loop 'VITIS_LOOP_61_3'
INFO: [v++ 200-1470] Pipelining result : Target II = 1, Final II = 1, Depth = 29, loop 'VITIS_LOOP_61_3'
INFO: [v++ 200-1470] Pipelining result : Target II = 1, Final II = 1, Depth = 29, loop 'VITIS_LOOP_61_3'
INFO: [v++ 200-1470] Pipelining result : Target II = 1, Final II = 1, Depth = 29, loop 'VITIS_LOOP_61_3'
INFO: [v++ 200-1470] Pipelining result : Target II = 1, Final II = 1, Depth = 29, loop 'VITIS_LOOP_61_3'
INFO: [v++ 200-1470] Pipelining result : Target II = 1, Final II = 1, Depth = 29, loop 'VITIS_LOOP_61_3'
INFO: [v++ 200-1470] Pipelining result : Target II = 1, Final II = 1, Depth = 29, loop 'VITIS_LOOP_61_3'
INFO: [v++ 200-1470] Pipelining result : Target II = 1, Final II = 1, Depth = 29, loop 'VITIS_LOOP_61_3'
INFO: [v++ 200-1470] Pipelining result : Target II = 1, Final II = 1, Depth = 29, loop 'VITIS_LOOP_61_3'
INFO: [v++ 200-1470] Pipelining result : Target II = 1, Final II = 1, Depth = 29, loop 'VITIS_LOOP_61_3'
INFO: [v++ 200-1470] Pipelining result : Target II = 1, Final II = 1, Depth = 29, loop 'VITIS_LOOP_61_3'
INFO: [v++ 200-1470] Pipelining result : Target II = 1, Final II = 1, Depth = 29, loop 'VITIS_LOOP_61_3'
INFO: [v++ 200-1470] Pipelining result : Target II = 1, Final II = 1, Depth = 29, loop 'VITIS_LOOP_61_3'
INFO: [v++ 200-1470] Pipelining result : Target II = 1, Final II = 1, Depth = 29, loop 'VITIS_LOOP_61_3'
INFO: [v++ 200-1470] Pipelining result : Target II = 1, Final II = 1, Depth = 29, loop 'VITIS_LOOP_61_3'
INFO: [v++ 200-1470] Pipelining result : Target II = 1, Final II = 1, Depth = 29, loop 'VITIS_LOOP_61_3'
INFO: [v++ 200-1470] Pipelining result : Target II = 1, Final II = 1, Depth = 29, loop 'VITIS_LOOP_61_3'
INFO: [v++ 200-1470] Pipelining result : Target II = 1, Final II = 1, Depth = 29, loop 'VITIS_LOOP_61_3'
INFO: [v++ 200-1470] Pipelining result : Target II = 1, Final II = 1, Depth = 29, loop 'VITIS_LOOP_61_3'
INFO: [v++ 200-1470] Pipelining result : Target II = 1, Final II = 1, Depth = 29, loop 'VITIS_LOOP_61_3'
INFO: [v++ 200-1470] Pipelining result : Target II = 1, Final II = 1, Depth = 29, loop 'VITIS_LOOP_61_3'
INFO: [v++ 200-1470] Pipelining result : Target II = 1, Final II = 1, Depth = 29, loop 'VITIS_LOOP_61_3'
INFO: [v++ 200-1470] Pipelining result : Target II = 1, Final II = 1, Depth = 29, loop 'VITIS_LOOP_61_3'
INFO: [v++ 200-1470] Pipelining result : Target II = 1, Final II = 1, Depth = 29, loop 'VITIS_LOOP_61_3'
INFO: [v++ 200-1470] Pipelining result : Target II = 1, Final II = 1, Depth = 29, loop 'VITIS_LOOP_61_3'
INFO: [v++ 200-1470] Pipelining result : Target II = 1, Final II = 1, Depth = 29, loop 'VITIS_LOOP_61_3'
INFO: [v++ 200-1470] Pipelining result : Target II = 1, Final II = 1, Depth = 29, loop 'VITIS_LOOP_61_3'
INFO: [v++ 200-1470] Pipelining result : Target II = 1, Final II = 1, Depth = 29, loop 'VITIS_LOOP_61_3'
INFO: [v++ 200-1470] Pipelining result : Target II = 1, Final II = 1, Depth = 29, loop 'VITIS_LOOP_61_3'
INFO: [v++ 200-1470] Pipelining result : Target II = 1, Final II = 1, Depth = 29, loop 'VITIS_LOOP_61_3'
INFO: [v++ 200-1470] Pipelining result : Target II = 1, Final II = 1, Depth = 29, loop 'VITIS_LOOP_61_3'
INFO: [v++ 200-1470] Pipelining result : Target II = 1, Final II = 1, Depth = 29, loop 'VITIS_LOOP_61_3'
INFO: [v++ 200-1470] Pipelining result : Target II = 1, Final II = 1, Depth = 29, loop 'VITIS_LOOP_61_3'
INFO: [v++ 200-1470] Pipelining result : Target II = 1, Final II = 1, Depth = 29, loop 'VITIS_LOOP_61_3'
INFO: [v++ 200-1470] Pipelining result : Target II = 1, Final II = 1, Depth = 29, loop 'VITIS_LOOP_61_3'
INFO: [v++ 200-1470] Pipelining result : Target II = 1, Final II = 1, Depth = 29, loop 'VITIS_LOOP_61_3'
INFO: [v++ 200-1470] Pipelining result : Target II = 1, Final II = 1, Depth = 29, loop 'VITIS_LOOP_61_3'
INFO: [v++ 200-1470] Pipelining result : Target II = 1, Final II = 1, Depth = 29, loop 'VITIS_LOOP_61_3'
INFO: [v++ 200-1470] Pipelining result : Target II = 1, Final II = 1, Depth = 29, loop 'VITIS_LOOP_61_3'
INFO: [v++ 200-1470] Pipelining result : Target II = 1, Final II = 1, Depth = 29, loop 'VITIS_LOOP_61_3'
INFO: [v++ 200-1470] Pipelining result : Target II = 1, Final II = 1, Depth = 29, loop 'VITIS_LOOP_61_3'
INFO: [v++ 200-1470] Pipelining result : Target II = 1, Final II = 1, Depth = 29, loop 'VITIS_LOOP_61_3'
INFO: [v++ 200-1470] Pipelining result : Target II = 1, Final II = 1, Depth = 29, loop 'VITIS_LOOP_61_3'
INFO: [v++ 200-1470] Pipelining result : Target II = 1, Final II = 1, Depth = 29, loop 'VITIS_LOOP_61_3'
INFO: [v++ 200-1470] Pipelining result : Target II = 1, Final II = 1, Depth = 29, loop 'VITIS_LOOP_61_3'
INFO: [v++ 200-1470] Pipelining result : Target II = 1, Final II = 1, Depth = 29, loop 'VITIS_LOOP_61_3'
INFO: [v++ 200-1470] Pipelining result : Target II = 1, Final II = 1, Depth = 29, loop 'VITIS_LOOP_61_3'
INFO: [v++ 200-1470] Pipelining result : Target II = 1, Final II = 1, Depth = 29, loop 'VITIS_LOOP_61_3'
INFO: [v++ 200-1470] Pipelining result : Target II = 1, Final II = 1, Depth = 29, loop 'VITIS_LOOP_61_3'
INFO: [v++ 17-14] Message 'v++ 200-1470' appears 100 times and further instances of the messages will be disabled.
WARNING: [v++ 200-885] The II Violation in module 'CnnKernel_YourCode_Pipeline_maxpool_VITIS_LOOP_83_7' (loop 'maxpool_VITIS_LOOP_83_7'): Unable to schedule 'load' operation ('C_V_load_1', /home/centos/CS133-lab4/lab4/cnn-krnl.cpp:85) on array 'C_V' due to limited memory ports (II = 1). Please consider using a memory core with more ports or partitioning the array 'C_V'.
Resolution: For help on HLS 200-885 see www.xilinx.com/cgi-bin/docs/rdoc?v=2021.1;t=hls+guidance;d=200-885.html
INFO: [v++ 200-790] **** Loop Constraint Status: All loop constraints were NOT satisfied.
INFO: [v++ 200-789] **** Estimated Fmax: 342.47 MHz
INFO: [v++ 60-594] Finished kernel compilation
INFO: [v++ 60-244] Generating system estimate report...
INFO: [v++ 60-1092] Generated system estimate report: /home/centos/CS133-lab4/lab4/_x/reports/cnn.hw.xilinx_aws-vu9p-f1_shell-v04261818_201920_3/system_estimate_cnn.hw.xilinx_aws-vu9p-f1_shell-v04261818_201920_3.xtxt
INFO: [v++ 60-586] Created cnn.hw.xilinx_aws-vu9p-f1_shell-v04261818_201920_3.xo
INFO: [v++ 60-2343] Use the vitis_analyzer tool to visualize and navigate the relevant reports. Run the following command. 
    vitis_analyzer /home/centos/CS133-lab4/lab4/cnn.hw.xilinx_aws-vu9p-f1_shell-v04261818_201920_3.xo.compile_summary 
INFO: [v++ 60-791] Total elapsed time: 1h 53m 4s
INFO: [v++ 60-1653] Closing dispatch client.
