
*** Running vitis_hls
    with args -f CnnKernel.tcl -messageDb vitis_hls.pb


****** Vitis HLS - High-Level Synthesis from C, C++ and OpenCL v2021.1 (64-bit)
  **** SW Build 3247384 on Thu Jun 10 19:36:07 MDT 2021
  **** IP Build 3246043 on Fri Jun 11 00:30:35 MDT 2021
    ** Copyright 1986-2021 Xilinx, Inc. All Rights Reserved.

source /opt/Xilinx/Vitis_HLS/2021.1/scripts/vitis_hls/hls.tcl -notrace
INFO: Applying HLS Y2K22 patch v1.2 for IP revision
INFO: [HLS 200-10] Running '/opt/Xilinx/Vitis_HLS/2021.1/bin/unwrapped/lnx64.o/vitis_hls'
INFO: [HLS 200-10] For user 'centos' on host 'ip-172-31-42-102.us-west-2.compute.internal' (Linux_x86_64 version 3.10.0-1160.66.1.el7.x86_64) on Fri May 27 19:38:27 UTC 2022
INFO: [HLS 200-10] On os "CentOS Linux release 7.9.2009 (Core)"
INFO: [HLS 200-10] In directory '/home/centos/CS133-lab4/lab4/_x/cnn_fast.sw_emu.xilinx_aws-vu9p-f1_shell-v04261818_201920_3/CnnKernel'
Sourcing Tcl script 'CnnKernel.tcl'
INFO: [HLS 200-1510] Running: open_project CnnKernel 
INFO: [HLS 200-10] Creating and opening project '/home/centos/CS133-lab4/lab4/_x/cnn_fast.sw_emu.xilinx_aws-vu9p-f1_shell-v04261818_201920_3/CnnKernel/CnnKernel'.
INFO: [HLS 200-1510] Running: set_top CnnKernel 
INFO: [HLS 200-1510] Running: add_files /home/centos/CS133-lab4/lab4/cnn-krnl.cpp -cflags  -D FASTSIM -I /home/centos/CS133-lab4/lab4  
INFO: [HLS 200-10] Adding design file '/home/centos/CS133-lab4/lab4/cnn-krnl.cpp' to the project
INFO: [HLS 200-1510] Running: open_solution -flow_target vitis solution 
INFO: [HLS 200-10] Creating and opening solution '/home/centos/CS133-lab4/lab4/_x/cnn_fast.sw_emu.xilinx_aws-vu9p-f1_shell-v04261818_201920_3/CnnKernel/CnnKernel/solution'.
INFO: [HLS 200-1505] Using flow_target 'vitis'
Resolution: For help on HLS 200-1505 see www.xilinx.com/cgi-bin/docs/rdoc?v=2021.1;t=hls+guidance;d=200-1505.html
INFO: [HLS 200-435] Setting 'open_solution -flow_target vitis' configuration: config_interface -m_axi_latency=64
INFO: [HLS 200-435] Setting 'open_solution -flow_target vitis' configuration: config_interface -m_axi_alignment_byte_size=64
INFO: [HLS 200-435] Setting 'open_solution -flow_target vitis' configuration: config_interface -m_axi_max_widen_bitwidth=512
INFO: [HLS 200-435] Setting 'open_solution -flow_target vitis' configuration: config_rtl -register_reset_num=3
INFO: [HLS 200-1510] Running: set_part xcvu9p-flgb2104-2-i 
INFO: [HLS 200-1611] Setting target device to 'xcvu9p-flgb2104-2-i'
INFO: [HLS 200-1510] Running: create_clock -period 250.000000MHz -name default 
INFO: [SYN 201-201] Setting up clock 'default' with a period of 4ns.
INFO: [HLS 200-1510] Running: config_dataflow -strict_mode warning 
INFO: [HLS 200-1510] Running: config_export -disable_deadlock_detection=true 
INFO: [HLS 200-1510] Running: config_rtl -m_axi_conservative_mode=1 
WARNING: [HLS 200-483] The 'config_rtl -m_axi_conservative_mode' command is deprecated and will be removed in a future release. Use 'config_interface -m_axi_conservative_mode' as its replacement.
INFO: [HLS 200-1510] Running: config_interface -m_axi_addr64 
INFO: [HLS 200-1510] Running: config_interface -m_axi_auto_max_ports=0 
INFO: [HLS 200-1510] Running: config_export -format ip_catalog -ipname CnnKernel 
INFO: [HLS 200-1510] Running: csynth_design -synthesis_check 
INFO: [HLS 200-111] Finished File checks and directory preparation: CPU user time: 0.01 seconds. CPU system time: 0 seconds. Elapsed time: 0 seconds; current allocated memory: 108.733 MB.
INFO: [HLS 200-10] Analyzing design file '/home/centos/CS133-lab4/lab4/cnn-krnl.cpp' ... 
WARNING: [HLS 207-5528] Ignore interface attribute or pragma which is not used in top function: /home/centos/CS133-lab4/lab4/lib/cnn-krnl.h:256:9
WARNING: [HLS 207-5527] missing argument for 'factor': /home/centos/CS133-lab4/lab4/cnn-krnl.cpp:14:9
WARNING: [HLS 207-5527] missing argument for 'factor': /home/centos/CS133-lab4/lab4/cnn-krnl.cpp:15:9
WARNING: [HLS 207-5527] missing argument for 'factor': /home/centos/CS133-lab4/lab4/cnn-krnl.cpp:21:9
WARNING: [HLS 207-5295] expression result unused: /home/centos/CS133-lab4/lab4/cnn-krnl.cpp:46:10
WARNING: [HLS 207-5295] expression result unused: /home/centos/CS133-lab4/lab4/cnn-krnl.cpp:95:8
WARNING: [HLS 207-1017] unknown pragma ignored: /home/centos/CS133-lab4/lab4/lib/cnn-krnl.h:5:13
WARNING: [HLS 207-1017] unknown pragma ignored: /home/centos/CS133-lab4/lab4/lib/cnn-krnl.h:6:13
WARNING: [HLS 207-5301] unused parameter 'print': /opt/Xilinx/Vitis_HLS/2021.1/common/technology/autopilot/ap_int_base.h:792:16
WARNING: [HLS 207-5527] missing argument for 'factor': /home/centos/CS133-lab4/lab4/cnn-krnl.cpp:14:9
WARNING: [HLS 207-5527] missing argument for 'factor': /home/centos/CS133-lab4/lab4/cnn-krnl.cpp:15:9
WARNING: [HLS 207-5527] missing argument for 'factor': /home/centos/CS133-lab4/lab4/cnn-krnl.cpp:21:9
WARNING: [HLS 207-5295] expression result unused: /home/centos/CS133-lab4/lab4/cnn-krnl.cpp:46:10
WARNING: [HLS 207-5295] expression result unused: /home/centos/CS133-lab4/lab4/cnn-krnl.cpp:95:8
INFO: [HLS 200-111] Finished Source Code Analysis and Preprocessing: CPU user time: 3.76 seconds. CPU system time: 0.36 seconds. Elapsed time: 2.61 seconds; current allocated memory: 109.996 MB.
INFO: [HLS 200-777] Using interface defaults for 'Vitis' flow target.
INFO: [HLS 214-279] Initial Interval estimation mode is set into default.
INFO: [HLS 214-284] Auto array partition mode is set into default.
INFO: [HLS 214-186] Unrolling loop 'anonymous' (/home/centos/CS133-lab4/lab4/cnn-krnl.cpp:62:2) in function 'CnnKernel_YourCode' completely with a factor of 5 (/home/centos/CS133-lab4/lab4/cnn-krnl.cpp:11:0)
INFO: [HLS 214-186] Unrolling loop 'anonymous' (/home/centos/CS133-lab4/lab4/cnn-krnl.cpp:64:2) in function 'CnnKernel_YourCode' completely with a factor of 5 (/home/centos/CS133-lab4/lab4/cnn-krnl.cpp:11:0)
INFO: [HLS 214-186] Unrolling loop 'anonymous' (/home/centos/CS133-lab4/lab4/cnn-krnl.cpp:64:2) in function 'CnnKernel_YourCode' completely with a factor of 5 (/home/centos/CS133-lab4/lab4/cnn-krnl.cpp:11:0)
INFO: [HLS 214-186] Unrolling loop 'anonymous' (/home/centos/CS133-lab4/lab4/cnn-krnl.cpp:64:2) in function 'CnnKernel_YourCode' completely with a factor of 5 (/home/centos/CS133-lab4/lab4/cnn-krnl.cpp:11:0)
INFO: [HLS 214-186] Unrolling loop 'anonymous' (/home/centos/CS133-lab4/lab4/cnn-krnl.cpp:64:2) in function 'CnnKernel_YourCode' completely with a factor of 5 (/home/centos/CS133-lab4/lab4/cnn-krnl.cpp:11:0)
INFO: [HLS 214-186] Unrolling loop 'anonymous' (/home/centos/CS133-lab4/lab4/cnn-krnl.cpp:64:2) in function 'CnnKernel_YourCode' completely with a factor of 5 (/home/centos/CS133-lab4/lab4/cnn-krnl.cpp:11:0)
INFO: [HLS 214-178] Inlining function 'read_weight_from_memory(float const*, float (*) [256][5][5])' into 'CnnKernel_YourCode(float const*, float const*, float const*, float*)' (/home/centos/CS133-lab4/lab4/cnn-krnl.cpp:11:0)
INFO: [HLS 214-178] Inlining function 'read_bias_from_memory(float const*, float*)' into 'CnnKernel_YourCode(float const*, float const*, float const*, float*)' (/home/centos/CS133-lab4/lab4/cnn-krnl.cpp:11:0)
INFO: [HLS 214-178] Inlining function 'read_input_from_memory(int, int, float const*, float (*) [116][116])' into 'CnnKernel_YourCode(float const*, float const*, float const*, float*)' (/home/centos/CS133-lab4/lab4/cnn-krnl.cpp:11:0)
INFO: [HLS 214-178] Inlining function 'float max<float>(float, float)' into 'CnnKernel_YourCode(float const*, float const*, float const*, float*)' (/home/centos/CS133-lab4/lab4/cnn-krnl.cpp:11:0)
INFO: [HLS 214-178] Inlining function 'write_output_to_memory(int, int, float*, float (*) [56][56])' into 'CnnKernel_YourCode(float const*, float const*, float const*, float*)' (/home/centos/CS133-lab4/lab4/cnn-krnl.cpp:11:0)
INFO: [HLS 200-111] Finished Compiling Optimization and Transform: CPU user time: 3.96 seconds. CPU system time: 0.31 seconds. Elapsed time: 4.28 seconds; current allocated memory: 110.905 MB.
INFO: [HLS 200-111] Finished Checking Pragmas: CPU user time: 0 seconds. CPU system time: 0 seconds. Elapsed time: 0 seconds; current allocated memory: 110.907 MB.
INFO: [HLS 200-1493] Running only source code synthesis checks, skipping scheduling and RTL generation.
INFO: [HLS 200-111] Finished Command csynth_design CPU user time: 7.74 seconds. CPU system time: 0.69 seconds. Elapsed time: 6.91 seconds; current allocated memory: 110.879 MB.
HLS completed successfully
INFO: [HLS 200-112] Total CPU user time: 8.72 seconds. Total CPU system time: 0.97 seconds. Total elapsed time: 7.9 seconds; peak allocated memory: 110.907 MB.
INFO: [Common 17-206] Exiting vitis_hls at Fri May 27 19:38:35 2022...
