XRT Build Version: 2.11.0 (heads/202110.2.11.634)
       Build Date: 2021-07-08 14:01:11
          Hash ID: 5ad5998d67080f00bca5bf15b3838cf35e0a7b26
Creating a default 'in-memory' xclbin image.

Section: 'BITSTREAM'(0) was successfully added.
Size   : 223112 bytes
Format : RAW
File   : '/home/centos/CS133-lab4/lab4/_x/link/int/cnn_fast.sw_emu.xilinx_aws-vu9p-f1_shell-v04261818_201920_3.so'

Section: 'MEM_TOPOLOGY'(6) was successfully added.
Format : JSON
File   : 'mem_topology'

Section: 'IP_LAYOUT'(8) was successfully added.
Format : JSON
File   : 'ip_layout'

Section: 'CONNECTIVITY'(7) was successfully added.
Format : JSON
File   : 'connectivity'
WARNING: Skipping CLOCK_FREQ_TOPOLOGY section for count size is zero.
WARNING: Section 'CLOCK_FREQ_TOPOLOGY' content is empty.  No data in the given JSON file.

Section: 'CLOCK_FREQ_TOPOLOGY'(11) was empty.  No action taken.
Format : JSON
File   : '/home/centos/CS133-lab4/lab4/_x/link/int/cnn_fast.sw_emu.xilinx_aws-vu9p-f1_shell-v04261818_201920_3_xml.rtd'

Section: 'BUILD_METADATA'(14) was successfully added.
Size   : 2350 bytes
Format : JSON
File   : '/home/centos/CS133-lab4/lab4/_x/link/int/cnn_fast.sw_emu.xilinx_aws-vu9p-f1_shell-v04261818_201920_3_build.rtd'

Section: 'EMBEDDED_METADATA'(2) was successfully added.
Size   : 2483 bytes
Format : RAW
File   : '/home/centos/CS133-lab4/lab4/_x/link/int/cnn_fast.sw_emu.xilinx_aws-vu9p-f1_shell-v04261818_201920_3.xml'

Section: 'PARTITION_METADATA'(20) was successfully appended to.
Format : JSON
File   : 'partition_metadata'
Successfully wrote (236864 bytes) to the output file: /home/centos/CS133-lab4/lab4/cnn_fast.sw_emu.xilinx_aws-vu9p-f1_shell-v04261818_201920_3.xclbin
Leaving xclbinutil.
